Drive already mounted at /content/drive; to attempt to forcibly remount, call drive.mount("/content/drive", force_remount=True).
Training on GPU
2020-04-24 12:16:33.703086
====> Epoch: 1 Average loss: 290.0356
====> Test set loss: 255.1520
====> Epoch: 2 Average loss: 255.4416
====> Epoch: 3 Average loss: 250.3306
====> Epoch: 4 Average loss: 247.3877
====> Epoch: 5 Average loss: 245.3056
====> Epoch: 6 Average loss: 243.7765
====> Epoch: 7 Average loss: 242.7859
====> Epoch: 8 Average loss: 241.9391
====> Epoch: 9 Average loss: 241.3059
====> Epoch: 10 Average loss: 240.7419
====> Epoch: 11 Average loss: 240.2573
====> Epoch: 12 Average loss: 239.8317
====> Epoch: 13 Average loss: 239.4301
====> Epoch: 14 Average loss: 239.0918
====> Epoch: 15 Average loss: 238.8130
====> Epoch: 16 Average loss: 238.5571
====> Epoch: 17 Average loss: 238.3082
====> Epoch: 18 Average loss: 238.1327
====> Epoch: 19 Average loss: 237.9082
====> Epoch: 20 Average loss: 237.7202
====> Epoch: 21 Average loss: 237.5791
====> Test set loss: 235.5008
====> Epoch: 22 Average loss: 237.4313
====> Epoch: 23 Average loss: 237.2505
====> Epoch: 24 Average loss: 237.1560
====> Epoch: 25 Average loss: 237.0260
====> Epoch: 26 Average loss: 236.9019
====> Epoch: 27 Average loss: 236.7920
====> Epoch: 28 Average loss: 236.6709
====> Epoch: 29 Average loss: 236.5818
====> Epoch: 30 Average loss: 236.4900
====> Epoch: 31 Average loss: 236.4021
====> Epoch: 32 Average loss: 236.3212
====> Epoch: 33 Average loss: 236.2177
====> Epoch: 34 Average loss: 236.1560
====> Epoch: 35 Average loss: 236.0683
====> Epoch: 36 Average loss: 236.0041
====> Epoch: 37 Average loss: 235.9328
====> Epoch: 38 Average loss: 235.8817
====> Epoch: 39 Average loss: 235.8067
====> Epoch: 40 Average loss: 235.7852
====> Epoch: 41 Average loss: 235.6781
====> Test set loss: 233.7025
====> Epoch: 42 Average loss: 235.6478
====> Epoch: 43 Average loss: 235.5505
====> Epoch: 44 Average loss: 235.5208
====> Epoch: 45 Average loss: 235.4760
====> Epoch: 46 Average loss: 235.4300
====> Epoch: 47 Average loss: 235.3562
====> Epoch: 48 Average loss: 235.3349
====> Epoch: 49 Average loss: 235.3057
====> Epoch: 50 Average loss: 235.2537
====> Epoch: 51 Average loss: 235.2359
====> Epoch: 52 Average loss: 235.1664
====> Epoch: 53 Average loss: 235.1522
====> Epoch: 54 Average loss: 235.1309
====> Epoch: 55 Average loss: 235.0605
====> Epoch: 56 Average loss: 235.0244
====> Epoch: 57 Average loss: 234.9895
====> Epoch: 58 Average loss: 234.9546
====> Epoch: 59 Average loss: 234.9150
====> Epoch: 60 Average loss: 234.9079
====> Epoch: 61 Average loss: 234.9022
====> Test set loss: 233.1620
====> Epoch: 62 Average loss: 234.8654
====> Epoch: 63 Average loss: 234.8039
====> Epoch: 64 Average loss: 234.7911
====> Epoch: 65 Average loss: 234.7389
====> Epoch: 66 Average loss: 234.7313
====> Epoch: 67 Average loss: 234.6910
====> Epoch: 68 Average loss: 234.6848
====> Epoch: 69 Average loss: 234.6532
====> Epoch: 70 Average loss: 234.6475
====> Epoch: 71 Average loss: 234.6173
====> Epoch: 72 Average loss: 234.5936
====> Epoch: 73 Average loss: 234.5427
====> Epoch: 74 Average loss: 234.5435
====> Epoch: 75 Average loss: 234.5054
====> Epoch: 76 Average loss: 234.4852
====> Epoch: 77 Average loss: 234.4859
====> Epoch: 78 Average loss: 234.4688
====> Epoch: 79 Average loss: 234.4555
====> Epoch: 80 Average loss: 234.3890
====> Epoch: 81 Average loss: 234.3964
====> Test set loss: 232.7354
====> Epoch: 82 Average loss: 234.3751
====> Epoch: 83 Average loss: 234.3599
====> Epoch: 84 Average loss: 234.3203
====> Epoch: 85 Average loss: 234.3526
====> Epoch: 86 Average loss: 234.3106
====> Epoch: 87 Average loss: 234.2696
====> Epoch: 88 Average loss: 234.2497
====> Epoch: 89 Average loss: 234.2467
====> Epoch: 90 Average loss: 234.2429
====> Epoch: 91 Average loss: 234.2221
====> Epoch: 92 Average loss: 234.1935
====> Epoch: 93 Average loss: 234.1824
====> Epoch: 94 Average loss: 234.1657
====> Epoch: 95 Average loss: 234.1369
====> Epoch: 96 Average loss: 234.1590
====> Epoch: 97 Average loss: 234.1493
====> Epoch: 98 Average loss: 234.1111
====> Epoch: 99 Average loss: 234.1150
====> Epoch: 100 Average loss: 234.0719
====> Epoch: 101 Average loss: 234.0652
====> Test set loss: 232.3709
====> Epoch: 102 Average loss: 234.0765
====> Epoch: 103 Average loss: 234.0348
====> Epoch: 104 Average loss: 234.0435
====> Epoch: 105 Average loss: 233.9642
====> Epoch: 106 Average loss: 233.9875
====> Epoch: 107 Average loss: 234.0031
====> Epoch: 108 Average loss: 233.9672
====> Epoch: 109 Average loss: 233.9187
====> Epoch: 110 Average loss: 233.9437
====> Epoch: 111 Average loss: 233.9104
====> Epoch: 112 Average loss: 233.8989
====> Epoch: 113 Average loss: 233.9216
====> Epoch: 114 Average loss: 233.8913
====> Epoch: 115 Average loss: 233.9069
====> Epoch: 116 Average loss: 233.8741
====> Epoch: 117 Average loss: 233.8388
====> Epoch: 118 Average loss: 233.8674
====> Epoch: 119 Average loss: 233.8550
====> Epoch: 120 Average loss: 233.8269
====> Epoch: 121 Average loss: 233.8143
====> Test set loss: 232.2414
====> Epoch: 122 Average loss: 233.8089
====> Epoch: 123 Average loss: 233.7931
====> Epoch: 124 Average loss: 233.7901
====> Epoch: 125 Average loss: 233.7786
====> Epoch: 126 Average loss: 233.7677
====> Epoch: 127 Average loss: 233.7524
====> Epoch: 128 Average loss: 233.7770
====> Epoch: 129 Average loss: 233.7463
====> Epoch: 130 Average loss: 233.7407
====> Epoch: 131 Average loss: 233.6969
====> Epoch: 132 Average loss: 233.6949
====> Epoch: 133 Average loss: 233.7149
====> Epoch: 134 Average loss: 233.6818
====> Epoch: 135 Average loss: 233.6868
====> Epoch: 136 Average loss: 233.6879
====> Epoch: 137 Average loss: 233.6645
====> Epoch: 138 Average loss: 233.6414
====> Epoch: 139 Average loss: 233.6372
====> Epoch: 140 Average loss: 233.6494
====> Epoch: 141 Average loss: 233.6335
====> Test set loss: 231.9823
====> Epoch: 142 Average loss: 233.6275
====> Epoch: 143 Average loss: 233.6449
====> Epoch: 144 Average loss: 233.5871
====> Epoch: 145 Average loss: 233.6143
====> Epoch: 146 Average loss: 233.5706
====> Epoch: 147 Average loss: 233.6003
====> Epoch: 148 Average loss: 233.5725
====> Epoch: 149 Average loss: 233.5782
====> Epoch: 150 Average loss: 233.5701
====> Epoch: 151 Average loss: 233.5579
====> Epoch: 152 Average loss: 233.5567
====> Epoch: 153 Average loss: 233.5380
====> Epoch: 154 Average loss: 233.4982
====> Epoch: 155 Average loss: 233.5120
====> Epoch: 156 Average loss: 233.4607
====> Epoch: 157 Average loss: 233.4991
====> Epoch: 158 Average loss: 233.4976
====> Epoch: 159 Average loss: 233.5146
====> Epoch: 160 Average loss: 233.5357
====> Epoch: 161 Average loss: 233.4514
====> Test set loss: 231.9041
====> Epoch: 162 Average loss: 233.4732
====> Epoch: 163 Average loss: 233.4567
====> Epoch: 164 Average loss: 233.4436
====> Epoch: 165 Average loss: 233.4471
====> Epoch: 166 Average loss: 233.4632
====> Epoch: 167 Average loss: 233.4469
====> Epoch: 168 Average loss: 233.4222
====> Epoch: 169 Average loss: 233.4305
====> Epoch: 170 Average loss: 233.4078
====> Epoch: 171 Average loss: 233.4163
====> Epoch: 172 Average loss: 233.3833