Training on GPU
2020-04-20 20:44:00.469903
========Current round LR: 0.0001=======
======== About to train for 1 epochs =========
====> Round 0, Epoch: 1 Average loss: 206.4335
====> Round 0 Test set loss: 173.0261
========Current round LR: 7.196856730011521e-05=======
======== About to train for 3 epochs =========
====> Round 1, Epoch: 1 Average loss: 177.9572
====> Round 1 Test set loss: 169.0507
====> Round 1, Epoch: 2 Average loss: 172.5513
====> Round 1 Test set loss: 168.0212
====> Round 1, Epoch: 3 Average loss: 170.2916
====> Round 1 Test set loss: 166.9478
========Current round LR: 5.179474679231212e-05=======
======== About to train for 9 epochs =========
====> Round 2, Epoch: 1 Average loss: 169.1951
====> Round 2 Test set loss: 166.4775
====> Round 2, Epoch: 2 Average loss: 168.7193
====> Round 2, Epoch: 3 Average loss: 167.5874
====> Round 2 Test set loss: 163.4478
====> Round 2, Epoch: 4 Average loss: 165.5739
====> Round 2, Epoch: 5 Average loss: 164.0040
====> Round 2, Epoch: 6 Average loss: 162.0117
====> Round 2 Test set loss: 157.7372
====> Round 2, Epoch: 7 Average loss: 160.4518
====> Round 2, Epoch: 8 Average loss: 159.4201
====> Round 2, Epoch: 9 Average loss: 158.4595
====> Round 2 Test set loss: 154.9575
========Current round LR: 3.727593720314941e-05=======
======== About to train for 27 epochs =========
====> Round 3, Epoch: 1 Average loss: 157.6223
====> Round 3 Test set loss: 154.5451
====> Round 3, Epoch: 2 Average loss: 157.0752
====> Round 3, Epoch: 3 Average loss: 156.6214
====> Round 3, Epoch: 4 Average loss: 156.1692
====> Round 3, Epoch: 5 Average loss: 155.6217
====> Round 3, Epoch: 6 Average loss: 154.9819
====> Round 3, Epoch: 7 Average loss: 154.3314
====> Round 3, Epoch: 8 Average loss: 153.7183
====> Round 3, Epoch: 9 Average loss: 153.1480
====> Round 3 Test set loss: 149.7537
====> Round 3, Epoch: 10 Average loss: 152.6674
====> Round 3, Epoch: 11 Average loss: 152.2750
====> Round 3, Epoch: 12 Average loss: 151.9264
====> Round 3, Epoch: 13 Average loss: 151.5816
====> Round 3, Epoch: 14 Average loss: 151.2654
====> Round 3, Epoch: 15 Average loss: 150.9613
====> Round 3, Epoch: 16 Average loss: 150.6647
====> Round 3, Epoch: 17 Average loss: 150.3904
====> Round 3, Epoch: 18 Average loss: 150.1308
====> Round 3 Test set loss: 146.4412
====> Round 3, Epoch: 19 Average loss: 149.8687
====> Round 3, Epoch: 20 Average loss: 149.6397
====> Round 3, Epoch: 21 Average loss: 149.4018
====> Round 3, Epoch: 22 Average loss: 149.1835
====> Round 3, Epoch: 23 Average loss: 148.9591
====> Round 3, Epoch: 24 Average loss: 148.7178
====> Round 3, Epoch: 25 Average loss: 148.4879
====> Round 3, Epoch: 26 Average loss: 148.2627
====> Round 3, Epoch: 27 Average loss: 148.0759
====> Round 3 Test set loss: 144.5599
========Current round LR: 2.682695795279726e-05=======
======== About to train for 81 epochs =========
====> Round 4, Epoch: 1 Average loss: 147.8893
====> Round 4 Test set loss: 144.4449
====> Round 4, Epoch: 2 Average loss: 147.7628
====> Round 4, Epoch: 3 Average loss: 147.6297
====> Round 4, Epoch: 4 Average loss: 147.4877
====> Round 4, Epoch: 5 Average loss: 147.3424
====> Round 4, Epoch: 6 Average loss: 147.1983
====> Round 4, Epoch: 7 Average loss: 147.0631
====> Round 4, Epoch: 8 Average loss: 146.9449
====> Round 4, Epoch: 9 Average loss: 146.8134
====> Round 4, Epoch: 10 Average loss: 146.6962
====> Round 4, Epoch: 11 Average loss: 146.5748
====> Round 4, Epoch: 12 Average loss: 146.4506
====> Round 4, Epoch: 13 Average loss: 146.3142
====> Round 4, Epoch: 14 Average loss: 146.1992
====> Round 4, Epoch: 15 Average loss: 146.0754
====> Round 4, Epoch: 16 Average loss: 145.9544
====> Round 4, Epoch: 17 Average loss: 145.8523
====> Round 4, Epoch: 18 Average loss: 145.7427
====> Round 4, Epoch: 19 Average loss: 145.6408
====> Round 4, Epoch: 20 Average loss: 145.5451
====> Round 4, Epoch: 21 Average loss: 145.4479
====> Round 4, Epoch: 22 Average loss: 145.3525
====> Round 4, Epoch: 23 Average loss: 145.2840
====> Round 4, Epoch: 24 Average loss: 145.1883
====> Round 4, Epoch: 25 Average loss: 145.0939
====> Round 4, Epoch: 26 Average loss: 145.0279
====> Round 4, Epoch: 27 Average loss: 144.9469
====> Round 4 Test set loss: 141.1145
====> Round 4, Epoch: 28 Average loss: 144.8686
====> Round 4, Epoch: 29 Average loss: 144.7801
====> Round 4, Epoch: 30 Average loss: 144.7165
====> Round 4, Epoch: 31 Average loss: 144.6314
====> Round 4, Epoch: 32 Average loss: 144.5429
====> Round 4, Epoch: 33 Average loss: 144.4698
====> Round 4, Epoch: 34 Average loss: 144.3872
====> Round 4, Epoch: 35 Average loss: 144.3139
====> Round 4, Epoch: 36 Average loss: 144.2339
====> Round 4, Epoch: 37 Average loss: 144.1608
====> Round 4, Epoch: 38 Average loss: 144.0871
====> Round 4, Epoch: 39 Average loss: 144.0134
====> Round 4, Epoch: 40 Average loss: 143.9349
====> Round 4, Epoch: 41 Average loss: 143.8765
====> Round 4, Epoch: 42 Average loss: 143.7983
====> Round 4, Epoch: 43 Average loss: 143.7322
====> Round 4, Epoch: 44 Average loss: 143.6530
====> Round 4, Epoch: 45 Average loss: 143.6016
====> Round 4, Epoch: 46 Average loss: 143.5241
====> Round 4, Epoch: 47 Average loss: 143.4403
====> Round 4, Epoch: 48 Average loss: 143.3778
====> Round 4, Epoch: 49 Average loss: 143.2993
====> Round 4, Epoch: 50 Average loss: 143.2114
====> Round 4, Epoch: 51 Average loss: 143.1393
====> Round 4, Epoch: 52 Average loss: 143.0369
====> Round 4, Epoch: 53 Average loss: 142.9505
====> Round 4, Epoch: 54 Average loss: 142.8614
====> Round 4 Test set loss: 138.7251
====> Round 4, Epoch: 55 Average loss: 142.7599
====> Round 4, Epoch: 56 Average loss: 142.6548
====> Round 4, Epoch: 57 Average loss: 142.5700
====> Round 4, Epoch: 58 Average loss: 142.5038
====> Round 4, Epoch: 59 Average loss: 142.4218
====> Round 4, Epoch: 60 Average loss: 142.3615
====> Round 4, Epoch: 61 Average loss: 142.3023
====> Round 4, Epoch: 62 Average loss: 142.2288
====> Round 4, Epoch: 63 Average loss: 142.1727
====> Round 4, Epoch: 64 Average loss: 142.0973
====> Round 4, Epoch: 65 Average loss: 142.0426
====> Round 4, Epoch: 66 Average loss: 141.9736
====> Round 4, Epoch: 67 Average loss: 141.9047
====> Round 4, Epoch: 68 Average loss: 141.8163
====> Round 4, Epoch: 69 Average loss: 141.7441
====> Round 4, Epoch: 70 Average loss: 141.6549
====> Round 4, Epoch: 71 Average loss: 141.5673
====> Round 4, Epoch: 72 Average loss: 141.4893
====> Round 4, Epoch: 73 Average loss: 141.3887
====> Round 4, Epoch: 74 Average loss: 141.3012
====> Round 4, Epoch: 75 Average loss: 141.2311
====> Round 4, Epoch: 76 Average loss: 141.1543
====> Round 4, Epoch: 77 Average loss: 141.0716
====> Round 4, Epoch: 78 Average loss: 141.0099
====> Round 4, Epoch: 79 Average loss: 140.9370
====> Round 4, Epoch: 80 Average loss: 140.8871
====> Round 4, Epoch: 81 Average loss: 140.8160
====> Round 4 Test set loss: 136.6350
========Current round LR: 1.93069772888325e-05=======
======== About to train for 243 epochs =========
====> Round 5, Epoch: 1 Average loss: 140.7399
====> Round 5 Test set loss: 136.5536
====> Round 5, Epoch: 2 Average loss: 140.7036
====> Round 5, Epoch: 3 Average loss: 140.6592
====> Round 5, Epoch: 4 Average loss: 140.6184
====> Round 5, Epoch: 5 Average loss: 140.5799
====> Round 5, Epoch: 6 Average loss: 140.5319
====> Round 5, Epoch: 7 Average loss: 140.5050
====> Round 5, Epoch: 8 Average loss: 140.4585
====> Round 5, Epoch: 9 Average loss: 140.4256
====> Round 5, Epoch: 10 Average loss: 140.3690
====> Round 5, Epoch: 11 Average loss: 140.3327
====> Round 5, Epoch: 12 Average loss: 140.3007
====> Round 5, Epoch: 13 Average loss: 140.2537
====> Round 5, Epoch: 14 Average loss: 140.2210
====> Round 5, Epoch: 15 Average loss: 140.1845
====> Round 5, Epoch: 16 Average loss: 140.1501
====> Round 5, Epoch: 17 Average loss: 140.1114
====> Round 5, Epoch: 18 Average loss: 140.0598
====> Round 5, Epoch: 19 Average loss: 140.0446
====> Round 5, Epoch: 20 Average loss: 139.9758
====> Round 5, Epoch: 21 Average loss: 139.9353
====> Round 5, Epoch: 22 Average loss: 139.8945
====> Round 5, Epoch: 23 Average loss: 139.8541
====> Round 5, Epoch: 24 Average loss: 139.8108
====> Round 5, Epoch: 25 Average loss: 139.7711
====> Round 5, Epoch: 26 Average loss: 139.7081
====> Round 5, Epoch: 27 Average loss: 139.6667
====> Round 5, Epoch: 28 Average loss: 139.6252
====> Round 5, Epoch: 29 Average loss: 139.5620
====> Round 5, Epoch: 30 Average loss: 139.5183
====> Round 5, Epoch: 31 Average loss: 139.4557
====> Round 5, Epoch: 32 Average loss: 139.4124
====> Round 5, Epoch: 33 Average loss: 139.3730
====> Round 5, Epoch: 34 Average loss: 139.3215
====> Round 5, Epoch: 35 Average loss: 139.2695
====> Round 5, Epoch: 36 Average loss: 139.2255
====> Round 5, Epoch: 37 Average loss: 139.1793
====> Round 5, Epoch: 38 Average loss: 139.1411
====> Round 5, Epoch: 39 Average loss: 139.1010
====> Round 5, Epoch: 40 Average loss: 139.0467
====> Round 5, Epoch: 41 Average loss: 139.0144
====> Round 5, Epoch: 42 Average loss: 138.9715
====> Round 5, Epoch: 43 Average loss: 138.9444
====> Round 5, Epoch: 44 Average loss: 138.9086
====> Round 5, Epoch: 45 Average loss: 138.8673
====> Round 5, Epoch: 46 Average loss: 138.8279
====> Round 5, Epoch: 47 Average loss: 138.7875
====> Round 5, Epoch: 48 Average loss: 138.7634
====> Round 5, Epoch: 49 Average loss: 138.7132
====> Round 5, Epoch: 50 Average loss: 138.6742
====> Round 5, Epoch: 51 Average loss: 138.6494
====> Round 5, Epoch: 52 Average loss: 138.6115
====> Round 5, Epoch: 53 Average loss: 138.5730
====> Round 5, Epoch: 54 Average loss: 138.5413
====> Round 5, Epoch: 55 Average loss: 138.5093
====> Round 5, Epoch: 56 Average loss: 138.4636
====> Round 5, Epoch: 57 Average loss: 138.4333
====> Round 5, Epoch: 58 Average loss: 138.4041
====> Round 5, Epoch: 59 Average loss: 138.3624
====> Round 5, Epoch: 60 Average loss: 138.3291
====> Round 5, Epoch: 61 Average loss: 138.3003
====> Round 5, Epoch: 62 Average loss: 138.2644
====> Round 5, Epoch: 63 Average loss: 138.2392
====> Round 5, Epoch: 64 Average loss: 138.1956
====> Round 5, Epoch: 65 Average loss: 138.1579
====> Round 5, Epoch: 66 Average loss: 138.1354
====> Round 5, Epoch: 67 Average loss: 138.0964
====> Round 5, Epoch: 68 Average loss: 138.0697
====> Round 5, Epoch: 69 Average loss: 138.0348
====> Round 5, Epoch: 70 Average loss: 138.0069
====> Round 5, Epoch: 71 Average loss: 137.9817
====> Round 5, Epoch: 72 Average loss: 137.9471
====> Round 5, Epoch: 73 Average loss: 137.9204
====> Round 5, Epoch: 74 Average loss: 137.8882
====> Round 5, Epoch: 75 Average loss: 137.8536
====> Round 5, Epoch: 76 Average loss: 137.8218
====> Round 5, Epoch: 77 Average loss: 137.7934
====> Round 5, Epoch: 78 Average loss: 137.7622
====> Round 5, Epoch: 79 Average loss: 137.7386
====> Round 5, Epoch: 80 Average loss: 137.7098
====> Round 5, Epoch: 81 Average loss: 137.6789
====> Round 5 Test set loss: 133.1969
====> Round 5, Epoch: 82 Average loss: 137.6418
====> Round 5, Epoch: 83 Average loss: 137.6305
====> Round 5, Epoch: 84 Average loss: 137.6007
====> Round 5, Epoch: 85 Average loss: 137.5603
====> Round 5, Epoch: 86 Average loss: 137.5381
====> Round 5, Epoch: 87 Average loss: 137.5158
====> Round 5, Epoch: 88 Average loss: 137.4781
====> Round 5, Epoch: 89 Average loss: 137.4632
====> Round 5, Epoch: 90 Average loss: 137.4305
====> Round 5, Epoch: 91 Average loss: 137.4118
====> Round 5, Epoch: 92 Average loss: 137.3851
====> Round 5, Epoch: 93 Average loss: 137.3604
====> Round 5, Epoch: 94 Average loss: 137.3221
====> Round 5, Epoch: 95 Average loss: 137.2946
====> Round 5, Epoch: 96 Average loss: 137.2632
====> Round 5, Epoch: 97 Average loss: 137.2434
====> Round 5, Epoch: 98 Average loss: 137.2265
====> Round 5, Epoch: 99 Average loss: 137.1927
====> Round 5, Epoch: 100 Average loss: 137.1667
====> Round 5, Epoch: 101 Average loss: 137.1346
====> Round 5, Epoch: 102 Average loss: 137.1135
====> Round 5, Epoch: 103 Average loss: 137.0842
====> Round 5, Epoch: 104 Average loss: 137.0750
====> Round 5, Epoch: 105 Average loss: 137.0366
====> Round 5, Epoch: 106 Average loss: 137.0157
====> Round 5, Epoch: 107 Average loss: 136.9917
====> Round 5, Epoch: 108 Average loss: 136.9720
====> Round 5, Epoch: 109 Average loss: 136.9384
====> Round 5, Epoch: 110 Average loss: 136.9246
====> Round 5, Epoch: 111 Average loss: 136.8904
====> Round 5, Epoch: 112 Average loss: 136.8587
====> Round 5, Epoch: 113 Average loss: 136.8432
====> Round 5, Epoch: 114 Average loss: 136.8084
====> Round 5, Epoch: 115 Average loss: 136.7907
====> Round 5, Epoch: 116 Average loss: 136.7628
====> Round 5, Epoch: 117 Average loss: 136.7312
====> Round 5, Epoch: 118 Average loss: 136.7213
====> Round 5, Epoch: 119 Average loss: 136.6973
====> Round 5, Epoch: 120 Average loss: 136.6646
====> Round 5, Epoch: 121 Average loss: 136.6431
====> Round 5, Epoch: 122 Average loss: 136.6161
====> Round 5, Epoch: 123 Average loss: 136.5897
====> Round 5, Epoch: 124 Average loss: 136.5777
====> Round 5, Epoch: 125 Average loss: 136.5447
====> Round 5, Epoch: 126 Average loss: 136.5239
====> Round 5, Epoch: 127 Average loss: 136.5026
====> Round 5, Epoch: 128 Average loss: 136.4676
====> Round 5, Epoch: 129 Average loss: 136.4494
====> Round 5, Epoch: 130 Average loss: 136.4342
====> Round 5, Epoch: 131 Average loss: 136.4091
====> Round 5, Epoch: 132 Average loss: 136.3722
====> Round 5, Epoch: 133 Average loss: 136.3511
====> Round 5, Epoch: 134 Average loss: 136.3192
====> Round 5, Epoch: 135 Average loss: 136.3020
====> Round 5, Epoch: 136 Average loss: 136.2855
====> Round 5, Epoch: 137 Average loss: 136.2509
====> Round 5, Epoch: 138 Average loss: 136.2361
====> Round 5, Epoch: 139 Average loss: 136.2036
====> Round 5, Epoch: 140 Average loss: 136.1807
====> Round 5, Epoch: 141 Average loss: 136.1544
====> Round 5, Epoch: 142 Average loss: 136.1307
====> Round 5, Epoch: 143 Average loss: 136.0998
====> Round 5, Epoch: 144 Average loss: 136.0676
====> Round 5, Epoch: 145 Average loss: 136.0427
====> Round 5, Epoch: 146 Average loss: 136.0220
====> Round 5, Epoch: 147 Average loss: 135.9832
====> Round 5, Epoch: 148 Average loss: 135.9610
====> Round 5, Epoch: 149 Average loss: 135.9166
====> Round 5, Epoch: 150 Average loss: 135.8892
====> Round 5, Epoch: 151 Average loss: 135.8562
====> Round 5, Epoch: 152 Average loss: 135.8265
====> Round 5, Epoch: 153 Average loss: 135.7894
====> Round 5, Epoch: 154 Average loss: 135.7532
====> Round 5, Epoch: 155 Average loss: 135.7115
====> Round 5, Epoch: 156 Average loss: 135.6778
====> Round 5, Epoch: 157 Average loss: 135.6524
====> Round 5, Epoch: 158 Average loss: 135.6096
====> Round 5, Epoch: 159 Average loss: 135.5765
====> Round 5, Epoch: 160 Average loss: 135.5399
====> Round 5, Epoch: 161 Average loss: 135.5008
====> Round 5, Epoch: 162 Average loss: 135.4740
====> Round 5 Test set loss: 130.7422
====> Round 5, Epoch: 163 Average loss: 135.4409
====> Round 5, Epoch: 164 Average loss: 135.4008
====> Round 5, Epoch: 165 Average loss: 135.3688
====> Round 5, Epoch: 166 Average loss: 135.3545
====> Round 5, Epoch: 167 Average loss: 135.3140
====> Round 5, Epoch: 168 Average loss: 135.2828
====> Round 5, Epoch: 169 Average loss: 135.2505
====> Round 5, Epoch: 170 Average loss: 135.2313
====> Round 5, Epoch: 171 Average loss: 135.2003
====> Round 5, Epoch: 172 Average loss: 135.1732
====> Round 5, Epoch: 173 Average loss: 135.1420
====> Round 5, Epoch: 174 Average loss: 135.1239
====> Round 5, Epoch: 175 Average loss: 135.0998
====> Round 5, Epoch: 176 Average loss: 135.0696
====> Round 5, Epoch: 177 Average loss: 135.0444
====> Round 5, Epoch: 178 Average loss: 135.0223
====> Round 5, Epoch: 179 Average loss: 134.9843
====> Round 5, Epoch: 180 Average loss: 134.9623
====> Round 5, Epoch: 181 Average loss: 134.9424
====> Round 5, Epoch: 182 Average loss: 134.9105
====> Round 5, Epoch: 183 Average loss: 134.8799
====> Round 5, Epoch: 184 Average loss: 134.8620
====> Round 5, Epoch: 185 Average loss: 134.8413
====> Round 5, Epoch: 186 Average loss: 134.8119
====> Round 5, Epoch: 187 Average loss: 134.7834
====> Round 5, Epoch: 188 Average loss: 134.7630
====> Round 5, Epoch: 189 Average loss: 134.7344
====> Round 5, Epoch: 190 Average loss: 134.7105
====> Round 5, Epoch: 191 Average loss: 134.6968
====> Round 5, Epoch: 192 Average loss: 134.6615
====> Round 5, Epoch: 193 Average loss: 134.6315
====> Round 5, Epoch: 194 Average loss: 134.6180
====> Round 5, Epoch: 195 Average loss: 134.5939
====> Round 5, Epoch: 196 Average loss: 134.5641
====> Round 5, Epoch: 197 Average loss: 134.5373
====> Round 5, Epoch: 198 Average loss: 134.5200
====> Round 5, Epoch: 199 Average loss: 134.4873
====> Round 5, Epoch: 200 Average loss: 134.4864
====> Round 5, Epoch: 201 Average loss: 134.4397
====> Round 5, Epoch: 202 Average loss: 134.4169
====> Round 5, Epoch: 203 Average loss: 134.3969
====> Round 5, Epoch: 204 Average loss: 134.3744
====> Round 5, Epoch: 205 Average loss: 134.3475
====> Round 5, Epoch: 206 Average loss: 134.3234
====> Round 5, Epoch: 207 Average loss: 134.3090
====> Round 5, Epoch: 208 Average loss: 134.2948
====> Round 5, Epoch: 209 Average loss: 134.2590
====> Round 5, Epoch: 210 Average loss: 134.2304
====> Round 5, Epoch: 211 Average loss: 134.2074
====> Round 5, Epoch: 212 Average loss: 134.1915
====> Round 5, Epoch: 213 Average loss: 134.1623
====> Round 5, Epoch: 214 Average loss: 134.1392
====> Round 5, Epoch: 215 Average loss: 134.1184
====> Round 5, Epoch: 216 Average loss: 134.0997
====> Round 5, Epoch: 217 Average loss: 134.0750
====> Round 5, Epoch: 218 Average loss: 134.0579
====> Round 5, Epoch: 219 Average loss: 134.0305
====> Round 5, Epoch: 220 Average loss: 133.9996
====> Round 5, Epoch: 221 Average loss: 133.9914
====> Round 5, Epoch: 222 Average loss: 133.9659
====> Round 5, Epoch: 223 Average loss: 133.9440
====> Round 5, Epoch: 224 Average loss: 133.9143
====> Round 5, Epoch: 225 Average loss: 133.8988
====> Round 5, Epoch: 226 Average loss: 133.8824
====> Round 5, Epoch: 227 Average loss: 133.8621
====> Round 5, Epoch: 228 Average loss: 133.8304
====> Round 5, Epoch: 229 Average loss: 133.8061
====> Round 5, Epoch: 230 Average loss: 133.7915
====> Round 5, Epoch: 231 Average loss: 133.7653
====> Round 5, Epoch: 232 Average loss: 133.7494
====> Round 5, Epoch: 233 Average loss: 133.7250
====> Round 5, Epoch: 234 Average loss: 133.7016
====> Round 5, Epoch: 235 Average loss: 133.6803
====> Round 5, Epoch: 236 Average loss: 133.6532
====> Round 5, Epoch: 237 Average loss: 133.6504
====> Round 5, Epoch: 238 Average loss: 133.6155
====> Round 5, Epoch: 239 Average loss: 133.5948
====> Round 5, Epoch: 240 Average loss: 133.5621
====> Round 5, Epoch: 241 Average loss: 133.5460
====> Round 5, Epoch: 242 Average loss: 133.5242
====> Round 5, Epoch: 243 Average loss: 133.5044
====> Round 5 Test set loss: 128.6159
2020-04-20 21:24:27.974045
Training finished