INFO:root:Training on GPU
INFO:root:2020-04-11 17:09:57.823509
INFO:root:Train Epoch: 1 [0/60000 (0%)]	Loss: 543.990112
INFO:root:====> Epoch: 1 Average loss: 199.0934
INFO:root:====> Test set loss: 160.5897
INFO:root:Train Epoch: 2 [0/60000 (0%)]	Loss: 160.903214
INFO:root:====> Epoch: 2 Average loss: 153.4243
INFO:root:Train Epoch: 3 [0/60000 (0%)]	Loss: 137.316345
INFO:root:====> Epoch: 3 Average loss: 134.5056
INFO:root:Train Epoch: 4 [0/60000 (0%)]	Loss: 131.451416
INFO:root:====> Epoch: 4 Average loss: 125.3239
INFO:root:Train Epoch: 5 [0/60000 (0%)]	Loss: 123.556808
INFO:root:====> Epoch: 5 Average loss: 119.7407
INFO:root:Train Epoch: 6 [0/60000 (0%)]	Loss: 120.711205
INFO:root:====> Epoch: 6 Average loss: 116.3473
INFO:root:Train Epoch: 7 [0/60000 (0%)]	Loss: 121.566559
INFO:root:====> Epoch: 7 Average loss: 113.5219
INFO:root:Train Epoch: 8 [0/60000 (0%)]	Loss: 110.731911
INFO:root:====> Epoch: 8 Average loss: 111.0525
INFO:root:Train Epoch: 9 [0/60000 (0%)]	Loss: 105.850365
INFO:root:====> Epoch: 9 Average loss: 109.3445
INFO:root:Train Epoch: 10 [0/60000 (0%)]	Loss: 103.013596
INFO:root:====> Epoch: 10 Average loss: 108.0068
INFO:root:Train Epoch: 11 [0/60000 (0%)]	Loss: 105.295929
INFO:root:====> Epoch: 11 Average loss: 106.8882
INFO:root:Train Epoch: 12 [0/60000 (0%)]	Loss: 105.930023
INFO:root:====> Epoch: 12 Average loss: 105.9047
INFO:root:Train Epoch: 13 [0/60000 (0%)]	Loss: 101.718185
INFO:root:====> Epoch: 13 Average loss: 105.0198
INFO:root:Train Epoch: 14 [0/60000 (0%)]	Loss: 104.027435
INFO:root:====> Epoch: 14 Average loss: 104.2813
INFO:root:Train Epoch: 15 [0/60000 (0%)]	Loss: 106.104713
INFO:root:====> Epoch: 15 Average loss: 103.6127
INFO:root:Train Epoch: 16 [0/60000 (0%)]	Loss: 100.713333
INFO:root:====> Epoch: 16 Average loss: 103.0364
INFO:root:Train Epoch: 17 [0/60000 (0%)]	Loss: 99.723007
INFO:root:====> Epoch: 17 Average loss: 102.5876
INFO:root:Train Epoch: 18 [0/60000 (0%)]	Loss: 100.202782
INFO:root:====> Epoch: 18 Average loss: 102.1283
INFO:root:Train Epoch: 19 [0/60000 (0%)]	Loss: 99.989212
INFO:root:====> Epoch: 19 Average loss: 101.7696
INFO:root:Train Epoch: 20 [0/60000 (0%)]	Loss: 95.638245
INFO:root:====> Epoch: 20 Average loss: 101.3906
INFO:root:Train Epoch: 21 [0/60000 (0%)]	Loss: 104.155266
INFO:root:====> Epoch: 21 Average loss: 101.0970
INFO:root:====> Test set loss: 93.2660
INFO:root:Train Epoch: 22 [0/60000 (0%)]	Loss: 100.170250
INFO:root:====> Epoch: 22 Average loss: 100.8369
INFO:root:Train Epoch: 23 [0/60000 (0%)]	Loss: 102.210297
INFO:root:====> Epoch: 23 Average loss: 100.5803
INFO:root:Train Epoch: 24 [0/60000 (0%)]	Loss: 104.417923
INFO:root:====> Epoch: 24 Average loss: 100.2705
INFO:root:Train Epoch: 25 [0/60000 (0%)]	Loss: 93.955994
INFO:root:====> Epoch: 25 Average loss: 100.1344
INFO:root:Train Epoch: 26 [0/60000 (0%)]	Loss: 96.382812
INFO:root:====> Epoch: 26 Average loss: 99.9340
INFO:root:Train Epoch: 27 [0/60000 (0%)]	Loss: 103.481552
INFO:root:====> Epoch: 27 Average loss: 99.7245
INFO:root:Train Epoch: 28 [0/60000 (0%)]	Loss: 101.097359
INFO:root:====> Epoch: 28 Average loss: 99.5672
INFO:root:Train Epoch: 29 [0/60000 (0%)]	Loss: 93.058945
INFO:root:====> Epoch: 29 Average loss: 99.3902
INFO:root:Train Epoch: 30 [0/60000 (0%)]	Loss: 98.778603
INFO:root:====> Epoch: 30 Average loss: 99.2679
INFO:root:Train Epoch: 31 [0/60000 (0%)]	Loss: 101.857010
INFO:root:====> Epoch: 31 Average loss: 99.0779
INFO:root:Train Epoch: 32 [0/60000 (0%)]	Loss: 92.384438
INFO:root:====> Epoch: 32 Average loss: 98.9938
INFO:root:Train Epoch: 33 [0/60000 (0%)]	Loss: 99.652596
INFO:root:====> Epoch: 33 Average loss: 98.8199
INFO:root:Train Epoch: 34 [0/60000 (0%)]	Loss: 95.836594
INFO:root:====> Epoch: 34 Average loss: 98.7019
INFO:root:Train Epoch: 35 [0/60000 (0%)]	Loss: 97.152969
INFO:root:====> Epoch: 35 Average loss: 98.6469
INFO:root:Train Epoch: 36 [0/60000 (0%)]	Loss: 101.608894
INFO:root:====> Epoch: 36 Average loss: 98.4920
INFO:root:Train Epoch: 37 [0/60000 (0%)]	Loss: 100.856262
INFO:root:====> Epoch: 37 Average loss: 98.4013
INFO:root:Train Epoch: 38 [0/60000 (0%)]	Loss: 99.368744
INFO:root:====> Epoch: 38 Average loss: 98.2760
INFO:root:Train Epoch: 39 [0/60000 (0%)]	Loss: 97.066208
INFO:root:====> Epoch: 39 Average loss: 98.1389
INFO:root:Train Epoch: 40 [0/60000 (0%)]	Loss: 95.369293
INFO:root:====> Epoch: 40 Average loss: 98.1151
INFO:root:Train Epoch: 41 [0/60000 (0%)]	Loss: 100.504402
INFO:root:====> Epoch: 41 Average loss: 98.0439
INFO:root:====> Test set loss: 90.6360
INFO:root:Train Epoch: 42 [0/60000 (0%)]	Loss: 98.558594
INFO:root:====> Epoch: 42 Average loss: 97.9360
INFO:root:Train Epoch: 43 [0/60000 (0%)]	Loss: 101.739655
INFO:root:====> Epoch: 43 Average loss: 97.8448
INFO:root:Train Epoch: 44 [0/60000 (0%)]	Loss: 99.055199
INFO:root:====> Epoch: 44 Average loss: 97.7699
INFO:root:Train Epoch: 45 [0/60000 (0%)]	Loss: 97.003075
INFO:root:====> Epoch: 45 Average loss: 97.7198
INFO:root:Train Epoch: 46 [0/60000 (0%)]	Loss: 102.704964
INFO:root:====> Epoch: 46 Average loss: 97.6252
INFO:root:Train Epoch: 47 [0/60000 (0%)]	Loss: 98.517204
INFO:root:====> Epoch: 47 Average loss: 97.6040
INFO:root:Train Epoch: 48 [0/60000 (0%)]	Loss: 99.297607
INFO:root:====> Epoch: 48 Average loss: 97.4746
INFO:root:Train Epoch: 49 [0/60000 (0%)]	Loss: 103.831223
INFO:root:====> Epoch: 49 Average loss: 97.4258
INFO:root:Train Epoch: 50 [0/60000 (0%)]	Loss: 99.653885
INFO:root:====> Epoch: 50 Average loss: 97.4214
INFO:root:Train Epoch: 51 [0/60000 (0%)]	Loss: 95.620438
INFO:root:====> Epoch: 51 Average loss: 97.3527
INFO:root:Train Epoch: 52 [0/60000 (0%)]	Loss: 99.109680
INFO:root:====> Epoch: 52 Average loss: 97.2903
INFO:root:Train Epoch: 53 [0/60000 (0%)]	Loss: 96.076660
INFO:root:====> Epoch: 53 Average loss: 97.1940
INFO:root:Train Epoch: 54 [0/60000 (0%)]	Loss: 96.954468
INFO:root:====> Epoch: 54 Average loss: 97.1283
INFO:root:Train Epoch: 55 [0/60000 (0%)]	Loss: 94.802910
INFO:root:====> Epoch: 55 Average loss: 97.1471
INFO:root:Train Epoch: 56 [0/60000 (0%)]	Loss: 94.315773
INFO:root:====> Epoch: 56 Average loss: 97.0497
INFO:root:Train Epoch: 57 [0/60000 (0%)]	Loss: 99.296997
INFO:root:====> Epoch: 57 Average loss: 97.0175
INFO:root:Train Epoch: 58 [0/60000 (0%)]	Loss: 99.860649
INFO:root:====> Epoch: 58 Average loss: 96.9325
INFO:root:Train Epoch: 59 [0/60000 (0%)]	Loss: 96.948624
INFO:root:====> Epoch: 59 Average loss: 96.9502
INFO:root:Train Epoch: 60 [0/60000 (0%)]	Loss: 96.942215
INFO:root:====> Epoch: 60 Average loss: 96.8677
INFO:root:Train Epoch: 61 [0/60000 (0%)]	Loss: 94.708076
INFO:root:====> Epoch: 61 Average loss: 96.8300
INFO:root:====> Test set loss: 89.6153
INFO:root:Train Epoch: 62 [0/60000 (0%)]	Loss: 96.479858
INFO:root:====> Epoch: 62 Average loss: 96.8025
INFO:root:Train Epoch: 63 [0/60000 (0%)]	Loss: 98.325684
INFO:root:====> Epoch: 63 Average loss: 96.7326
INFO:root:Train Epoch: 64 [0/60000 (0%)]	Loss: 97.899612
INFO:root:====> Epoch: 64 Average loss: 96.7148
INFO:root:Train Epoch: 65 [0/60000 (0%)]	Loss: 96.795944
INFO:root:====> Epoch: 65 Average loss: 96.6914
INFO:root:Train Epoch: 66 [0/60000 (0%)]	Loss: 99.296036
INFO:root:====> Epoch: 66 Average loss: 96.6431
INFO:root:Train Epoch: 67 [0/60000 (0%)]	Loss: 94.738007
INFO:root:====> Epoch: 67 Average loss: 96.6075
INFO:root:Train Epoch: 68 [0/60000 (0%)]	Loss: 94.185730
INFO:root:====> Epoch: 68 Average loss: 96.5593
INFO:root:Train Epoch: 69 [0/60000 (0%)]	Loss: 96.267540
INFO:root:====> Epoch: 69 Average loss: 96.4968
INFO:root:Train Epoch: 70 [0/60000 (0%)]	Loss: 99.617111
INFO:root:====> Epoch: 70 Average loss: 96.4474
INFO:root:Train Epoch: 71 [0/60000 (0%)]	Loss: 98.317078
INFO:root:====> Epoch: 71 Average loss: 96.5047
INFO:root:Train Epoch: 72 [0/60000 (0%)]	Loss: 99.611588
INFO:root:====> Epoch: 72 Average loss: 96.4059
INFO:root:Train Epoch: 73 [0/60000 (0%)]	Loss: 96.390457
INFO:root:====> Epoch: 73 Average loss: 96.3861
INFO:root:Train Epoch: 74 [0/60000 (0%)]	Loss: 94.555870
INFO:root:====> Epoch: 74 Average loss: 96.3844
INFO:root:Train Epoch: 75 [0/60000 (0%)]	Loss: 99.228210
INFO:root:====> Epoch: 75 Average loss: 96.3440
INFO:root:Train Epoch: 76 [0/60000 (0%)]	Loss: 97.155106
INFO:root:====> Epoch: 76 Average loss: 96.2996
INFO:root:Train Epoch: 77 [0/60000 (0%)]	Loss: 91.709076
INFO:root:====> Epoch: 77 Average loss: 96.2923
INFO:root:Train Epoch: 78 [0/60000 (0%)]	Loss: 93.170609
INFO:root:====> Epoch: 78 Average loss: 96.2235
INFO:root:Train Epoch: 79 [0/60000 (0%)]	Loss: 92.775757
INFO:root:====> Epoch: 79 Average loss: 96.2454
INFO:root:Train Epoch: 80 [0/60000 (0%)]	Loss: 98.015610
INFO:root:====> Epoch: 80 Average loss: 96.2220
INFO:root:Train Epoch: 81 [0/60000 (0%)]	Loss: 102.012802
INFO:root:====> Epoch: 81 Average loss: 96.1353
INFO:root:====> Test set loss: 89.1758
INFO:root:Train Epoch: 82 [0/60000 (0%)]	Loss: 92.150879
INFO:root:====> Epoch: 82 Average loss: 96.1188
INFO:root:Train Epoch: 83 [0/60000 (0%)]	Loss: 96.493805
INFO:root:====> Epoch: 83 Average loss: 96.1272
INFO:root:Train Epoch: 84 [0/60000 (0%)]	Loss: 92.771057
INFO:root:====> Epoch: 84 Average loss: 96.0736
INFO:root:Train Epoch: 85 [0/60000 (0%)]	Loss: 98.519928
INFO:root:====> Epoch: 85 Average loss: 96.0161
INFO:root:Train Epoch: 86 [0/60000 (0%)]	Loss: 95.378235
INFO:root:====> Epoch: 86 Average loss: 96.0685
INFO:root:Train Epoch: 87 [0/60000 (0%)]	Loss: 93.694084
INFO:root:====> Epoch: 87 Average loss: 96.0439
INFO:root:Train Epoch: 88 [0/60000 (0%)]	Loss: 97.434807
INFO:root:====> Epoch: 88 Average loss: 95.9353
INFO:root:Train Epoch: 89 [0/60000 (0%)]	Loss: 98.607040
INFO:root:====> Epoch: 89 Average loss: 95.9093
INFO:root:Train Epoch: 90 [0/60000 (0%)]	Loss: 94.304642
INFO:root:====> Epoch: 90 Average loss: 95.9768
INFO:root:Train Epoch: 91 [0/60000 (0%)]	Loss: 94.001518
INFO:root:====> Epoch: 91 Average loss: 95.8967
INFO:root:Train Epoch: 92 [0/60000 (0%)]	Loss: 97.057205
INFO:root:====> Epoch: 92 Average loss: 95.8962
INFO:root:Train Epoch: 93 [0/60000 (0%)]	Loss: 94.351372
INFO:root:====> Epoch: 93 Average loss: 95.9052
INFO:root:Train Epoch: 94 [0/60000 (0%)]	Loss: 96.461411
INFO:root:====> Epoch: 94 Average loss: 95.8611
INFO:root:Train Epoch: 95 [0/60000 (0%)]	Loss: 96.119904
INFO:root:====> Epoch: 95 Average loss: 95.8324
INFO:root:Train Epoch: 96 [0/60000 (0%)]	Loss: 94.128632
INFO:root:====> Epoch: 96 Average loss: 95.8224
INFO:root:Train Epoch: 97 [0/60000 (0%)]	Loss: 97.053070
INFO:root:====> Epoch: 97 Average loss: 95.7570
INFO:root:Train Epoch: 98 [0/60000 (0%)]	Loss: 93.400917
INFO:root:====> Epoch: 98 Average loss: 95.7555
INFO:root:Train Epoch: 99 [0/60000 (0%)]	Loss: 96.043495
INFO:root:====> Epoch: 99 Average loss: 95.7347
INFO:root:Train Epoch: 100 [0/60000 (0%)]	Loss: 95.864059
INFO:root:====> Epoch: 100 Average loss: 95.7596
INFO:root:Train Epoch: 101 [0/60000 (0%)]	Loss: 94.636406
INFO:root:====> Epoch: 101 Average loss: 95.6816
INFO:root:====> Test set loss: 88.7556
INFO:root:2020-04-11 17:22:35.863964
INFO:root:training finished
