INFO:root:Training on GPU
INFO:root:2020-04-22 09:31:42.868205
INFO:root:Train Epoch: 1 [0/60000 (0%)]	Loss: 544.779053
INFO:root:====> Epoch: 1 Average loss: 189.5857
INFO:root:====> Test set loss: 146.4955
INFO:root:Train Epoch: 2 [0/60000 (0%)]	Loss: 144.810333
INFO:root:====> Epoch: 2 Average loss: 142.1554
INFO:root:Train Epoch: 3 [0/60000 (0%)]	Loss: 130.491882
INFO:root:====> Epoch: 3 Average loss: 128.6263
INFO:root:Train Epoch: 4 [0/60000 (0%)]	Loss: 126.021225
INFO:root:====> Epoch: 4 Average loss: 120.3540
INFO:root:Train Epoch: 5 [0/60000 (0%)]	Loss: 118.566086
INFO:root:====> Epoch: 5 Average loss: 114.9890
INFO:root:Train Epoch: 6 [0/60000 (0%)]	Loss: 115.720200
INFO:root:====> Epoch: 6 Average loss: 111.4227
INFO:root:Train Epoch: 7 [0/60000 (0%)]	Loss: 116.423462
INFO:root:====> Epoch: 7 Average loss: 108.9466
INFO:root:Train Epoch: 8 [0/60000 (0%)]	Loss: 106.114944
INFO:root:====> Epoch: 8 Average loss: 107.1333
INFO:root:Train Epoch: 9 [0/60000 (0%)]	Loss: 102.534225
INFO:root:====> Epoch: 9 Average loss: 105.6396
INFO:root:Train Epoch: 10 [0/60000 (0%)]	Loss: 99.858932
INFO:root:====> Epoch: 10 Average loss: 104.3978
INFO:root:Train Epoch: 11 [0/60000 (0%)]	Loss: 101.047234
INFO:root:====> Epoch: 11 Average loss: 103.4152
INFO:root:Train Epoch: 12 [0/60000 (0%)]	Loss: 102.260712
INFO:root:====> Epoch: 12 Average loss: 102.6649
INFO:root:Train Epoch: 13 [0/60000 (0%)]	Loss: 98.160477
INFO:root:====> Epoch: 13 Average loss: 101.9312
INFO:root:Train Epoch: 14 [0/60000 (0%)]	Loss: 101.032555
INFO:root:====> Epoch: 14 Average loss: 101.3159
INFO:root:Train Epoch: 15 [0/60000 (0%)]	Loss: 103.078629
INFO:root:====> Epoch: 15 Average loss: 100.7747
INFO:root:Train Epoch: 16 [0/60000 (0%)]	Loss: 97.698212
INFO:root:====> Epoch: 16 Average loss: 100.3200
INFO:root:Train Epoch: 17 [0/60000 (0%)]	Loss: 96.946678
INFO:root:====> Epoch: 17 Average loss: 99.8728
INFO:root:Train Epoch: 18 [0/60000 (0%)]	Loss: 98.288727
INFO:root:====> Epoch: 18 Average loss: 99.5599
INFO:root:Train Epoch: 19 [0/60000 (0%)]	Loss: 98.407806
INFO:root:====> Epoch: 19 Average loss: 99.1888
INFO:root:Train Epoch: 20 [0/60000 (0%)]	Loss: 92.547913
INFO:root:====> Epoch: 20 Average loss: 98.8626
INFO:root:Train Epoch: 21 [0/60000 (0%)]	Loss: 101.940826
INFO:root:====> Epoch: 21 Average loss: 98.5947
INFO:root:====> Test set loss: 92.2399
INFO:root:Train Epoch: 22 [0/60000 (0%)]	Loss: 97.819595
INFO:root:====> Epoch: 22 Average loss: 98.3320
INFO:root:Train Epoch: 23 [0/60000 (0%)]	Loss: 99.108864
INFO:root:====> Epoch: 23 Average loss: 98.1478
INFO:root:Train Epoch: 24 [0/60000 (0%)]	Loss: 102.023140
INFO:root:====> Epoch: 24 Average loss: 97.9416
INFO:root:Train Epoch: 25 [0/60000 (0%)]	Loss: 91.994995
INFO:root:====> Epoch: 25 Average loss: 97.7028
INFO:root:Train Epoch: 26 [0/60000 (0%)]	Loss: 94.217545
INFO:root:====> Epoch: 26 Average loss: 97.5860
INFO:root:Train Epoch: 27 [0/60000 (0%)]	Loss: 100.897507
INFO:root:====> Epoch: 27 Average loss: 97.3791
INFO:root:Train Epoch: 28 [0/60000 (0%)]	Loss: 98.422539
INFO:root:====> Epoch: 28 Average loss: 97.2141
INFO:root:Train Epoch: 29 [0/60000 (0%)]	Loss: 92.083420
INFO:root:====> Epoch: 29 Average loss: 97.0857
INFO:root:Train Epoch: 30 [0/60000 (0%)]	Loss: 96.158463
INFO:root:====> Epoch: 30 Average loss: 96.9612
INFO:root:Train Epoch: 31 [0/60000 (0%)]	Loss: 99.544456
INFO:root:====> Epoch: 31 Average loss: 96.8580
INFO:root:Train Epoch: 32 [0/60000 (0%)]	Loss: 90.587265
INFO:root:====> Epoch: 32 Average loss: 96.7083
INFO:root:Train Epoch: 33 [0/60000 (0%)]	Loss: 96.959732
INFO:root:====> Epoch: 33 Average loss: 96.5980
INFO:root:Train Epoch: 34 [0/60000 (0%)]	Loss: 93.963699
INFO:root:====> Epoch: 34 Average loss: 96.4872
INFO:root:Train Epoch: 35 [0/60000 (0%)]	Loss: 94.901314
INFO:root:====> Epoch: 35 Average loss: 96.4276
INFO:root:Train Epoch: 36 [0/60000 (0%)]	Loss: 98.246048
INFO:root:====> Epoch: 36 Average loss: 96.3145
INFO:root:Train Epoch: 37 [0/60000 (0%)]	Loss: 98.157486
INFO:root:====> Epoch: 37 Average loss: 96.2464
INFO:root:Train Epoch: 38 [0/60000 (0%)]	Loss: 97.328232
INFO:root:====> Epoch: 38 Average loss: 96.1269
INFO:root:Train Epoch: 39 [0/60000 (0%)]	Loss: 95.232910
INFO:root:====> Epoch: 39 Average loss: 96.0496
INFO:root:Train Epoch: 40 [0/60000 (0%)]	Loss: 93.997391
INFO:root:====> Epoch: 40 Average loss: 95.9661
INFO:root:Train Epoch: 41 [0/60000 (0%)]	Loss: 97.826172
INFO:root:====> Epoch: 41 Average loss: 95.9198
INFO:root:====> Test set loss: 89.7604
INFO:root:Train Epoch: 42 [0/60000 (0%)]	Loss: 96.445099
INFO:root:====> Epoch: 42 Average loss: 95.8426
INFO:root:Train Epoch: 43 [0/60000 (0%)]	Loss: 98.751053
INFO:root:====> Epoch: 43 Average loss: 95.7643
INFO:root:Train Epoch: 44 [0/60000 (0%)]	Loss: 96.786377
INFO:root:====> Epoch: 44 Average loss: 95.6918
INFO:root:Train Epoch: 45 [0/60000 (0%)]	Loss: 95.482086
INFO:root:====> Epoch: 45 Average loss: 95.6594
INFO:root:Train Epoch: 46 [0/60000 (0%)]	Loss: 99.628342
INFO:root:====> Epoch: 46 Average loss: 95.5696
INFO:root:Train Epoch: 47 [0/60000 (0%)]	Loss: 95.466003
INFO:root:====> Epoch: 47 Average loss: 95.5176
INFO:root:Train Epoch: 48 [0/60000 (0%)]	Loss: 98.001358
INFO:root:====> Epoch: 48 Average loss: 95.4161
INFO:root:Train Epoch: 49 [0/60000 (0%)]	Loss: 101.647232
INFO:root:====> Epoch: 49 Average loss: 95.4109
INFO:root:Train Epoch: 50 [0/60000 (0%)]	Loss: 97.273621
INFO:root:====> Epoch: 50 Average loss: 95.3580
INFO:root:Train Epoch: 51 [0/60000 (0%)]	Loss: 93.292061
INFO:root:====> Epoch: 51 Average loss: 95.3050
INFO:root:Train Epoch: 52 [0/60000 (0%)]	Loss: 98.297073
INFO:root:====> Epoch: 52 Average loss: 95.2503
INFO:root:Train Epoch: 53 [0/60000 (0%)]	Loss: 94.502968
INFO:root:====> Epoch: 53 Average loss: 95.1875
INFO:root:Train Epoch: 54 [0/60000 (0%)]	Loss: 95.009476
INFO:root:====> Epoch: 54 Average loss: 95.1502
INFO:root:Train Epoch: 55 [0/60000 (0%)]	Loss: 92.786545
INFO:root:====> Epoch: 55 Average loss: 95.0856
INFO:root:Train Epoch: 56 [0/60000 (0%)]	Loss: 92.615891
INFO:root:====> Epoch: 56 Average loss: 95.0644
INFO:root:Train Epoch: 57 [0/60000 (0%)]	Loss: 97.723328
INFO:root:====> Epoch: 57 Average loss: 94.9779
INFO:root:Train Epoch: 58 [0/60000 (0%)]	Loss: 97.500862
INFO:root:====> Epoch: 58 Average loss: 94.9931
INFO:root:Train Epoch: 59 [0/60000 (0%)]	Loss: 94.711945
INFO:root:====> Epoch: 59 Average loss: 94.9575
INFO:root:Train Epoch: 60 [0/60000 (0%)]	Loss: 94.824097
INFO:root:====> Epoch: 60 Average loss: 94.8832
INFO:root:Train Epoch: 61 [0/60000 (0%)]	Loss: 93.327370
INFO:root:====> Epoch: 61 Average loss: 94.8786
INFO:root:====> Test set loss: 88.9200
INFO:root:Train Epoch: 62 [0/60000 (0%)]	Loss: 94.483742
INFO:root:====> Epoch: 62 Average loss: 94.8263
INFO:root:Train Epoch: 63 [0/60000 (0%)]	Loss: 96.010696
INFO:root:====> Epoch: 63 Average loss: 94.7652
INFO:root:Train Epoch: 64 [0/60000 (0%)]	Loss: 96.630119
INFO:root:====> Epoch: 64 Average loss: 94.7459
INFO:root:Train Epoch: 65 [0/60000 (0%)]	Loss: 94.799484
INFO:root:====> Epoch: 65 Average loss: 94.7241
INFO:root:Train Epoch: 66 [0/60000 (0%)]	Loss: 97.482834
INFO:root:====> Epoch: 66 Average loss: 94.6774
INFO:root:Train Epoch: 67 [0/60000 (0%)]	Loss: 93.599762
INFO:root:====> Epoch: 67 Average loss: 94.6287
INFO:root:Train Epoch: 68 [0/60000 (0%)]	Loss: 92.432777
INFO:root:====> Epoch: 68 Average loss: 94.5990
INFO:root:Train Epoch: 69 [0/60000 (0%)]	Loss: 94.389587
INFO:root:====> Epoch: 69 Average loss: 94.5747
INFO:root:Train Epoch: 70 [0/60000 (0%)]	Loss: 97.677933
INFO:root:====> Epoch: 70 Average loss: 94.5543
INFO:root:Train Epoch: 71 [0/60000 (0%)]	Loss: 96.111542
INFO:root:====> Epoch: 71 Average loss: 94.5389
INFO:root:Train Epoch: 72 [0/60000 (0%)]	Loss: 97.013512
INFO:root:====> Epoch: 72 Average loss: 94.4925
INFO:root:Train Epoch: 73 [0/60000 (0%)]	Loss: 94.173012
INFO:root:====> Epoch: 73 Average loss: 94.4371
INFO:root:Train Epoch: 74 [0/60000 (0%)]	Loss: 92.938416
INFO:root:====> Epoch: 74 Average loss: 94.4111
INFO:root:Train Epoch: 75 [0/60000 (0%)]	Loss: 96.860298
INFO:root:====> Epoch: 75 Average loss: 94.4029
INFO:root:Train Epoch: 76 [0/60000 (0%)]	Loss: 95.139610
INFO:root:====> Epoch: 76 Average loss: 94.3625
INFO:root:Train Epoch: 77 [0/60000 (0%)]	Loss: 90.043411
INFO:root:====> Epoch: 77 Average loss: 94.3573
INFO:root:Train Epoch: 78 [0/60000 (0%)]	Loss: 90.615181
INFO:root:====> Epoch: 78 Average loss: 94.3134
INFO:root:Train Epoch: 79 [0/60000 (0%)]	Loss: 90.264519
INFO:root:====> Epoch: 79 Average loss: 94.3363
INFO:root:Train Epoch: 80 [0/60000 (0%)]	Loss: 97.317047
INFO:root:====> Epoch: 80 Average loss: 94.2851
INFO:root:Train Epoch: 81 [0/60000 (0%)]	Loss: 99.278526
INFO:root:====> Epoch: 81 Average loss: 94.2775
INFO:root:====> Test set loss: 88.4349
INFO:root:Train Epoch: 82 [0/60000 (0%)]	Loss: 91.151329
INFO:root:====> Epoch: 82 Average loss: 94.2198
INFO:root:Train Epoch: 83 [0/60000 (0%)]	Loss: 94.451492
INFO:root:====> Epoch: 83 Average loss: 94.1857
INFO:root:Train Epoch: 84 [0/60000 (0%)]	Loss: 90.437309
INFO:root:====> Epoch: 84 Average loss: 94.1716
INFO:root:Train Epoch: 85 [0/60000 (0%)]	Loss: 95.914688
INFO:root:====> Epoch: 85 Average loss: 94.1281
INFO:root:Train Epoch: 86 [0/60000 (0%)]	Loss: 93.867134
INFO:root:====> Epoch: 86 Average loss: 94.1376
INFO:root:Train Epoch: 87 [0/60000 (0%)]	Loss: 91.686050
INFO:root:====> Epoch: 87 Average loss: 94.1094
INFO:root:Train Epoch: 88 [0/60000 (0%)]	Loss: 95.347000
INFO:root:====> Epoch: 88 Average loss: 94.1118
INFO:root:Train Epoch: 89 [0/60000 (0%)]	Loss: 96.382072
INFO:root:====> Epoch: 89 Average loss: 94.0873
INFO:root:Train Epoch: 90 [0/60000 (0%)]	Loss: 91.949066
INFO:root:====> Epoch: 90 Average loss: 94.0231
INFO:root:Train Epoch: 91 [0/60000 (0%)]	Loss: 92.174889
INFO:root:====> Epoch: 91 Average loss: 94.0342
INFO:root:Train Epoch: 92 [0/60000 (0%)]	Loss: 94.885101
INFO:root:====> Epoch: 92 Average loss: 94.0089
INFO:root:Train Epoch: 93 [0/60000 (0%)]	Loss: 92.234192
INFO:root:====> Epoch: 93 Average loss: 94.0002
INFO:root:Train Epoch: 94 [0/60000 (0%)]	Loss: 94.784637
INFO:root:====> Epoch: 94 Average loss: 93.9555
INFO:root:Train Epoch: 95 [0/60000 (0%)]	Loss: 95.083275
INFO:root:====> Epoch: 95 Average loss: 93.9191
INFO:root:Train Epoch: 96 [0/60000 (0%)]	Loss: 92.926758
INFO:root:====> Epoch: 96 Average loss: 93.9345
INFO:root:Train Epoch: 97 [0/60000 (0%)]	Loss: 95.784340
INFO:root:====> Epoch: 97 Average loss: 93.9016
INFO:root:Train Epoch: 98 [0/60000 (0%)]	Loss: 91.585175
INFO:root:====> Epoch: 98 Average loss: 93.9009
INFO:root:Train Epoch: 99 [0/60000 (0%)]	Loss: 93.889404
INFO:root:====> Epoch: 99 Average loss: 93.8852
INFO:root:Train Epoch: 100 [0/60000 (0%)]	Loss: 93.939880
INFO:root:====> Epoch: 100 Average loss: 93.9020
INFO:root:Train Epoch: 101 [0/60000 (0%)]	Loss: 93.018028
INFO:root:====> Epoch: 101 Average loss: 93.8653
INFO:root:====> Test set loss: 88.2048
INFO:root:Train Epoch: 102 [0/60000 (0%)]	Loss: 94.660675
INFO:root:====> Epoch: 102 Average loss: 93.8166
INFO:root:Train Epoch: 103 [0/60000 (0%)]	Loss: 93.257401
INFO:root:====> Epoch: 103 Average loss: 93.8044
INFO:root:Train Epoch: 104 [0/60000 (0%)]	Loss: 91.638306
INFO:root:====> Epoch: 104 Average loss: 93.8076
INFO:root:Train Epoch: 105 [0/60000 (0%)]	Loss: 94.545151
INFO:root:====> Epoch: 105 Average loss: 93.7850
INFO:root:Train Epoch: 106 [0/60000 (0%)]	Loss: 92.522606
INFO:root:====> Epoch: 106 Average loss: 93.7667
INFO:root:Train Epoch: 107 [0/60000 (0%)]	Loss: 92.903473
INFO:root:====> Epoch: 107 Average loss: 93.7099
INFO:root:Train Epoch: 108 [0/60000 (0%)]	Loss: 89.835869
INFO:root:====> Epoch: 108 Average loss: 93.7399
INFO:root:Train Epoch: 109 [0/60000 (0%)]	Loss: 94.324265
INFO:root:====> Epoch: 109 Average loss: 93.7416
INFO:root:Train Epoch: 110 [0/60000 (0%)]	Loss: 96.784447
INFO:root:====> Epoch: 110 Average loss: 93.7007
INFO:root:Train Epoch: 111 [0/60000 (0%)]	Loss: 93.291939
INFO:root:====> Epoch: 111 Average loss: 93.6901
INFO:root:Train Epoch: 112 [0/60000 (0%)]	Loss: 92.689789
INFO:root:====> Epoch: 112 Average loss: 93.7004
INFO:root:Train Epoch: 113 [0/60000 (0%)]	Loss: 88.391953
INFO:root:====> Epoch: 113 Average loss: 93.6254
INFO:root:Train Epoch: 114 [0/60000 (0%)]	Loss: 91.658127
INFO:root:====> Epoch: 114 Average loss: 93.6296
INFO:root:Train Epoch: 115 [0/60000 (0%)]	Loss: 94.097992
INFO:root:====> Epoch: 115 Average loss: 93.6612
INFO:root:Train Epoch: 116 [0/60000 (0%)]	Loss: 95.319107
INFO:root:====> Epoch: 116 Average loss: 93.6336
INFO:root:Train Epoch: 117 [0/60000 (0%)]	Loss: 92.803635
INFO:root:====> Epoch: 117 Average loss: 93.5822
INFO:root:Train Epoch: 118 [0/60000 (0%)]	Loss: 95.808342
INFO:root:====> Epoch: 118 Average loss: 93.5802
INFO:root:Train Epoch: 119 [0/60000 (0%)]	Loss: 98.805984
INFO:root:====> Epoch: 119 Average loss: 93.5317
INFO:root:Train Epoch: 120 [0/60000 (0%)]	Loss: 91.971909
INFO:root:====> Epoch: 120 Average loss: 93.5336
INFO:root:Train Epoch: 121 [0/60000 (0%)]	Loss: 87.784958
INFO:root:====> Epoch: 121 Average loss: 93.5157
INFO:root:====> Test set loss: 87.8827
INFO:root:Train Epoch: 122 [0/60000 (0%)]	Loss: 88.255325
INFO:root:====> Epoch: 122 Average loss: 93.5179
INFO:root:Train Epoch: 123 [0/60000 (0%)]	Loss: 94.648071
INFO:root:====> Epoch: 123 Average loss: 93.5355
INFO:root:Train Epoch: 124 [0/60000 (0%)]	Loss: 90.508575
INFO:root:====> Epoch: 124 Average loss: 93.4965
INFO:root:Train Epoch: 125 [0/60000 (0%)]	Loss: 93.104568
INFO:root:====> Epoch: 125 Average loss: 93.4900
INFO:root:Train Epoch: 126 [0/60000 (0%)]	Loss: 91.623238
INFO:root:====> Epoch: 126 Average loss: 93.4721
INFO:root:Train Epoch: 127 [0/60000 (0%)]	Loss: 97.834518
INFO:root:====> Epoch: 127 Average loss: 93.4884
INFO:root:Train Epoch: 128 [0/60000 (0%)]	Loss: 94.507599
INFO:root:====> Epoch: 128 Average loss: 93.4397
INFO:root:Train Epoch: 129 [0/60000 (0%)]	Loss: 93.772797
INFO:root:====> Epoch: 129 Average loss: 93.4637
INFO:root:Train Epoch: 130 [0/60000 (0%)]	Loss: 95.157867
INFO:root:====> Epoch: 130 Average loss: 93.4107
INFO:root:Train Epoch: 131 [0/60000 (0%)]	Loss: 90.669739
INFO:root:====> Epoch: 131 Average loss: 93.4222
INFO:root:Train Epoch: 132 [0/60000 (0%)]	Loss: 96.122337
INFO:root:====> Epoch: 132 Average loss: 93.3903
INFO:root:Train Epoch: 133 [0/60000 (0%)]	Loss: 95.014084
INFO:root:====> Epoch: 133 Average loss: 93.4262
INFO:root:Train Epoch: 134 [0/60000 (0%)]	Loss: 95.555649
INFO:root:====> Epoch: 134 Average loss: 93.3964
INFO:root:Train Epoch: 135 [0/60000 (0%)]	Loss: 95.803261
INFO:root:====> Epoch: 135 Average loss: 93.3345
INFO:root:Train Epoch: 136 [0/60000 (0%)]	Loss: 92.884407
INFO:root:====> Epoch: 136 Average loss: 93.3646
INFO:root:Train Epoch: 137 [0/60000 (0%)]	Loss: 91.731445
INFO:root:====> Epoch: 137 Average loss: 93.3633
INFO:root:Train Epoch: 138 [0/60000 (0%)]	Loss: 93.250481
INFO:root:====> Epoch: 138 Average loss: 93.3545
INFO:root:Train Epoch: 139 [0/60000 (0%)]	Loss: 91.349365
INFO:root:====> Epoch: 139 Average loss: 93.3287
INFO:root:Train Epoch: 140 [0/60000 (0%)]	Loss: 92.866226
INFO:root:====> Epoch: 140 Average loss: 93.3170
INFO:root:Train Epoch: 141 [0/60000 (0%)]	Loss: 94.661766
INFO:root:====> Epoch: 141 Average loss: 93.3114
INFO:root:====> Test set loss: 87.7343
INFO:root:Train Epoch: 142 [0/60000 (0%)]	Loss: 92.593239
INFO:root:====> Epoch: 142 Average loss: 93.2888
INFO:root:Train Epoch: 143 [0/60000 (0%)]	Loss: 94.961914
INFO:root:====> Epoch: 143 Average loss: 93.2621
INFO:root:Train Epoch: 144 [0/60000 (0%)]	Loss: 92.586212
INFO:root:====> Epoch: 144 Average loss: 93.2736
INFO:root:Train Epoch: 145 [0/60000 (0%)]	Loss: 95.301933
INFO:root:====> Epoch: 145 Average loss: 93.2435
INFO:root:Train Epoch: 146 [0/60000 (0%)]	Loss: 92.943687
INFO:root:====> Epoch: 146 Average loss: 93.2726
INFO:root:Train Epoch: 147 [0/60000 (0%)]	Loss: 92.158813
INFO:root:====> Epoch: 147 Average loss: 93.2068
INFO:root:Train Epoch: 148 [0/60000 (0%)]	Loss: 93.144684
INFO:root:====> Epoch: 148 Average loss: 93.2223
INFO:root:Train Epoch: 149 [0/60000 (0%)]	Loss: 91.724030
INFO:root:====> Epoch: 149 Average loss: 93.2200
INFO:root:Train Epoch: 150 [0/60000 (0%)]	Loss: 91.689514
INFO:root:====> Epoch: 150 Average loss: 93.2240
INFO:root:Train Epoch: 151 [0/60000 (0%)]	Loss: 94.616745
INFO:root:====> Epoch: 151 Average loss: 93.1861
INFO:root:Train Epoch: 152 [0/60000 (0%)]	Loss: 92.893204
INFO:root:====> Epoch: 152 Average loss: 93.1678
INFO:root:Train Epoch: 153 [0/60000 (0%)]	Loss: 93.494156
INFO:root:====> Epoch: 153 Average loss: 93.1858
INFO:root:Train Epoch: 154 [0/60000 (0%)]	Loss: 90.194656
INFO:root:====> Epoch: 154 Average loss: 93.1490
INFO:root:Train Epoch: 155 [0/60000 (0%)]	Loss: 92.186623
INFO:root:====> Epoch: 155 Average loss: 93.1575
INFO:root:Train Epoch: 156 [0/60000 (0%)]	Loss: 94.332016
INFO:root:====> Epoch: 156 Average loss: 93.1034
INFO:root:Train Epoch: 157 [0/60000 (0%)]	Loss: 92.003242
INFO:root:====> Epoch: 157 Average loss: 93.1071
INFO:root:Train Epoch: 158 [0/60000 (0%)]	Loss: 90.620247
INFO:root:====> Epoch: 158 Average loss: 93.1115
INFO:root:Train Epoch: 159 [0/60000 (0%)]	Loss: 91.578247
INFO:root:====> Epoch: 159 Average loss: 93.1307
INFO:root:Train Epoch: 160 [0/60000 (0%)]	Loss: 91.813751
INFO:root:====> Epoch: 160 Average loss: 93.1027
INFO:root:Train Epoch: 161 [0/60000 (0%)]	Loss: 92.780380
INFO:root:====> Epoch: 161 Average loss: 93.0890
INFO:root:====> Test set loss: 87.5758
INFO:root:Train Epoch: 162 [0/60000 (0%)]	Loss: 92.486305
INFO:root:====> Epoch: 162 Average loss: 93.0478
INFO:root:Train Epoch: 163 [0/60000 (0%)]	Loss: 91.364532
INFO:root:====> Epoch: 163 Average loss: 93.0631
INFO:root:Train Epoch: 164 [0/60000 (0%)]	Loss: 97.079575
INFO:root:====> Epoch: 164 Average loss: 93.0847
INFO:root:Train Epoch: 165 [0/60000 (0%)]	Loss: 92.239868
INFO:root:====> Epoch: 165 Average loss: 93.0513
INFO:root:Train Epoch: 166 [0/60000 (0%)]	Loss: 91.424774
INFO:root:====> Epoch: 166 Average loss: 93.0681
INFO:root:Train Epoch: 167 [0/60000 (0%)]	Loss: 91.409912
INFO:root:====> Epoch: 167 Average loss: 93.0419
INFO:root:Train Epoch: 168 [0/60000 (0%)]	Loss: 96.302345
INFO:root:====> Epoch: 168 Average loss: 92.9972
INFO:root:Train Epoch: 169 [0/60000 (0%)]	Loss: 89.767838
INFO:root:====> Epoch: 169 Average loss: 93.0167
INFO:root:Train Epoch: 170 [0/60000 (0%)]	Loss: 93.662125
INFO:root:====> Epoch: 170 Average loss: 93.0008
INFO:root:Train Epoch: 171 [0/60000 (0%)]	Loss: 96.511566
INFO:root:====> Epoch: 171 Average loss: 92.9903
INFO:root:Train Epoch: 172 [0/60000 (0%)]	Loss: 91.409622
INFO:root:====> Epoch: 172 Average loss: 93.0170
INFO:root:Train Epoch: 173 [0/60000 (0%)]	Loss: 90.427505
INFO:root:====> Epoch: 173 Average loss: 92.9724
INFO:root:Train Epoch: 174 [0/60000 (0%)]	Loss: 96.246742
INFO:root:====> Epoch: 174 Average loss: 92.9693
INFO:root:Train Epoch: 175 [0/60000 (0%)]	Loss: 92.081383
INFO:root:====> Epoch: 175 Average loss: 92.9443
INFO:root:Train Epoch: 176 [0/60000 (0%)]	Loss: 90.683777
INFO:root:====> Epoch: 176 Average loss: 92.9444
INFO:root:Train Epoch: 177 [0/60000 (0%)]	Loss: 92.614868
INFO:root:====> Epoch: 177 Average loss: 92.9399
INFO:root:Train Epoch: 178 [0/60000 (0%)]	Loss: 93.134705
INFO:root:====> Epoch: 178 Average loss: 92.9172
INFO:root:Train Epoch: 179 [0/60000 (0%)]	Loss: 94.606148
INFO:root:====> Epoch: 179 Average loss: 92.9134
INFO:root:Train Epoch: 180 [0/60000 (0%)]	Loss: 94.921135
INFO:root:====> Epoch: 180 Average loss: 92.9311
INFO:root:Train Epoch: 181 [0/60000 (0%)]	Loss: 93.725670
INFO:root:====> Epoch: 181 Average loss: 92.9301
INFO:root:====> Test set loss: 87.4565
INFO:root:Train Epoch: 182 [0/60000 (0%)]	Loss: 95.098541
INFO:root:====> Epoch: 182 Average loss: 92.8877
INFO:root:Train Epoch: 183 [0/60000 (0%)]	Loss: 90.464668
INFO:root:====> Epoch: 183 Average loss: 92.9267
INFO:root:Train Epoch: 184 [0/60000 (0%)]	Loss: 91.587227
INFO:root:====> Epoch: 184 Average loss: 92.9195
INFO:root:Train Epoch: 185 [0/60000 (0%)]	Loss: 95.284760
INFO:root:====> Epoch: 185 Average loss: 92.9130
INFO:root:Train Epoch: 186 [0/60000 (0%)]	Loss: 91.471420
INFO:root:====> Epoch: 186 Average loss: 92.9076
INFO:root:Train Epoch: 187 [0/60000 (0%)]	Loss: 90.876755
INFO:root:====> Epoch: 187 Average loss: 92.8690
INFO:root:Train Epoch: 188 [0/60000 (0%)]	Loss: 90.507339
INFO:root:====> Epoch: 188 Average loss: 92.8531
INFO:root:Train Epoch: 189 [0/60000 (0%)]	Loss: 91.622185
INFO:root:====> Epoch: 189 Average loss: 92.8563
INFO:root:Train Epoch: 190 [0/60000 (0%)]	Loss: 90.758316
INFO:root:====> Epoch: 190 Average loss: 92.8070
INFO:root:Train Epoch: 191 [0/60000 (0%)]	Loss: 89.581886
INFO:root:====> Epoch: 191 Average loss: 92.8251
INFO:root:Train Epoch: 192 [0/60000 (0%)]	Loss: 92.895691
INFO:root:====> Epoch: 192 Average loss: 92.8114
INFO:root:Train Epoch: 193 [0/60000 (0%)]	Loss: 93.501122
INFO:root:====> Epoch: 193 Average loss: 92.8242
INFO:root:Train Epoch: 194 [0/60000 (0%)]	Loss: 93.604889
INFO:root:====> Epoch: 194 Average loss: 92.8172
INFO:root:Train Epoch: 195 [0/60000 (0%)]	Loss: 90.409698
INFO:root:====> Epoch: 195 Average loss: 92.8110
INFO:root:Train Epoch: 196 [0/60000 (0%)]	Loss: 93.564026
INFO:root:====> Epoch: 196 Average loss: 92.7910
INFO:root:Train Epoch: 197 [0/60000 (0%)]	Loss: 90.606262
INFO:root:====> Epoch: 197 Average loss: 92.8025
INFO:root:Train Epoch: 198 [0/60000 (0%)]	Loss: 90.716751
INFO:root:====> Epoch: 198 Average loss: 92.8108
INFO:root:Train Epoch: 199 [0/60000 (0%)]	Loss: 92.179901
INFO:root:====> Epoch: 199 Average loss: 92.7792
INFO:root:Train Epoch: 200 [0/60000 (0%)]	Loss: 91.135239
INFO:root:====> Epoch: 200 Average loss: 92.7532
INFO:root:Train Epoch: 201 [0/60000 (0%)]	Loss: 93.387146
INFO:root:====> Epoch: 201 Average loss: 92.7816
INFO:root:====> Test set loss: 87.2875
INFO:root:Train Epoch: 202 [0/60000 (0%)]	Loss: 92.789383
INFO:root:====> Epoch: 202 Average loss: 92.7497
INFO:root:Train Epoch: 203 [0/60000 (0%)]	Loss: 87.802017
INFO:root:====> Epoch: 203 Average loss: 92.7524
INFO:root:Train Epoch: 204 [0/60000 (0%)]	Loss: 92.969635
INFO:root:====> Epoch: 204 Average loss: 92.7514
INFO:root:Train Epoch: 205 [0/60000 (0%)]	Loss: 92.118713
INFO:root:====> Epoch: 205 Average loss: 92.7312
INFO:root:Train Epoch: 206 [0/60000 (0%)]	Loss: 94.244576
INFO:root:====> Epoch: 206 Average loss: 92.7477
INFO:root:Train Epoch: 207 [0/60000 (0%)]	Loss: 94.227768
INFO:root:====> Epoch: 207 Average loss: 92.7483
INFO:root:Train Epoch: 208 [0/60000 (0%)]	Loss: 92.478348
INFO:root:====> Epoch: 208 Average loss: 92.7697
INFO:root:Train Epoch: 209 [0/60000 (0%)]	Loss: 93.658661
INFO:root:====> Epoch: 209 Average loss: 92.7136
INFO:root:Train Epoch: 210 [0/60000 (0%)]	Loss: 93.062019
INFO:root:====> Epoch: 210 Average loss: 92.7306
INFO:root:Train Epoch: 211 [0/60000 (0%)]	Loss: 92.083282
INFO:root:====> Epoch: 211 Average loss: 92.7084
INFO:root:Train Epoch: 212 [0/60000 (0%)]	Loss: 93.438347
INFO:root:====> Epoch: 212 Average loss: 92.6778
INFO:root:Train Epoch: 213 [0/60000 (0%)]	Loss: 92.060120
INFO:root:====> Epoch: 213 Average loss: 92.7120
INFO:root:Train Epoch: 214 [0/60000 (0%)]	Loss: 93.878143
INFO:root:====> Epoch: 214 Average loss: 92.6998
INFO:root:Train Epoch: 215 [0/60000 (0%)]	Loss: 91.024223
INFO:root:====> Epoch: 215 Average loss: 92.6730
INFO:root:Train Epoch: 216 [0/60000 (0%)]	Loss: 89.672043
INFO:root:====> Epoch: 216 Average loss: 92.6805
INFO:root:Train Epoch: 217 [0/60000 (0%)]	Loss: 88.872032
INFO:root:====> Epoch: 217 Average loss: 92.6382
INFO:root:Train Epoch: 218 [0/60000 (0%)]	Loss: 91.823318
INFO:root:====> Epoch: 218 Average loss: 92.6729
INFO:root:Train Epoch: 219 [0/60000 (0%)]	Loss: 93.839439
INFO:root:====> Epoch: 219 Average loss: 92.6333
INFO:root:Train Epoch: 220 [0/60000 (0%)]	Loss: 93.380005
INFO:root:====> Epoch: 220 Average loss: 92.6570
INFO:root:Train Epoch: 221 [0/60000 (0%)]	Loss: 91.816704
INFO:root:====> Epoch: 221 Average loss: 92.6231
INFO:root:====> Test set loss: 87.1985
INFO:root:Train Epoch: 222 [0/60000 (0%)]	Loss: 92.503372
INFO:root:====> Epoch: 222 Average loss: 92.6327
INFO:root:Train Epoch: 223 [0/60000 (0%)]	Loss: 92.712402
INFO:root:====> Epoch: 223 Average loss: 92.6384
INFO:root:Train Epoch: 224 [0/60000 (0%)]	Loss: 90.883499
INFO:root:====> Epoch: 224 Average loss: 92.6404
INFO:root:Train Epoch: 225 [0/60000 (0%)]	Loss: 91.914871
INFO:root:====> Epoch: 225 Average loss: 92.6109
INFO:root:Train Epoch: 226 [0/60000 (0%)]	Loss: 94.859344
INFO:root:====> Epoch: 226 Average loss: 92.6228
INFO:root:Train Epoch: 227 [0/60000 (0%)]	Loss: 95.096535
INFO:root:====> Epoch: 227 Average loss: 92.6296
INFO:root:Train Epoch: 228 [0/60000 (0%)]	Loss: 89.631607
INFO:root:====> Epoch: 228 Average loss: 92.6031
INFO:root:Train Epoch: 229 [0/60000 (0%)]	Loss: 91.307838
INFO:root:====> Epoch: 229 Average loss: 92.5847
INFO:root:Train Epoch: 230 [0/60000 (0%)]	Loss: 93.599518
INFO:root:====> Epoch: 230 Average loss: 92.5952
INFO:root:Train Epoch: 231 [0/60000 (0%)]	Loss: 92.639030
INFO:root:====> Epoch: 231 Average loss: 92.5882
INFO:root:Train Epoch: 232 [0/60000 (0%)]	Loss: 92.392159
INFO:root:====> Epoch: 232 Average loss: 92.5731
INFO:root:Train Epoch: 233 [0/60000 (0%)]	Loss: 92.926788
INFO:root:====> Epoch: 233 Average loss: 92.5514
INFO:root:Train Epoch: 234 [0/60000 (0%)]	Loss: 93.174095
INFO:root:====> Epoch: 234 Average loss: 92.5937
INFO:root:Train Epoch: 235 [0/60000 (0%)]	Loss: 91.631012
INFO:root:====> Epoch: 235 Average loss: 92.5780
INFO:root:Train Epoch: 236 [0/60000 (0%)]	Loss: 91.116760
INFO:root:====> Epoch: 236 Average loss: 92.5910
INFO:root:Train Epoch: 237 [0/60000 (0%)]	Loss: 90.661552
INFO:root:====> Epoch: 237 Average loss: 92.5328
INFO:root:Train Epoch: 238 [0/60000 (0%)]	Loss: 90.116470
INFO:root:====> Epoch: 238 Average loss: 92.5448
INFO:root:Train Epoch: 239 [0/60000 (0%)]	Loss: 91.906540
INFO:root:====> Epoch: 239 Average loss: 92.5561
INFO:root:Train Epoch: 240 [0/60000 (0%)]	Loss: 92.003601
INFO:root:====> Epoch: 240 Average loss: 92.5270
INFO:root:Train Epoch: 241 [0/60000 (0%)]	Loss: 87.728340
INFO:root:====> Epoch: 241 Average loss: 92.5345
INFO:root:====> Test set loss: 87.1764
INFO:root:Train Epoch: 242 [0/60000 (0%)]	Loss: 97.047333
INFO:root:====> Epoch: 242 Average loss: 92.5351
INFO:root:Train Epoch: 243 [0/60000 (0%)]	Loss: 92.884125
INFO:root:====> Epoch: 243 Average loss: 92.5538
INFO:root:Train Epoch: 244 [0/60000 (0%)]	Loss: 96.763557
INFO:root:====> Epoch: 244 Average loss: 92.5280
INFO:root:Train Epoch: 245 [0/60000 (0%)]	Loss: 90.553864
INFO:root:====> Epoch: 245 Average loss: 92.5440
INFO:root:Train Epoch: 246 [0/60000 (0%)]	Loss: 92.624100
INFO:root:====> Epoch: 246 Average loss: 92.4999
INFO:root:Train Epoch: 247 [0/60000 (0%)]	Loss: 88.669983
INFO:root:====> Epoch: 247 Average loss: 92.5087
INFO:root:Train Epoch: 248 [0/60000 (0%)]	Loss: 93.400269
INFO:root:====> Epoch: 248 Average loss: 92.5116
INFO:root:Train Epoch: 249 [0/60000 (0%)]	Loss: 91.983047
INFO:root:====> Epoch: 249 Average loss: 92.4855
INFO:root:Train Epoch: 250 [0/60000 (0%)]	Loss: 93.171104
INFO:root:====> Epoch: 250 Average loss: 92.4769
INFO:root:Train Epoch: 251 [0/60000 (0%)]	Loss: 95.067993
INFO:root:====> Epoch: 251 Average loss: 92.4612
INFO:root:Train Epoch: 252 [0/60000 (0%)]	Loss: 92.428284
INFO:root:====> Epoch: 252 Average loss: 92.4528
INFO:root:Train Epoch: 253 [0/60000 (0%)]	Loss: 90.646179
INFO:root:====> Epoch: 253 Average loss: 92.4991
INFO:root:Train Epoch: 254 [0/60000 (0%)]	Loss: 90.067856
INFO:root:====> Epoch: 254 Average loss: 92.4833
INFO:root:Train Epoch: 255 [0/60000 (0%)]	Loss: 95.212135
INFO:root:====> Epoch: 255 Average loss: 92.4785
INFO:root:Train Epoch: 256 [0/60000 (0%)]	Loss: 95.699005
INFO:root:====> Epoch: 256 Average loss: 92.4588
INFO:root:Train Epoch: 257 [0/60000 (0%)]	Loss: 94.599487
INFO:root:====> Epoch: 257 Average loss: 92.4633
INFO:root:Train Epoch: 258 [0/60000 (0%)]	Loss: 92.695251
INFO:root:====> Epoch: 258 Average loss: 92.4782
INFO:root:Train Epoch: 259 [0/60000 (0%)]	Loss: 91.223663
INFO:root:====> Epoch: 259 Average loss: 92.4409
INFO:root:Train Epoch: 260 [0/60000 (0%)]	Loss: 91.078918
INFO:root:====> Epoch: 260 Average loss: 92.4625
INFO:root:Train Epoch: 261 [0/60000 (0%)]	Loss: 93.580078
INFO:root:====> Epoch: 261 Average loss: 92.4525
INFO:root:====> Test set loss: 87.0383
INFO:root:Train Epoch: 262 [0/60000 (0%)]	Loss: 93.831680
INFO:root:====> Epoch: 262 Average loss: 92.4520
INFO:root:Train Epoch: 263 [0/60000 (0%)]	Loss: 90.826385
INFO:root:====> Epoch: 263 Average loss: 92.4548
INFO:root:Train Epoch: 264 [0/60000 (0%)]	Loss: 91.238800
INFO:root:====> Epoch: 264 Average loss: 92.4008
INFO:root:Train Epoch: 265 [0/60000 (0%)]	Loss: 92.015976
INFO:root:====> Epoch: 265 Average loss: 92.4380
INFO:root:Train Epoch: 266 [0/60000 (0%)]	Loss: 91.169174
INFO:root:====> Epoch: 266 Average loss: 92.4297
INFO:root:Train Epoch: 267 [0/60000 (0%)]	Loss: 95.535027
INFO:root:====> Epoch: 267 Average loss: 92.4038
INFO:root:Train Epoch: 268 [0/60000 (0%)]	Loss: 92.479187
INFO:root:====> Epoch: 268 Average loss: 92.3797
INFO:root:Train Epoch: 269 [0/60000 (0%)]	Loss: 90.736740
INFO:root:====> Epoch: 269 Average loss: 92.4014
INFO:root:Train Epoch: 270 [0/60000 (0%)]	Loss: 86.860497
INFO:root:====> Epoch: 270 Average loss: 92.4224
INFO:root:Train Epoch: 271 [0/60000 (0%)]	Loss: 93.051193
INFO:root:====> Epoch: 271 Average loss: 92.3960
INFO:root:Train Epoch: 272 [0/60000 (0%)]	Loss: 91.209091
INFO:root:====> Epoch: 272 Average loss: 92.4143
INFO:root:Train Epoch: 273 [0/60000 (0%)]	Loss: 91.356033
INFO:root:====> Epoch: 273 Average loss: 92.3915
INFO:root:Train Epoch: 274 [0/60000 (0%)]	Loss: 94.145660
INFO:root:====> Epoch: 274 Average loss: 92.3714
INFO:root:Train Epoch: 275 [0/60000 (0%)]	Loss: 90.957146
INFO:root:====> Epoch: 275 Average loss: 92.3953
INFO:root:Train Epoch: 276 [0/60000 (0%)]	Loss: 87.573006
INFO:root:====> Epoch: 276 Average loss: 92.3645
INFO:root:Train Epoch: 277 [0/60000 (0%)]	Loss: 94.626572
INFO:root:====> Epoch: 277 Average loss: 92.3911
INFO:root:Train Epoch: 278 [0/60000 (0%)]	Loss: 90.937492
INFO:root:====> Epoch: 278 Average loss: 92.3243
INFO:root:Train Epoch: 279 [0/60000 (0%)]	Loss: 89.784241
INFO:root:====> Epoch: 279 Average loss: 92.3844
INFO:root:Train Epoch: 280 [0/60000 (0%)]	Loss: 92.634331
INFO:root:====> Epoch: 280 Average loss: 92.3750
INFO:root:Train Epoch: 281 [0/60000 (0%)]	Loss: 93.235298
INFO:root:====> Epoch: 281 Average loss: 92.3388
INFO:root:====> Test set loss: 87.0357
INFO:root:Train Epoch: 282 [0/60000 (0%)]	Loss: 91.756187
INFO:root:====> Epoch: 282 Average loss: 92.3732
INFO:root:Train Epoch: 283 [0/60000 (0%)]	Loss: 93.894745
INFO:root:====> Epoch: 283 Average loss: 92.3458
INFO:root:Train Epoch: 284 [0/60000 (0%)]	Loss: 92.669678
INFO:root:====> Epoch: 284 Average loss: 92.3436
INFO:root:Train Epoch: 285 [0/60000 (0%)]	Loss: 89.138618
INFO:root:====> Epoch: 285 Average loss: 92.3367
INFO:root:Train Epoch: 286 [0/60000 (0%)]	Loss: 94.300415
INFO:root:====> Epoch: 286 Average loss: 92.3518
INFO:root:Train Epoch: 287 [0/60000 (0%)]	Loss: 92.971329
INFO:root:====> Epoch: 287 Average loss: 92.3102
INFO:root:Train Epoch: 288 [0/60000 (0%)]	Loss: 92.423813
INFO:root:====> Epoch: 288 Average loss: 92.3419
INFO:root:Train Epoch: 289 [0/60000 (0%)]	Loss: 91.836159
INFO:root:====> Epoch: 289 Average loss: 92.3302
INFO:root:Train Epoch: 290 [0/60000 (0%)]	Loss: 93.540009
INFO:root:====> Epoch: 290 Average loss: 92.2930
INFO:root:Train Epoch: 291 [0/60000 (0%)]	Loss: 92.997238
INFO:root:====> Epoch: 291 Average loss: 92.2637
INFO:root:Train Epoch: 292 [0/60000 (0%)]	Loss: 93.204086
INFO:root:====> Epoch: 292 Average loss: 92.3377
INFO:root:Train Epoch: 293 [0/60000 (0%)]	Loss: 92.927132
INFO:root:====> Epoch: 293 Average loss: 92.3355
INFO:root:Train Epoch: 294 [0/60000 (0%)]	Loss: 92.068115
INFO:root:====> Epoch: 294 Average loss: 92.2926
INFO:root:Train Epoch: 295 [0/60000 (0%)]	Loss: 94.762299
INFO:root:====> Epoch: 295 Average loss: 92.3050
INFO:root:Train Epoch: 296 [0/60000 (0%)]	Loss: 88.333069
INFO:root:====> Epoch: 296 Average loss: 92.3043
INFO:root:Train Epoch: 297 [0/60000 (0%)]	Loss: 92.546600
INFO:root:====> Epoch: 297 Average loss: 92.3006
INFO:root:Train Epoch: 298 [0/60000 (0%)]	Loss: 90.091232
INFO:root:====> Epoch: 298 Average loss: 92.2736
INFO:root:Train Epoch: 299 [0/60000 (0%)]	Loss: 92.442139
INFO:root:====> Epoch: 299 Average loss: 92.2900
INFO:root:Train Epoch: 300 [0/60000 (0%)]	Loss: 89.839325
INFO:root:====> Epoch: 300 Average loss: 92.2856
INFO:root:Train Epoch: 301 [0/60000 (0%)]	Loss: 91.375107
INFO:root:====> Epoch: 301 Average loss: 92.2923
INFO:root:====> Test set loss: 86.8930
INFO:root:Train Epoch: 302 [0/60000 (0%)]	Loss: 95.261383
INFO:root:====> Epoch: 302 Average loss: 92.2828
INFO:root:Train Epoch: 303 [0/60000 (0%)]	Loss: 92.021362
INFO:root:====> Epoch: 303 Average loss: 92.2781
INFO:root:Train Epoch: 304 [0/60000 (0%)]	Loss: 90.878616
INFO:root:====> Epoch: 304 Average loss: 92.2790
INFO:root:Train Epoch: 305 [0/60000 (0%)]	Loss: 92.082596
INFO:root:====> Epoch: 305 Average loss: 92.2632
INFO:root:Train Epoch: 306 [0/60000 (0%)]	Loss: 93.980637
INFO:root:====> Epoch: 306 Average loss: 92.2588
INFO:root:Train Epoch: 307 [0/60000 (0%)]	Loss: 91.413712
INFO:root:====> Epoch: 307 Average loss: 92.2664
INFO:root:Train Epoch: 308 [0/60000 (0%)]	Loss: 92.885277
INFO:root:====> Epoch: 308 Average loss: 92.2708
INFO:root:Train Epoch: 309 [0/60000 (0%)]	Loss: 92.062454
INFO:root:====> Epoch: 309 Average loss: 92.2756
INFO:root:Train Epoch: 310 [0/60000 (0%)]	Loss: 93.081635
INFO:root:====> Epoch: 310 Average loss: 92.2475
INFO:root:Train Epoch: 311 [0/60000 (0%)]	Loss: 92.932907
INFO:root:====> Epoch: 311 Average loss: 92.2417
INFO:root:Train Epoch: 312 [0/60000 (0%)]	Loss: 93.310379
INFO:root:====> Epoch: 312 Average loss: 92.2561
INFO:root:Train Epoch: 313 [0/60000 (0%)]	Loss: 91.880432
INFO:root:====> Epoch: 313 Average loss: 92.2544
INFO:root:Train Epoch: 314 [0/60000 (0%)]	Loss: 89.113251
INFO:root:====> Epoch: 314 Average loss: 92.2870
INFO:root:Train Epoch: 315 [0/60000 (0%)]	Loss: 90.768051
INFO:root:====> Epoch: 315 Average loss: 92.2057
INFO:root:Train Epoch: 316 [0/60000 (0%)]	Loss: 91.405540
INFO:root:====> Epoch: 316 Average loss: 92.2608
INFO:root:Train Epoch: 317 [0/60000 (0%)]	Loss: 92.784622
INFO:root:====> Epoch: 317 Average loss: 92.2491
INFO:root:Train Epoch: 318 [0/60000 (0%)]	Loss: 92.312065
INFO:root:====> Epoch: 318 Average loss: 92.2249
INFO:root:Train Epoch: 319 [0/60000 (0%)]	Loss: 95.899185
INFO:root:====> Epoch: 319 Average loss: 92.2136
INFO:root:Train Epoch: 320 [0/60000 (0%)]	Loss: 89.929268
INFO:root:====> Epoch: 320 Average loss: 92.2188
INFO:root:Train Epoch: 321 [0/60000 (0%)]	Loss: 95.652985
INFO:root:====> Epoch: 321 Average loss: 92.2305
INFO:root:====> Test set loss: 86.9996
INFO:root:Train Epoch: 322 [0/60000 (0%)]	Loss: 93.051010
INFO:root:====> Epoch: 322 Average loss: 92.1983
INFO:root:Train Epoch: 323 [0/60000 (0%)]	Loss: 89.334122
INFO:root:====> Epoch: 323 Average loss: 92.2141
INFO:root:Train Epoch: 324 [0/60000 (0%)]	Loss: 91.233963
INFO:root:====> Epoch: 324 Average loss: 92.2115
INFO:root:Train Epoch: 325 [0/60000 (0%)]	Loss: 90.880722
INFO:root:====> Epoch: 325 Average loss: 92.2096
INFO:root:Train Epoch: 326 [0/60000 (0%)]	Loss: 90.555260
INFO:root:====> Epoch: 326 Average loss: 92.2162
INFO:root:Train Epoch: 327 [0/60000 (0%)]	Loss: 91.061493
INFO:root:====> Epoch: 327 Average loss: 92.1836
INFO:root:Train Epoch: 328 [0/60000 (0%)]	Loss: 91.190071
INFO:root:====> Epoch: 328 Average loss: 92.2239
INFO:root:Train Epoch: 329 [0/60000 (0%)]	Loss: 93.920624
INFO:root:====> Epoch: 329 Average loss: 92.1893
INFO:root:Train Epoch: 330 [0/60000 (0%)]	Loss: 90.257393
INFO:root:====> Epoch: 330 Average loss: 92.1851
INFO:root:Train Epoch: 331 [0/60000 (0%)]	Loss: 89.864578
INFO:root:====> Epoch: 331 Average loss: 92.2070
INFO:root:Train Epoch: 332 [0/60000 (0%)]	Loss: 94.579544
INFO:root:====> Epoch: 332 Average loss: 92.1790
INFO:root:Train Epoch: 333 [0/60000 (0%)]	Loss: 91.578255
INFO:root:====> Epoch: 333 Average loss: 92.1835
INFO:root:Train Epoch: 334 [0/60000 (0%)]	Loss: 93.214081
INFO:root:====> Epoch: 334 Average loss: 92.1550
INFO:root:Train Epoch: 335 [0/60000 (0%)]	Loss: 91.776016
INFO:root:====> Epoch: 335 Average loss: 92.1770
INFO:root:Train Epoch: 336 [0/60000 (0%)]	Loss: 92.089706
INFO:root:====> Epoch: 336 Average loss: 92.1906
INFO:root:Train Epoch: 337 [0/60000 (0%)]	Loss: 90.695229
INFO:root:====> Epoch: 337 Average loss: 92.1897
INFO:root:Train Epoch: 338 [0/60000 (0%)]	Loss: 89.563744
INFO:root:====> Epoch: 338 Average loss: 92.1865
INFO:root:Train Epoch: 339 [0/60000 (0%)]	Loss: 88.970482
INFO:root:====> Epoch: 339 Average loss: 92.1535
INFO:root:Train Epoch: 340 [0/60000 (0%)]	Loss: 94.052216
INFO:root:====> Epoch: 340 Average loss: 92.1693
INFO:root:Train Epoch: 341 [0/60000 (0%)]	Loss: 93.778214
INFO:root:====> Epoch: 341 Average loss: 92.1669
INFO:root:====> Test set loss: 86.8333
INFO:root:Train Epoch: 342 [0/60000 (0%)]	Loss: 93.358810
INFO:root:====> Epoch: 342 Average loss: 92.1829
INFO:root:Train Epoch: 343 [0/60000 (0%)]	Loss: 91.498856
INFO:root:====> Epoch: 343 Average loss: 92.1295
INFO:root:Train Epoch: 344 [0/60000 (0%)]	Loss: 97.048782
INFO:root:====> Epoch: 344 Average loss: 92.1335
INFO:root:Train Epoch: 345 [0/60000 (0%)]	Loss: 94.417648
INFO:root:====> Epoch: 345 Average loss: 92.1318
INFO:root:Train Epoch: 346 [0/60000 (0%)]	Loss: 90.518135
INFO:root:====> Epoch: 346 Average loss: 92.1548
INFO:root:Train Epoch: 347 [0/60000 (0%)]	Loss: 90.470398
INFO:root:====> Epoch: 347 Average loss: 92.1393
INFO:root:Train Epoch: 348 [0/60000 (0%)]	Loss: 92.777786
INFO:root:====> Epoch: 348 Average loss: 92.1511
INFO:root:Train Epoch: 349 [0/60000 (0%)]	Loss: 93.282585
INFO:root:====> Epoch: 349 Average loss: 92.1525
INFO:root:Train Epoch: 350 [0/60000 (0%)]	Loss: 91.697678
INFO:root:====> Epoch: 350 Average loss: 92.1223
INFO:root:Train Epoch: 351 [0/60000 (0%)]	Loss: 89.515411
INFO:root:====> Epoch: 351 Average loss: 92.1158
INFO:root:Train Epoch: 352 [0/60000 (0%)]	Loss: 92.165146
INFO:root:====> Epoch: 352 Average loss: 92.1392
INFO:root:Train Epoch: 353 [0/60000 (0%)]	Loss: 95.138489
INFO:root:====> Epoch: 353 Average loss: 92.1427
INFO:root:Train Epoch: 354 [0/60000 (0%)]	Loss: 93.017372
INFO:root:====> Epoch: 354 Average loss: 92.1209
INFO:root:Train Epoch: 355 [0/60000 (0%)]	Loss: 91.080925
INFO:root:====> Epoch: 355 Average loss: 92.1133
INFO:root:Train Epoch: 356 [0/60000 (0%)]	Loss: 94.408661
INFO:root:====> Epoch: 356 Average loss: 92.1196
INFO:root:Train Epoch: 357 [0/60000 (0%)]	Loss: 92.945694
INFO:root:====> Epoch: 357 Average loss: 92.1352
INFO:root:Train Epoch: 358 [0/60000 (0%)]	Loss: 91.787132
INFO:root:====> Epoch: 358 Average loss: 92.0879
INFO:root:Train Epoch: 359 [0/60000 (0%)]	Loss: 92.903595
INFO:root:====> Epoch: 359 Average loss: 92.0728
INFO:root:Train Epoch: 360 [0/60000 (0%)]	Loss: 90.677780
INFO:root:====> Epoch: 360 Average loss: 92.1445
INFO:root:Train Epoch: 361 [0/60000 (0%)]	Loss: 92.500038
INFO:root:====> Epoch: 361 Average loss: 92.1135
INFO:root:====> Test set loss: 86.8790
INFO:root:Train Epoch: 362 [0/60000 (0%)]	Loss: 93.558632
INFO:root:====> Epoch: 362 Average loss: 92.0654
INFO:root:Train Epoch: 363 [0/60000 (0%)]	Loss: 91.539093
INFO:root:====> Epoch: 363 Average loss: 92.0958
INFO:root:Train Epoch: 364 [0/60000 (0%)]	Loss: 94.563438
INFO:root:====> Epoch: 364 Average loss: 92.0759
INFO:root:Train Epoch: 365 [0/60000 (0%)]	Loss: 95.137024
INFO:root:====> Epoch: 365 Average loss: 92.0791
INFO:root:Train Epoch: 366 [0/60000 (0%)]	Loss: 93.399300
INFO:root:====> Epoch: 366 Average loss: 92.0833
INFO:root:Train Epoch: 367 [0/60000 (0%)]	Loss: 96.014290
INFO:root:====> Epoch: 367 Average loss: 92.0722
INFO:root:Train Epoch: 368 [0/60000 (0%)]	Loss: 92.756714
INFO:root:====> Epoch: 368 Average loss: 92.0841
INFO:root:Train Epoch: 369 [0/60000 (0%)]	Loss: 91.209686
INFO:root:====> Epoch: 369 Average loss: 92.1110
INFO:root:Train Epoch: 370 [0/60000 (0%)]	Loss: 92.530952
INFO:root:====> Epoch: 370 Average loss: 92.0714
INFO:root:Train Epoch: 371 [0/60000 (0%)]	Loss: 92.188942
INFO:root:====> Epoch: 371 Average loss: 92.0838
INFO:root:Train Epoch: 372 [0/60000 (0%)]	Loss: 93.599205
INFO:root:====> Epoch: 372 Average loss: 92.0571
INFO:root:Train Epoch: 373 [0/60000 (0%)]	Loss: 93.155807
INFO:root:====> Epoch: 373 Average loss: 92.0886
INFO:root:Train Epoch: 374 [0/60000 (0%)]	Loss: 91.356689
INFO:root:====> Epoch: 374 Average loss: 92.0721
INFO:root:Train Epoch: 375 [0/60000 (0%)]	Loss: 96.846870
INFO:root:====> Epoch: 375 Average loss: 92.0590
INFO:root:Train Epoch: 376 [0/60000 (0%)]	Loss: 89.514862
INFO:root:====> Epoch: 376 Average loss: 92.0613
INFO:root:Train Epoch: 377 [0/60000 (0%)]	Loss: 94.720688
INFO:root:====> Epoch: 377 Average loss: 92.0891
INFO:root:Train Epoch: 378 [0/60000 (0%)]	Loss: 92.232506
INFO:root:====> Epoch: 378 Average loss: 92.0463
INFO:root:Train Epoch: 379 [0/60000 (0%)]	Loss: 94.124695
INFO:root:====> Epoch: 379 Average loss: 92.0772
INFO:root:Train Epoch: 380 [0/60000 (0%)]	Loss: 94.957321
INFO:root:====> Epoch: 380 Average loss: 92.0801
INFO:root:Train Epoch: 381 [0/60000 (0%)]	Loss: 91.047791
INFO:root:====> Epoch: 381 Average loss: 92.0614
INFO:root:====> Test set loss: 86.7407
INFO:root:Train Epoch: 382 [0/60000 (0%)]	Loss: 93.033691
INFO:root:====> Epoch: 382 Average loss: 92.0788
INFO:root:Train Epoch: 383 [0/60000 (0%)]	Loss: 90.492378
INFO:root:====> Epoch: 383 Average loss: 92.0494
INFO:root:Train Epoch: 384 [0/60000 (0%)]	Loss: 94.195084
INFO:root:====> Epoch: 384 Average loss: 92.0701
INFO:root:Train Epoch: 385 [0/60000 (0%)]	Loss: 91.659142
INFO:root:====> Epoch: 385 Average loss: 92.0859
INFO:root:Train Epoch: 386 [0/60000 (0%)]	Loss: 87.420776
INFO:root:====> Epoch: 386 Average loss: 92.0675
INFO:root:Train Epoch: 387 [0/60000 (0%)]	Loss: 93.309662
INFO:root:====> Epoch: 387 Average loss: 92.0457
INFO:root:Train Epoch: 388 [0/60000 (0%)]	Loss: 91.687637
INFO:root:====> Epoch: 388 Average loss: 92.0545
INFO:root:Train Epoch: 389 [0/60000 (0%)]	Loss: 94.307198
INFO:root:====> Epoch: 389 Average loss: 92.0437
INFO:root:Train Epoch: 390 [0/60000 (0%)]	Loss: 91.700050
INFO:root:====> Epoch: 390 Average loss: 92.0444
INFO:root:Train Epoch: 391 [0/60000 (0%)]	Loss: 90.414627
INFO:root:====> Epoch: 391 Average loss: 92.0496
INFO:root:Train Epoch: 392 [0/60000 (0%)]	Loss: 89.876450
INFO:root:====> Epoch: 392 Average loss: 92.0337
INFO:root:Train Epoch: 393 [0/60000 (0%)]	Loss: 87.875214
INFO:root:====> Epoch: 393 Average loss: 92.0231
INFO:root:Train Epoch: 394 [0/60000 (0%)]	Loss: 93.666718
INFO:root:====> Epoch: 394 Average loss: 92.0030
INFO:root:Train Epoch: 395 [0/60000 (0%)]	Loss: 90.493431
INFO:root:====> Epoch: 395 Average loss: 92.0501
INFO:root:Train Epoch: 396 [0/60000 (0%)]	Loss: 92.029160
INFO:root:====> Epoch: 396 Average loss: 92.0272
INFO:root:Train Epoch: 397 [0/60000 (0%)]	Loss: 94.525749
INFO:root:====> Epoch: 397 Average loss: 91.9998
INFO:root:Train Epoch: 398 [0/60000 (0%)]	Loss: 91.194595
INFO:root:====> Epoch: 398 Average loss: 92.0197
INFO:root:Train Epoch: 399 [0/60000 (0%)]	Loss: 90.852768
INFO:root:====> Epoch: 399 Average loss: 92.0125
INFO:root:Train Epoch: 400 [0/60000 (0%)]	Loss: 93.468719
INFO:root:====> Epoch: 400 Average loss: 92.0002
INFO:root:Train Epoch: 401 [0/60000 (0%)]	Loss: 92.645218
INFO:root:====> Epoch: 401 Average loss: 92.0424
INFO:root:====> Test set loss: 86.9334
INFO:root:Train Epoch: 402 [0/60000 (0%)]	Loss: 92.581245
INFO:root:====> Epoch: 402 Average loss: 92.0122
INFO:root:Train Epoch: 403 [0/60000 (0%)]	Loss: 91.236595
INFO:root:====> Epoch: 403 Average loss: 92.0094
INFO:root:Train Epoch: 404 [0/60000 (0%)]	Loss: 90.692764
INFO:root:====> Epoch: 404 Average loss: 92.0127
INFO:root:Train Epoch: 405 [0/60000 (0%)]	Loss: 87.693237
INFO:root:====> Epoch: 405 Average loss: 92.0083
INFO:root:Train Epoch: 406 [0/60000 (0%)]	Loss: 89.760330
INFO:root:====> Epoch: 406 Average loss: 91.9830
INFO:root:Train Epoch: 407 [0/60000 (0%)]	Loss: 87.153496
INFO:root:====> Epoch: 407 Average loss: 92.0141
INFO:root:Train Epoch: 408 [0/60000 (0%)]	Loss: 91.187759
INFO:root:====> Epoch: 408 Average loss: 92.0078
INFO:root:Train Epoch: 409 [0/60000 (0%)]	Loss: 93.234253
INFO:root:====> Epoch: 409 Average loss: 91.9824
INFO:root:Train Epoch: 410 [0/60000 (0%)]	Loss: 91.142410
INFO:root:====> Epoch: 410 Average loss: 91.9484
INFO:root:Train Epoch: 411 [0/60000 (0%)]	Loss: 92.337814
INFO:root:====> Epoch: 411 Average loss: 91.9883
INFO:root:Train Epoch: 412 [0/60000 (0%)]	Loss: 91.092041
INFO:root:====> Epoch: 412 Average loss: 92.0114
INFO:root:Train Epoch: 413 [0/60000 (0%)]	Loss: 92.685272
INFO:root:====> Epoch: 413 Average loss: 91.9710
INFO:root:Train Epoch: 414 [0/60000 (0%)]	Loss: 94.867340
INFO:root:====> Epoch: 414 Average loss: 91.9863
INFO:root:Train Epoch: 415 [0/60000 (0%)]	Loss: 90.794472
INFO:root:====> Epoch: 415 Average loss: 91.9972
INFO:root:Train Epoch: 416 [0/60000 (0%)]	Loss: 94.240448
INFO:root:====> Epoch: 416 Average loss: 91.9951
INFO:root:Train Epoch: 417 [0/60000 (0%)]	Loss: 96.231697
INFO:root:====> Epoch: 417 Average loss: 91.9871
INFO:root:Train Epoch: 418 [0/60000 (0%)]	Loss: 91.500999
INFO:root:====> Epoch: 418 Average loss: 91.9873
INFO:root:Train Epoch: 419 [0/60000 (0%)]	Loss: 92.278992
INFO:root:====> Epoch: 419 Average loss: 91.9649
INFO:root:Train Epoch: 420 [0/60000 (0%)]	Loss: 90.843544
INFO:root:====> Epoch: 420 Average loss: 91.9989
INFO:root:Train Epoch: 421 [0/60000 (0%)]	Loss: 91.565369
INFO:root:====> Epoch: 421 Average loss: 91.9813
INFO:root:====> Test set loss: 86.6832
INFO:root:Train Epoch: 422 [0/60000 (0%)]	Loss: 96.275780
INFO:root:====> Epoch: 422 Average loss: 91.9472
INFO:root:Train Epoch: 423 [0/60000 (0%)]	Loss: 92.109131
INFO:root:====> Epoch: 423 Average loss: 91.9747
INFO:root:Train Epoch: 424 [0/60000 (0%)]	Loss: 91.030960
INFO:root:====> Epoch: 424 Average loss: 91.9695
INFO:root:Train Epoch: 425 [0/60000 (0%)]	Loss: 90.890839
INFO:root:====> Epoch: 425 Average loss: 91.9822
INFO:root:Train Epoch: 426 [0/60000 (0%)]	Loss: 91.841660
INFO:root:====> Epoch: 426 Average loss: 91.9838
INFO:root:Train Epoch: 427 [0/60000 (0%)]	Loss: 94.859100
INFO:root:====> Epoch: 427 Average loss: 91.9410
INFO:root:Train Epoch: 428 [0/60000 (0%)]	Loss: 94.056465
INFO:root:====> Epoch: 428 Average loss: 91.9662
INFO:root:Train Epoch: 429 [0/60000 (0%)]	Loss: 88.209099
INFO:root:====> Epoch: 429 Average loss: 91.9887
INFO:root:Train Epoch: 430 [0/60000 (0%)]	Loss: 92.932983
INFO:root:====> Epoch: 430 Average loss: 91.9517
INFO:root:Train Epoch: 431 [0/60000 (0%)]	Loss: 93.407280
INFO:root:====> Epoch: 431 Average loss: 91.9737
INFO:root:Train Epoch: 432 [0/60000 (0%)]	Loss: 89.271469
INFO:root:====> Epoch: 432 Average loss: 91.9615
INFO:root:Train Epoch: 433 [0/60000 (0%)]	Loss: 90.909012
INFO:root:====> Epoch: 433 Average loss: 91.9472
INFO:root:Train Epoch: 434 [0/60000 (0%)]	Loss: 90.532364
INFO:root:====> Epoch: 434 Average loss: 91.9699
INFO:root:Train Epoch: 435 [0/60000 (0%)]	Loss: 91.836487
INFO:root:====> Epoch: 435 Average loss: 91.9648
INFO:root:Train Epoch: 436 [0/60000 (0%)]	Loss: 90.079369
INFO:root:====> Epoch: 436 Average loss: 91.9456
INFO:root:Train Epoch: 437 [0/60000 (0%)]	Loss: 89.432365
INFO:root:====> Epoch: 437 Average loss: 91.9220
INFO:root:Train Epoch: 438 [0/60000 (0%)]	Loss: 93.385101
INFO:root:====> Epoch: 438 Average loss: 91.9789
INFO:root:Train Epoch: 439 [0/60000 (0%)]	Loss: 92.873642
INFO:root:====> Epoch: 439 Average loss: 91.9647
INFO:root:Train Epoch: 440 [0/60000 (0%)]	Loss: 91.811813
INFO:root:====> Epoch: 440 Average loss: 91.9447
INFO:root:Train Epoch: 441 [0/60000 (0%)]	Loss: 96.063408
INFO:root:====> Epoch: 441 Average loss: 91.9442
INFO:root:====> Test set loss: 86.7186
INFO:root:Train Epoch: 442 [0/60000 (0%)]	Loss: 94.159126
INFO:root:====> Epoch: 442 Average loss: 91.9276
INFO:root:Train Epoch: 443 [0/60000 (0%)]	Loss: 92.239738
INFO:root:====> Epoch: 443 Average loss: 91.9290
INFO:root:Train Epoch: 444 [0/60000 (0%)]	Loss: 94.205444
INFO:root:====> Epoch: 444 Average loss: 91.9460
INFO:root:Train Epoch: 445 [0/60000 (0%)]	Loss: 92.152557
INFO:root:====> Epoch: 445 Average loss: 91.8978
INFO:root:Train Epoch: 446 [0/60000 (0%)]	Loss: 90.241188
INFO:root:====> Epoch: 446 Average loss: 91.9201
INFO:root:Train Epoch: 447 [0/60000 (0%)]	Loss: 88.676163
INFO:root:====> Epoch: 447 Average loss: 91.9187
INFO:root:Train Epoch: 448 [0/60000 (0%)]	Loss: 91.819839
INFO:root:====> Epoch: 448 Average loss: 91.8704
INFO:root:Train Epoch: 449 [0/60000 (0%)]	Loss: 90.543777
INFO:root:====> Epoch: 449 Average loss: 91.9263
INFO:root:Train Epoch: 450 [0/60000 (0%)]	Loss: 96.655930
INFO:root:====> Epoch: 450 Average loss: 91.9131
INFO:root:Train Epoch: 451 [0/60000 (0%)]	Loss: 89.804230
INFO:root:====> Epoch: 451 Average loss: 91.9296
INFO:root:Train Epoch: 452 [0/60000 (0%)]	Loss: 91.877487
INFO:root:====> Epoch: 452 Average loss: 91.9171
INFO:root:Train Epoch: 453 [0/60000 (0%)]	Loss: 91.114609
INFO:root:====> Epoch: 453 Average loss: 91.9103
INFO:root:Train Epoch: 454 [0/60000 (0%)]	Loss: 89.012863
INFO:root:====> Epoch: 454 Average loss: 91.9231
INFO:root:Train Epoch: 455 [0/60000 (0%)]	Loss: 91.108864
INFO:root:====> Epoch: 455 Average loss: 91.9185
INFO:root:Train Epoch: 456 [0/60000 (0%)]	Loss: 93.470985
INFO:root:====> Epoch: 456 Average loss: 91.8874
INFO:root:Train Epoch: 457 [0/60000 (0%)]	Loss: 92.298950
INFO:root:====> Epoch: 457 Average loss: 91.9034
INFO:root:Train Epoch: 458 [0/60000 (0%)]	Loss: 94.871910
INFO:root:====> Epoch: 458 Average loss: 91.9189
INFO:root:Train Epoch: 459 [0/60000 (0%)]	Loss: 93.738136
INFO:root:====> Epoch: 459 Average loss: 91.9119
INFO:root:Train Epoch: 460 [0/60000 (0%)]	Loss: 96.260086
INFO:root:====> Epoch: 460 Average loss: 91.8953
INFO:root:Train Epoch: 461 [0/60000 (0%)]	Loss: 90.259544
INFO:root:====> Epoch: 461 Average loss: 91.9037
INFO:root:====> Test set loss: 86.6196
INFO:root:Train Epoch: 462 [0/60000 (0%)]	Loss: 91.200668
INFO:root:====> Epoch: 462 Average loss: 91.9101
INFO:root:Train Epoch: 463 [0/60000 (0%)]	Loss: 94.855682
INFO:root:====> Epoch: 463 Average loss: 91.8770
INFO:root:Train Epoch: 464 [0/60000 (0%)]	Loss: 92.226570
INFO:root:====> Epoch: 464 Average loss: 91.8905
INFO:root:Train Epoch: 465 [0/60000 (0%)]	Loss: 96.512985
INFO:root:====> Epoch: 465 Average loss: 91.8952
INFO:root:Train Epoch: 466 [0/60000 (0%)]	Loss: 90.690414
INFO:root:====> Epoch: 466 Average loss: 91.8661
INFO:root:Train Epoch: 467 [0/60000 (0%)]	Loss: 93.280197
INFO:root:====> Epoch: 467 Average loss: 91.8851
INFO:root:Train Epoch: 468 [0/60000 (0%)]	Loss: 92.871414
INFO:root:====> Epoch: 468 Average loss: 91.8952
INFO:root:Train Epoch: 469 [0/60000 (0%)]	Loss: 93.138542
INFO:root:====> Epoch: 469 Average loss: 91.9216
INFO:root:Train Epoch: 470 [0/60000 (0%)]	Loss: 92.996445
INFO:root:====> Epoch: 470 Average loss: 91.9055
INFO:root:Train Epoch: 471 [0/60000 (0%)]	Loss: 96.535568
INFO:root:====> Epoch: 471 Average loss: 91.9033
INFO:root:Train Epoch: 472 [0/60000 (0%)]	Loss: 90.489655
INFO:root:====> Epoch: 472 Average loss: 91.8801
INFO:root:Train Epoch: 473 [0/60000 (0%)]	Loss: 93.176964
INFO:root:====> Epoch: 473 Average loss: 91.9063
INFO:root:Train Epoch: 474 [0/60000 (0%)]	Loss: 87.122818
INFO:root:====> Epoch: 474 Average loss: 91.8598
INFO:root:Train Epoch: 475 [0/60000 (0%)]	Loss: 91.244965
INFO:root:====> Epoch: 475 Average loss: 91.8823
INFO:root:Train Epoch: 476 [0/60000 (0%)]	Loss: 92.434662
INFO:root:====> Epoch: 476 Average loss: 91.8487
INFO:root:Train Epoch: 477 [0/60000 (0%)]	Loss: 93.778168
INFO:root:====> Epoch: 477 Average loss: 91.9041
INFO:root:Train Epoch: 478 [0/60000 (0%)]	Loss: 94.780403
INFO:root:====> Epoch: 478 Average loss: 91.8849
INFO:root:Train Epoch: 479 [0/60000 (0%)]	Loss: 92.573357
INFO:root:====> Epoch: 479 Average loss: 91.8699
INFO:root:Train Epoch: 480 [0/60000 (0%)]	Loss: 91.566528
INFO:root:====> Epoch: 480 Average loss: 91.8828
INFO:root:Train Epoch: 481 [0/60000 (0%)]	Loss: 90.653343
INFO:root:====> Epoch: 481 Average loss: 91.8767
INFO:root:====> Test set loss: 86.7429
INFO:root:Train Epoch: 482 [0/60000 (0%)]	Loss: 94.036072
INFO:root:====> Epoch: 482 Average loss: 91.8513
INFO:root:Train Epoch: 483 [0/60000 (0%)]	Loss: 91.971863
INFO:root:====> Epoch: 483 Average loss: 91.8480
INFO:root:Train Epoch: 484 [0/60000 (0%)]	Loss: 89.804626
INFO:root:====> Epoch: 484 Average loss: 91.8569
INFO:root:Train Epoch: 485 [0/60000 (0%)]	Loss: 93.005432
INFO:root:====> Epoch: 485 Average loss: 91.8223
INFO:root:Train Epoch: 486 [0/60000 (0%)]	Loss: 89.887726
INFO:root:====> Epoch: 486 Average loss: 91.8746
INFO:root:Train Epoch: 487 [0/60000 (0%)]	Loss: 93.756172
INFO:root:====> Epoch: 487 Average loss: 91.8299
INFO:root:Train Epoch: 488 [0/60000 (0%)]	Loss: 93.827850
INFO:root:====> Epoch: 488 Average loss: 91.8568
INFO:root:Train Epoch: 489 [0/60000 (0%)]	Loss: 87.980209
INFO:root:====> Epoch: 489 Average loss: 91.8581
INFO:root:Train Epoch: 490 [0/60000 (0%)]	Loss: 93.534004
INFO:root:====> Epoch: 490 Average loss: 91.8745
INFO:root:Train Epoch: 491 [0/60000 (0%)]	Loss: 91.396683
INFO:root:====> Epoch: 491 Average loss: 91.8777
INFO:root:Train Epoch: 492 [0/60000 (0%)]	Loss: 90.046402
INFO:root:====> Epoch: 492 Average loss: 91.8300
INFO:root:Train Epoch: 493 [0/60000 (0%)]	Loss: 91.699371
INFO:root:====> Epoch: 493 Average loss: 91.8443
INFO:root:Train Epoch: 494 [0/60000 (0%)]	Loss: 93.380989
INFO:root:====> Epoch: 494 Average loss: 91.8439
INFO:root:Train Epoch: 495 [0/60000 (0%)]	Loss: 93.625916
INFO:root:====> Epoch: 495 Average loss: 91.8447
INFO:root:Train Epoch: 496 [0/60000 (0%)]	Loss: 91.189682
INFO:root:====> Epoch: 496 Average loss: 91.8819
INFO:root:Train Epoch: 497 [0/60000 (0%)]	Loss: 92.119003
INFO:root:====> Epoch: 497 Average loss: 91.8585
INFO:root:Train Epoch: 498 [0/60000 (0%)]	Loss: 90.160767
INFO:root:====> Epoch: 498 Average loss: 91.8210
INFO:root:Train Epoch: 499 [0/60000 (0%)]	Loss: 90.700470
INFO:root:====> Epoch: 499 Average loss: 91.8573
INFO:root:Train Epoch: 500 [0/60000 (0%)]	Loss: 87.480103
INFO:root:====> Epoch: 500 Average loss: 91.8377
INFO:root:Train Epoch: 501 [0/60000 (0%)]	Loss: 91.454498
INFO:root:====> Epoch: 501 Average loss: 91.8409
INFO:root:====> Test set loss: 86.6507
INFO:root:2020-04-22 11:12:30.245171
INFO:root:training finished
