INFO:root:Training on GPU
INFO:root:2020-04-12 11:24:10.180958
INFO:root:Train Epoch: 1 [0/60000 (0%)]	Loss: 551.684143
INFO:root:====> Epoch: 1 Average loss: 207.4670
INFO:root:====> Test set loss: 185.0450
INFO:root:Train Epoch: 2 [0/60000 (0%)]	Loss: 190.511780
INFO:root:====> Epoch: 2 Average loss: 183.4688
INFO:root:Train Epoch: 3 [0/60000 (0%)]	Loss: 176.168671
INFO:root:====> Epoch: 3 Average loss: 176.9628
INFO:root:Train Epoch: 4 [0/60000 (0%)]	Loss: 182.365845
INFO:root:====> Epoch: 4 Average loss: 172.9940
INFO:root:Train Epoch: 5 [0/60000 (0%)]	Loss: 174.393646
INFO:root:====> Epoch: 5 Average loss: 170.2205
INFO:root:Train Epoch: 6 [0/60000 (0%)]	Loss: 168.377686
INFO:root:====> Epoch: 6 Average loss: 166.1865
INFO:root:Train Epoch: 7 [0/60000 (0%)]	Loss: 164.385559
INFO:root:====> Epoch: 7 Average loss: 159.1037
INFO:root:Train Epoch: 8 [0/60000 (0%)]	Loss: 156.279236
INFO:root:====> Epoch: 8 Average loss: 155.6971
INFO:root:Train Epoch: 9 [0/60000 (0%)]	Loss: 155.805283
INFO:root:====> Epoch: 9 Average loss: 153.6900
INFO:root:Train Epoch: 10 [0/60000 (0%)]	Loss: 150.730988
INFO:root:====> Epoch: 10 Average loss: 150.0267
INFO:root:Train Epoch: 11 [0/60000 (0%)]	Loss: 148.031464
INFO:root:====> Epoch: 11 Average loss: 145.8040
INFO:root:Train Epoch: 12 [0/60000 (0%)]	Loss: 146.262878
INFO:root:====> Epoch: 12 Average loss: 143.1817
INFO:root:Train Epoch: 13 [0/60000 (0%)]	Loss: 139.810516
INFO:root:====> Epoch: 13 Average loss: 140.8374
INFO:root:Train Epoch: 14 [0/60000 (0%)]	Loss: 141.299805
INFO:root:====> Epoch: 14 Average loss: 137.5613
INFO:root:Train Epoch: 15 [0/60000 (0%)]	Loss: 142.973923
INFO:root:====> Epoch: 15 Average loss: 134.5231
INFO:root:Train Epoch: 16 [0/60000 (0%)]	Loss: 130.769470
INFO:root:====> Epoch: 16 Average loss: 132.0617
INFO:root:Train Epoch: 17 [0/60000 (0%)]	Loss: 133.984360
INFO:root:====> Epoch: 17 Average loss: 130.1681
INFO:root:Train Epoch: 18 [0/60000 (0%)]	Loss: 132.849747
INFO:root:====> Epoch: 18 Average loss: 128.7955
INFO:root:Train Epoch: 19 [0/60000 (0%)]	Loss: 127.875778
INFO:root:====> Epoch: 19 Average loss: 127.0517
INFO:root:Train Epoch: 20 [0/60000 (0%)]	Loss: 123.859543
INFO:root:====> Epoch: 20 Average loss: 125.5723
INFO:root:Train Epoch: 21 [0/60000 (0%)]	Loss: 119.227158
INFO:root:====> Epoch: 21 Average loss: 124.3565
INFO:root:====> Test set loss: 115.9793
INFO:root:Train Epoch: 22 [0/60000 (0%)]	Loss: 123.999901
INFO:root:====> Epoch: 22 Average loss: 123.2628
INFO:root:Train Epoch: 23 [0/60000 (0%)]	Loss: 131.901672
INFO:root:====> Epoch: 23 Average loss: 122.1302
INFO:root:Train Epoch: 24 [0/60000 (0%)]	Loss: 117.528053
INFO:root:====> Epoch: 24 Average loss: 121.1391
INFO:root:Train Epoch: 25 [0/60000 (0%)]	Loss: 116.598686
INFO:root:====> Epoch: 25 Average loss: 120.0950
INFO:root:Train Epoch: 26 [0/60000 (0%)]	Loss: 115.134247
INFO:root:====> Epoch: 26 Average loss: 119.1284
INFO:root:Train Epoch: 27 [0/60000 (0%)]	Loss: 120.189178
INFO:root:====> Epoch: 27 Average loss: 118.4449
INFO:root:Train Epoch: 28 [0/60000 (0%)]	Loss: 122.375732
INFO:root:====> Epoch: 28 Average loss: 117.7980
INFO:root:Train Epoch: 29 [0/60000 (0%)]	Loss: 113.383797
INFO:root:====> Epoch: 29 Average loss: 117.1810
INFO:root:Train Epoch: 30 [0/60000 (0%)]	Loss: 114.825546
INFO:root:====> Epoch: 30 Average loss: 116.7327
INFO:root:Train Epoch: 31 [0/60000 (0%)]	Loss: 118.949738
INFO:root:====> Epoch: 31 Average loss: 116.1362
INFO:root:Train Epoch: 32 [0/60000 (0%)]	Loss: 115.029457
INFO:root:====> Epoch: 32 Average loss: 115.6948
INFO:root:Train Epoch: 33 [0/60000 (0%)]	Loss: 116.729507
INFO:root:====> Epoch: 33 Average loss: 115.0185
INFO:root:Train Epoch: 34 [0/60000 (0%)]	Loss: 113.236938
INFO:root:====> Epoch: 34 Average loss: 114.4414
INFO:root:Train Epoch: 35 [0/60000 (0%)]	Loss: 109.547913
INFO:root:====> Epoch: 35 Average loss: 113.9395
INFO:root:Train Epoch: 36 [0/60000 (0%)]	Loss: 108.498337
INFO:root:====> Epoch: 36 Average loss: 113.5704
INFO:root:Train Epoch: 37 [0/60000 (0%)]	Loss: 113.789696
INFO:root:====> Epoch: 37 Average loss: 113.0823
INFO:root:Train Epoch: 38 [0/60000 (0%)]	Loss: 106.490402
INFO:root:====> Epoch: 38 Average loss: 112.7762
INFO:root:Train Epoch: 39 [0/60000 (0%)]	Loss: 114.393707
INFO:root:====> Epoch: 39 Average loss: 112.3375
INFO:root:Train Epoch: 40 [0/60000 (0%)]	Loss: 112.916008
INFO:root:====> Epoch: 40 Average loss: 112.0896
INFO:root:Train Epoch: 41 [0/60000 (0%)]	Loss: 108.120758
INFO:root:====> Epoch: 41 Average loss: 111.7561
INFO:root:====> Test set loss: 103.7504
INFO:root:Train Epoch: 42 [0/60000 (0%)]	Loss: 111.978394
INFO:root:====> Epoch: 42 Average loss: 111.4749
INFO:root:Train Epoch: 43 [0/60000 (0%)]	Loss: 112.267502
INFO:root:====> Epoch: 43 Average loss: 111.2105
INFO:root:Train Epoch: 44 [0/60000 (0%)]	Loss: 108.951073
INFO:root:====> Epoch: 44 Average loss: 110.9794
INFO:root:Train Epoch: 45 [0/60000 (0%)]	Loss: 114.464828
INFO:root:====> Epoch: 45 Average loss: 110.7798
INFO:root:Train Epoch: 46 [0/60000 (0%)]	Loss: 116.020676
INFO:root:====> Epoch: 46 Average loss: 110.5432
INFO:root:Train Epoch: 47 [0/60000 (0%)]	Loss: 107.057961
INFO:root:====> Epoch: 47 Average loss: 110.3139
INFO:root:Train Epoch: 48 [0/60000 (0%)]	Loss: 111.354965
INFO:root:====> Epoch: 48 Average loss: 110.2440
INFO:root:Train Epoch: 49 [0/60000 (0%)]	Loss: 111.138725
INFO:root:====> Epoch: 49 Average loss: 109.9846
INFO:root:Train Epoch: 50 [0/60000 (0%)]	Loss: 108.099670
INFO:root:====> Epoch: 50 Average loss: 109.9166
INFO:root:Train Epoch: 51 [0/60000 (0%)]	Loss: 103.689835
INFO:root:====> Epoch: 51 Average loss: 109.8000
INFO:root:Train Epoch: 52 [0/60000 (0%)]	Loss: 109.923958
INFO:root:====> Epoch: 52 Average loss: 109.5410
INFO:root:Train Epoch: 53 [0/60000 (0%)]	Loss: 109.243500
INFO:root:====> Epoch: 53 Average loss: 109.3069
INFO:root:Train Epoch: 54 [0/60000 (0%)]	Loss: 106.923111
INFO:root:====> Epoch: 54 Average loss: 109.1123
INFO:root:Train Epoch: 55 [0/60000 (0%)]	Loss: 109.591988
INFO:root:====> Epoch: 55 Average loss: 109.0501
INFO:root:Train Epoch: 56 [0/60000 (0%)]	Loss: 108.653275
INFO:root:====> Epoch: 56 Average loss: 108.8576
INFO:root:Train Epoch: 57 [0/60000 (0%)]	Loss: 112.368431
INFO:root:====> Epoch: 57 Average loss: 108.7280
INFO:root:Train Epoch: 58 [0/60000 (0%)]	Loss: 104.370605
INFO:root:====> Epoch: 58 Average loss: 108.5940
INFO:root:Train Epoch: 59 [0/60000 (0%)]	Loss: 111.428406
INFO:root:====> Epoch: 59 Average loss: 108.4552
INFO:root:Train Epoch: 60 [0/60000 (0%)]	Loss: 113.831970
INFO:root:====> Epoch: 60 Average loss: 108.3302
INFO:root:Train Epoch: 61 [0/60000 (0%)]	Loss: 104.374184
INFO:root:====> Epoch: 61 Average loss: 108.1024
INFO:root:====> Test set loss: 100.0354
INFO:root:Train Epoch: 62 [0/60000 (0%)]	Loss: 108.651115
INFO:root:====> Epoch: 62 Average loss: 107.8632
INFO:root:Train Epoch: 63 [0/60000 (0%)]	Loss: 107.849350
INFO:root:====> Epoch: 63 Average loss: 107.6953
INFO:root:Train Epoch: 64 [0/60000 (0%)]	Loss: 108.041649
INFO:root:====> Epoch: 64 Average loss: 107.6131
INFO:root:Train Epoch: 65 [0/60000 (0%)]	Loss: 108.989655
INFO:root:====> Epoch: 65 Average loss: 107.4562
INFO:root:Train Epoch: 66 [0/60000 (0%)]	Loss: 109.147301
INFO:root:====> Epoch: 66 Average loss: 107.3573
INFO:root:Train Epoch: 67 [0/60000 (0%)]	Loss: 112.996513
INFO:root:====> Epoch: 67 Average loss: 107.3258
INFO:root:Train Epoch: 68 [0/60000 (0%)]	Loss: 109.645325
INFO:root:====> Epoch: 68 Average loss: 107.1764
INFO:root:Train Epoch: 69 [0/60000 (0%)]	Loss: 100.070816
INFO:root:====> Epoch: 69 Average loss: 107.0993
INFO:root:Train Epoch: 70 [0/60000 (0%)]	Loss: 106.333084
INFO:root:====> Epoch: 70 Average loss: 106.9327
INFO:root:Train Epoch: 71 [0/60000 (0%)]	Loss: 107.913185
INFO:root:====> Epoch: 71 Average loss: 106.8855
INFO:root:Train Epoch: 72 [0/60000 (0%)]	Loss: 108.707954
INFO:root:====> Epoch: 72 Average loss: 106.7399
INFO:root:Train Epoch: 73 [0/60000 (0%)]	Loss: 106.775436
INFO:root:====> Epoch: 73 Average loss: 106.6519
INFO:root:Train Epoch: 74 [0/60000 (0%)]	Loss: 106.063080
INFO:root:====> Epoch: 74 Average loss: 106.6346
INFO:root:Train Epoch: 75 [0/60000 (0%)]	Loss: 104.546516
INFO:root:====> Epoch: 75 Average loss: 106.4880
INFO:root:Train Epoch: 76 [0/60000 (0%)]	Loss: 106.605133
INFO:root:====> Epoch: 76 Average loss: 106.5139
INFO:root:Train Epoch: 77 [0/60000 (0%)]	Loss: 109.246475
INFO:root:====> Epoch: 77 Average loss: 106.3069
INFO:root:Train Epoch: 78 [0/60000 (0%)]	Loss: 108.444351
INFO:root:====> Epoch: 78 Average loss: 106.2414
INFO:root:Train Epoch: 79 [0/60000 (0%)]	Loss: 110.454346
INFO:root:====> Epoch: 79 Average loss: 106.2019
INFO:root:Train Epoch: 80 [0/60000 (0%)]	Loss: 102.877487
INFO:root:====> Epoch: 80 Average loss: 106.3816
INFO:root:Train Epoch: 81 [0/60000 (0%)]	Loss: 105.405197
INFO:root:====> Epoch: 81 Average loss: 106.0868
INFO:root:====> Test set loss: 98.4275
INFO:root:Train Epoch: 82 [0/60000 (0%)]	Loss: 105.328064
INFO:root:====> Epoch: 82 Average loss: 106.0257
INFO:root:Train Epoch: 83 [0/60000 (0%)]	Loss: 109.592468
INFO:root:====> Epoch: 83 Average loss: 105.9547
INFO:root:Train Epoch: 84 [0/60000 (0%)]	Loss: 106.454193
INFO:root:====> Epoch: 84 Average loss: 105.9106
INFO:root:Train Epoch: 85 [0/60000 (0%)]	Loss: 104.265121
INFO:root:====> Epoch: 85 Average loss: 105.8448
INFO:root:Train Epoch: 86 [0/60000 (0%)]	Loss: 100.313690
INFO:root:====> Epoch: 86 Average loss: 105.6939
INFO:root:Train Epoch: 87 [0/60000 (0%)]	Loss: 107.451675
INFO:root:====> Epoch: 87 Average loss: 105.6531
INFO:root:Train Epoch: 88 [0/60000 (0%)]	Loss: 103.353745
INFO:root:====> Epoch: 88 Average loss: 105.6206
INFO:root:Train Epoch: 89 [0/60000 (0%)]	Loss: 105.373398
INFO:root:====> Epoch: 89 Average loss: 105.6334
INFO:root:Train Epoch: 90 [0/60000 (0%)]	Loss: 105.970627
INFO:root:====> Epoch: 90 Average loss: 105.5077
INFO:root:Train Epoch: 91 [0/60000 (0%)]	Loss: 104.510841
INFO:root:====> Epoch: 91 Average loss: 105.4243
INFO:root:Train Epoch: 92 [0/60000 (0%)]	Loss: 104.519493
INFO:root:====> Epoch: 92 Average loss: 105.3893
INFO:root:Train Epoch: 93 [0/60000 (0%)]	Loss: 104.520012
INFO:root:====> Epoch: 93 Average loss: 105.3115
INFO:root:Train Epoch: 94 [0/60000 (0%)]	Loss: 102.562454
INFO:root:====> Epoch: 94 Average loss: 105.2680
INFO:root:Train Epoch: 95 [0/60000 (0%)]	Loss: 104.376823
INFO:root:====> Epoch: 95 Average loss: 105.2279
INFO:root:Train Epoch: 96 [0/60000 (0%)]	Loss: 105.963425
INFO:root:====> Epoch: 96 Average loss: 105.1575
INFO:root:Train Epoch: 97 [0/60000 (0%)]	Loss: 106.558952
INFO:root:====> Epoch: 97 Average loss: 105.0498
INFO:root:Train Epoch: 98 [0/60000 (0%)]	Loss: 108.964279
INFO:root:====> Epoch: 98 Average loss: 105.0384
INFO:root:Train Epoch: 99 [0/60000 (0%)]	Loss: 107.619141
INFO:root:====> Epoch: 99 Average loss: 105.0304
INFO:root:Train Epoch: 100 [0/60000 (0%)]	Loss: 109.038422
INFO:root:====> Epoch: 100 Average loss: 104.9102
INFO:root:Train Epoch: 101 [0/60000 (0%)]	Loss: 101.859589
INFO:root:====> Epoch: 101 Average loss: 104.8594
INFO:root:====> Test set loss: 97.4689
INFO:root:2020-04-12 11:48:12.150696
INFO:root:training finished
