INFO:root:Training on GPU
INFO:root:2020-04-11 17:28:22.495248
INFO:root:Train Epoch: 1 [0/60000 (0%)]	Loss: 541.998962
INFO:root:====> Epoch: 1 Average loss: 184.1708
INFO:root:====> Test set loss: 143.4898
INFO:root:Train Epoch: 2 [0/60000 (0%)]	Loss: 141.314667
INFO:root:====> Epoch: 2 Average loss: 140.0421
INFO:root:Train Epoch: 3 [0/60000 (0%)]	Loss: 127.720230
INFO:root:====> Epoch: 3 Average loss: 127.5894
INFO:root:Train Epoch: 4 [0/60000 (0%)]	Loss: 126.107216
INFO:root:====> Epoch: 4 Average loss: 120.3094
INFO:root:Train Epoch: 5 [0/60000 (0%)]	Loss: 118.759262
INFO:root:====> Epoch: 5 Average loss: 114.6623
INFO:root:Train Epoch: 6 [0/60000 (0%)]	Loss: 114.855766
INFO:root:====> Epoch: 6 Average loss: 110.8074
INFO:root:Train Epoch: 7 [0/60000 (0%)]	Loss: 116.286797
INFO:root:====> Epoch: 7 Average loss: 108.0801
INFO:root:Train Epoch: 8 [0/60000 (0%)]	Loss: 106.262070
INFO:root:====> Epoch: 8 Average loss: 106.1540
INFO:root:Train Epoch: 9 [0/60000 (0%)]	Loss: 101.513954
INFO:root:====> Epoch: 9 Average loss: 104.5535
INFO:root:Train Epoch: 10 [0/60000 (0%)]	Loss: 99.706451
INFO:root:====> Epoch: 10 Average loss: 103.3033
INFO:root:Train Epoch: 11 [0/60000 (0%)]	Loss: 100.378456
INFO:root:====> Epoch: 11 Average loss: 102.1697
INFO:root:Train Epoch: 12 [0/60000 (0%)]	Loss: 101.736320
INFO:root:====> Epoch: 12 Average loss: 101.3702
INFO:root:Train Epoch: 13 [0/60000 (0%)]	Loss: 97.274506
INFO:root:====> Epoch: 13 Average loss: 100.6570
INFO:root:Train Epoch: 14 [0/60000 (0%)]	Loss: 99.628540
INFO:root:====> Epoch: 14 Average loss: 99.9639
INFO:root:Train Epoch: 15 [0/60000 (0%)]	Loss: 101.818939
INFO:root:====> Epoch: 15 Average loss: 99.4147
INFO:root:Train Epoch: 16 [0/60000 (0%)]	Loss: 95.729042
INFO:root:====> Epoch: 16 Average loss: 98.8859
INFO:root:Train Epoch: 17 [0/60000 (0%)]	Loss: 95.677673
INFO:root:====> Epoch: 17 Average loss: 98.5021
INFO:root:Train Epoch: 18 [0/60000 (0%)]	Loss: 96.666458
INFO:root:====> Epoch: 18 Average loss: 98.0351
INFO:root:Train Epoch: 19 [0/60000 (0%)]	Loss: 96.484848
INFO:root:====> Epoch: 19 Average loss: 97.7105
INFO:root:Train Epoch: 20 [0/60000 (0%)]	Loss: 91.480850
INFO:root:====> Epoch: 20 Average loss: 97.3753
INFO:root:Train Epoch: 21 [0/60000 (0%)]	Loss: 100.731415
INFO:root:====> Epoch: 21 Average loss: 97.0288
INFO:root:====> Test set loss: 91.5629
INFO:root:Train Epoch: 22 [0/60000 (0%)]	Loss: 96.259308
INFO:root:====> Epoch: 22 Average loss: 96.7971
INFO:root:Train Epoch: 23 [0/60000 (0%)]	Loss: 98.225998
INFO:root:====> Epoch: 23 Average loss: 96.5641
INFO:root:Train Epoch: 24 [0/60000 (0%)]	Loss: 100.286652
INFO:root:====> Epoch: 24 Average loss: 96.3513
INFO:root:Train Epoch: 25 [0/60000 (0%)]	Loss: 90.047562
INFO:root:====> Epoch: 25 Average loss: 96.1686
INFO:root:Train Epoch: 26 [0/60000 (0%)]	Loss: 92.812920
INFO:root:====> Epoch: 26 Average loss: 95.9483
INFO:root:Train Epoch: 27 [0/60000 (0%)]	Loss: 99.241211
INFO:root:====> Epoch: 27 Average loss: 95.7532
INFO:root:Train Epoch: 28 [0/60000 (0%)]	Loss: 95.861847
INFO:root:====> Epoch: 28 Average loss: 95.6594
INFO:root:Train Epoch: 29 [0/60000 (0%)]	Loss: 89.083176
INFO:root:====> Epoch: 29 Average loss: 95.4810
INFO:root:Train Epoch: 30 [0/60000 (0%)]	Loss: 94.017441
INFO:root:====> Epoch: 30 Average loss: 95.3095
INFO:root:Train Epoch: 31 [0/60000 (0%)]	Loss: 98.225410
INFO:root:====> Epoch: 31 Average loss: 95.1814
INFO:root:Train Epoch: 32 [0/60000 (0%)]	Loss: 89.078644
INFO:root:====> Epoch: 32 Average loss: 95.0815
INFO:root:Train Epoch: 33 [0/60000 (0%)]	Loss: 95.361862
INFO:root:====> Epoch: 33 Average loss: 94.9530
INFO:root:Train Epoch: 34 [0/60000 (0%)]	Loss: 92.091377
INFO:root:====> Epoch: 34 Average loss: 94.8260
INFO:root:Train Epoch: 35 [0/60000 (0%)]	Loss: 92.733101
INFO:root:====> Epoch: 35 Average loss: 94.7235
INFO:root:Train Epoch: 36 [0/60000 (0%)]	Loss: 97.710098
INFO:root:====> Epoch: 36 Average loss: 94.6665
INFO:root:Train Epoch: 37 [0/60000 (0%)]	Loss: 96.363976
INFO:root:====> Epoch: 37 Average loss: 94.5299
INFO:root:Train Epoch: 38 [0/60000 (0%)]	Loss: 95.599777
INFO:root:====> Epoch: 38 Average loss: 94.4372
INFO:root:Train Epoch: 39 [0/60000 (0%)]	Loss: 93.488617
INFO:root:====> Epoch: 39 Average loss: 94.3565
INFO:root:Train Epoch: 40 [0/60000 (0%)]	Loss: 91.766129
INFO:root:====> Epoch: 40 Average loss: 94.2629
INFO:root:Train Epoch: 41 [0/60000 (0%)]	Loss: 95.700447
INFO:root:====> Epoch: 41 Average loss: 94.1670
INFO:root:====> Test set loss: 89.2682
INFO:root:Train Epoch: 42 [0/60000 (0%)]	Loss: 94.402313
INFO:root:====> Epoch: 42 Average loss: 94.1043
INFO:root:Train Epoch: 43 [0/60000 (0%)]	Loss: 97.257378
INFO:root:====> Epoch: 43 Average loss: 94.0534
INFO:root:Train Epoch: 44 [0/60000 (0%)]	Loss: 94.813942
INFO:root:====> Epoch: 44 Average loss: 93.9898
INFO:root:Train Epoch: 45 [0/60000 (0%)]	Loss: 92.908005
INFO:root:====> Epoch: 45 Average loss: 93.9148
INFO:root:Train Epoch: 46 [0/60000 (0%)]	Loss: 98.650131
INFO:root:====> Epoch: 46 Average loss: 93.8664
INFO:root:Train Epoch: 47 [0/60000 (0%)]	Loss: 94.213181
INFO:root:====> Epoch: 47 Average loss: 93.7979
INFO:root:Train Epoch: 48 [0/60000 (0%)]	Loss: 95.461723
INFO:root:====> Epoch: 48 Average loss: 93.7249
INFO:root:Train Epoch: 49 [0/60000 (0%)]	Loss: 99.797241
INFO:root:====> Epoch: 49 Average loss: 93.6793
INFO:root:Train Epoch: 50 [0/60000 (0%)]	Loss: 96.056046
INFO:root:====> Epoch: 50 Average loss: 93.6428
INFO:root:Train Epoch: 51 [0/60000 (0%)]	Loss: 92.019485
INFO:root:====> Epoch: 51 Average loss: 93.5785
INFO:root:Train Epoch: 52 [0/60000 (0%)]	Loss: 95.667160
INFO:root:====> Epoch: 52 Average loss: 93.5010
INFO:root:Train Epoch: 53 [0/60000 (0%)]	Loss: 92.086411
INFO:root:====> Epoch: 53 Average loss: 93.4407
INFO:root:Train Epoch: 54 [0/60000 (0%)]	Loss: 93.365364
INFO:root:====> Epoch: 54 Average loss: 93.3856
INFO:root:Train Epoch: 55 [0/60000 (0%)]	Loss: 90.435883
INFO:root:====> Epoch: 55 Average loss: 93.3801
INFO:root:Train Epoch: 56 [0/60000 (0%)]	Loss: 91.250771
INFO:root:====> Epoch: 56 Average loss: 93.3064
INFO:root:Train Epoch: 57 [0/60000 (0%)]	Loss: 96.053421
INFO:root:====> Epoch: 57 Average loss: 93.2892
INFO:root:Train Epoch: 58 [0/60000 (0%)]	Loss: 95.414261
INFO:root:====> Epoch: 58 Average loss: 93.2113
INFO:root:Train Epoch: 59 [0/60000 (0%)]	Loss: 93.304115
INFO:root:====> Epoch: 59 Average loss: 93.1745
INFO:root:Train Epoch: 60 [0/60000 (0%)]	Loss: 93.786407
INFO:root:====> Epoch: 60 Average loss: 93.2055
INFO:root:Train Epoch: 61 [0/60000 (0%)]	Loss: 90.786064
INFO:root:====> Epoch: 61 Average loss: 93.0831
INFO:root:====> Test set loss: 88.4622
INFO:root:Train Epoch: 62 [0/60000 (0%)]	Loss: 92.866753
INFO:root:====> Epoch: 62 Average loss: 93.1479
INFO:root:Train Epoch: 63 [0/60000 (0%)]	Loss: 94.536362
INFO:root:====> Epoch: 63 Average loss: 93.0639
INFO:root:Train Epoch: 64 [0/60000 (0%)]	Loss: 94.505959
INFO:root:====> Epoch: 64 Average loss: 92.9707
INFO:root:Train Epoch: 65 [0/60000 (0%)]	Loss: 93.297943
INFO:root:====> Epoch: 65 Average loss: 92.9403
INFO:root:Train Epoch: 66 [0/60000 (0%)]	Loss: 95.400253
INFO:root:====> Epoch: 66 Average loss: 92.9459
INFO:root:Train Epoch: 67 [0/60000 (0%)]	Loss: 90.754471
INFO:root:====> Epoch: 67 Average loss: 92.8948
INFO:root:Train Epoch: 68 [0/60000 (0%)]	Loss: 91.408417
INFO:root:====> Epoch: 68 Average loss: 92.8627
INFO:root:Train Epoch: 69 [0/60000 (0%)]	Loss: 92.884796
INFO:root:====> Epoch: 69 Average loss: 92.8055
INFO:root:Train Epoch: 70 [0/60000 (0%)]	Loss: 95.049332
INFO:root:====> Epoch: 70 Average loss: 92.7877
INFO:root:Train Epoch: 71 [0/60000 (0%)]	Loss: 94.820816
INFO:root:====> Epoch: 71 Average loss: 92.7783
INFO:root:Train Epoch: 72 [0/60000 (0%)]	Loss: 95.875214
INFO:root:====> Epoch: 72 Average loss: 92.7231
INFO:root:Train Epoch: 73 [0/60000 (0%)]	Loss: 92.909798
INFO:root:====> Epoch: 73 Average loss: 92.6942
INFO:root:Train Epoch: 74 [0/60000 (0%)]	Loss: 91.263458
INFO:root:====> Epoch: 74 Average loss: 92.6772
INFO:root:Train Epoch: 75 [0/60000 (0%)]	Loss: 95.170593
INFO:root:====> Epoch: 75 Average loss: 92.6678
INFO:root:Train Epoch: 76 [0/60000 (0%)]	Loss: 93.445618
INFO:root:====> Epoch: 76 Average loss: 92.6613
INFO:root:Train Epoch: 77 [0/60000 (0%)]	Loss: 88.327942
INFO:root:====> Epoch: 77 Average loss: 92.6196
INFO:root:Train Epoch: 78 [0/60000 (0%)]	Loss: 89.484161
INFO:root:====> Epoch: 78 Average loss: 92.5838
INFO:root:Train Epoch: 79 [0/60000 (0%)]	Loss: 88.287979
INFO:root:====> Epoch: 79 Average loss: 92.5430
INFO:root:Train Epoch: 80 [0/60000 (0%)]	Loss: 95.164856
INFO:root:====> Epoch: 80 Average loss: 92.5437
INFO:root:Train Epoch: 81 [0/60000 (0%)]	Loss: 98.523987
INFO:root:====> Epoch: 81 Average loss: 92.5074
INFO:root:====> Test set loss: 87.8151
INFO:root:Train Epoch: 82 [0/60000 (0%)]	Loss: 89.128891
INFO:root:====> Epoch: 82 Average loss: 92.4554
INFO:root:Train Epoch: 83 [0/60000 (0%)]	Loss: 91.449539
INFO:root:====> Epoch: 83 Average loss: 92.4180
INFO:root:Train Epoch: 84 [0/60000 (0%)]	Loss: 89.135437
INFO:root:====> Epoch: 84 Average loss: 92.4531
INFO:root:Train Epoch: 85 [0/60000 (0%)]	Loss: 94.246033
INFO:root:====> Epoch: 85 Average loss: 92.4071
INFO:root:Train Epoch: 86 [0/60000 (0%)]	Loss: 91.749298
INFO:root:====> Epoch: 86 Average loss: 92.4028
INFO:root:Train Epoch: 87 [0/60000 (0%)]	Loss: 90.033020
INFO:root:====> Epoch: 87 Average loss: 92.3897
INFO:root:Train Epoch: 88 [0/60000 (0%)]	Loss: 93.790100
INFO:root:====> Epoch: 88 Average loss: 92.2996
INFO:root:Train Epoch: 89 [0/60000 (0%)]	Loss: 95.330353
INFO:root:====> Epoch: 89 Average loss: 92.3545
INFO:root:Train Epoch: 90 [0/60000 (0%)]	Loss: 90.705933
INFO:root:====> Epoch: 90 Average loss: 92.3631
INFO:root:Train Epoch: 91 [0/60000 (0%)]	Loss: 90.995178
INFO:root:====> Epoch: 91 Average loss: 92.2762
INFO:root:Train Epoch: 92 [0/60000 (0%)]	Loss: 93.085419
INFO:root:====> Epoch: 92 Average loss: 92.2791
INFO:root:Train Epoch: 93 [0/60000 (0%)]	Loss: 90.757164
INFO:root:====> Epoch: 93 Average loss: 92.2449
INFO:root:Train Epoch: 94 [0/60000 (0%)]	Loss: 92.763039
INFO:root:====> Epoch: 94 Average loss: 92.2256
INFO:root:Train Epoch: 95 [0/60000 (0%)]	Loss: 93.185738
INFO:root:====> Epoch: 95 Average loss: 92.1958
INFO:root:Train Epoch: 96 [0/60000 (0%)]	Loss: 90.626320
INFO:root:====> Epoch: 96 Average loss: 92.1896
INFO:root:Train Epoch: 97 [0/60000 (0%)]	Loss: 94.396103
INFO:root:====> Epoch: 97 Average loss: 92.1778
INFO:root:Train Epoch: 98 [0/60000 (0%)]	Loss: 89.314873
INFO:root:====> Epoch: 98 Average loss: 92.1169
INFO:root:Train Epoch: 99 [0/60000 (0%)]	Loss: 91.595520
INFO:root:====> Epoch: 99 Average loss: 92.1532
INFO:root:Train Epoch: 100 [0/60000 (0%)]	Loss: 92.502502
INFO:root:====> Epoch: 100 Average loss: 92.1351
INFO:root:Train Epoch: 101 [0/60000 (0%)]	Loss: 91.064819
INFO:root:====> Epoch: 101 Average loss: 92.1341
INFO:root:====> Test set loss: 87.4548
INFO:root:2020-04-11 17:41:28.675187
INFO:root:training finished
