Drive already mounted at /content/drive; to attempt to forcibly remount, call drive.mount("/content/drive", force_remount=True).
Training on GPU
2020-04-24 09:24:36.551267
====> Epoch: 1 Average loss: 287.7055
====> Test set loss: 254.8485
====> Epoch: 2 Average loss: 254.5015
====> Epoch: 3 Average loss: 249.4814
====> Epoch: 4 Average loss: 246.7745
====> Epoch: 5 Average loss: 244.6223
====> Epoch: 6 Average loss: 242.9315
====> Epoch: 7 Average loss: 241.7672
====> Epoch: 8 Average loss: 240.7332
====> Epoch: 9 Average loss: 239.9511
====> Epoch: 10 Average loss: 239.2487
====> Epoch: 11 Average loss: 238.6743
====> Epoch: 12 Average loss: 238.1544
====> Epoch: 13 Average loss: 237.7386
====> Epoch: 14 Average loss: 237.4334
====> Epoch: 15 Average loss: 237.1394
====> Epoch: 16 Average loss: 236.8247
====> Epoch: 17 Average loss: 236.5640
====> Epoch: 18 Average loss: 236.2866
====> Epoch: 19 Average loss: 236.1358
====> Epoch: 20 Average loss: 235.9560
====> Epoch: 21 Average loss: 235.7972
====> Test set loss: 234.7706
====> Epoch: 22 Average loss: 235.6778
====> Epoch: 23 Average loss: 235.4908
====> Epoch: 24 Average loss: 235.3362
====> Epoch: 25 Average loss: 235.2033
====> Epoch: 26 Average loss: 235.0993
====> Epoch: 27 Average loss: 234.9919
====> Epoch: 28 Average loss: 234.9068
====> Epoch: 29 Average loss: 234.8112
====> Epoch: 30 Average loss: 234.7553
====> Epoch: 31 Average loss: 234.6076
====> Epoch: 32 Average loss: 234.5467
====> Epoch: 33 Average loss: 234.4610
====> Epoch: 34 Average loss: 234.3467
====> Epoch: 35 Average loss: 234.3254
====> Epoch: 36 Average loss: 234.2288
====> Epoch: 37 Average loss: 234.1275
====> Epoch: 38 Average loss: 234.0795
====> Epoch: 39 Average loss: 234.0185
====> Epoch: 40 Average loss: 233.9296
====> Epoch: 41 Average loss: 233.8921
====> Test set loss: 233.1449
====> Epoch: 42 Average loss: 233.8290
====> Epoch: 43 Average loss: 233.7738
====> Epoch: 44 Average loss: 233.7220
====> Epoch: 45 Average loss: 233.7106
====> Epoch: 46 Average loss: 233.6426
====> Epoch: 47 Average loss: 233.5395
====> Epoch: 48 Average loss: 233.5422
====> Epoch: 49 Average loss: 233.4728
====> Epoch: 50 Average loss: 233.4413
====> Epoch: 51 Average loss: 233.4565
====> Epoch: 52 Average loss: 233.3693
====> Epoch: 53 Average loss: 233.3366
====> Epoch: 54 Average loss: 233.3128
====> Epoch: 55 Average loss: 233.2480
====> Epoch: 56 Average loss: 233.2209
====> Epoch: 57 Average loss: 233.2180
====> Epoch: 58 Average loss: 233.1867
====> Epoch: 59 Average loss: 233.1234
====> Epoch: 60 Average loss: 233.1145
====> Epoch: 61 Average loss: 233.0498
====> Test set loss: 232.3444
====> Epoch: 62 Average loss: 233.0138
====> Epoch: 63 Average loss: 232.9959
====> Epoch: 64 Average loss: 232.9869
====> Epoch: 65 Average loss: 232.9072
====> Epoch: 66 Average loss: 232.9350
====> Epoch: 67 Average loss: 232.9021
====> Epoch: 68 Average loss: 232.9019
====> Epoch: 69 Average loss: 232.8343
====> Epoch: 70 Average loss: 232.8138
====> Epoch: 71 Average loss: 232.7635
====> Epoch: 72 Average loss: 232.7540
====> Epoch: 73 Average loss: 232.7474
====> Epoch: 74 Average loss: 232.7339
====> Epoch: 75 Average loss: 232.7274
====> Epoch: 76 Average loss: 232.6620
====> Epoch: 77 Average loss: 232.6909
====> Epoch: 78 Average loss: 232.6285
====> Epoch: 79 Average loss: 232.6643
====> Epoch: 80 Average loss: 232.6075
====> Epoch: 81 Average loss: 232.5675
====> Test set loss: 231.9612
====> Epoch: 82 Average loss: 232.5961
====> Epoch: 83 Average loss: 232.5505
====> Epoch: 84 Average loss: 232.5521
====> Epoch: 85 Average loss: 232.5362
====> Epoch: 86 Average loss: 232.4893
====> Epoch: 87 Average loss: 232.4820
====> Epoch: 88 Average loss: 232.4754
====> Epoch: 89 Average loss: 232.4504
====> Epoch: 90 Average loss: 232.4395
====> Epoch: 91 Average loss: 232.4126
====> Epoch: 92 Average loss: 232.3691
====> Epoch: 93 Average loss: 232.4012
====> Epoch: 94 Average loss: 232.3794
====> Epoch: 95 Average loss: 232.3213
====> Epoch: 96 Average loss: 232.3652
====> Epoch: 97 Average loss: 232.3145
====> Epoch: 98 Average loss: 232.3293
====> Epoch: 99 Average loss: 232.3123
====> Epoch: 100 Average loss: 232.3444
====> Epoch: 101 Average loss: 232.2504
====> Test set loss: 231.6377
====> Epoch: 102 Average loss: 232.2452
====> Epoch: 103 Average loss: 232.2938
====> Epoch: 104 Average loss: 232.2149
====> Epoch: 105 Average loss: 232.2261
====> Epoch: 106 Average loss: 232.2267
====> Epoch: 107 Average loss: 232.1796
====> Epoch: 108 Average loss: 232.1997
====> Epoch: 109 Average loss: 232.1940
====> Epoch: 110 Average loss: 232.1387
====> Epoch: 111 Average loss: 232.1548
====> Epoch: 112 Average loss: 232.1558
====> Epoch: 113 Average loss: 232.1654
====> Epoch: 114 Average loss: 232.1366
====> Epoch: 115 Average loss: 232.1391
====> Epoch: 116 Average loss: 232.1231
====> Epoch: 117 Average loss: 232.0856
====> Epoch: 118 Average loss: 232.1079
====> Epoch: 119 Average loss: 232.0531
====> Epoch: 120 Average loss: 232.0719
====> Epoch: 121 Average loss: 232.0192
====> Test set loss: 231.3955
====> Epoch: 122 Average loss: 232.0265
====> Epoch: 123 Average loss: 231.9887
====> Epoch: 124 Average loss: 232.0054
====> Epoch: 125 Average loss: 232.0147
====> Epoch: 126 Average loss: 231.9715
====> Epoch: 127 Average loss: 231.9871
====> Epoch: 128 Average loss: 232.0013
====> Epoch: 129 Average loss: 231.9353
====> Epoch: 130 Average loss: 231.9412
====> Epoch: 131 Average loss: 231.9772
====> Epoch: 132 Average loss: 231.9021
====> Epoch: 133 Average loss: 231.9121
====> Epoch: 134 Average loss: 231.9445
====> Epoch: 135 Average loss: 231.8796
====> Epoch: 136 Average loss: 231.9380
====> Epoch: 137 Average loss: 231.8891
====> Epoch: 138 Average loss: 231.8755
====> Epoch: 139 Average loss: 231.8563
====> Epoch: 140 Average loss: 231.8519
====> Epoch: 141 Average loss: 231.8208
====> Test set loss: 231.3396
====> Epoch: 142 Average loss: 231.8346
====> Epoch: 143 Average loss: 231.8529
====> Epoch: 144 Average loss: 231.8427
====> Epoch: 145 Average loss: 231.7964
====> Epoch: 146 Average loss: 231.8524
====> Epoch: 147 Average loss: 231.8033
====> Epoch: 148 Average loss: 231.8086
====> Epoch: 149 Average loss: 231.7957
====> Epoch: 150 Average loss: 231.8117
====> Epoch: 151 Average loss: 231.7516
2020-04-24 09:54:38.338402
Training finished