INFO:root:Training on GPU
INFO:root:2020-04-12 10:23:54.199689
INFO:root:Train Epoch: 1 [0/60000 (0%)]	Loss: 546.687866
INFO:root:====> Epoch: 1 Average loss: 201.8237
INFO:root:====> Test set loss: 178.8222
INFO:root:Train Epoch: 2 [0/60000 (0%)]	Loss: 186.542740
INFO:root:====> Epoch: 2 Average loss: 170.5789
INFO:root:Train Epoch: 3 [0/60000 (0%)]	Loss: 153.707947
INFO:root:====> Epoch: 3 Average loss: 150.2306
INFO:root:Train Epoch: 4 [0/60000 (0%)]	Loss: 148.949631
INFO:root:====> Epoch: 4 Average loss: 137.9638
INFO:root:Train Epoch: 5 [0/60000 (0%)]	Loss: 135.994629
INFO:root:====> Epoch: 5 Average loss: 131.1704
INFO:root:Train Epoch: 6 [0/60000 (0%)]	Loss: 126.232224
INFO:root:====> Epoch: 6 Average loss: 126.8953
INFO:root:Train Epoch: 7 [0/60000 (0%)]	Loss: 127.082932
INFO:root:====> Epoch: 7 Average loss: 123.4198
INFO:root:Train Epoch: 8 [0/60000 (0%)]	Loss: 120.916458
INFO:root:====> Epoch: 8 Average loss: 120.4798
INFO:root:Train Epoch: 9 [0/60000 (0%)]	Loss: 118.544876
INFO:root:====> Epoch: 9 Average loss: 118.1638
INFO:root:Train Epoch: 10 [0/60000 (0%)]	Loss: 114.532936
INFO:root:====> Epoch: 10 Average loss: 116.2665
INFO:root:Train Epoch: 11 [0/60000 (0%)]	Loss: 115.617996
INFO:root:====> Epoch: 11 Average loss: 114.4390
INFO:root:Train Epoch: 12 [0/60000 (0%)]	Loss: 113.991974
INFO:root:====> Epoch: 12 Average loss: 112.7843
INFO:root:Train Epoch: 13 [0/60000 (0%)]	Loss: 109.010048
INFO:root:====> Epoch: 13 Average loss: 111.4224
INFO:root:Train Epoch: 14 [0/60000 (0%)]	Loss: 113.021568
INFO:root:====> Epoch: 14 Average loss: 110.1995
INFO:root:Train Epoch: 15 [0/60000 (0%)]	Loss: 112.691315
INFO:root:====> Epoch: 15 Average loss: 109.2202
INFO:root:Train Epoch: 16 [0/60000 (0%)]	Loss: 106.131287
INFO:root:====> Epoch: 16 Average loss: 108.4182
INFO:root:Train Epoch: 17 [0/60000 (0%)]	Loss: 109.590332
INFO:root:====> Epoch: 17 Average loss: 107.6756
INFO:root:Train Epoch: 18 [0/60000 (0%)]	Loss: 112.207825
INFO:root:====> Epoch: 18 Average loss: 107.0011
INFO:root:Train Epoch: 19 [0/60000 (0%)]	Loss: 105.462280
INFO:root:====> Epoch: 19 Average loss: 106.3817
INFO:root:Train Epoch: 20 [0/60000 (0%)]	Loss: 105.181862
INFO:root:====> Epoch: 20 Average loss: 105.8115
INFO:root:Train Epoch: 21 [0/60000 (0%)]	Loss: 103.009949
INFO:root:====> Epoch: 21 Average loss: 105.2966
INFO:root:====> Test set loss: 96.1286
INFO:root:Train Epoch: 22 [0/60000 (0%)]	Loss: 104.780067
INFO:root:====> Epoch: 22 Average loss: 104.8510
INFO:root:Train Epoch: 23 [0/60000 (0%)]	Loss: 112.546227
INFO:root:====> Epoch: 23 Average loss: 104.4463
INFO:root:Train Epoch: 24 [0/60000 (0%)]	Loss: 101.111450
INFO:root:====> Epoch: 24 Average loss: 103.9867
INFO:root:Train Epoch: 25 [0/60000 (0%)]	Loss: 100.827095
INFO:root:====> Epoch: 25 Average loss: 103.5850
INFO:root:Train Epoch: 26 [0/60000 (0%)]	Loss: 99.985275
INFO:root:====> Epoch: 26 Average loss: 103.2544
INFO:root:Train Epoch: 27 [0/60000 (0%)]	Loss: 104.393936
INFO:root:====> Epoch: 27 Average loss: 102.9311
INFO:root:Train Epoch: 28 [0/60000 (0%)]	Loss: 105.130676
INFO:root:====> Epoch: 28 Average loss: 102.7130
INFO:root:Train Epoch: 29 [0/60000 (0%)]	Loss: 99.785538
INFO:root:====> Epoch: 29 Average loss: 102.4253
INFO:root:Train Epoch: 30 [0/60000 (0%)]	Loss: 100.806046
INFO:root:====> Epoch: 30 Average loss: 102.2022
INFO:root:Train Epoch: 31 [0/60000 (0%)]	Loss: 103.586990
INFO:root:====> Epoch: 31 Average loss: 101.9045
INFO:root:Train Epoch: 32 [0/60000 (0%)]	Loss: 101.816162
INFO:root:====> Epoch: 32 Average loss: 101.7400
INFO:root:Train Epoch: 33 [0/60000 (0%)]	Loss: 103.012962
INFO:root:====> Epoch: 33 Average loss: 101.5684
INFO:root:Train Epoch: 34 [0/60000 (0%)]	Loss: 100.021744
INFO:root:====> Epoch: 34 Average loss: 101.3372
INFO:root:Train Epoch: 35 [0/60000 (0%)]	Loss: 98.357727
INFO:root:====> Epoch: 35 Average loss: 101.2148
INFO:root:Train Epoch: 36 [0/60000 (0%)]	Loss: 96.574165
INFO:root:====> Epoch: 36 Average loss: 101.0253
INFO:root:Train Epoch: 37 [0/60000 (0%)]	Loss: 100.541870
INFO:root:====> Epoch: 37 Average loss: 100.8543
INFO:root:Train Epoch: 38 [0/60000 (0%)]	Loss: 96.100800
INFO:root:====> Epoch: 38 Average loss: 100.7684
INFO:root:Train Epoch: 39 [0/60000 (0%)]	Loss: 102.274414
INFO:root:====> Epoch: 39 Average loss: 100.5360
INFO:root:Train Epoch: 40 [0/60000 (0%)]	Loss: 101.413872
INFO:root:====> Epoch: 40 Average loss: 100.4372
INFO:root:Train Epoch: 41 [0/60000 (0%)]	Loss: 95.463196
INFO:root:====> Epoch: 41 Average loss: 100.2828
INFO:root:====> Test set loss: 92.0567
INFO:root:Train Epoch: 42 [0/60000 (0%)]	Loss: 100.853271
INFO:root:====> Epoch: 42 Average loss: 100.1917
INFO:root:Train Epoch: 43 [0/60000 (0%)]	Loss: 101.287750
INFO:root:====> Epoch: 43 Average loss: 100.1048
INFO:root:Train Epoch: 44 [0/60000 (0%)]	Loss: 97.328323
INFO:root:====> Epoch: 44 Average loss: 99.9811
INFO:root:Train Epoch: 45 [0/60000 (0%)]	Loss: 102.117096
INFO:root:====> Epoch: 45 Average loss: 99.8625
INFO:root:Train Epoch: 46 [0/60000 (0%)]	Loss: 104.595993
INFO:root:====> Epoch: 46 Average loss: 99.7150
INFO:root:Train Epoch: 47 [0/60000 (0%)]	Loss: 97.655548
INFO:root:====> Epoch: 47 Average loss: 99.6247
INFO:root:Train Epoch: 48 [0/60000 (0%)]	Loss: 98.555542
INFO:root:====> Epoch: 48 Average loss: 99.5832
INFO:root:Train Epoch: 49 [0/60000 (0%)]	Loss: 99.098816
INFO:root:====> Epoch: 49 Average loss: 99.4623
INFO:root:Train Epoch: 50 [0/60000 (0%)]	Loss: 98.208382
INFO:root:====> Epoch: 50 Average loss: 99.4109
INFO:root:Train Epoch: 51 [0/60000 (0%)]	Loss: 93.448418
INFO:root:====> Epoch: 51 Average loss: 99.2285
INFO:root:Train Epoch: 52 [0/60000 (0%)]	Loss: 100.476898
INFO:root:====> Epoch: 52 Average loss: 99.2790
INFO:root:Train Epoch: 53 [0/60000 (0%)]	Loss: 99.068321
INFO:root:====> Epoch: 53 Average loss: 99.1485
INFO:root:Train Epoch: 54 [0/60000 (0%)]	Loss: 96.995850
INFO:root:====> Epoch: 54 Average loss: 99.0341
INFO:root:Train Epoch: 55 [0/60000 (0%)]	Loss: 98.881180
INFO:root:====> Epoch: 55 Average loss: 98.9696
INFO:root:Train Epoch: 56 [0/60000 (0%)]	Loss: 98.898720
INFO:root:====> Epoch: 56 Average loss: 98.9516
INFO:root:Train Epoch: 57 [0/60000 (0%)]	Loss: 103.316277
INFO:root:====> Epoch: 57 Average loss: 98.8106
INFO:root:Train Epoch: 58 [0/60000 (0%)]	Loss: 96.081543
INFO:root:====> Epoch: 58 Average loss: 98.7850
INFO:root:Train Epoch: 59 [0/60000 (0%)]	Loss: 99.174995
INFO:root:====> Epoch: 59 Average loss: 98.7026
INFO:root:Train Epoch: 60 [0/60000 (0%)]	Loss: 102.768936
INFO:root:====> Epoch: 60 Average loss: 98.5962
INFO:root:Train Epoch: 61 [0/60000 (0%)]	Loss: 95.678650
INFO:root:====> Epoch: 61 Average loss: 98.5978
INFO:root:====> Test set loss: 90.5412
INFO:root:Train Epoch: 62 [0/60000 (0%)]	Loss: 99.302444
INFO:root:====> Epoch: 62 Average loss: 98.5518
INFO:root:Train Epoch: 63 [0/60000 (0%)]	Loss: 98.102127
INFO:root:====> Epoch: 63 Average loss: 98.4991
INFO:root:Train Epoch: 64 [0/60000 (0%)]	Loss: 97.544464
INFO:root:====> Epoch: 64 Average loss: 98.3688
INFO:root:Train Epoch: 65 [0/60000 (0%)]	Loss: 99.008583
INFO:root:====> Epoch: 65 Average loss: 98.3254
INFO:root:Train Epoch: 66 [0/60000 (0%)]	Loss: 99.779678
INFO:root:====> Epoch: 66 Average loss: 98.2739
INFO:root:Train Epoch: 67 [0/60000 (0%)]	Loss: 103.176186
INFO:root:====> Epoch: 67 Average loss: 98.2272
INFO:root:Train Epoch: 68 [0/60000 (0%)]	Loss: 99.969200
INFO:root:====> Epoch: 68 Average loss: 98.1903
INFO:root:Train Epoch: 69 [0/60000 (0%)]	Loss: 92.487198
INFO:root:====> Epoch: 69 Average loss: 98.1242
INFO:root:Train Epoch: 70 [0/60000 (0%)]	Loss: 96.557213
INFO:root:====> Epoch: 70 Average loss: 98.0354
INFO:root:Train Epoch: 71 [0/60000 (0%)]	Loss: 99.664116
INFO:root:====> Epoch: 71 Average loss: 98.0628
INFO:root:Train Epoch: 72 [0/60000 (0%)]	Loss: 100.503761
INFO:root:====> Epoch: 72 Average loss: 98.0077
INFO:root:Train Epoch: 73 [0/60000 (0%)]	Loss: 98.615273
INFO:root:====> Epoch: 73 Average loss: 97.9618
INFO:root:Train Epoch: 74 [0/60000 (0%)]	Loss: 96.576370
INFO:root:====> Epoch: 74 Average loss: 97.8877
INFO:root:Train Epoch: 75 [0/60000 (0%)]	Loss: 98.040627
INFO:root:====> Epoch: 75 Average loss: 97.8929
INFO:root:Train Epoch: 76 [0/60000 (0%)]	Loss: 97.822472
INFO:root:====> Epoch: 76 Average loss: 97.8360
INFO:root:Train Epoch: 77 [0/60000 (0%)]	Loss: 99.804794
INFO:root:====> Epoch: 77 Average loss: 97.7743
INFO:root:Train Epoch: 78 [0/60000 (0%)]	Loss: 99.407303
INFO:root:====> Epoch: 78 Average loss: 97.7282
INFO:root:Train Epoch: 79 [0/60000 (0%)]	Loss: 102.432144
INFO:root:====> Epoch: 79 Average loss: 97.6735
INFO:root:Train Epoch: 80 [0/60000 (0%)]	Loss: 95.177719
INFO:root:====> Epoch: 80 Average loss: 97.6117
INFO:root:Train Epoch: 81 [0/60000 (0%)]	Loss: 98.359589
INFO:root:====> Epoch: 81 Average loss: 97.5943
INFO:root:====> Test set loss: 89.6825
INFO:root:Train Epoch: 82 [0/60000 (0%)]	Loss: 97.355064
INFO:root:====> Epoch: 82 Average loss: 97.5631
INFO:root:Train Epoch: 83 [0/60000 (0%)]	Loss: 100.060104
INFO:root:====> Epoch: 83 Average loss: 97.5255
INFO:root:Train Epoch: 84 [0/60000 (0%)]	Loss: 99.432236
INFO:root:====> Epoch: 84 Average loss: 97.4978
INFO:root:Train Epoch: 85 [0/60000 (0%)]	Loss: 97.528824
INFO:root:====> Epoch: 85 Average loss: 97.4551
INFO:root:Train Epoch: 86 [0/60000 (0%)]	Loss: 93.288574
INFO:root:====> Epoch: 86 Average loss: 97.3971
INFO:root:Train Epoch: 87 [0/60000 (0%)]	Loss: 97.674667
INFO:root:====> Epoch: 87 Average loss: 97.3578
INFO:root:Train Epoch: 88 [0/60000 (0%)]	Loss: 95.858627
INFO:root:====> Epoch: 88 Average loss: 97.3507
INFO:root:Train Epoch: 89 [0/60000 (0%)]	Loss: 97.199303
INFO:root:====> Epoch: 89 Average loss: 97.2826
INFO:root:Train Epoch: 90 [0/60000 (0%)]	Loss: 97.359848
INFO:root:====> Epoch: 90 Average loss: 97.2541
INFO:root:Train Epoch: 91 [0/60000 (0%)]	Loss: 95.918198
INFO:root:====> Epoch: 91 Average loss: 97.2371
INFO:root:Train Epoch: 92 [0/60000 (0%)]	Loss: 97.292625
INFO:root:====> Epoch: 92 Average loss: 97.2318
INFO:root:Train Epoch: 93 [0/60000 (0%)]	Loss: 96.739464
INFO:root:====> Epoch: 93 Average loss: 97.1859
INFO:root:Train Epoch: 94 [0/60000 (0%)]	Loss: 94.125763
INFO:root:====> Epoch: 94 Average loss: 97.1650
INFO:root:Train Epoch: 95 [0/60000 (0%)]	Loss: 96.822762
INFO:root:====> Epoch: 95 Average loss: 97.1544
INFO:root:Train Epoch: 96 [0/60000 (0%)]	Loss: 97.311958
INFO:root:====> Epoch: 96 Average loss: 97.1153
INFO:root:Train Epoch: 97 [0/60000 (0%)]	Loss: 97.815201
INFO:root:====> Epoch: 97 Average loss: 97.1161
INFO:root:Train Epoch: 98 [0/60000 (0%)]	Loss: 100.333588
INFO:root:====> Epoch: 98 Average loss: 97.0104
INFO:root:Train Epoch: 99 [0/60000 (0%)]	Loss: 98.938072
INFO:root:====> Epoch: 99 Average loss: 96.9914
INFO:root:Train Epoch: 100 [0/60000 (0%)]	Loss: 100.514435
INFO:root:====> Epoch: 100 Average loss: 96.9874
INFO:root:Train Epoch: 101 [0/60000 (0%)]	Loss: 93.869690
INFO:root:====> Epoch: 101 Average loss: 96.9278
INFO:root:====> Test set loss: 89.2146
INFO:root:2020-04-12 10:47:41.607822
INFO:root:training finished
