INFO:root:Training on GPU
INFO:root:2020-04-12 11:55:21.892470
INFO:root:Train Epoch: 1 [0/60000 (0%)]	Loss: 552.013550
INFO:root:====> Epoch: 1 Average loss: 204.8902
INFO:root:====> Test set loss: 183.9586
INFO:root:Train Epoch: 2 [0/60000 (0%)]	Loss: 188.911926
INFO:root:====> Epoch: 2 Average loss: 181.6459
INFO:root:Train Epoch: 3 [0/60000 (0%)]	Loss: 174.297302
INFO:root:====> Epoch: 3 Average loss: 174.6924
INFO:root:Train Epoch: 4 [0/60000 (0%)]	Loss: 179.974426
INFO:root:====> Epoch: 4 Average loss: 170.7922
INFO:root:Train Epoch: 5 [0/60000 (0%)]	Loss: 171.906021
INFO:root:====> Epoch: 5 Average loss: 168.1429
INFO:root:Train Epoch: 6 [0/60000 (0%)]	Loss: 165.669250
INFO:root:====> Epoch: 6 Average loss: 165.7044
INFO:root:Train Epoch: 7 [0/60000 (0%)]	Loss: 166.759430
INFO:root:====> Epoch: 7 Average loss: 163.9289
INFO:root:Train Epoch: 8 [0/60000 (0%)]	Loss: 159.263763
INFO:root:====> Epoch: 8 Average loss: 163.0883
INFO:root:Train Epoch: 9 [0/60000 (0%)]	Loss: 166.980560
INFO:root:====> Epoch: 9 Average loss: 161.8457
INFO:root:Train Epoch: 10 [0/60000 (0%)]	Loss: 156.867950
INFO:root:====> Epoch: 10 Average loss: 161.0990
INFO:root:Train Epoch: 11 [0/60000 (0%)]	Loss: 160.313324
INFO:root:====> Epoch: 11 Average loss: 160.4016
INFO:root:Train Epoch: 12 [0/60000 (0%)]	Loss: 163.676514
INFO:root:====> Epoch: 12 Average loss: 159.7887
INFO:root:Train Epoch: 13 [0/60000 (0%)]	Loss: 157.850372
INFO:root:====> Epoch: 13 Average loss: 159.3592
INFO:root:Train Epoch: 14 [0/60000 (0%)]	Loss: 161.009705
INFO:root:====> Epoch: 14 Average loss: 158.9380
INFO:root:Train Epoch: 15 [0/60000 (0%)]	Loss: 168.135147
INFO:root:====> Epoch: 15 Average loss: 158.4952
INFO:root:Train Epoch: 16 [0/60000 (0%)]	Loss: 152.942169
INFO:root:====> Epoch: 16 Average loss: 158.1766
INFO:root:Train Epoch: 17 [0/60000 (0%)]	Loss: 160.969971
INFO:root:====> Epoch: 17 Average loss: 157.7351
INFO:root:Train Epoch: 18 [0/60000 (0%)]	Loss: 163.496201
INFO:root:====> Epoch: 18 Average loss: 157.7079
INFO:root:Train Epoch: 19 [0/60000 (0%)]	Loss: 153.083023
INFO:root:====> Epoch: 19 Average loss: 157.0209
INFO:root:Train Epoch: 20 [0/60000 (0%)]	Loss: 155.805847
INFO:root:====> Epoch: 20 Average loss: 156.4853
INFO:root:Train Epoch: 21 [0/60000 (0%)]	Loss: 155.283279
INFO:root:====> Epoch: 21 Average loss: 155.7292
INFO:root:====> Test set loss: 150.6221
INFO:root:Train Epoch: 22 [0/60000 (0%)]	Loss: 152.884781
INFO:root:====> Epoch: 22 Average loss: 154.9925
INFO:root:Train Epoch: 23 [0/60000 (0%)]	Loss: 168.543854
INFO:root:====> Epoch: 23 Average loss: 154.6286
INFO:root:Train Epoch: 24 [0/60000 (0%)]	Loss: 148.716888
INFO:root:====> Epoch: 24 Average loss: 154.0643
INFO:root:Train Epoch: 25 [0/60000 (0%)]	Loss: 150.232376
INFO:root:====> Epoch: 25 Average loss: 153.7472
INFO:root:Train Epoch: 26 [0/60000 (0%)]	Loss: 145.817947
INFO:root:====> Epoch: 26 Average loss: 153.3031
INFO:root:Train Epoch: 27 [0/60000 (0%)]	Loss: 153.792694
INFO:root:====> Epoch: 27 Average loss: 152.8929
INFO:root:Train Epoch: 28 [0/60000 (0%)]	Loss: 156.737061
INFO:root:====> Epoch: 28 Average loss: 151.4979
INFO:root:Train Epoch: 29 [0/60000 (0%)]	Loss: 147.362137
INFO:root:====> Epoch: 29 Average loss: 149.1970
INFO:root:Train Epoch: 30 [0/60000 (0%)]	Loss: 145.597260
INFO:root:====> Epoch: 30 Average loss: 146.7989
INFO:root:Train Epoch: 31 [0/60000 (0%)]	Loss: 149.055206
INFO:root:====> Epoch: 31 Average loss: 144.9540
INFO:root:Train Epoch: 32 [0/60000 (0%)]	Loss: 143.281784
INFO:root:====> Epoch: 32 Average loss: 143.3346
INFO:root:Train Epoch: 33 [0/60000 (0%)]	Loss: 144.572876
INFO:root:====> Epoch: 33 Average loss: 142.0611
INFO:root:Train Epoch: 34 [0/60000 (0%)]	Loss: 141.949509
INFO:root:====> Epoch: 34 Average loss: 140.8653
INFO:root:Train Epoch: 35 [0/60000 (0%)]	Loss: 134.146469
INFO:root:====> Epoch: 35 Average loss: 139.9697
INFO:root:Train Epoch: 36 [0/60000 (0%)]	Loss: 132.399582
INFO:root:====> Epoch: 36 Average loss: 138.8885
INFO:root:Train Epoch: 37 [0/60000 (0%)]	Loss: 137.115387
INFO:root:====> Epoch: 37 Average loss: 137.6228
INFO:root:Train Epoch: 38 [0/60000 (0%)]	Loss: 129.317169
INFO:root:====> Epoch: 38 Average loss: 136.6617
INFO:root:Train Epoch: 39 [0/60000 (0%)]	Loss: 139.464127
INFO:root:====> Epoch: 39 Average loss: 135.7532
INFO:root:Train Epoch: 40 [0/60000 (0%)]	Loss: 139.311127
INFO:root:====> Epoch: 40 Average loss: 134.6307
INFO:root:Train Epoch: 41 [0/60000 (0%)]	Loss: 129.526993
INFO:root:====> Epoch: 41 Average loss: 133.5842
INFO:root:====> Test set loss: 126.0309
INFO:root:Train Epoch: 42 [0/60000 (0%)]	Loss: 132.309723
INFO:root:====> Epoch: 42 Average loss: 132.6065
INFO:root:Train Epoch: 43 [0/60000 (0%)]	Loss: 134.496017
INFO:root:====> Epoch: 43 Average loss: 131.8275
INFO:root:Train Epoch: 44 [0/60000 (0%)]	Loss: 128.291336
INFO:root:====> Epoch: 44 Average loss: 130.9636
INFO:root:Train Epoch: 45 [0/60000 (0%)]	Loss: 134.430328
INFO:root:====> Epoch: 45 Average loss: 130.2519
INFO:root:Train Epoch: 46 [0/60000 (0%)]	Loss: 136.400116
INFO:root:====> Epoch: 46 Average loss: 129.7502
INFO:root:Train Epoch: 47 [0/60000 (0%)]	Loss: 124.581680
INFO:root:====> Epoch: 47 Average loss: 129.0720
INFO:root:Train Epoch: 48 [0/60000 (0%)]	Loss: 129.877533
INFO:root:====> Epoch: 48 Average loss: 128.6024
INFO:root:Train Epoch: 49 [0/60000 (0%)]	Loss: 129.534409
INFO:root:====> Epoch: 49 Average loss: 128.0915
INFO:root:Train Epoch: 50 [0/60000 (0%)]	Loss: 124.821426
INFO:root:====> Epoch: 50 Average loss: 127.6478
INFO:root:Train Epoch: 51 [0/60000 (0%)]	Loss: 117.671791
INFO:root:====> Epoch: 51 Average loss: 127.2055
INFO:root:Train Epoch: 52 [0/60000 (0%)]	Loss: 128.258087
INFO:root:====> Epoch: 52 Average loss: 126.8075
INFO:root:Train Epoch: 53 [0/60000 (0%)]	Loss: 127.285309
INFO:root:====> Epoch: 53 Average loss: 126.5585
INFO:root:Train Epoch: 54 [0/60000 (0%)]	Loss: 124.236542
INFO:root:====> Epoch: 54 Average loss: 126.1947
INFO:root:Train Epoch: 55 [0/60000 (0%)]	Loss: 126.650352
INFO:root:====> Epoch: 55 Average loss: 125.8589
INFO:root:Train Epoch: 56 [0/60000 (0%)]	Loss: 126.732040
INFO:root:====> Epoch: 56 Average loss: 125.4227
INFO:root:Train Epoch: 57 [0/60000 (0%)]	Loss: 128.783096
INFO:root:====> Epoch: 57 Average loss: 125.2352
INFO:root:Train Epoch: 58 [0/60000 (0%)]	Loss: 120.721970
INFO:root:====> Epoch: 58 Average loss: 125.0374
INFO:root:Train Epoch: 59 [0/60000 (0%)]	Loss: 128.194138
INFO:root:====> Epoch: 59 Average loss: 124.7454
INFO:root:Train Epoch: 60 [0/60000 (0%)]	Loss: 129.661194
INFO:root:====> Epoch: 60 Average loss: 124.4105
INFO:root:Train Epoch: 61 [0/60000 (0%)]	Loss: 119.429352
INFO:root:====> Epoch: 61 Average loss: 124.1287
INFO:root:====> Test set loss: 117.0485
INFO:root:Train Epoch: 62 [0/60000 (0%)]	Loss: 124.471451
INFO:root:====> Epoch: 62 Average loss: 123.8520
INFO:root:Train Epoch: 63 [0/60000 (0%)]	Loss: 127.076637
INFO:root:====> Epoch: 63 Average loss: 123.6788
INFO:root:Train Epoch: 64 [0/60000 (0%)]	Loss: 123.854767
INFO:root:====> Epoch: 64 Average loss: 123.3919
INFO:root:Train Epoch: 65 [0/60000 (0%)]	Loss: 125.263725
INFO:root:====> Epoch: 65 Average loss: 123.1415
INFO:root:Train Epoch: 66 [0/60000 (0%)]	Loss: 123.712784
INFO:root:====> Epoch: 66 Average loss: 123.0437
INFO:root:Train Epoch: 67 [0/60000 (0%)]	Loss: 129.957809
INFO:root:====> Epoch: 67 Average loss: 122.6780
INFO:root:Train Epoch: 68 [0/60000 (0%)]	Loss: 124.654907
INFO:root:====> Epoch: 68 Average loss: 122.5049
INFO:root:Train Epoch: 69 [0/60000 (0%)]	Loss: 113.139542
INFO:root:====> Epoch: 69 Average loss: 122.2006
INFO:root:Train Epoch: 70 [0/60000 (0%)]	Loss: 120.691551
INFO:root:====> Epoch: 70 Average loss: 122.0476
INFO:root:Train Epoch: 71 [0/60000 (0%)]	Loss: 122.741333
INFO:root:====> Epoch: 71 Average loss: 121.6477
INFO:root:Train Epoch: 72 [0/60000 (0%)]	Loss: 124.808487
INFO:root:====> Epoch: 72 Average loss: 121.5513
INFO:root:Train Epoch: 73 [0/60000 (0%)]	Loss: 121.059074
INFO:root:====> Epoch: 73 Average loss: 121.2745
INFO:root:Train Epoch: 74 [0/60000 (0%)]	Loss: 118.825264
INFO:root:====> Epoch: 74 Average loss: 120.9952
INFO:root:Train Epoch: 75 [0/60000 (0%)]	Loss: 118.014526
INFO:root:====> Epoch: 75 Average loss: 120.7299
INFO:root:Train Epoch: 76 [0/60000 (0%)]	Loss: 120.488777
INFO:root:====> Epoch: 76 Average loss: 120.5191
INFO:root:Train Epoch: 77 [0/60000 (0%)]	Loss: 123.602417
INFO:root:====> Epoch: 77 Average loss: 120.2552
INFO:root:Train Epoch: 78 [0/60000 (0%)]	Loss: 123.393929
INFO:root:====> Epoch: 78 Average loss: 120.0246
INFO:root:Train Epoch: 79 [0/60000 (0%)]	Loss: 124.530701
INFO:root:====> Epoch: 79 Average loss: 119.8068
INFO:root:Train Epoch: 80 [0/60000 (0%)]	Loss: 114.893036
INFO:root:====> Epoch: 80 Average loss: 119.6113
INFO:root:Train Epoch: 81 [0/60000 (0%)]	Loss: 121.288155
INFO:root:====> Epoch: 81 Average loss: 119.3345
INFO:root:====> Test set loss: 111.7994
INFO:root:Train Epoch: 82 [0/60000 (0%)]	Loss: 119.317436
INFO:root:====> Epoch: 82 Average loss: 118.9869
INFO:root:Train Epoch: 83 [0/60000 (0%)]	Loss: 122.892441
INFO:root:====> Epoch: 83 Average loss: 118.7705
INFO:root:Train Epoch: 84 [0/60000 (0%)]	Loss: 121.003525
INFO:root:====> Epoch: 84 Average loss: 118.4337
INFO:root:Train Epoch: 85 [0/60000 (0%)]	Loss: 118.194351
INFO:root:====> Epoch: 85 Average loss: 118.1580
INFO:root:Train Epoch: 86 [0/60000 (0%)]	Loss: 114.346100
INFO:root:====> Epoch: 86 Average loss: 117.9634
INFO:root:Train Epoch: 87 [0/60000 (0%)]	Loss: 117.274887
INFO:root:====> Epoch: 87 Average loss: 117.8479
INFO:root:Train Epoch: 88 [0/60000 (0%)]	Loss: 115.182335
INFO:root:====> Epoch: 88 Average loss: 117.7359
INFO:root:Train Epoch: 89 [0/60000 (0%)]	Loss: 117.711929
INFO:root:====> Epoch: 89 Average loss: 117.5053
INFO:root:Train Epoch: 90 [0/60000 (0%)]	Loss: 117.335388
INFO:root:====> Epoch: 90 Average loss: 117.3194
INFO:root:Train Epoch: 91 [0/60000 (0%)]	Loss: 116.354919
INFO:root:====> Epoch: 91 Average loss: 117.0600
INFO:root:Train Epoch: 92 [0/60000 (0%)]	Loss: 116.860535
INFO:root:====> Epoch: 92 Average loss: 116.9999
INFO:root:Train Epoch: 93 [0/60000 (0%)]	Loss: 115.860001
INFO:root:====> Epoch: 93 Average loss: 116.7707
INFO:root:Train Epoch: 94 [0/60000 (0%)]	Loss: 112.298820
INFO:root:====> Epoch: 94 Average loss: 116.7220
INFO:root:Train Epoch: 95 [0/60000 (0%)]	Loss: 116.700790
INFO:root:====> Epoch: 95 Average loss: 116.5926
INFO:root:Train Epoch: 96 [0/60000 (0%)]	Loss: 115.270905
INFO:root:====> Epoch: 96 Average loss: 116.3921
INFO:root:Train Epoch: 97 [0/60000 (0%)]	Loss: 119.059410
INFO:root:====> Epoch: 97 Average loss: 116.1135
INFO:root:Train Epoch: 98 [0/60000 (0%)]	Loss: 119.450058
INFO:root:====> Epoch: 98 Average loss: 115.9149
INFO:root:Train Epoch: 99 [0/60000 (0%)]	Loss: 120.410126
INFO:root:====> Epoch: 99 Average loss: 115.8403
INFO:root:Train Epoch: 100 [0/60000 (0%)]	Loss: 119.289520
INFO:root:====> Epoch: 100 Average loss: 115.7012
INFO:root:Train Epoch: 101 [0/60000 (0%)]	Loss: 111.160980
INFO:root:====> Epoch: 101 Average loss: 115.5660
INFO:root:====> Test set loss: 108.5893
INFO:root:2020-04-12 12:19:29.154169
INFO:root:training finished
