INFO:root:Training on GPU
INFO:root:2020-04-12 09:12:14.539168
INFO:root:Train Epoch: 1 [0/60000 (0%)]	Loss: 543.234558
INFO:root:====> Epoch: 1 Average loss: 184.4569
INFO:root:====> Test set loss: 143.1335
INFO:root:Train Epoch: 2 [0/60000 (0%)]	Loss: 141.853027
INFO:root:====> Epoch: 2 Average loss: 140.0320
INFO:root:Train Epoch: 3 [0/60000 (0%)]	Loss: 129.035980
INFO:root:====> Epoch: 3 Average loss: 127.6759
INFO:root:Train Epoch: 4 [0/60000 (0%)]	Loss: 125.577316
INFO:root:====> Epoch: 4 Average loss: 120.3586
INFO:root:Train Epoch: 5 [0/60000 (0%)]	Loss: 118.025330
INFO:root:====> Epoch: 5 Average loss: 115.0329
INFO:root:Train Epoch: 6 [0/60000 (0%)]	Loss: 116.058823
INFO:root:====> Epoch: 6 Average loss: 111.1784
INFO:root:Train Epoch: 7 [0/60000 (0%)]	Loss: 115.297935
INFO:root:====> Epoch: 7 Average loss: 108.5275
INFO:root:Train Epoch: 8 [0/60000 (0%)]	Loss: 106.118912
INFO:root:====> Epoch: 8 Average loss: 106.5718
INFO:root:Train Epoch: 9 [0/60000 (0%)]	Loss: 101.716583
INFO:root:====> Epoch: 9 Average loss: 104.9905
INFO:root:Train Epoch: 10 [0/60000 (0%)]	Loss: 99.021271
INFO:root:====> Epoch: 10 Average loss: 103.7322
INFO:root:Train Epoch: 11 [0/60000 (0%)]	Loss: 100.718254
INFO:root:====> Epoch: 11 Average loss: 102.6830
INFO:root:Train Epoch: 12 [0/60000 (0%)]	Loss: 101.925026
INFO:root:====> Epoch: 12 Average loss: 101.8257
INFO:root:Train Epoch: 13 [0/60000 (0%)]	Loss: 97.651764
INFO:root:====> Epoch: 13 Average loss: 101.0667
INFO:root:Train Epoch: 14 [0/60000 (0%)]	Loss: 100.132431
INFO:root:====> Epoch: 14 Average loss: 100.4333
INFO:root:Train Epoch: 15 [0/60000 (0%)]	Loss: 102.898178
INFO:root:====> Epoch: 15 Average loss: 99.8818
INFO:root:Train Epoch: 16 [0/60000 (0%)]	Loss: 96.799782
INFO:root:====> Epoch: 16 Average loss: 99.3637
INFO:root:Train Epoch: 17 [0/60000 (0%)]	Loss: 95.943832
INFO:root:====> Epoch: 17 Average loss: 98.9375
INFO:root:Train Epoch: 18 [0/60000 (0%)]	Loss: 97.010651
INFO:root:====> Epoch: 18 Average loss: 98.5896
INFO:root:Train Epoch: 19 [0/60000 (0%)]	Loss: 97.028206
INFO:root:====> Epoch: 19 Average loss: 98.2138
INFO:root:Train Epoch: 20 [0/60000 (0%)]	Loss: 91.891136
INFO:root:====> Epoch: 20 Average loss: 97.8829
INFO:root:Train Epoch: 21 [0/60000 (0%)]	Loss: 100.797768
INFO:root:====> Epoch: 21 Average loss: 97.6145
INFO:root:====> Test set loss: 91.5516
INFO:root:Train Epoch: 22 [0/60000 (0%)]	Loss: 96.827087
INFO:root:====> Epoch: 22 Average loss: 97.3636
INFO:root:Train Epoch: 23 [0/60000 (0%)]	Loss: 98.343048
INFO:root:====> Epoch: 23 Average loss: 97.1140
INFO:root:Train Epoch: 24 [0/60000 (0%)]	Loss: 101.054047
INFO:root:====> Epoch: 24 Average loss: 96.9124
INFO:root:Train Epoch: 25 [0/60000 (0%)]	Loss: 91.070343
INFO:root:====> Epoch: 25 Average loss: 96.7296
INFO:root:Train Epoch: 26 [0/60000 (0%)]	Loss: 93.711540
INFO:root:====> Epoch: 26 Average loss: 96.5435
INFO:root:Train Epoch: 27 [0/60000 (0%)]	Loss: 99.265747
INFO:root:====> Epoch: 27 Average loss: 96.3531
INFO:root:Train Epoch: 28 [0/60000 (0%)]	Loss: 97.173462
INFO:root:====> Epoch: 28 Average loss: 96.1966
INFO:root:Train Epoch: 29 [0/60000 (0%)]	Loss: 89.957779
INFO:root:====> Epoch: 29 Average loss: 96.0364
INFO:root:Train Epoch: 30 [0/60000 (0%)]	Loss: 94.424217
INFO:root:====> Epoch: 30 Average loss: 95.9278
INFO:root:Train Epoch: 31 [0/60000 (0%)]	Loss: 98.904053
INFO:root:====> Epoch: 31 Average loss: 95.8108
INFO:root:Train Epoch: 32 [0/60000 (0%)]	Loss: 89.031631
INFO:root:====> Epoch: 32 Average loss: 95.6683
INFO:root:Train Epoch: 33 [0/60000 (0%)]	Loss: 95.279968
INFO:root:====> Epoch: 33 Average loss: 95.5751
INFO:root:Train Epoch: 34 [0/60000 (0%)]	Loss: 92.615295
INFO:root:====> Epoch: 34 Average loss: 95.4494
INFO:root:Train Epoch: 35 [0/60000 (0%)]	Loss: 93.971527
INFO:root:====> Epoch: 35 Average loss: 95.3397
INFO:root:Train Epoch: 36 [0/60000 (0%)]	Loss: 97.735336
INFO:root:====> Epoch: 36 Average loss: 95.2175
INFO:root:Train Epoch: 37 [0/60000 (0%)]	Loss: 96.923332
INFO:root:====> Epoch: 37 Average loss: 95.1515
INFO:root:Train Epoch: 38 [0/60000 (0%)]	Loss: 96.503281
INFO:root:====> Epoch: 38 Average loss: 95.0686
INFO:root:Train Epoch: 39 [0/60000 (0%)]	Loss: 93.784676
INFO:root:====> Epoch: 39 Average loss: 94.9932
INFO:root:Train Epoch: 40 [0/60000 (0%)]	Loss: 93.002052
INFO:root:====> Epoch: 40 Average loss: 94.9428
INFO:root:Train Epoch: 41 [0/60000 (0%)]	Loss: 96.478470
INFO:root:====> Epoch: 41 Average loss: 94.8568
INFO:root:====> Test set loss: 89.2982
INFO:root:Train Epoch: 42 [0/60000 (0%)]	Loss: 95.335747
INFO:root:====> Epoch: 42 Average loss: 94.7402
INFO:root:Train Epoch: 43 [0/60000 (0%)]	Loss: 98.118561
INFO:root:====> Epoch: 43 Average loss: 94.6903
INFO:root:Train Epoch: 44 [0/60000 (0%)]	Loss: 95.444931
INFO:root:====> Epoch: 44 Average loss: 94.6128
INFO:root:Train Epoch: 45 [0/60000 (0%)]	Loss: 93.960716
INFO:root:====> Epoch: 45 Average loss: 94.5527
INFO:root:Train Epoch: 46 [0/60000 (0%)]	Loss: 99.874832
INFO:root:====> Epoch: 46 Average loss: 94.4676
INFO:root:Train Epoch: 47 [0/60000 (0%)]	Loss: 95.341629
INFO:root:====> Epoch: 47 Average loss: 94.4247
INFO:root:Train Epoch: 48 [0/60000 (0%)]	Loss: 96.277573
INFO:root:====> Epoch: 48 Average loss: 94.3542
INFO:root:Train Epoch: 49 [0/60000 (0%)]	Loss: 100.886612
INFO:root:====> Epoch: 49 Average loss: 94.2953
INFO:root:Train Epoch: 50 [0/60000 (0%)]	Loss: 96.490593
INFO:root:====> Epoch: 50 Average loss: 94.2401
INFO:root:Train Epoch: 51 [0/60000 (0%)]	Loss: 92.102676
INFO:root:====> Epoch: 51 Average loss: 94.1766
INFO:root:Train Epoch: 52 [0/60000 (0%)]	Loss: 96.458481
INFO:root:====> Epoch: 52 Average loss: 94.1456
INFO:root:Train Epoch: 53 [0/60000 (0%)]	Loss: 92.123634
INFO:root:====> Epoch: 53 Average loss: 94.1229
INFO:root:Train Epoch: 54 [0/60000 (0%)]	Loss: 93.416412
INFO:root:====> Epoch: 54 Average loss: 94.0104
INFO:root:Train Epoch: 55 [0/60000 (0%)]	Loss: 91.275192
INFO:root:====> Epoch: 55 Average loss: 94.0177
INFO:root:Train Epoch: 56 [0/60000 (0%)]	Loss: 91.051529
INFO:root:====> Epoch: 56 Average loss: 94.0186
INFO:root:Train Epoch: 57 [0/60000 (0%)]	Loss: 96.408020
INFO:root:====> Epoch: 57 Average loss: 93.9028
INFO:root:Train Epoch: 58 [0/60000 (0%)]	Loss: 97.039345
INFO:root:====> Epoch: 58 Average loss: 93.9227
INFO:root:Train Epoch: 59 [0/60000 (0%)]	Loss: 93.794647
INFO:root:====> Epoch: 59 Average loss: 93.8364
INFO:root:Train Epoch: 60 [0/60000 (0%)]	Loss: 93.943092
INFO:root:====> Epoch: 60 Average loss: 93.8306
INFO:root:Train Epoch: 61 [0/60000 (0%)]	Loss: 91.798172
INFO:root:====> Epoch: 61 Average loss: 93.7800
INFO:root:====> Test set loss: 88.3751
INFO:root:Train Epoch: 62 [0/60000 (0%)]	Loss: 93.787018
INFO:root:====> Epoch: 62 Average loss: 93.7165
INFO:root:Train Epoch: 63 [0/60000 (0%)]	Loss: 95.118568
INFO:root:====> Epoch: 63 Average loss: 93.6857
INFO:root:Train Epoch: 64 [0/60000 (0%)]	Loss: 95.447739
INFO:root:====> Epoch: 64 Average loss: 93.6620
INFO:root:Train Epoch: 65 [0/60000 (0%)]	Loss: 93.964859
INFO:root:====> Epoch: 65 Average loss: 93.6124
INFO:root:Train Epoch: 66 [0/60000 (0%)]	Loss: 96.442467
INFO:root:====> Epoch: 66 Average loss: 93.5816
INFO:root:Train Epoch: 67 [0/60000 (0%)]	Loss: 90.859489
INFO:root:====> Epoch: 67 Average loss: 93.5549
INFO:root:Train Epoch: 68 [0/60000 (0%)]	Loss: 91.218369
INFO:root:====> Epoch: 68 Average loss: 93.5304
INFO:root:Train Epoch: 69 [0/60000 (0%)]	Loss: 93.038872
INFO:root:====> Epoch: 69 Average loss: 93.4996
INFO:root:Train Epoch: 70 [0/60000 (0%)]	Loss: 96.663254
INFO:root:====> Epoch: 70 Average loss: 93.4482
INFO:root:Train Epoch: 71 [0/60000 (0%)]	Loss: 95.007866
INFO:root:====> Epoch: 71 Average loss: 93.4214
INFO:root:Train Epoch: 72 [0/60000 (0%)]	Loss: 96.253143
INFO:root:====> Epoch: 72 Average loss: 93.4066
INFO:root:Train Epoch: 73 [0/60000 (0%)]	Loss: 93.474426
INFO:root:====> Epoch: 73 Average loss: 93.3561
INFO:root:Train Epoch: 74 [0/60000 (0%)]	Loss: 91.839859
INFO:root:====> Epoch: 74 Average loss: 93.3115
INFO:root:Train Epoch: 75 [0/60000 (0%)]	Loss: 96.218513
INFO:root:====> Epoch: 75 Average loss: 93.3003
INFO:root:Train Epoch: 76 [0/60000 (0%)]	Loss: 94.129951
INFO:root:====> Epoch: 76 Average loss: 93.3064
INFO:root:Train Epoch: 77 [0/60000 (0%)]	Loss: 89.478035
INFO:root:====> Epoch: 77 Average loss: 93.2269
INFO:root:Train Epoch: 78 [0/60000 (0%)]	Loss: 89.242310
INFO:root:====> Epoch: 78 Average loss: 93.2424
INFO:root:Train Epoch: 79 [0/60000 (0%)]	Loss: 88.678993
INFO:root:====> Epoch: 79 Average loss: 93.2039
INFO:root:Train Epoch: 80 [0/60000 (0%)]	Loss: 95.298355
INFO:root:====> Epoch: 80 Average loss: 93.2195
INFO:root:Train Epoch: 81 [0/60000 (0%)]	Loss: 98.745850
INFO:root:====> Epoch: 81 Average loss: 93.1420
INFO:root:====> Test set loss: 87.8089
INFO:root:Train Epoch: 82 [0/60000 (0%)]	Loss: 90.049614
INFO:root:====> Epoch: 82 Average loss: 93.1086
INFO:root:Train Epoch: 83 [0/60000 (0%)]	Loss: 92.572418
INFO:root:====> Epoch: 83 Average loss: 93.1253
INFO:root:Train Epoch: 84 [0/60000 (0%)]	Loss: 90.025726
INFO:root:====> Epoch: 84 Average loss: 93.0847
INFO:root:Train Epoch: 85 [0/60000 (0%)]	Loss: 94.917038
INFO:root:====> Epoch: 85 Average loss: 93.0498
INFO:root:Train Epoch: 86 [0/60000 (0%)]	Loss: 92.926491
INFO:root:====> Epoch: 86 Average loss: 93.0428
INFO:root:Train Epoch: 87 [0/60000 (0%)]	Loss: 90.810135
INFO:root:====> Epoch: 87 Average loss: 92.9962
INFO:root:Train Epoch: 88 [0/60000 (0%)]	Loss: 94.276115
INFO:root:====> Epoch: 88 Average loss: 93.0100
INFO:root:Train Epoch: 89 [0/60000 (0%)]	Loss: 95.946777
INFO:root:====> Epoch: 89 Average loss: 92.9941
INFO:root:Train Epoch: 90 [0/60000 (0%)]	Loss: 90.580276
INFO:root:====> Epoch: 90 Average loss: 92.9631
INFO:root:Train Epoch: 91 [0/60000 (0%)]	Loss: 91.641876
INFO:root:====> Epoch: 91 Average loss: 92.9146
INFO:root:Train Epoch: 92 [0/60000 (0%)]	Loss: 93.513809
INFO:root:====> Epoch: 92 Average loss: 92.9302
INFO:root:Train Epoch: 93 [0/60000 (0%)]	Loss: 90.740959
INFO:root:====> Epoch: 93 Average loss: 92.8833
INFO:root:Train Epoch: 94 [0/60000 (0%)]	Loss: 93.065125
INFO:root:====> Epoch: 94 Average loss: 92.9003
INFO:root:Train Epoch: 95 [0/60000 (0%)]	Loss: 93.900642
INFO:root:====> Epoch: 95 Average loss: 92.8502
INFO:root:Train Epoch: 96 [0/60000 (0%)]	Loss: 91.577591
INFO:root:====> Epoch: 96 Average loss: 92.8350
INFO:root:Train Epoch: 97 [0/60000 (0%)]	Loss: 94.875465
INFO:root:====> Epoch: 97 Average loss: 92.8291
INFO:root:Train Epoch: 98 [0/60000 (0%)]	Loss: 90.226616
INFO:root:====> Epoch: 98 Average loss: 92.8009
INFO:root:Train Epoch: 99 [0/60000 (0%)]	Loss: 92.815857
INFO:root:====> Epoch: 99 Average loss: 92.8064
INFO:root:Train Epoch: 100 [0/60000 (0%)]	Loss: 93.523438
INFO:root:====> Epoch: 100 Average loss: 92.7523
INFO:root:Train Epoch: 101 [0/60000 (0%)]	Loss: 91.945038
INFO:root:====> Epoch: 101 Average loss: 92.7626
INFO:root:====> Test set loss: 87.6222
INFO:root:2020-04-12 09:31:46.760202
INFO:root:training finished
