Training on GPU
2020-04-25 15:00:16.316046
====== About to train for 1 epochs in round 0 with learning rate 0.0001========
Round number 0, Train Epoch: 0 [0/7803 (0%)]	Loss: 562.822949
====> Round 0: Epoch: 0 Average loss: 362.5342
2020-04-25 15:00:20.931093
/usr/local/lib/python3.6/dist-packages/torch/serialization.py:360: UserWarning: Couldn't retrieve source code for container of type silhouettes_model. It won't be checked for correctness upon loading.
  "type " + obj.__name__ + ". It won't be checked "
====> Round 0: Epoch 0: Test set loss: 268.6753
====== About to train for 2 epochs in round 1 with learning rate 7.5e-05========
Round number 1, Train Epoch: 0 [0/7803 (0%)]	Loss: 279.511768
====> Round 1: Epoch: 0 Average loss: 268.0847
Round number 1, Train Epoch: 1 [0/7803 (0%)]	Loss: 244.181445
====> Round 1: Epoch: 1 Average loss: 245.1989
2020-04-25 15:00:35.162754
====> Round 1: Epoch 1: Test set loss: 209.6420
====== About to train for 4 epochs in round 2 with learning rate 5.62e-05========
Round number 2, Train Epoch: 0 [0/7803 (0%)]	Loss: 227.808643
====> Round 2: Epoch: 0 Average loss: 233.7716
Round number 2, Train Epoch: 1 [0/7803 (0%)]	Loss: 201.038232
====> Round 2: Epoch: 1 Average loss: 226.7805
Round number 2, Train Epoch: 2 [0/7803 (0%)]	Loss: 202.230945
====> Round 2: Epoch: 2 Average loss: 222.2978
Round number 2, Train Epoch: 3 [0/7803 (0%)]	Loss: 214.844141
====> Round 2: Epoch: 3 Average loss: 218.5465
2020-04-25 15:00:57.467924
====> Round 2: Epoch 3: Test set loss: 185.8784
====== About to train for 8 epochs in round 3 with learning rate 4.22e-05========
Round number 3, Train Epoch: 0 [0/7803 (0%)]	Loss: 220.998267
====> Round 3: Epoch: 0 Average loss: 215.1902
Round number 3, Train Epoch: 1 [0/7803 (0%)]	Loss: 194.674707
====> Round 3: Epoch: 1 Average loss: 212.1114
Round number 3, Train Epoch: 2 [0/7803 (0%)]	Loss: 191.349512
====> Round 3: Epoch: 2 Average loss: 208.7117
Round number 3, Train Epoch: 3 [0/7803 (0%)]	Loss: 200.829517
====> Round 3: Epoch: 3 Average loss: 205.3889
Round number 3, Train Epoch: 4 [0/7803 (0%)]	Loss: 210.069214
====> Round 3: Epoch: 4 Average loss: 202.3646
Round number 3, Train Epoch: 5 [0/7803 (0%)]	Loss: 205.246484
====> Round 3: Epoch: 5 Average loss: 199.4789
Round number 3, Train Epoch: 6 [0/7803 (0%)]	Loss: 199.473767
====> Round 3: Epoch: 6 Average loss: 196.6000
Round number 3, Train Epoch: 7 [0/7803 (0%)]	Loss: 177.822778
====> Round 3: Epoch: 7 Average loss: 193.7913
2020-04-25 15:01:35.818498
====> Round 3: Epoch 7: Test set loss: 165.7089
====== About to train for 16 epochs in round 4 with learning rate 3.16e-05========
Round number 4, Train Epoch: 0 [0/7803 (0%)]	Loss: 192.959583
====> Round 4: Epoch: 0 Average loss: 191.2446
Round number 4, Train Epoch: 1 [0/7803 (0%)]	Loss: 176.867432
====> Round 4: Epoch: 1 Average loss: 189.2107
Round number 4, Train Epoch: 2 [0/7803 (0%)]	Loss: 210.005737
====> Round 4: Epoch: 2 Average loss: 187.3503
Round number 4, Train Epoch: 3 [0/7803 (0%)]	Loss: 223.867603
====> Round 4: Epoch: 3 Average loss: 185.5479
Round number 4, Train Epoch: 4 [0/7803 (0%)]	Loss: 180.372095
====> Round 4: Epoch: 4 Average loss: 183.8544
Round number 4, Train Epoch: 5 [0/7803 (0%)]	Loss: 177.333826
====> Round 4: Epoch: 5 Average loss: 182.2464
Round number 4, Train Epoch: 6 [0/7803 (0%)]	Loss: 198.925293
====> Round 4: Epoch: 6 Average loss: 180.6855
Round number 4, Train Epoch: 7 [0/7803 (0%)]	Loss: 175.605103
====> Round 4: Epoch: 7 Average loss: 179.2004
Round number 4, Train Epoch: 8 [0/7803 (0%)]	Loss: 172.358740
====> Round 4: Epoch: 8 Average loss: 177.7481
Round number 4, Train Epoch: 9 [0/7803 (0%)]	Loss: 187.865515
====> Round 4: Epoch: 9 Average loss: 176.3463
Round number 4, Train Epoch: 10 [0/7803 (0%)]	Loss: 166.653259
====> Round 4: Epoch: 10 Average loss: 174.9948
Round number 4, Train Epoch: 11 [0/7803 (0%)]	Loss: 149.618604
====> Round 4: Epoch: 11 Average loss: 173.7246
Round number 4, Train Epoch: 12 [0/7803 (0%)]	Loss: 178.068018
====> Round 4: Epoch: 12 Average loss: 172.4788
Round number 4, Train Epoch: 13 [0/7803 (0%)]	Loss: 149.286194
====> Round 4: Epoch: 13 Average loss: 171.3403
Round number 4, Train Epoch: 14 [0/7803 (0%)]	Loss: 177.406885
====> Round 4: Epoch: 14 Average loss: 170.2435
Round number 4, Train Epoch: 15 [0/7803 (0%)]	Loss: 156.416431
====> Round 4: Epoch: 15 Average loss: 169.2262
2020-04-25 15:02:46.071073
====> Round 4: Epoch 15: Test set loss: 147.4362
====== About to train for 32 epochs in round 5 with learning rate 2.37e-05========
Round number 5, Train Epoch: 0 [0/7803 (0%)]	Loss: 167.201367
====> Round 5: Epoch: 0 Average loss: 168.2436
Round number 5, Train Epoch: 1 [0/7803 (0%)]	Loss: 166.686133
====> Round 5: Epoch: 1 Average loss: 167.4984
Round number 5, Train Epoch: 2 [0/7803 (0%)]	Loss: 159.948096
====> Round 5: Epoch: 2 Average loss: 166.7875
Round number 5, Train Epoch: 3 [0/7803 (0%)]	Loss: 155.544263
====> Round 5: Epoch: 3 Average loss: 166.1070
Round number 5, Train Epoch: 4 [0/7803 (0%)]	Loss: 166.992285
====> Round 5: Epoch: 4 Average loss: 165.3999
Round number 5, Train Epoch: 5 [0/7803 (0%)]	Loss: 160.344946
====> Round 5: Epoch: 5 Average loss: 164.7303
Round number 5, Train Epoch: 6 [0/7803 (0%)]	Loss: 169.643738
====> Round 5: Epoch: 6 Average loss: 164.0847
Round number 5, Train Epoch: 7 [0/7803 (0%)]	Loss: 165.141833
====> Round 5: Epoch: 7 Average loss: 163.4237
Round number 5, Train Epoch: 8 [0/7803 (0%)]	Loss: 169.923730
====> Round 5: Epoch: 8 Average loss: 162.7876
Round number 5, Train Epoch: 9 [0/7803 (0%)]	Loss: 151.721814
====> Round 5: Epoch: 9 Average loss: 162.1674
Round number 5, Train Epoch: 10 [0/7803 (0%)]	Loss: 162.375134
====> Round 5: Epoch: 10 Average loss: 161.5779
Round number 5, Train Epoch: 11 [0/7803 (0%)]	Loss: 152.082703
====> Round 5: Epoch: 11 Average loss: 160.9524
Round number 5, Train Epoch: 12 [0/7803 (0%)]	Loss: 164.440112
====> Round 5: Epoch: 12 Average loss: 160.3257
Round number 5, Train Epoch: 13 [0/7803 (0%)]	Loss: 137.113928
====> Round 5: Epoch: 13 Average loss: 159.7556
Round number 5, Train Epoch: 14 [0/7803 (0%)]	Loss: 142.833301
====> Round 5: Epoch: 14 Average loss: 159.1310
Round number 5, Train Epoch: 15 [0/7803 (0%)]	Loss: 161.995410
====> Round 5: Epoch: 15 Average loss: 158.6067
Round number 5, Train Epoch: 16 [0/7803 (0%)]	Loss: 144.464185
====> Round 5: Epoch: 16 Average loss: 158.0422
Round number 5, Train Epoch: 17 [0/7803 (0%)]	Loss: 138.613916
====> Round 5: Epoch: 17 Average loss: 157.5024
Round number 5, Train Epoch: 18 [0/7803 (0%)]	Loss: 145.020740
====> Round 5: Epoch: 18 Average loss: 156.9689
Round number 5, Train Epoch: 19 [0/7803 (0%)]	Loss: 170.105908
====> Round 5: Epoch: 19 Average loss: 156.4379
Round number 5, Train Epoch: 20 [0/7803 (0%)]	Loss: 158.984521
====> Round 5: Epoch: 20 Average loss: 155.9090
Round number 5, Train Epoch: 21 [0/7803 (0%)]	Loss: 154.778784
====> Round 5: Epoch: 21 Average loss: 155.4284
Round number 5, Train Epoch: 22 [0/7803 (0%)]	Loss: 160.769702
====> Round 5: Epoch: 22 Average loss: 154.9413
Round number 5, Train Epoch: 23 [0/7803 (0%)]	Loss: 135.918481
====> Round 5: Epoch: 23 Average loss: 154.4253
Round number 5, Train Epoch: 24 [0/7803 (0%)]	Loss: 159.961450
====> Round 5: Epoch: 24 Average loss: 154.0060
Round number 5, Train Epoch: 25 [0/7803 (0%)]	Loss: 172.901672
====> Round 5: Epoch: 25 Average loss: 153.5063
Round number 5, Train Epoch: 26 [0/7803 (0%)]	Loss: 162.860803
====> Round 5: Epoch: 26 Average loss: 153.0437
Round number 5, Train Epoch: 27 [0/7803 (0%)]	Loss: 159.501868
====> Round 5: Epoch: 27 Average loss: 152.5946
Round number 5, Train Epoch: 28 [0/7803 (0%)]	Loss: 155.773682
====> Round 5: Epoch: 28 Average loss: 152.1366
Round number 5, Train Epoch: 29 [0/7803 (0%)]	Loss: 171.034668
====> Round 5: Epoch: 29 Average loss: 151.6849
Round number 5, Train Epoch: 30 [0/7803 (0%)]	Loss: 149.383606
====> Round 5: Epoch: 30 Average loss: 151.2525
Round number 5, Train Epoch: 31 [0/7803 (0%)]	Loss: 153.222974
====> Round 5: Epoch: 31 Average loss: 150.8049
2020-04-25 15:05:00.563967
====> Round 5: Epoch 31: Test set loss: 134.2740
====== About to train for 64 epochs in round 6 with learning rate 1.78e-05========
Round number 6, Train Epoch: 0 [0/7803 (0%)]	Loss: 160.894702
====> Round 6: Epoch: 0 Average loss: 150.3701
Round number 6, Train Epoch: 1 [0/7803 (0%)]	Loss: 169.575146
====> Round 6: Epoch: 1 Average loss: 150.0381
Round number 6, Train Epoch: 2 [0/7803 (0%)]	Loss: 164.426562
====> Round 6: Epoch: 2 Average loss: 149.7118
Round number 6, Train Epoch: 3 [0/7803 (0%)]	Loss: 173.414526
====> Round 6: Epoch: 3 Average loss: 149.4152
Round number 6, Train Epoch: 4 [0/7803 (0%)]	Loss: 151.276965
====> Round 6: Epoch: 4 Average loss: 149.0842
Round number 6, Train Epoch: 5 [0/7803 (0%)]	Loss: 151.754529
====> Round 6: Epoch: 5 Average loss: 148.7894
Round number 6, Train Epoch: 6 [0/7803 (0%)]	Loss: 156.394434
====> Round 6: Epoch: 6 Average loss: 148.5042
Round number 6, Train Epoch: 7 [0/7803 (0%)]	Loss: 141.614819
====> Round 6: Epoch: 7 Average loss: 148.1955
Round number 6, Train Epoch: 8 [0/7803 (0%)]	Loss: 137.276709
====> Round 6: Epoch: 8 Average loss: 147.8976
Round number 6, Train Epoch: 9 [0/7803 (0%)]	Loss: 122.118018
====> Round 6: Epoch: 9 Average loss: 147.6121
Round number 6, Train Epoch: 10 [0/7803 (0%)]	Loss: 166.266833
====> Round 6: Epoch: 10 Average loss: 147.3363
Round number 6, Train Epoch: 11 [0/7803 (0%)]	Loss: 151.418262
====> Round 6: Epoch: 11 Average loss: 147.0391
Round number 6, Train Epoch: 12 [0/7803 (0%)]	Loss: 147.483374
====> Round 6: Epoch: 12 Average loss: 146.7765
Round number 6, Train Epoch: 13 [0/7803 (0%)]	Loss: 123.483398
====> Round 6: Epoch: 13 Average loss: 146.5098
Round number 6, Train Epoch: 14 [0/7803 (0%)]	Loss: 170.654419
====> Round 6: Epoch: 14 Average loss: 146.2573
Round number 6, Train Epoch: 15 [0/7803 (0%)]	Loss: 134.816846
====> Round 6: Epoch: 15 Average loss: 145.9716
Round number 6, Train Epoch: 16 [0/7803 (0%)]	Loss: 134.272620
====> Round 6: Epoch: 16 Average loss: 145.7265
Round number 6, Train Epoch: 17 [0/7803 (0%)]	Loss: 126.574146
====> Round 6: Epoch: 17 Average loss: 145.4625
Round number 6, Train Epoch: 18 [0/7803 (0%)]	Loss: 137.541528
====> Round 6: Epoch: 18 Average loss: 145.2185
Round number 6, Train Epoch: 19 [0/7803 (0%)]	Loss: 133.220630
====> Round 6: Epoch: 19 Average loss: 144.9890
Round number 6, Train Epoch: 20 [0/7803 (0%)]	Loss: 147.538989
====> Round 6: Epoch: 20 Average loss: 144.7362
Round number 6, Train Epoch: 21 [0/7803 (0%)]	Loss: 138.851392
====> Round 6: Epoch: 21 Average loss: 144.4696
Round number 6, Train Epoch: 22 [0/7803 (0%)]	Loss: 152.699414
====> Round 6: Epoch: 22 Average loss: 144.2479
Round number 6, Train Epoch: 23 [0/7803 (0%)]	Loss: 127.667310
====> Round 6: Epoch: 23 Average loss: 144.0340
Round number 6, Train Epoch: 24 [0/7803 (0%)]	Loss: 155.196558
====> Round 6: Epoch: 24 Average loss: 143.8163
Round number 6, Train Epoch: 25 [0/7803 (0%)]	Loss: 143.761011
====> Round 6: Epoch: 25 Average loss: 143.5719
Round number 6, Train Epoch: 26 [0/7803 (0%)]	Loss: 146.958472
====> Round 6: Epoch: 26 Average loss: 143.3657
Round number 6, Train Epoch: 27 [0/7803 (0%)]	Loss: 135.157324
====> Round 6: Epoch: 27 Average loss: 143.1393
Round number 6, Train Epoch: 28 [0/7803 (0%)]	Loss: 143.729468
====> Round 6: Epoch: 28 Average loss: 142.9325
Round number 6, Train Epoch: 29 [0/7803 (0%)]	Loss: 157.738623
====> Round 6: Epoch: 29 Average loss: 142.7126
Round number 6, Train Epoch: 30 [0/7803 (0%)]	Loss: 152.075427
====> Round 6: Epoch: 30 Average loss: 142.5004
Round number 6, Train Epoch: 31 [0/7803 (0%)]	Loss: 137.732056
====> Round 6: Epoch: 31 Average loss: 142.2998
Round number 6, Train Epoch: 32 [0/7803 (0%)]	Loss: 159.223437
====> Round 6: Epoch: 32 Average loss: 142.1221
Round number 6, Train Epoch: 33 [0/7803 (0%)]	Loss: 136.133215
====> Round 6: Epoch: 33 Average loss: 141.9140
Round number 6, Train Epoch: 34 [0/7803 (0%)]	Loss: 140.869177
====> Round 6: Epoch: 34 Average loss: 141.7281
Round number 6, Train Epoch: 35 [0/7803 (0%)]	Loss: 157.901416
====> Round 6: Epoch: 35 Average loss: 141.5248
Round number 6, Train Epoch: 36 [0/7803 (0%)]	Loss: 125.291968
====> Round 6: Epoch: 36 Average loss: 141.3267
Round number 6, Train Epoch: 37 [0/7803 (0%)]	Loss: 161.076587
====> Round 6: Epoch: 37 Average loss: 141.1541
Round number 6, Train Epoch: 38 [0/7803 (0%)]	Loss: 126.966235
====> Round 6: Epoch: 38 Average loss: 140.9630
Round number 6, Train Epoch: 39 [0/7803 (0%)]	Loss: 143.411206
====> Round 6: Epoch: 39 Average loss: 140.7668
Round number 6, Train Epoch: 40 [0/7803 (0%)]	Loss: 123.319727
====> Round 6: Epoch: 40 Average loss: 140.5887
Round number 6, Train Epoch: 41 [0/7803 (0%)]	Loss: 134.697083
====> Round 6: Epoch: 41 Average loss: 140.4093
Round number 6, Train Epoch: 42 [0/7803 (0%)]	Loss: 145.376587
====> Round 6: Epoch: 42 Average loss: 140.2306
Round number 6, Train Epoch: 43 [0/7803 (0%)]	Loss: 139.248608
====> Round 6: Epoch: 43 Average loss: 140.0557
Round number 6, Train Epoch: 44 [0/7803 (0%)]	Loss: 135.069531
====> Round 6: Epoch: 44 Average loss: 139.8764
Round number 6, Train Epoch: 45 [0/7803 (0%)]	Loss: 141.294482
====> Round 6: Epoch: 45 Average loss: 139.6849
Round number 6, Train Epoch: 46 [0/7803 (0%)]	Loss: 136.804932
====> Round 6: Epoch: 46 Average loss: 139.5059
Round number 6, Train Epoch: 47 [0/7803 (0%)]	Loss: 134.643140
====> Round 6: Epoch: 47 Average loss: 139.3560
Round number 6, Train Epoch: 48 [0/7803 (0%)]	Loss: 136.272461
====> Round 6: Epoch: 48 Average loss: 139.1769
Round number 6, Train Epoch: 49 [0/7803 (0%)]	Loss: 156.560034
====> Round 6: Epoch: 49 Average loss: 139.0103
Round number 6, Train Epoch: 50 [0/7803 (0%)]	Loss: 147.799536
====> Round 6: Epoch: 50 Average loss: 138.8371
Round number 6, Train Epoch: 51 [0/7803 (0%)]	Loss: 155.449707
====> Round 6: Epoch: 51 Average loss: 138.6762
Round number 6, Train Epoch: 52 [0/7803 (0%)]	Loss: 140.798071
====> Round 6: Epoch: 52 Average loss: 138.5047
Round number 6, Train Epoch: 53 [0/7803 (0%)]	Loss: 142.012952
====> Round 6: Epoch: 53 Average loss: 138.3489
Round number 6, Train Epoch: 54 [0/7803 (0%)]	Loss: 130.068115
====> Round 6: Epoch: 54 Average loss: 138.1678
Round number 6, Train Epoch: 55 [0/7803 (0%)]	Loss: 111.885815
====> Round 6: Epoch: 55 Average loss: 137.9968
Round number 6, Train Epoch: 56 [0/7803 (0%)]	Loss: 142.961279
====> Round 6: Epoch: 56 Average loss: 137.8566
Round number 6, Train Epoch: 57 [0/7803 (0%)]	Loss: 146.702722
====> Round 6: Epoch: 57 Average loss: 137.7051
Round number 6, Train Epoch: 58 [0/7803 (0%)]	Loss: 141.045508
====> Round 6: Epoch: 58 Average loss: 137.5717
Round number 6, Train Epoch: 59 [0/7803 (0%)]	Loss: 138.059497
====> Round 6: Epoch: 59 Average loss: 137.3814
Round number 6, Train Epoch: 60 [0/7803 (0%)]	Loss: 155.029895
====> Round 6: Epoch: 60 Average loss: 137.2485
Round number 6, Train Epoch: 61 [0/7803 (0%)]	Loss: 169.004309
====> Round 6: Epoch: 61 Average loss: 137.0991
Round number 6, Train Epoch: 62 [0/7803 (0%)]	Loss: 132.533936
====> Round 6: Epoch: 62 Average loss: 136.9361
Round number 6, Train Epoch: 63 [0/7803 (0%)]	Loss: 150.381213
====> Round 6: Epoch: 63 Average loss: 136.8017
2020-04-25 15:09:21.842912
====> Round 6: Epoch 63: Test set loss: 124.2162
====== About to train for 128 epochs in round 7 with learning rate 1.33e-05========
Round number 7, Train Epoch: 0 [0/7803 (0%)]	Loss: 146.463525
====> Round 7: Epoch: 0 Average loss: 136.6223
Round number 7, Train Epoch: 1 [0/7803 (0%)]	Loss: 128.878430
====> Round 7: Epoch: 1 Average loss: 136.4951
Round number 7, Train Epoch: 2 [0/7803 (0%)]	Loss: 132.755664
====> Round 7: Epoch: 2 Average loss: 136.3921
Round number 7, Train Epoch: 3 [0/7803 (0%)]	Loss: 120.832666
====> Round 7: Epoch: 3 Average loss: 136.2647
Round number 7, Train Epoch: 4 [0/7803 (0%)]	Loss: 122.371411
====> Round 7: Epoch: 4 Average loss: 136.1828
Round number 7, Train Epoch: 5 [0/7803 (0%)]	Loss: 124.332031
====> Round 7: Epoch: 5 Average loss: 136.0686
Round number 7, Train Epoch: 6 [0/7803 (0%)]	Loss: 132.716772
====> Round 7: Epoch: 6 Average loss: 135.9600
Round number 7, Train Epoch: 7 [0/7803 (0%)]	Loss: 141.239587
====> Round 7: Epoch: 7 Average loss: 135.8535
Round number 7, Train Epoch: 8 [0/7803 (0%)]	Loss: 143.408557
====> Round 7: Epoch: 8 Average loss: 135.7495
Round number 7, Train Epoch: 9 [0/7803 (0%)]	Loss: 128.886560
====> Round 7: Epoch: 9 Average loss: 135.6365
Round number 7, Train Epoch: 10 [0/7803 (0%)]	Loss: 135.940894
====> Round 7: Epoch: 10 Average loss: 135.5374
Round number 7, Train Epoch: 11 [0/7803 (0%)]	Loss: 134.978516
====> Round 7: Epoch: 11 Average loss: 135.4441
Round number 7, Train Epoch: 12 [0/7803 (0%)]	Loss: 148.704187
====> Round 7: Epoch: 12 Average loss: 135.3518
Round number 7, Train Epoch: 13 [0/7803 (0%)]	Loss: 142.111670
====> Round 7: Epoch: 13 Average loss: 135.2349
Round number 7, Train Epoch: 14 [0/7803 (0%)]	Loss: 138.542468
====> Round 7: Epoch: 14 Average loss: 135.1454
Round number 7, Train Epoch: 15 [0/7803 (0%)]	Loss: 144.705322
====> Round 7: Epoch: 15 Average loss: 135.0403
Round number 7, Train Epoch: 16 [0/7803 (0%)]	Loss: 116.300146
====> Round 7: Epoch: 16 Average loss: 134.9218
Round number 7, Train Epoch: 17 [0/7803 (0%)]	Loss: 134.130896
====> Round 7: Epoch: 17 Average loss: 134.8515
Round number 7, Train Epoch: 18 [0/7803 (0%)]	Loss: 118.304834
====> Round 7: Epoch: 18 Average loss: 134.7585
Round number 7, Train Epoch: 19 [0/7803 (0%)]	Loss: 148.681458
====> Round 7: Epoch: 19 Average loss: 134.6509
Round number 7, Train Epoch: 20 [0/7803 (0%)]	Loss: 125.767651
====> Round 7: Epoch: 20 Average loss: 134.5608
Round number 7, Train Epoch: 21 [0/7803 (0%)]	Loss: 125.983521
====> Round 7: Epoch: 21 Average loss: 134.4814
Round number 7, Train Epoch: 22 [0/7803 (0%)]	Loss: 143.935583
====> Round 7: Epoch: 22 Average loss: 134.3713
Round number 7, Train Epoch: 23 [0/7803 (0%)]	Loss: 138.779712
====> Round 7: Epoch: 23 Average loss: 134.2736
Round number 7, Train Epoch: 24 [0/7803 (0%)]	Loss: 134.234790
====> Round 7: Epoch: 24 Average loss: 134.1839
Round number 7, Train Epoch: 25 [0/7803 (0%)]	Loss: 140.752246
====> Round 7: Epoch: 25 Average loss: 134.0984
Round number 7, Train Epoch: 26 [0/7803 (0%)]	Loss: 132.315063
====> Round 7: Epoch: 26 Average loss: 134.0099
Round number 7, Train Epoch: 27 [0/7803 (0%)]	Loss: 136.017236
====> Round 7: Epoch: 27 Average loss: 133.9005
Round number 7, Train Epoch: 28 [0/7803 (0%)]	Loss: 132.491064
====> Round 7: Epoch: 28 Average loss: 133.8298
Round number 7, Train Epoch: 29 [0/7803 (0%)]	Loss: 143.054871
====> Round 7: Epoch: 29 Average loss: 133.7434
Round number 7, Train Epoch: 30 [0/7803 (0%)]	Loss: 120.626563
====> Round 7: Epoch: 30 Average loss: 133.6645
Round number 7, Train Epoch: 31 [0/7803 (0%)]	Loss: 137.154053
====> Round 7: Epoch: 31 Average loss: 133.5730
Round number 7, Train Epoch: 32 [0/7803 (0%)]	Loss: 130.587439
====> Round 7: Epoch: 32 Average loss: 133.4920
Round number 7, Train Epoch: 33 [0/7803 (0%)]	Loss: 134.668835
====> Round 7: Epoch: 33 Average loss: 133.3899
Round number 7, Train Epoch: 34 [0/7803 (0%)]	Loss: 128.658496
====> Round 7: Epoch: 34 Average loss: 133.3104
Round number 7, Train Epoch: 35 [0/7803 (0%)]	Loss: 118.951392
====> Round 7: Epoch: 35 Average loss: 133.2222
Round number 7, Train Epoch: 36 [0/7803 (0%)]	Loss: 141.986536
====> Round 7: Epoch: 36 Average loss: 133.1373
Round number 7, Train Epoch: 37 [0/7803 (0%)]	Loss: 133.852856
====> Round 7: Epoch: 37 Average loss: 133.0533
Round number 7, Train Epoch: 38 [0/7803 (0%)]	Loss: 109.020251
====> Round 7: Epoch: 38 Average loss: 132.9562
Round number 7, Train Epoch: 39 [0/7803 (0%)]	Loss: 111.318750
====> Round 7: Epoch: 39 Average loss: 132.8853
Round number 7, Train Epoch: 40 [0/7803 (0%)]	Loss: 116.261255
====> Round 7: Epoch: 40 Average loss: 132.8009
Round number 7, Train Epoch: 41 [0/7803 (0%)]	Loss: 138.832178
====> Round 7: Epoch: 41 Average loss: 132.7104
Round number 7, Train Epoch: 42 [0/7803 (0%)]	Loss: 141.693359
====> Round 7: Epoch: 42 Average loss: 132.6546
Round number 7, Train Epoch: 43 [0/7803 (0%)]	Loss: 126.699658
====> Round 7: Epoch: 43 Average loss: 132.5604
Round number 7, Train Epoch: 44 [0/7803 (0%)]	Loss: 129.097302
====> Round 7: Epoch: 44 Average loss: 132.4642
Round number 7, Train Epoch: 45 [0/7803 (0%)]	Loss: 122.930640
====> Round 7: Epoch: 45 Average loss: 132.3941
Round number 7, Train Epoch: 46 [0/7803 (0%)]	Loss: 128.952148
====> Round 7: Epoch: 46 Average loss: 132.2842
Round number 7, Train Epoch: 47 [0/7803 (0%)]	Loss: 134.116455
====> Round 7: Epoch: 47 Average loss: 132.2365
Round number 7, Train Epoch: 48 [0/7803 (0%)]	Loss: 144.697302
====> Round 7: Epoch: 48 Average loss: 132.1646
Round number 7, Train Epoch: 49 [0/7803 (0%)]	Loss: 122.751440
====> Round 7: Epoch: 49 Average loss: 132.0608
Round number 7, Train Epoch: 50 [0/7803 (0%)]	Loss: 118.950073
====> Round 7: Epoch: 50 Average loss: 131.9927
Round number 7, Train Epoch: 51 [0/7803 (0%)]	Loss: 124.619434
====> Round 7: Epoch: 51 Average loss: 131.9119
Round number 7, Train Epoch: 52 [0/7803 (0%)]	Loss: 145.141846
====> Round 7: Epoch: 52 Average loss: 131.8521
Round number 7, Train Epoch: 53 [0/7803 (0%)]	Loss: 139.812866
====> Round 7: Epoch: 53 Average loss: 131.7482
Round number 7, Train Epoch: 54 [0/7803 (0%)]	Loss: 153.220166
====> Round 7: Epoch: 54 Average loss: 131.6651
Round number 7, Train Epoch: 55 [0/7803 (0%)]	Loss: 168.613623
====> Round 7: Epoch: 55 Average loss: 131.6023
Round number 7, Train Epoch: 56 [0/7803 (0%)]	Loss: 126.198523
====> Round 7: Epoch: 56 Average loss: 131.5095
Round number 7, Train Epoch: 57 [0/7803 (0%)]	Loss: 118.656714
====> Round 7: Epoch: 57 Average loss: 131.4335
Round number 7, Train Epoch: 58 [0/7803 (0%)]	Loss: 121.450220
====> Round 7: Epoch: 58 Average loss: 131.3681
Round number 7, Train Epoch: 59 [0/7803 (0%)]	Loss: 127.642798
====> Round 7: Epoch: 59 Average loss: 131.2895
Round number 7, Train Epoch: 60 [0/7803 (0%)]	Loss: 116.175232
====> Round 7: Epoch: 60 Average loss: 131.2183
Round number 7, Train Epoch: 61 [0/7803 (0%)]	Loss: 117.598352
====> Round 7: Epoch: 61 Average loss: 131.1268
Round number 7, Train Epoch: 62 [0/7803 (0%)]	Loss: 151.639282
====> Round 7: Epoch: 62 Average loss: 131.0716
Round number 7, Train Epoch: 63 [0/7803 (0%)]	Loss: 132.659302
====> Round 7: Epoch: 63 Average loss: 130.9883
Round number 7, Train Epoch: 64 [0/7803 (0%)]	Loss: 130.561694
====> Round 7: Epoch: 64 Average loss: 130.9000
Round number 7, Train Epoch: 65 [0/7803 (0%)]	Loss: 130.637036
====> Round 7: Epoch: 65 Average loss: 130.8197
Round number 7, Train Epoch: 66 [0/7803 (0%)]	Loss: 128.494702
====> Round 7: Epoch: 66 Average loss: 130.7531
Round number 7, Train Epoch: 67 [0/7803 (0%)]	Loss: 119.969922
====> Round 7: Epoch: 67 Average loss: 130.6910
Round number 7, Train Epoch: 68 [0/7803 (0%)]	Loss: 129.409729
====> Round 7: Epoch: 68 Average loss: 130.6252
Round number 7, Train Epoch: 69 [0/7803 (0%)]	Loss: 116.380786
====> Round 7: Epoch: 69 Average loss: 130.5524
Round number 7, Train Epoch: 70 [0/7803 (0%)]	Loss: 130.760669
====> Round 7: Epoch: 70 Average loss: 130.4759
Round number 7, Train Epoch: 71 [0/7803 (0%)]	Loss: 139.355151
====> Round 7: Epoch: 71 Average loss: 130.4049
Round number 7, Train Epoch: 72 [0/7803 (0%)]	Loss: 102.048468
====> Round 7: Epoch: 72 Average loss: 130.3359
Round number 7, Train Epoch: 73 [0/7803 (0%)]	Loss: 140.201685
====> Round 7: Epoch: 73 Average loss: 130.2481
Round number 7, Train Epoch: 74 [0/7803 (0%)]	Loss: 112.204028
====> Round 7: Epoch: 74 Average loss: 130.1931
Round number 7, Train Epoch: 75 [0/7803 (0%)]	Loss: 133.237598
====> Round 7: Epoch: 75 Average loss: 130.1142
Round number 7, Train Epoch: 76 [0/7803 (0%)]	Loss: 112.622778
====> Round 7: Epoch: 76 Average loss: 130.0524
Round number 7, Train Epoch: 77 [0/7803 (0%)]	Loss: 119.615576
====> Round 7: Epoch: 77 Average loss: 129.9603
Round number 7, Train Epoch: 78 [0/7803 (0%)]	Loss: 134.169336
====> Round 7: Epoch: 78 Average loss: 129.8934
Round number 7, Train Epoch: 79 [0/7803 (0%)]	Loss: 150.413977
====> Round 7: Epoch: 79 Average loss: 129.8204
Round number 7, Train Epoch: 80 [0/7803 (0%)]	Loss: 121.965625
====> Round 7: Epoch: 80 Average loss: 129.7559
Round number 7, Train Epoch: 81 [0/7803 (0%)]	Loss: 147.342798
====> Round 7: Epoch: 81 Average loss: 129.6825
Round number 7, Train Epoch: 82 [0/7803 (0%)]	Loss: 126.162915
====> Round 7: Epoch: 82 Average loss: 129.6216
Round number 7, Train Epoch: 83 [0/7803 (0%)]	Loss: 129.877698
====> Round 7: Epoch: 83 Average loss: 129.5616
Round number 7, Train Epoch: 84 [0/7803 (0%)]	Loss: 128.455542
====> Round 7: Epoch: 84 Average loss: 129.4836
Round number 7, Train Epoch: 85 [0/7803 (0%)]	Loss: 120.757666
====> Round 7: Epoch: 85 Average loss: 129.4034
Round number 7, Train Epoch: 86 [0/7803 (0%)]	Loss: 132.686658
====> Round 7: Epoch: 86 Average loss: 129.3462
Round number 7, Train Epoch: 87 [0/7803 (0%)]	Loss: 117.160400
====> Round 7: Epoch: 87 Average loss: 129.2766
Round number 7, Train Epoch: 88 [0/7803 (0%)]	Loss: 134.188110
====> Round 7: Epoch: 88 Average loss: 129.2153
Round number 7, Train Epoch: 89 [0/7803 (0%)]	Loss: 119.163745
====> Round 7: Epoch: 89 Average loss: 129.1436
Round number 7, Train Epoch: 90 [0/7803 (0%)]	Loss: 123.623254
====> Round 7: Epoch: 90 Average loss: 129.0805
Round number 7, Train Epoch: 91 [0/7803 (0%)]	Loss: 120.779724
====> Round 7: Epoch: 91 Average loss: 129.0117
Round number 7, Train Epoch: 92 [0/7803 (0%)]	Loss: 137.838965
====> Round 7: Epoch: 92 Average loss: 128.9481
Round number 7, Train Epoch: 93 [0/7803 (0%)]	Loss: 140.753418
====> Round 7: Epoch: 93 Average loss: 128.8863
Round number 7, Train Epoch: 94 [0/7803 (0%)]	Loss: 107.870923
====> Round 7: Epoch: 94 Average loss: 128.8253
Round number 7, Train Epoch: 95 [0/7803 (0%)]	Loss: 159.730908
====> Round 7: Epoch: 95 Average loss: 128.7499
Round number 7, Train Epoch: 96 [0/7803 (0%)]	Loss: 132.736523
====> Round 7: Epoch: 96 Average loss: 128.6802
Round number 7, Train Epoch: 97 [0/7803 (0%)]	Loss: 113.264148
====> Round 7: Epoch: 97 Average loss: 128.6248
Round number 7, Train Epoch: 98 [0/7803 (0%)]	Loss: 138.128503
====> Round 7: Epoch: 98 Average loss: 128.5478
Round number 7, Train Epoch: 99 [0/7803 (0%)]	Loss: 126.611523
====> Round 7: Epoch: 99 Average loss: 128.4868
Round number 7, Train Epoch: 100 [0/7803 (0%)]	Loss: 139.503931
====> Round 7: Epoch: 100 Average loss: 128.4202
Round number 7, Train Epoch: 101 [0/7803 (0%)]	Loss: 120.501892
====> Round 7: Epoch: 101 Average loss: 128.3699
Round number 7, Train Epoch: 102 [0/7803 (0%)]	Loss: 117.727869
====> Round 7: Epoch: 102 Average loss: 128.3232
Round number 7, Train Epoch: 103 [0/7803 (0%)]	Loss: 128.904980
====> Round 7: Epoch: 103 Average loss: 128.2423
Round number 7, Train Epoch: 104 [0/7803 (0%)]	Loss: 123.826562
====> Round 7: Epoch: 104 Average loss: 128.1877
Round number 7, Train Epoch: 105 [0/7803 (0%)]	Loss: 115.212622
====> Round 7: Epoch: 105 Average loss: 128.1191
Round number 7, Train Epoch: 106 [0/7803 (0%)]	Loss: 116.620190
====> Round 7: Epoch: 106 Average loss: 128.0523
Round number 7, Train Epoch: 107 [0/7803 (0%)]	Loss: 117.759619
====> Round 7: Epoch: 107 Average loss: 127.9734
Round number 7, Train Epoch: 108 [0/7803 (0%)]	Loss: 122.346704
====> Round 7: Epoch: 108 Average loss: 127.9535
Round number 7, Train Epoch: 109 [0/7803 (0%)]	Loss: 133.198499
====> Round 7: Epoch: 109 Average loss: 127.8800
Round number 7, Train Epoch: 110 [0/7803 (0%)]	Loss: 126.102893
====> Round 7: Epoch: 110 Average loss: 127.8284
Round number 7, Train Epoch: 111 [0/7803 (0%)]	Loss: 133.350439
====> Round 7: Epoch: 111 Average loss: 127.7582
Round number 7, Train Epoch: 112 [0/7803 (0%)]	Loss: 126.613293
====> Round 7: Epoch: 112 Average loss: 127.7002
Round number 7, Train Epoch: 113 [0/7803 (0%)]	Loss: 143.537354
====> Round 7: Epoch: 113 Average loss: 127.6520
Round number 7, Train Epoch: 114 [0/7803 (0%)]	Loss: 140.859253
====> Round 7: Epoch: 114 Average loss: 127.5739
Round number 7, Train Epoch: 115 [0/7803 (0%)]	Loss: 125.121484
====> Round 7: Epoch: 115 Average loss: 127.5213
Round number 7, Train Epoch: 116 [0/7803 (0%)]	Loss: 128.579529
====> Round 7: Epoch: 116 Average loss: 127.4429
Round number 7, Train Epoch: 117 [0/7803 (0%)]	Loss: 122.755542
====> Round 7: Epoch: 117 Average loss: 127.3929
Round number 7, Train Epoch: 118 [0/7803 (0%)]	Loss: 111.230103
====> Round 7: Epoch: 118 Average loss: 127.3561
Round number 7, Train Epoch: 119 [0/7803 (0%)]	Loss: 132.791431
====> Round 7: Epoch: 119 Average loss: 127.2868
Round number 7, Train Epoch: 120 [0/7803 (0%)]	Loss: 149.063745
====> Round 7: Epoch: 120 Average loss: 127.2455
Round number 7, Train Epoch: 121 [0/7803 (0%)]	Loss: 131.085876
====> Round 7: Epoch: 121 Average loss: 127.1826
Round number 7, Train Epoch: 122 [0/7803 (0%)]	Loss: 121.954468
====> Round 7: Epoch: 122 Average loss: 127.1462
Round number 7, Train Epoch: 123 [0/7803 (0%)]	Loss: 138.709277
====> Round 7: Epoch: 123 Average loss: 127.0704
Round number 7, Train Epoch: 124 [0/7803 (0%)]	Loss: 117.421387
====> Round 7: Epoch: 124 Average loss: 127.0198
Round number 7, Train Epoch: 125 [0/7803 (0%)]	Loss: 123.604468
====> Round 7: Epoch: 125 Average loss: 126.9694
Round number 7, Train Epoch: 126 [0/7803 (0%)]	Loss: 140.454980
====> Round 7: Epoch: 126 Average loss: 126.9020
Round number 7, Train Epoch: 127 [0/7803 (0%)]	Loss: 135.011475
====> Round 7: Epoch: 127 Average loss: 126.8648
2020-04-25 15:17:56.571049
====> Round 7: Epoch 127: Test set loss: 117.0120
====== About to train for 256 epochs in round 8 with learning rate 1e-05========
Round number 8, Train Epoch: 0 [0/7803 (0%)]	Loss: 147.980469
====> Round 8: Epoch: 0 Average loss: 126.7759
Round number 8, Train Epoch: 1 [0/7803 (0%)]	Loss: 131.956055
====> Round 8: Epoch: 1 Average loss: 126.7013
Round number 8, Train Epoch: 2 [0/7803 (0%)]	Loss: 131.155688
====> Round 8: Epoch: 2 Average loss: 126.6879
Round number 8, Train Epoch: 3 [0/7803 (0%)]	Loss: 121.382690
====> Round 8: Epoch: 3 Average loss: 126.6378
Round number 8, Train Epoch: 4 [0/7803 (0%)]	Loss: 136.017749
====> Round 8: Epoch: 4 Average loss: 126.6037
Round number 8, Train Epoch: 5 [0/7803 (0%)]	Loss: 151.255005
====> Round 8: Epoch: 5 Average loss: 126.5546
Round number 8, Train Epoch: 6 [0/7803 (0%)]	Loss: 111.336267
====> Round 8: Epoch: 6 Average loss: 126.5194
Round number 8, Train Epoch: 7 [0/7803 (0%)]	Loss: 137.717334
====> Round 8: Epoch: 7 Average loss: 126.4761
Round number 8, Train Epoch: 8 [0/7803 (0%)]	Loss: 148.044922
====> Round 8: Epoch: 8 Average loss: 126.4336
Round number 8, Train Epoch: 9 [0/7803 (0%)]	Loss: 116.301855
====> Round 8: Epoch: 9 Average loss: 126.3989
Round number 8, Train Epoch: 10 [0/7803 (0%)]	Loss: 129.454858
====> Round 8: Epoch: 10 Average loss: 126.3691
Round number 8, Train Epoch: 11 [0/7803 (0%)]	Loss: 113.377612
====> Round 8: Epoch: 11 Average loss: 126.3079
Round number 8, Train Epoch: 12 [0/7803 (0%)]	Loss: 117.703442
====> Round 8: Epoch: 12 Average loss: 126.2959
Round number 8, Train Epoch: 13 [0/7803 (0%)]	Loss: 144.039844
====> Round 8: Epoch: 13 Average loss: 126.2379
Round number 8, Train Epoch: 14 [0/7803 (0%)]	Loss: 121.271008
====> Round 8: Epoch: 14 Average loss: 126.1998
Round number 8, Train Epoch: 15 [0/7803 (0%)]	Loss: 143.542297
====> Round 8: Epoch: 15 Average loss: 126.1703
Round number 8, Train Epoch: 16 [0/7803 (0%)]	Loss: 126.302441
====> Round 8: Epoch: 16 Average loss: 126.1344
Round number 8, Train Epoch: 17 [0/7803 (0%)]	Loss: 114.965479
====> Round 8: Epoch: 17 Average loss: 126.0970
Round number 8, Train Epoch: 18 [0/7803 (0%)]	Loss: 138.336182
====> Round 8: Epoch: 18 Average loss: 126.0423
Round number 8, Train Epoch: 19 [0/7803 (0%)]	Loss: 134.893457
====> Round 8: Epoch: 19 Average loss: 126.0126
Round number 8, Train Epoch: 20 [0/7803 (0%)]	Loss: 109.824243
====> Round 8: Epoch: 20 Average loss: 125.9830
Round number 8, Train Epoch: 21 [0/7803 (0%)]	Loss: 115.106189
====> Round 8: Epoch: 21 Average loss: 125.9284
Round number 8, Train Epoch: 22 [0/7803 (0%)]	Loss: 129.920972
====> Round 8: Epoch: 22 Average loss: 125.8813
Round number 8, Train Epoch: 23 [0/7803 (0%)]	Loss: 144.555640
====> Round 8: Epoch: 23 Average loss: 125.8651
Round number 8, Train Epoch: 24 [0/7803 (0%)]	Loss: 128.873145
====> Round 8: Epoch: 24 Average loss: 125.8036
Round number 8, Train Epoch: 25 [0/7803 (0%)]	Loss: 123.164294
====> Round 8: Epoch: 25 Average loss: 125.7843
Round number 8, Train Epoch: 26 [0/7803 (0%)]	Loss: 121.782959
====> Round 8: Epoch: 26 Average loss: 125.7489
Round number 8, Train Epoch: 27 [0/7803 (0%)]	Loss: 119.844165
====> Round 8: Epoch: 27 Average loss: 125.7239
Round number 8, Train Epoch: 28 [0/7803 (0%)]	Loss: 130.427747
====> Round 8: Epoch: 28 Average loss: 125.6777
Round number 8, Train Epoch: 29 [0/7803 (0%)]	Loss: 108.798755
====> Round 8: Epoch: 29 Average loss: 125.6235
Round number 8, Train Epoch: 30 [0/7803 (0%)]	Loss: 151.761108
====> Round 8: Epoch: 30 Average loss: 125.6100
Round number 8, Train Epoch: 31 [0/7803 (0%)]	Loss: 118.916431
====> Round 8: Epoch: 31 Average loss: 125.5647
Round number 8, Train Epoch: 32 [0/7803 (0%)]	Loss: 144.326074
====> Round 8: Epoch: 32 Average loss: 125.5226
Round number 8, Train Epoch: 33 [0/7803 (0%)]	Loss: 131.524316
====> Round 8: Epoch: 33 Average loss: 125.4888
Round number 8, Train Epoch: 34 [0/7803 (0%)]	Loss: 121.056274
====> Round 8: Epoch: 34 Average loss: 125.4561
Round number 8, Train Epoch: 35 [0/7803 (0%)]	Loss: 134.480811
====> Round 8: Epoch: 35 Average loss: 125.4235
Round number 8, Train Epoch: 36 [0/7803 (0%)]	Loss: 137.741992
====> Round 8: Epoch: 36 Average loss: 125.3893
Round number 8, Train Epoch: 37 [0/7803 (0%)]	Loss: 115.496179
====> Round 8: Epoch: 37 Average loss: 125.3452
Round number 8, Train Epoch: 38 [0/7803 (0%)]	Loss: 121.331421
====> Round 8: Epoch: 38 Average loss: 125.3191
Round number 8, Train Epoch: 39 [0/7803 (0%)]	Loss: 107.731909
====> Round 8: Epoch: 39 Average loss: 125.2677
Round number 8, Train Epoch: 40 [0/7803 (0%)]	Loss: 128.866663
====> Round 8: Epoch: 40 Average loss: 125.2494
Round number 8, Train Epoch: 41 [0/7803 (0%)]	Loss: 131.537793
====> Round 8: Epoch: 41 Average loss: 125.1918
Round number 8, Train Epoch: 42 [0/7803 (0%)]	Loss: 123.980762
====> Round 8: Epoch: 42 Average loss: 125.1750
Round number 8, Train Epoch: 43 [0/7803 (0%)]	Loss: 132.677148
====> Round 8: Epoch: 43 Average loss: 125.1372
Round number 8, Train Epoch: 44 [0/7803 (0%)]	Loss: 109.101294
====> Round 8: Epoch: 44 Average loss: 125.0987
Round number 8, Train Epoch: 45 [0/7803 (0%)]	Loss: 111.802112
====> Round 8: Epoch: 45 Average loss: 125.0550
Round number 8, Train Epoch: 46 [0/7803 (0%)]	Loss: 113.318115
====> Round 8: Epoch: 46 Average loss: 125.0177
Round number 8, Train Epoch: 47 [0/7803 (0%)]	Loss: 138.219104
====> Round 8: Epoch: 47 Average loss: 124.9688
Round number 8, Train Epoch: 48 [0/7803 (0%)]	Loss: 118.894739
====> Round 8: Epoch: 48 Average loss: 124.9569
Round number 8, Train Epoch: 49 [0/7803 (0%)]	Loss: 121.796191
====> Round 8: Epoch: 49 Average loss: 124.9195
Round number 8, Train Epoch: 50 [0/7803 (0%)]	Loss: 131.307397
====> Round 8: Epoch: 50 Average loss: 124.8889
Round number 8, Train Epoch: 51 [0/7803 (0%)]	Loss: 107.808765
====> Round 8: Epoch: 51 Average loss: 124.8521
Round number 8, Train Epoch: 52 [0/7803 (0%)]	Loss: 116.226965
====> Round 8: Epoch: 52 Average loss: 124.8094
Round number 8, Train Epoch: 53 [0/7803 (0%)]	Loss: 126.263184
====> Round 8: Epoch: 53 Average loss: 124.7681
Round number 8, Train Epoch: 54 [0/7803 (0%)]	Loss: 130.786182
====> Round 8: Epoch: 54 Average loss: 124.7342
Round number 8, Train Epoch: 55 [0/7803 (0%)]	Loss: 126.436206
====> Round 8: Epoch: 55 Average loss: 124.7212
Round number 8, Train Epoch: 56 [0/7803 (0%)]	Loss: 124.545312
====> Round 8: Epoch: 56 Average loss: 124.6617
Round number 8, Train Epoch: 57 [0/7803 (0%)]	Loss: 139.236462
====> Round 8: Epoch: 57 Average loss: 124.6535
Round number 8, Train Epoch: 58 [0/7803 (0%)]	Loss: 144.843433
====> Round 8: Epoch: 58 Average loss: 124.5985
Round number 8, Train Epoch: 59 [0/7803 (0%)]	Loss: 131.261963
====> Round 8: Epoch: 59 Average loss: 124.5780
Round number 8, Train Epoch: 60 [0/7803 (0%)]	Loss: 112.234973
====> Round 8: Epoch: 60 Average loss: 124.5254
Round number 8, Train Epoch: 61 [0/7803 (0%)]	Loss: 146.431763
====> Round 8: Epoch: 61 Average loss: 124.4932
Round number 8, Train Epoch: 62 [0/7803 (0%)]	Loss: 123.872290
====> Round 8: Epoch: 62 Average loss: 124.4553
Round number 8, Train Epoch: 63 [0/7803 (0%)]	Loss: 107.485693
====> Round 8: Epoch: 63 Average loss: 124.4460
Round number 8, Train Epoch: 64 [0/7803 (0%)]	Loss: 149.996826
====> Round 8: Epoch: 64 Average loss: 124.3802
Round number 8, Train Epoch: 65 [0/7803 (0%)]	Loss: 141.919019
====> Round 8: Epoch: 65 Average loss: 124.3560
Round number 8, Train Epoch: 66 [0/7803 (0%)]	Loss: 120.504602
====> Round 8: Epoch: 66 Average loss: 124.3271
Round number 8, Train Epoch: 67 [0/7803 (0%)]	Loss: 126.479919
====> Round 8: Epoch: 67 Average loss: 124.2798
Round number 8, Train Epoch: 68 [0/7803 (0%)]	Loss: 130.688525
====> Round 8: Epoch: 68 Average loss: 124.2696
Round number 8, Train Epoch: 69 [0/7803 (0%)]	Loss: 114.879785
====> Round 8: Epoch: 69 Average loss: 124.2330
Round number 8, Train Epoch: 70 [0/7803 (0%)]	Loss: 120.215747
====> Round 8: Epoch: 70 Average loss: 124.2044
Round number 8, Train Epoch: 71 [0/7803 (0%)]	Loss: 127.213391
====> Round 8: Epoch: 71 Average loss: 124.1465
Round number 8, Train Epoch: 72 [0/7803 (0%)]	Loss: 113.363306
====> Round 8: Epoch: 72 Average loss: 124.1220
Round number 8, Train Epoch: 73 [0/7803 (0%)]	Loss: 120.031775
====> Round 8: Epoch: 73 Average loss: 124.0919
Round number 8, Train Epoch: 74 [0/7803 (0%)]	Loss: 110.183276
====> Round 8: Epoch: 74 Average loss: 124.0620
Round number 8, Train Epoch: 75 [0/7803 (0%)]	Loss: 112.940723
====> Round 8: Epoch: 75 Average loss: 124.0344
Round number 8, Train Epoch: 76 [0/7803 (0%)]	Loss: 108.999780
====> Round 8: Epoch: 76 Average loss: 123.9895
Round number 8, Train Epoch: 77 [0/7803 (0%)]	Loss: 140.973962
====> Round 8: Epoch: 77 Average loss: 123.9433
Round number 8, Train Epoch: 78 [0/7803 (0%)]	Loss: 112.508374
====> Round 8: Epoch: 78 Average loss: 123.9315
Round number 8, Train Epoch: 79 [0/7803 (0%)]	Loss: 128.093262
====> Round 8: Epoch: 79 Average loss: 123.8945
Round number 8, Train Epoch: 80 [0/7803 (0%)]	Loss: 114.256934
====> Round 8: Epoch: 80 Average loss: 123.8603
Round number 8, Train Epoch: 81 [0/7803 (0%)]	Loss: 131.782031
====> Round 8: Epoch: 81 Average loss: 123.8373
Round number 8, Train Epoch: 82 [0/7803 (0%)]	Loss: 119.126172
====> Round 8: Epoch: 82 Average loss: 123.7902
Round number 8, Train Epoch: 83 [0/7803 (0%)]	Loss: 115.054468
====> Round 8: Epoch: 83 Average loss: 123.7714
Round number 8, Train Epoch: 84 [0/7803 (0%)]	Loss: 123.231470
====> Round 8: Epoch: 84 Average loss: 123.7291
Round number 8, Train Epoch: 85 [0/7803 (0%)]	Loss: 135.745679
====> Round 8: Epoch: 85 Average loss: 123.6782
Round number 8, Train Epoch: 86 [0/7803 (0%)]	Loss: 128.203528
====> Round 8: Epoch: 86 Average loss: 123.6650
Round number 8, Train Epoch: 87 [0/7803 (0%)]	Loss: 119.001636
====> Round 8: Epoch: 87 Average loss: 123.6191
Round number 8, Train Epoch: 88 [0/7803 (0%)]	Loss: 134.378015
====> Round 8: Epoch: 88 Average loss: 123.5986
Round number 8, Train Epoch: 89 [0/7803 (0%)]	Loss: 122.267737
====> Round 8: Epoch: 89 Average loss: 123.5607
Round number 8, Train Epoch: 90 [0/7803 (0%)]	Loss: 119.658386
====> Round 8: Epoch: 90 Average loss: 123.5307
Round number 8, Train Epoch: 91 [0/7803 (0%)]	Loss: 118.162939
====> Round 8: Epoch: 91 Average loss: 123.4897
Round number 8, Train Epoch: 92 [0/7803 (0%)]	Loss: 116.888062
====> Round 8: Epoch: 92 Average loss: 123.4770
Round number 8, Train Epoch: 93 [0/7803 (0%)]	Loss: 108.482251
====> Round 8: Epoch: 93 Average loss: 123.4330
Round number 8, Train Epoch: 94 [0/7803 (0%)]	Loss: 109.018164
====> Round 8: Epoch: 94 Average loss: 123.3946
Round number 8, Train Epoch: 95 [0/7803 (0%)]	Loss: 113.423975
====> Round 8: Epoch: 95 Average loss: 123.3573
Round number 8, Train Epoch: 96 [0/7803 (0%)]	Loss: 110.228320
====> Round 8: Epoch: 96 Average loss: 123.3404
Round number 8, Train Epoch: 97 [0/7803 (0%)]	Loss: 116.389282
====> Round 8: Epoch: 97 Average loss: 123.2981
Round number 8, Train Epoch: 98 [0/7803 (0%)]	Loss: 126.388892
====> Round 8: Epoch: 98 Average loss: 123.2798
Round number 8, Train Epoch: 99 [0/7803 (0%)]	Loss: 119.958691
====> Round 8: Epoch: 99 Average loss: 123.2410
Round number 8, Train Epoch: 100 [0/7803 (0%)]	Loss: 115.853455
====> Round 8: Epoch: 100 Average loss: 123.1954
Round number 8, Train Epoch: 101 [0/7803 (0%)]	Loss: 112.484375
====> Round 8: Epoch: 101 Average loss: 123.1818
Round number 8, Train Epoch: 102 [0/7803 (0%)]	Loss: 119.134216
====> Round 8: Epoch: 102 Average loss: 123.1522
Round number 8, Train Epoch: 103 [0/7803 (0%)]	Loss: 117.038110
====> Round 8: Epoch: 103 Average loss: 123.1260
Round number 8, Train Epoch: 104 [0/7803 (0%)]	Loss: 109.972729
====> Round 8: Epoch: 104 Average loss: 123.0783
Round number 8, Train Epoch: 105 [0/7803 (0%)]	Loss: 134.929065
====> Round 8: Epoch: 105 Average loss: 123.0425
Round number 8, Train Epoch: 106 [0/7803 (0%)]	Loss: 126.295679
====> Round 8: Epoch: 106 Average loss: 123.0156
Round number 8, Train Epoch: 107 [0/7803 (0%)]	Loss: 124.799658
====> Round 8: Epoch: 107 Average loss: 122.9869
Round number 8, Train Epoch: 108 [0/7803 (0%)]	Loss: 123.623059
====> Round 8: Epoch: 108 Average loss: 122.9383
Round number 8, Train Epoch: 109 [0/7803 (0%)]	Loss: 123.760596
====> Round 8: Epoch: 109 Average loss: 122.9187
Round number 8, Train Epoch: 110 [0/7803 (0%)]	Loss: 107.405713
====> Round 8: Epoch: 110 Average loss: 122.8758
Round number 8, Train Epoch: 111 [0/7803 (0%)]	Loss: 109.991919
====> Round 8: Epoch: 111 Average loss: 122.8542
Round number 8, Train Epoch: 112 [0/7803 (0%)]	Loss: 134.513013
====> Round 8: Epoch: 112 Average loss: 122.8257
Round number 8, Train Epoch: 113 [0/7803 (0%)]	Loss: 113.622070
====> Round 8: Epoch: 113 Average loss: 122.7893
Round number 8, Train Epoch: 114 [0/7803 (0%)]	Loss: 112.604614
====> Round 8: Epoch: 114 Average loss: 122.7560
Round number 8, Train Epoch: 115 [0/7803 (0%)]	Loss: 123.755176
====> Round 8: Epoch: 115 Average loss: 122.7210
Round number 8, Train Epoch: 116 [0/7803 (0%)]	Loss: 122.727124
====> Round 8: Epoch: 116 Average loss: 122.6906
Round number 8, Train Epoch: 117 [0/7803 (0%)]	Loss: 135.134314
====> Round 8: Epoch: 117 Average loss: 122.6576
Round number 8, Train Epoch: 118 [0/7803 (0%)]	Loss: 108.662854
====> Round 8: Epoch: 118 Average loss: 122.6419
Round number 8, Train Epoch: 119 [0/7803 (0%)]	Loss: 124.066138
====> Round 8: Epoch: 119 Average loss: 122.5863
Round number 8, Train Epoch: 120 [0/7803 (0%)]	Loss: 129.100989
====> Round 8: Epoch: 120 Average loss: 122.5782
Round number 8, Train Epoch: 121 [0/7803 (0%)]	Loss: 125.779211
====> Round 8: Epoch: 121 Average loss: 122.5441
Round number 8, Train Epoch: 122 [0/7803 (0%)]	Loss: 113.495801
====> Round 8: Epoch: 122 Average loss: 122.5046
Round number 8, Train Epoch: 123 [0/7803 (0%)]	Loss: 132.754102
====> Round 8: Epoch: 123 Average loss: 122.4875
Round number 8, Train Epoch: 124 [0/7803 (0%)]	Loss: 121.347815
====> Round 8: Epoch: 124 Average loss: 122.4489
Round number 8, Train Epoch: 125 [0/7803 (0%)]	Loss: 127.263818
====> Round 8: Epoch: 125 Average loss: 122.4072
Round number 8, Train Epoch: 126 [0/7803 (0%)]	Loss: 115.224512
====> Round 8: Epoch: 126 Average loss: 122.3828
Round number 8, Train Epoch: 127 [0/7803 (0%)]	Loss: 113.730713
====> Round 8: Epoch: 127 Average loss: 122.3615
Round number 8, Train Epoch: 128 [0/7803 (0%)]	Loss: 120.092651
====> Round 8: Epoch: 128 Average loss: 122.2991
Round number 8, Train Epoch: 129 [0/7803 (0%)]	Loss: 115.908325
====> Round 8: Epoch: 129 Average loss: 122.2922
Round number 8, Train Epoch: 130 [0/7803 (0%)]	Loss: 126.204639
====> Round 8: Epoch: 130 Average loss: 122.2695
Round number 8, Train Epoch: 131 [0/7803 (0%)]	Loss: 142.426270
====> Round 8: Epoch: 131 Average loss: 122.2283
Round number 8, Train Epoch: 132 [0/7803 (0%)]	Loss: 133.628125
====> Round 8: Epoch: 132 Average loss: 122.1890
Round number 8, Train Epoch: 133 [0/7803 (0%)]	Loss: 111.621216
====> Round 8: Epoch: 133 Average loss: 122.1617
Round number 8, Train Epoch: 134 [0/7803 (0%)]	Loss: 114.341614
====> Round 8: Epoch: 134 Average loss: 122.1274
Round number 8, Train Epoch: 135 [0/7803 (0%)]	Loss: 103.799414
====> Round 8: Epoch: 135 Average loss: 122.1034
Round number 8, Train Epoch: 136 [0/7803 (0%)]	Loss: 119.534412
====> Round 8: Epoch: 136 Average loss: 122.0819
Round number 8, Train Epoch: 137 [0/7803 (0%)]	Loss: 142.596533
====> Round 8: Epoch: 137 Average loss: 122.0293
Round number 8, Train Epoch: 138 [0/7803 (0%)]	Loss: 113.219580
====> Round 8: Epoch: 138 Average loss: 122.0306
Round number 8, Train Epoch: 139 [0/7803 (0%)]	Loss: 140.026636
====> Round 8: Epoch: 139 Average loss: 121.9739
Round number 8, Train Epoch: 140 [0/7803 (0%)]	Loss: 108.238989
====> Round 8: Epoch: 140 Average loss: 121.9225
Round number 8, Train Epoch: 141 [0/7803 (0%)]	Loss: 127.565198
====> Round 8: Epoch: 141 Average loss: 121.8975
Round number 8, Train Epoch: 142 [0/7803 (0%)]	Loss: 110.407056
====> Round 8: Epoch: 142 Average loss: 121.8751
Round number 8, Train Epoch: 143 [0/7803 (0%)]	Loss: 126.228638
====> Round 8: Epoch: 143 Average loss: 121.8496
Round number 8, Train Epoch: 144 [0/7803 (0%)]	Loss: 98.486224
====> Round 8: Epoch: 144 Average loss: 121.8142
Round number 8, Train Epoch: 145 [0/7803 (0%)]	Loss: 118.063440
====> Round 8: Epoch: 145 Average loss: 121.7952
Round number 8, Train Epoch: 146 [0/7803 (0%)]	Loss: 119.181934
====> Round 8: Epoch: 146 Average loss: 121.7619
Round number 8, Train Epoch: 147 [0/7803 (0%)]	Loss: 115.642126
====> Round 8: Epoch: 147 Average loss: 121.7187
Round number 8, Train Epoch: 148 [0/7803 (0%)]	Loss: 120.494482
====> Round 8: Epoch: 148 Average loss: 121.6969
Round number 8, Train Epoch: 149 [0/7803 (0%)]	Loss: 138.057129
====> Round 8: Epoch: 149 Average loss: 121.6571
Round number 8, Train Epoch: 150 [0/7803 (0%)]	Loss: 129.001636
====> Round 8: Epoch: 150 Average loss: 121.6355
Round number 8, Train Epoch: 151 [0/7803 (0%)]	Loss: 115.289160
====> Round 8: Epoch: 151 Average loss: 121.6077
Round number 8, Train Epoch: 152 [0/7803 (0%)]	Loss: 109.988062
====> Round 8: Epoch: 152 Average loss: 121.5771
Round number 8, Train Epoch: 153 [0/7803 (0%)]	Loss: 113.112183
====> Round 8: Epoch: 153 Average loss: 121.5374
Round number 8, Train Epoch: 154 [0/7803 (0%)]	Loss: 117.865417
====> Round 8: Epoch: 154 Average loss: 121.5130
Round number 8, Train Epoch: 155 [0/7803 (0%)]	Loss: 123.441260
====> Round 8: Epoch: 155 Average loss: 121.4957
Round number 8, Train Epoch: 156 [0/7803 (0%)]	Loss: 123.329126
====> Round 8: Epoch: 156 Average loss: 121.4444
Round number 8, Train Epoch: 157 [0/7803 (0%)]	Loss: 129.828906
====> Round 8: Epoch: 157 Average loss: 121.4254
Round number 8, Train Epoch: 158 [0/7803 (0%)]	Loss: 132.617297
====> Round 8: Epoch: 158 Average loss: 121.3909
Round number 8, Train Epoch: 159 [0/7803 (0%)]	Loss: 109.504517
====> Round 8: Epoch: 159 Average loss: 121.3632
Round number 8, Train Epoch: 160 [0/7803 (0%)]	Loss: 108.917371
====> Round 8: Epoch: 160 Average loss: 121.3189
Round number 8, Train Epoch: 161 [0/7803 (0%)]	Loss: 121.234216
====> Round 8: Epoch: 161 Average loss: 121.2857
Round number 8, Train Epoch: 162 [0/7803 (0%)]	Loss: 130.090479
====> Round 8: Epoch: 162 Average loss: 121.2593
Round number 8, Train Epoch: 163 [0/7803 (0%)]	Loss: 107.817993
====> Round 8: Epoch: 163 Average loss: 121.2410
Round number 8, Train Epoch: 164 [0/7803 (0%)]	Loss: 131.554688
====> Round 8: Epoch: 164 Average loss: 121.2121
Round number 8, Train Epoch: 165 [0/7803 (0%)]	Loss: 117.378003
====> Round 8: Epoch: 165 Average loss: 121.1725
Round number 8, Train Epoch: 166 [0/7803 (0%)]	Loss: 108.529834
====> Round 8: Epoch: 166 Average loss: 121.1398
Round number 8, Train Epoch: 167 [0/7803 (0%)]	Loss: 124.939087
====> Round 8: Epoch: 167 Average loss: 121.1147
Round number 8, Train Epoch: 168 [0/7803 (0%)]	Loss: 123.417114
====> Round 8: Epoch: 168 Average loss: 121.0787
Round number 8, Train Epoch: 169 [0/7803 (0%)]	Loss: 128.773657
====> Round 8: Epoch: 169 Average loss: 121.0579
Round number 8, Train Epoch: 170 [0/7803 (0%)]	Loss: 127.489746
====> Round 8: Epoch: 170 Average loss: 121.0271
Round number 8, Train Epoch: 171 [0/7803 (0%)]	Loss: 128.296973
====> Round 8: Epoch: 171 Average loss: 120.9984
Round number 8, Train Epoch: 172 [0/7803 (0%)]	Loss: 118.539038
====> Round 8: Epoch: 172 Average loss: 120.9697
Round number 8, Train Epoch: 173 [0/7803 (0%)]	Loss: 131.949963
====> Round 8: Epoch: 173 Average loss: 120.9365
Round number 8, Train Epoch: 174 [0/7803 (0%)]	Loss: 124.241089
====> Round 8: Epoch: 174 Average loss: 120.9246
Round number 8, Train Epoch: 175 [0/7803 (0%)]	Loss: 115.069324
====> Round 8: Epoch: 175 Average loss: 120.8649
Round number 8, Train Epoch: 176 [0/7803 (0%)]	Loss: 113.791077
====> Round 8: Epoch: 176 Average loss: 120.8416
Round number 8, Train Epoch: 177 [0/7803 (0%)]	Loss: 134.375098
====> Round 8: Epoch: 177 Average loss: 120.8187
Round number 8, Train Epoch: 178 [0/7803 (0%)]	Loss: 133.821777
====> Round 8: Epoch: 178 Average loss: 120.7621
Round number 8, Train Epoch: 179 [0/7803 (0%)]	Loss: 128.537085
====> Round 8: Epoch: 179 Average loss: 120.7554
Round number 8, Train Epoch: 180 [0/7803 (0%)]	Loss: 99.514581
====> Round 8: Epoch: 180 Average loss: 120.7230
Round number 8, Train Epoch: 181 [0/7803 (0%)]	Loss: 141.552234
====> Round 8: Epoch: 181 Average loss: 120.6935
Round number 8, Train Epoch: 182 [0/7803 (0%)]	Loss: 126.469971
====> Round 8: Epoch: 182 Average loss: 120.6681
Round number 8, Train Epoch: 183 [0/7803 (0%)]	Loss: 121.211133
====> Round 8: Epoch: 183 Average loss: 120.6475
Round number 8, Train Epoch: 184 [0/7803 (0%)]	Loss: 117.669519
====> Round 8: Epoch: 184 Average loss: 120.5970
Round number 8, Train Epoch: 185 [0/7803 (0%)]	Loss: 126.396338
====> Round 8: Epoch: 185 Average loss: 120.5816
Round number 8, Train Epoch: 186 [0/7803 (0%)]	Loss: 93.748450
====> Round 8: Epoch: 186 Average loss: 120.5351
Round number 8, Train Epoch: 187 [0/7803 (0%)]	Loss: 103.385986
====> Round 8: Epoch: 187 Average loss: 120.5233
Round number 8, Train Epoch: 188 [0/7803 (0%)]	Loss: 114.547400
====> Round 8: Epoch: 188 Average loss: 120.4931
Round number 8, Train Epoch: 189 [0/7803 (0%)]	Loss: 107.566455
====> Round 8: Epoch: 189 Average loss: 120.4440
Round number 8, Train Epoch: 190 [0/7803 (0%)]	Loss: 122.212146
====> Round 8: Epoch: 190 Average loss: 120.4238
Round number 8, Train Epoch: 191 [0/7803 (0%)]	Loss: 125.797876
====> Round 8: Epoch: 191 Average loss: 120.4013
Round number 8, Train Epoch: 192 [0/7803 (0%)]	Loss: 132.138794
====> Round 8: Epoch: 192 Average loss: 120.3773
Round number 8, Train Epoch: 193 [0/7803 (0%)]	Loss: 122.579041
====> Round 8: Epoch: 193 Average loss: 120.3377
Round number 8, Train Epoch: 194 [0/7803 (0%)]	Loss: 137.026099
====> Round 8: Epoch: 194 Average loss: 120.3063
Round number 8, Train Epoch: 195 [0/7803 (0%)]	Loss: 118.840112
====> Round 8: Epoch: 195 Average loss: 120.2737
Round number 8, Train Epoch: 196 [0/7803 (0%)]	Loss: 134.759741
====> Round 8: Epoch: 196 Average loss: 120.2591
Round number 8, Train Epoch: 197 [0/7803 (0%)]	Loss: 126.453406
====> Round 8: Epoch: 197 Average loss: 120.2266
Round number 8, Train Epoch: 198 [0/7803 (0%)]	Loss: 147.209937
====> Round 8: Epoch: 198 Average loss: 120.1855
Round number 8, Train Epoch: 199 [0/7803 (0%)]	Loss: 116.682776
====> Round 8: Epoch: 199 Average loss: 120.1545
Round number 8, Train Epoch: 200 [0/7803 (0%)]	Loss: 106.929541
====> Round 8: Epoch: 200 Average loss: 120.1249
Round number 8, Train Epoch: 201 [0/7803 (0%)]	Loss: 101.230780
====> Round 8: Epoch: 201 Average loss: 120.1085
Round number 8, Train Epoch: 202 [0/7803 (0%)]	Loss: 103.905908
====> Round 8: Epoch: 202 Average loss: 120.0810
Round number 8, Train Epoch: 203 [0/7803 (0%)]	Loss: 120.356738
====> Round 8: Epoch: 203 Average loss: 120.0528
Round number 8, Train Epoch: 204 [0/7803 (0%)]	Loss: 107.503772
====> Round 8: Epoch: 204 Average loss: 120.0142
Round number 8, Train Epoch: 205 [0/7803 (0%)]	Loss: 138.346399
====> Round 8: Epoch: 205 Average loss: 119.9834
Round number 8, Train Epoch: 206 [0/7803 (0%)]	Loss: 110.873462
====> Round 8: Epoch: 206 Average loss: 119.9644
Round number 8, Train Epoch: 207 [0/7803 (0%)]	Loss: 100.732739
====> Round 8: Epoch: 207 Average loss: 119.9279
Round number 8, Train Epoch: 208 [0/7803 (0%)]	Loss: 106.145313
====> Round 8: Epoch: 208 Average loss: 119.8822
Round number 8, Train Epoch: 209 [0/7803 (0%)]	Loss: 111.688916
====> Round 8: Epoch: 209 Average loss: 119.8691
Round number 8, Train Epoch: 210 [0/7803 (0%)]	Loss: 123.923157
====> Round 8: Epoch: 210 Average loss: 119.8249
Round number 8, Train Epoch: 211 [0/7803 (0%)]	Loss: 95.138037
====> Round 8: Epoch: 211 Average loss: 119.8225
Round number 8, Train Epoch: 212 [0/7803 (0%)]	Loss: 112.320947
====> Round 8: Epoch: 212 Average loss: 119.7671
Round number 8, Train Epoch: 213 [0/7803 (0%)]	Loss: 148.244507
====> Round 8: Epoch: 213 Average loss: 119.7577
Round number 8, Train Epoch: 214 [0/7803 (0%)]	Loss: 107.758362
====> Round 8: Epoch: 214 Average loss: 119.7147
Round number 8, Train Epoch: 215 [0/7803 (0%)]	Loss: 110.510498
====> Round 8: Epoch: 215 Average loss: 119.7057
Round number 8, Train Epoch: 216 [0/7803 (0%)]	Loss: 124.126660
====> Round 8: Epoch: 216 Average loss: 119.6681
Round number 8, Train Epoch: 217 [0/7803 (0%)]	Loss: 99.107440
====> Round 8: Epoch: 217 Average loss: 119.6563
Round number 8, Train Epoch: 218 [0/7803 (0%)]	Loss: 115.695105
====> Round 8: Epoch: 218 Average loss: 119.6143
Round number 8, Train Epoch: 219 [0/7803 (0%)]	Loss: 105.962854
====> Round 8: Epoch: 219 Average loss: 119.5973
Round number 8, Train Epoch: 220 [0/7803 (0%)]	Loss: 140.060352
====> Round 8: Epoch: 220 Average loss: 119.5521
Round number 8, Train Epoch: 221 [0/7803 (0%)]	Loss: 118.785608
====> Round 8: Epoch: 221 Average loss: 119.5241
Round number 8, Train Epoch: 222 [0/7803 (0%)]	Loss: 137.721277
====> Round 8: Epoch: 222 Average loss: 119.5139
Round number 8, Train Epoch: 223 [0/7803 (0%)]	Loss: 114.579700
====> Round 8: Epoch: 223 Average loss: 119.4740
Round number 8, Train Epoch: 224 [0/7803 (0%)]	Loss: 100.619220
====> Round 8: Epoch: 224 Average loss: 119.4333
Round number 8, Train Epoch: 225 [0/7803 (0%)]	Loss: 115.089001
====> Round 8: Epoch: 225 Average loss: 119.4313
Round number 8, Train Epoch: 226 [0/7803 (0%)]	Loss: 132.578979
====> Round 8: Epoch: 226 Average loss: 119.3792
Round number 8, Train Epoch: 227 [0/7803 (0%)]	Loss: 138.632886
====> Round 8: Epoch: 227 Average loss: 119.3580
Round number 8, Train Epoch: 228 [0/7803 (0%)]	Loss: 121.537793
====> Round 8: Epoch: 228 Average loss: 119.3187
Round number 8, Train Epoch: 229 [0/7803 (0%)]	Loss: 105.864282
====> Round 8: Epoch: 229 Average loss: 119.2891
Round number 8, Train Epoch: 230 [0/7803 (0%)]	Loss: 129.074316
====> Round 8: Epoch: 230 Average loss: 119.2675
Round number 8, Train Epoch: 231 [0/7803 (0%)]	Loss: 126.197424
====> Round 8: Epoch: 231 Average loss: 119.2454
Round number 8, Train Epoch: 232 [0/7803 (0%)]	Loss: 129.962122
====> Round 8: Epoch: 232 Average loss: 119.2155
Round number 8, Train Epoch: 233 [0/7803 (0%)]	Loss: 128.942993
====> Round 8: Epoch: 233 Average loss: 119.1730
Round number 8, Train Epoch: 234 [0/7803 (0%)]	Loss: 116.803674
====> Round 8: Epoch: 234 Average loss: 119.1521
Round number 8, Train Epoch: 235 [0/7803 (0%)]	Loss: 135.818958
====> Round 8: Epoch: 235 Average loss: 119.1223
Round number 8, Train Epoch: 236 [0/7803 (0%)]	Loss: 112.721338
====> Round 8: Epoch: 236 Average loss: 119.1093
Round number 8, Train Epoch: 237 [0/7803 (0%)]	Loss: 102.722412
====> Round 8: Epoch: 237 Average loss: 119.0725
Round number 8, Train Epoch: 238 [0/7803 (0%)]	Loss: 117.514771
====> Round 8: Epoch: 238 Average loss: 119.0545
Round number 8, Train Epoch: 239 [0/7803 (0%)]	Loss: 95.623572
====> Round 8: Epoch: 239 Average loss: 119.0122
Round number 8, Train Epoch: 240 [0/7803 (0%)]	Loss: 127.122083
====> Round 8: Epoch: 240 Average loss: 118.9937
Round number 8, Train Epoch: 241 [0/7803 (0%)]	Loss: 100.814990
====> Round 8: Epoch: 241 Average loss: 118.9690
Round number 8, Train Epoch: 242 [0/7803 (0%)]	Loss: 125.905920
====> Round 8: Epoch: 242 Average loss: 118.9326
Round number 8, Train Epoch: 243 [0/7803 (0%)]	Loss: 138.547632
====> Round 8: Epoch: 243 Average loss: 118.9211
Round number 8, Train Epoch: 244 [0/7803 (0%)]	Loss: 96.185901
====> Round 8: Epoch: 244 Average loss: 118.8915
Round number 8, Train Epoch: 245 [0/7803 (0%)]	Loss: 108.788916
====> Round 8: Epoch: 245 Average loss: 118.8790
Round number 8, Train Epoch: 246 [0/7803 (0%)]	Loss: 124.342407
====> Round 8: Epoch: 246 Average loss: 118.8366
Round number 8, Train Epoch: 247 [0/7803 (0%)]	Loss: 126.539954
====> Round 8: Epoch: 247 Average loss: 118.8042
Round number 8, Train Epoch: 248 [0/7803 (0%)]	Loss: 100.965417
====> Round 8: Epoch: 248 Average loss: 118.7764
Round number 8, Train Epoch: 249 [0/7803 (0%)]	Loss: 120.242529
====> Round 8: Epoch: 249 Average loss: 118.7549
Round number 8, Train Epoch: 250 [0/7803 (0%)]	Loss: 111.909875
====> Round 8: Epoch: 250 Average loss: 118.7276
Round number 8, Train Epoch: 251 [0/7803 (0%)]	Loss: 121.668738
====> Round 8: Epoch: 251 Average loss: 118.7036
Round number 8, Train Epoch: 252 [0/7803 (0%)]	Loss: 126.985010
====> Round 8: Epoch: 252 Average loss: 118.6685
Round number 8, Train Epoch: 253 [0/7803 (0%)]	Loss: 120.438501
====> Round 8: Epoch: 253 Average loss: 118.6496
Round number 8, Train Epoch: 254 [0/7803 (0%)]	Loss: 113.049304
====> Round 8: Epoch: 254 Average loss: 118.5976
Round number 8, Train Epoch: 255 [0/7803 (0%)]	Loss: 128.378027
====> Round 8: Epoch: 255 Average loss: 118.5915
2020-04-25 15:34:59.964475
====> Round 8: Epoch 255: Test set loss: 112.3428
====> Round 8: Epoch 255: Test set loss: 112.5446
2020-04-25 15:35:12.391261
Training finished