INFO:root:Training on GPU
INFO:root:2020-04-12 10:56:20.222459
INFO:root:Train Epoch: 1 [0/60000 (0%)]	Loss: 543.080505
INFO:root:====> Epoch: 1 Average loss: 190.0932
INFO:root:====> Test set loss: 148.1036
INFO:root:Train Epoch: 2 [0/60000 (0%)]	Loss: 154.347443
INFO:root:====> Epoch: 2 Average loss: 142.3310
INFO:root:Train Epoch: 3 [0/60000 (0%)]	Loss: 130.215195
INFO:root:====> Epoch: 3 Average loss: 129.5670
INFO:root:Train Epoch: 4 [0/60000 (0%)]	Loss: 129.469910
INFO:root:====> Epoch: 4 Average loss: 122.9946
INFO:root:Train Epoch: 5 [0/60000 (0%)]	Loss: 121.813889
INFO:root:====> Epoch: 5 Average loss: 118.7695
INFO:root:Train Epoch: 6 [0/60000 (0%)]	Loss: 114.838837
INFO:root:====> Epoch: 6 Average loss: 115.4895
INFO:root:Train Epoch: 7 [0/60000 (0%)]	Loss: 116.384041
INFO:root:====> Epoch: 7 Average loss: 112.8940
INFO:root:Train Epoch: 8 [0/60000 (0%)]	Loss: 110.126961
INFO:root:====> Epoch: 8 Average loss: 110.7767
INFO:root:Train Epoch: 9 [0/60000 (0%)]	Loss: 109.364777
INFO:root:====> Epoch: 9 Average loss: 108.9349
INFO:root:Train Epoch: 10 [0/60000 (0%)]	Loss: 105.879517
INFO:root:====> Epoch: 10 Average loss: 107.4517
INFO:root:Train Epoch: 11 [0/60000 (0%)]	Loss: 106.141800
INFO:root:====> Epoch: 11 Average loss: 106.1659
INFO:root:Train Epoch: 12 [0/60000 (0%)]	Loss: 106.325363
INFO:root:====> Epoch: 12 Average loss: 105.0884
INFO:root:Train Epoch: 13 [0/60000 (0%)]	Loss: 101.907135
INFO:root:====> Epoch: 13 Average loss: 104.2098
INFO:root:Train Epoch: 14 [0/60000 (0%)]	Loss: 105.274490
INFO:root:====> Epoch: 14 Average loss: 103.3662
INFO:root:Train Epoch: 15 [0/60000 (0%)]	Loss: 105.993896
INFO:root:====> Epoch: 15 Average loss: 102.6878
INFO:root:Train Epoch: 16 [0/60000 (0%)]	Loss: 99.108551
INFO:root:====> Epoch: 16 Average loss: 102.0926
INFO:root:Train Epoch: 17 [0/60000 (0%)]	Loss: 104.359833
INFO:root:====> Epoch: 17 Average loss: 101.5182
INFO:root:Train Epoch: 18 [0/60000 (0%)]	Loss: 106.054871
INFO:root:====> Epoch: 18 Average loss: 101.0125
INFO:root:Train Epoch: 19 [0/60000 (0%)]	Loss: 99.469864
INFO:root:====> Epoch: 19 Average loss: 100.5629
INFO:root:Train Epoch: 20 [0/60000 (0%)]	Loss: 99.740280
INFO:root:====> Epoch: 20 Average loss: 100.1583
INFO:root:Train Epoch: 21 [0/60000 (0%)]	Loss: 97.227913
INFO:root:====> Epoch: 21 Average loss: 99.7885
INFO:root:====> Test set loss: 93.0329
INFO:root:Train Epoch: 22 [0/60000 (0%)]	Loss: 99.486542
INFO:root:====> Epoch: 22 Average loss: 99.4439
INFO:root:Train Epoch: 23 [0/60000 (0%)]	Loss: 105.765915
INFO:root:====> Epoch: 23 Average loss: 99.0884
INFO:root:Train Epoch: 24 [0/60000 (0%)]	Loss: 96.542503
INFO:root:====> Epoch: 24 Average loss: 98.8301
INFO:root:Train Epoch: 25 [0/60000 (0%)]	Loss: 95.405220
INFO:root:====> Epoch: 25 Average loss: 98.5681
INFO:root:Train Epoch: 26 [0/60000 (0%)]	Loss: 95.847763
INFO:root:====> Epoch: 26 Average loss: 98.3179
INFO:root:Train Epoch: 27 [0/60000 (0%)]	Loss: 98.741837
INFO:root:====> Epoch: 27 Average loss: 98.1297
INFO:root:Train Epoch: 28 [0/60000 (0%)]	Loss: 100.114937
INFO:root:====> Epoch: 28 Average loss: 97.8696
INFO:root:Train Epoch: 29 [0/60000 (0%)]	Loss: 95.053406
INFO:root:====> Epoch: 29 Average loss: 97.6408
INFO:root:Train Epoch: 30 [0/60000 (0%)]	Loss: 96.067810
INFO:root:====> Epoch: 30 Average loss: 97.4850
INFO:root:Train Epoch: 31 [0/60000 (0%)]	Loss: 98.892242
INFO:root:====> Epoch: 31 Average loss: 97.3470
INFO:root:Train Epoch: 32 [0/60000 (0%)]	Loss: 96.501839
INFO:root:====> Epoch: 32 Average loss: 97.1544
INFO:root:Train Epoch: 33 [0/60000 (0%)]	Loss: 98.237381
INFO:root:====> Epoch: 33 Average loss: 96.9737
INFO:root:Train Epoch: 34 [0/60000 (0%)]	Loss: 95.158600
INFO:root:====> Epoch: 34 Average loss: 96.8586
INFO:root:Train Epoch: 35 [0/60000 (0%)]	Loss: 93.983299
INFO:root:====> Epoch: 35 Average loss: 96.6531
INFO:root:Train Epoch: 36 [0/60000 (0%)]	Loss: 92.177040
INFO:root:====> Epoch: 36 Average loss: 96.5446
INFO:root:Train Epoch: 37 [0/60000 (0%)]	Loss: 96.205757
INFO:root:====> Epoch: 37 Average loss: 96.4284
INFO:root:Train Epoch: 38 [0/60000 (0%)]	Loss: 91.577133
INFO:root:====> Epoch: 38 Average loss: 96.2919
INFO:root:Train Epoch: 39 [0/60000 (0%)]	Loss: 97.004463
INFO:root:====> Epoch: 39 Average loss: 96.1900
INFO:root:Train Epoch: 40 [0/60000 (0%)]	Loss: 97.237953
INFO:root:====> Epoch: 40 Average loss: 96.0469
INFO:root:Train Epoch: 41 [0/60000 (0%)]	Loss: 91.640091
INFO:root:====> Epoch: 41 Average loss: 95.9564
INFO:root:====> Test set loss: 89.8500
INFO:root:Train Epoch: 42 [0/60000 (0%)]	Loss: 96.778648
INFO:root:====> Epoch: 42 Average loss: 95.9021
INFO:root:Train Epoch: 43 [0/60000 (0%)]	Loss: 96.739876
INFO:root:====> Epoch: 43 Average loss: 95.7207
INFO:root:Train Epoch: 44 [0/60000 (0%)]	Loss: 93.425537
INFO:root:====> Epoch: 44 Average loss: 95.6859
INFO:root:Train Epoch: 45 [0/60000 (0%)]	Loss: 96.838081
INFO:root:====> Epoch: 45 Average loss: 95.5660
INFO:root:Train Epoch: 46 [0/60000 (0%)]	Loss: 99.092972
INFO:root:====> Epoch: 46 Average loss: 95.4537
INFO:root:Train Epoch: 47 [0/60000 (0%)]	Loss: 93.168427
INFO:root:====> Epoch: 47 Average loss: 95.3898
INFO:root:Train Epoch: 48 [0/60000 (0%)]	Loss: 94.543991
INFO:root:====> Epoch: 48 Average loss: 95.3437
INFO:root:Train Epoch: 49 [0/60000 (0%)]	Loss: 95.393021
INFO:root:====> Epoch: 49 Average loss: 95.3005
INFO:root:Train Epoch: 50 [0/60000 (0%)]	Loss: 93.126511
INFO:root:====> Epoch: 50 Average loss: 95.1606
INFO:root:Train Epoch: 51 [0/60000 (0%)]	Loss: 89.464157
INFO:root:====> Epoch: 51 Average loss: 95.0455
INFO:root:Train Epoch: 52 [0/60000 (0%)]	Loss: 95.629738
INFO:root:====> Epoch: 52 Average loss: 95.0166
INFO:root:Train Epoch: 53 [0/60000 (0%)]	Loss: 95.781586
INFO:root:====> Epoch: 53 Average loss: 94.9780
INFO:root:Train Epoch: 54 [0/60000 (0%)]	Loss: 92.694687
INFO:root:====> Epoch: 54 Average loss: 94.9448
INFO:root:Train Epoch: 55 [0/60000 (0%)]	Loss: 95.800507
INFO:root:====> Epoch: 55 Average loss: 94.8112
INFO:root:Train Epoch: 56 [0/60000 (0%)]	Loss: 94.751846
INFO:root:====> Epoch: 56 Average loss: 94.7868
INFO:root:Train Epoch: 57 [0/60000 (0%)]	Loss: 99.010391
INFO:root:====> Epoch: 57 Average loss: 94.6696
INFO:root:Train Epoch: 58 [0/60000 (0%)]	Loss: 91.568909
INFO:root:====> Epoch: 58 Average loss: 94.6500
INFO:root:Train Epoch: 59 [0/60000 (0%)]	Loss: 94.978226
INFO:root:====> Epoch: 59 Average loss: 94.5822
INFO:root:Train Epoch: 60 [0/60000 (0%)]	Loss: 97.678986
INFO:root:====> Epoch: 60 Average loss: 94.4940
INFO:root:Train Epoch: 61 [0/60000 (0%)]	Loss: 91.766876
INFO:root:====> Epoch: 61 Average loss: 94.4785
INFO:root:====> Test set loss: 88.8778
INFO:root:Train Epoch: 62 [0/60000 (0%)]	Loss: 95.093796
INFO:root:====> Epoch: 62 Average loss: 94.4436
INFO:root:Train Epoch: 63 [0/60000 (0%)]	Loss: 94.541595
INFO:root:====> Epoch: 63 Average loss: 94.3613
INFO:root:Train Epoch: 64 [0/60000 (0%)]	Loss: 93.049782
INFO:root:====> Epoch: 64 Average loss: 94.3546
INFO:root:Train Epoch: 65 [0/60000 (0%)]	Loss: 95.328125
INFO:root:====> Epoch: 65 Average loss: 94.2653
INFO:root:Train Epoch: 66 [0/60000 (0%)]	Loss: 95.428795
INFO:root:====> Epoch: 66 Average loss: 94.2278
INFO:root:Train Epoch: 67 [0/60000 (0%)]	Loss: 98.223587
INFO:root:====> Epoch: 67 Average loss: 94.2196
INFO:root:Train Epoch: 68 [0/60000 (0%)]	Loss: 96.113007
INFO:root:====> Epoch: 68 Average loss: 94.1388
INFO:root:Train Epoch: 69 [0/60000 (0%)]	Loss: 88.756775
INFO:root:====> Epoch: 69 Average loss: 94.1128
INFO:root:Train Epoch: 70 [0/60000 (0%)]	Loss: 92.732925
INFO:root:====> Epoch: 70 Average loss: 94.0942
INFO:root:Train Epoch: 71 [0/60000 (0%)]	Loss: 95.305923
INFO:root:====> Epoch: 71 Average loss: 94.0154
INFO:root:Train Epoch: 72 [0/60000 (0%)]	Loss: 95.620605
INFO:root:====> Epoch: 72 Average loss: 93.9666
INFO:root:Train Epoch: 73 [0/60000 (0%)]	Loss: 94.125137
INFO:root:====> Epoch: 73 Average loss: 93.9317
INFO:root:Train Epoch: 74 [0/60000 (0%)]	Loss: 92.813362
INFO:root:====> Epoch: 74 Average loss: 93.9076
INFO:root:Train Epoch: 75 [0/60000 (0%)]	Loss: 93.665543
INFO:root:====> Epoch: 75 Average loss: 93.8971
INFO:root:Train Epoch: 76 [0/60000 (0%)]	Loss: 93.667221
INFO:root:====> Epoch: 76 Average loss: 93.8477
INFO:root:Train Epoch: 77 [0/60000 (0%)]	Loss: 95.166557
INFO:root:====> Epoch: 77 Average loss: 93.8108
INFO:root:Train Epoch: 78 [0/60000 (0%)]	Loss: 94.627045
INFO:root:====> Epoch: 78 Average loss: 93.7815
INFO:root:Train Epoch: 79 [0/60000 (0%)]	Loss: 97.013992
INFO:root:====> Epoch: 79 Average loss: 93.7356
INFO:root:Train Epoch: 80 [0/60000 (0%)]	Loss: 90.936699
INFO:root:====> Epoch: 80 Average loss: 93.7048
INFO:root:Train Epoch: 81 [0/60000 (0%)]	Loss: 94.964874
INFO:root:====> Epoch: 81 Average loss: 93.6501
INFO:root:====> Test set loss: 88.0790
INFO:root:Train Epoch: 82 [0/60000 (0%)]	Loss: 93.316010
INFO:root:====> Epoch: 82 Average loss: 93.6277
INFO:root:Train Epoch: 83 [0/60000 (0%)]	Loss: 96.516403
INFO:root:====> Epoch: 83 Average loss: 93.5738
INFO:root:Train Epoch: 84 [0/60000 (0%)]	Loss: 94.682640
INFO:root:====> Epoch: 84 Average loss: 93.5836
INFO:root:Train Epoch: 85 [0/60000 (0%)]	Loss: 93.173233
INFO:root:====> Epoch: 85 Average loss: 93.5143
INFO:root:Train Epoch: 86 [0/60000 (0%)]	Loss: 89.243546
INFO:root:====> Epoch: 86 Average loss: 93.5002
INFO:root:Train Epoch: 87 [0/60000 (0%)]	Loss: 94.304787
INFO:root:====> Epoch: 87 Average loss: 93.4943
INFO:root:Train Epoch: 88 [0/60000 (0%)]	Loss: 92.542664
INFO:root:====> Epoch: 88 Average loss: 93.4367
INFO:root:Train Epoch: 89 [0/60000 (0%)]	Loss: 93.575783
INFO:root:====> Epoch: 89 Average loss: 93.4331
INFO:root:Train Epoch: 90 [0/60000 (0%)]	Loss: 93.531448
INFO:root:====> Epoch: 90 Average loss: 93.4144
INFO:root:Train Epoch: 91 [0/60000 (0%)]	Loss: 92.740913
INFO:root:====> Epoch: 91 Average loss: 93.3506
INFO:root:Train Epoch: 92 [0/60000 (0%)]	Loss: 93.292191
INFO:root:====> Epoch: 92 Average loss: 93.3145
INFO:root:Train Epoch: 93 [0/60000 (0%)]	Loss: 93.545929
INFO:root:====> Epoch: 93 Average loss: 93.2687
INFO:root:Train Epoch: 94 [0/60000 (0%)]	Loss: 90.247223
INFO:root:====> Epoch: 94 Average loss: 93.2675
INFO:root:Train Epoch: 95 [0/60000 (0%)]	Loss: 92.739021
INFO:root:====> Epoch: 95 Average loss: 93.2661
INFO:root:Train Epoch: 96 [0/60000 (0%)]	Loss: 93.431763
INFO:root:====> Epoch: 96 Average loss: 93.2255
INFO:root:Train Epoch: 97 [0/60000 (0%)]	Loss: 94.354172
INFO:root:====> Epoch: 97 Average loss: 93.1928
INFO:root:Train Epoch: 98 [0/60000 (0%)]	Loss: 96.565346
INFO:root:====> Epoch: 98 Average loss: 93.2202
INFO:root:Train Epoch: 99 [0/60000 (0%)]	Loss: 95.397583
INFO:root:====> Epoch: 99 Average loss: 93.1754
INFO:root:Train Epoch: 100 [0/60000 (0%)]	Loss: 95.860252
INFO:root:====> Epoch: 100 Average loss: 93.1471
INFO:root:Train Epoch: 101 [0/60000 (0%)]	Loss: 90.376404
INFO:root:====> Epoch: 101 Average loss: 93.0926
INFO:root:====> Test set loss: 87.8436
INFO:root:2020-04-12 11:20:06.416186
INFO:root:training finished
