Training on GPU
2020-04-22 18:40:48.834071
========Current round LR: 0.0005=======
======== About to train for 1 epochs =========
====> Round 0, Epoch: 1 Average loss: 174.3860
====> Round 0 Test set loss: 157.8885
========Current round LR: 0.00035984283650057603=======
======== About to train for 3 epochs =========
====> Round 1, Epoch: 1 Average loss: 156.5617
====> Round 1 Test set loss: 147.0469
====> Round 1, Epoch: 2 Average loss: 149.5176
====> Round 1 Test set loss: 142.5531
====> Round 1, Epoch: 3 Average loss: 145.9584
====> Round 1 Test set loss: 138.9539
========Current round LR: 0.0002589737339615606=======
======== About to train for 9 epochs =========
====> Round 2, Epoch: 1 Average loss: 143.4757
====> Round 2 Test set loss: 137.2079
====> Round 2, Epoch: 2 Average loss: 142.0038
====> Round 2, Epoch: 3 Average loss: 140.8460
====> Round 2 Test set loss: 134.5320
====> Round 2, Epoch: 4 Average loss: 139.6706
====> Round 2, Epoch: 5 Average loss: 138.5660
====> Round 2, Epoch: 6 Average loss: 137.4629
====> Round 2 Test set loss: 131.2725
====> Round 2, Epoch: 7 Average loss: 136.4712
====> Round 2, Epoch: 8 Average loss: 135.5489
====> Round 2, Epoch: 9 Average loss: 134.6594
====> Round 2 Test set loss: 128.5636
========Current round LR: 0.00018637968601574703=======
======== About to train for 27 epochs =========
====> Round 3, Epoch: 1 Average loss: 133.6764
====> Round 3 Test set loss: 128.0890
====> Round 3, Epoch: 2 Average loss: 132.9770
====> Round 3, Epoch: 3 Average loss: 132.2733
====> Round 3, Epoch: 4 Average loss: 131.6184
====> Round 3, Epoch: 5 Average loss: 130.9403
====> Round 3, Epoch: 6 Average loss: 130.3401
====> Round 3, Epoch: 7 Average loss: 129.8870
====> Round 3, Epoch: 8 Average loss: 129.4229
====> Round 3, Epoch: 9 Average loss: 128.9874
====> Round 3 Test set loss: 123.6853
====> Round 3, Epoch: 10 Average loss: 128.6140
====> Round 3, Epoch: 11 Average loss: 128.2327
====> Round 3, Epoch: 12 Average loss: 127.8521
====> Round 3, Epoch: 13 Average loss: 127.5369
====> Round 3, Epoch: 14 Average loss: 127.1311
====> Round 3, Epoch: 15 Average loss: 126.8477
====> Round 3, Epoch: 16 Average loss: 126.5082
====> Round 3, Epoch: 17 Average loss: 126.2044
====> Round 3, Epoch: 18 Average loss: 125.9144
====> Round 3 Test set loss: 120.8300
====> Round 3, Epoch: 19 Average loss: 125.6241
====> Round 3, Epoch: 20 Average loss: 125.3318
====> Round 3, Epoch: 21 Average loss: 125.0571
====> Round 3, Epoch: 22 Average loss: 124.8103
====> Round 3, Epoch: 23 Average loss: 124.5115
====> Round 3, Epoch: 24 Average loss: 124.2334
====> Round 3, Epoch: 25 Average loss: 123.9772
====> Round 3, Epoch: 26 Average loss: 123.7316
====> Round 3, Epoch: 27 Average loss: 123.4856
====> Round 3 Test set loss: 118.5105
========Current round LR: 0.0001341347897639863=======
======== About to train for 81 epochs =========
====> Round 4, Epoch: 1 Average loss: 123.0973
====> Round 4 Test set loss: 118.3266
====> Round 4, Epoch: 2 Average loss: 122.8729
====> Round 4, Epoch: 3 Average loss: 122.6828
====> Round 4, Epoch: 4 Average loss: 122.5411
====> Round 4, Epoch: 5 Average loss: 122.3455
====> Round 4, Epoch: 6 Average loss: 122.1834
====> Round 4, Epoch: 7 Average loss: 122.0314
====> Round 4, Epoch: 8 Average loss: 121.8930
====> Round 4, Epoch: 9 Average loss: 121.7565
====> Round 4, Epoch: 10 Average loss: 121.6096
====> Round 4, Epoch: 11 Average loss: 121.4416
====> Round 4, Epoch: 12 Average loss: 121.3653
====> Round 4, Epoch: 13 Average loss: 121.2125
====> Round 4, Epoch: 14 Average loss: 121.1181
====> Round 4, Epoch: 15 Average loss: 121.0302
====> Round 4, Epoch: 16 Average loss: 120.9160
====> Round 4, Epoch: 17 Average loss: 120.8116
====> Round 4, Epoch: 18 Average loss: 120.6980
====> Round 4, Epoch: 19 Average loss: 120.6159
====> Round 4, Epoch: 20 Average loss: 120.4932
====> Round 4, Epoch: 21 Average loss: 120.4042
====> Round 4, Epoch: 22 Average loss: 120.3405
====> Round 4, Epoch: 23 Average loss: 120.1937
====> Round 4, Epoch: 24 Average loss: 120.1514
====> Round 4, Epoch: 25 Average loss: 120.0196
====> Round 4, Epoch: 26 Average loss: 119.9411
====> Round 4, Epoch: 27 Average loss: 119.8780
====> Round 4 Test set loss: 115.4254
====> Round 4, Epoch: 28 Average loss: 119.7875
====> Round 4, Epoch: 29 Average loss: 119.6613
====> Round 4, Epoch: 30 Average loss: 119.5663
====> Round 4, Epoch: 31 Average loss: 119.5134
====> Round 4, Epoch: 32 Average loss: 119.4550
====> Round 4, Epoch: 33 Average loss: 119.3458
====> Round 4, Epoch: 34 Average loss: 119.2557
====> Round 4, Epoch: 35 Average loss: 119.1879
====> Round 4, Epoch: 36 Average loss: 119.0890
====> Round 4, Epoch: 37 Average loss: 119.0214
====> Round 4, Epoch: 38 Average loss: 118.9655
====> Round 4, Epoch: 39 Average loss: 118.8972
====> Round 4, Epoch: 40 Average loss: 118.7736
====> Round 4, Epoch: 41 Average loss: 118.7118
====> Round 4, Epoch: 42 Average loss: 118.6534
====> Round 4, Epoch: 43 Average loss: 118.5940
====> Round 4, Epoch: 44 Average loss: 118.5095
====> Round 4, Epoch: 45 Average loss: 118.4402
====> Round 4, Epoch: 46 Average loss: 118.3494
====> Round 4, Epoch: 47 Average loss: 118.3100
====> Round 4, Epoch: 48 Average loss: 118.2017
====> Round 4, Epoch: 49 Average loss: 118.1373
====> Round 4, Epoch: 50 Average loss: 118.0867
====> Round 4, Epoch: 51 Average loss: 118.0247
====> Round 4, Epoch: 52 Average loss: 117.9372
====> Round 4, Epoch: 53 Average loss: 117.8338
====> Round 4, Epoch: 54 Average loss: 117.8136
====> Round 4 Test set loss: 113.5329
====> Round 4, Epoch: 55 Average loss: 117.7506
====> Round 4, Epoch: 56 Average loss: 117.7091
====> Round 4, Epoch: 57 Average loss: 117.6216
====> Round 4, Epoch: 58 Average loss: 117.6094
====> Round 4, Epoch: 59 Average loss: 117.5132
====> Round 4, Epoch: 60 Average loss: 117.4837
====> Round 4, Epoch: 61 Average loss: 117.3999
====> Round 4, Epoch: 62 Average loss: 117.3476
====> Round 4, Epoch: 63 Average loss: 117.3022
====> Round 4, Epoch: 64 Average loss: 117.2285
====> Round 4, Epoch: 65 Average loss: 117.1501
====> Round 4, Epoch: 66 Average loss: 117.1269
====> Round 4, Epoch: 67 Average loss: 117.0733
====> Round 4, Epoch: 68 Average loss: 117.0316
====> Round 4, Epoch: 69 Average loss: 116.9813
====> Round 4, Epoch: 70 Average loss: 116.9390
====> Round 4, Epoch: 71 Average loss: 116.8799
====> Round 4, Epoch: 72 Average loss: 116.8380
====> Round 4, Epoch: 73 Average loss: 116.7862
====> Round 4, Epoch: 74 Average loss: 116.7459
====> Round 4, Epoch: 75 Average loss: 116.6845
====> Round 4, Epoch: 76 Average loss: 116.6475
====> Round 4, Epoch: 77 Average loss: 116.5977
====> Round 4, Epoch: 78 Average loss: 116.5346
====> Round 4, Epoch: 79 Average loss: 116.5289
====> Round 4, Epoch: 80 Average loss: 116.4699
====> Round 4, Epoch: 81 Average loss: 116.4141
====> Round 4 Test set loss: 112.2817
========Current round LR: 9.65348864441625e-05=======
======== About to train for 243 epochs =========
====> Round 5, Epoch: 1 Average loss: 116.2365
====> Round 5 Test set loss: 112.2675
====> Round 5, Epoch: 2 Average loss: 116.1897
====> Round 5, Epoch: 3 Average loss: 116.1272
====> Round 5, Epoch: 4 Average loss: 116.1040
====> Round 5, Epoch: 5 Average loss: 116.0832
====> Round 5, Epoch: 6 Average loss: 116.0486
====> Round 5, Epoch: 7 Average loss: 115.9958
====> Round 5, Epoch: 8 Average loss: 116.0041
====> Round 5, Epoch: 9 Average loss: 115.9605
====> Round 5, Epoch: 10 Average loss: 115.9254
====> Round 5, Epoch: 11 Average loss: 115.9158
====> Round 5, Epoch: 12 Average loss: 115.8772
====> Round 5, Epoch: 13 Average loss: 115.8332
====> Round 5, Epoch: 14 Average loss: 115.8148
====> Round 5, Epoch: 15 Average loss: 115.7893
====> Round 5, Epoch: 16 Average loss: 115.7649
====> Round 5, Epoch: 17 Average loss: 115.7359
====> Round 5, Epoch: 18 Average loss: 115.7345
====> Round 5, Epoch: 19 Average loss: 115.7016
====> Round 5, Epoch: 20 Average loss: 115.6756
====> Round 5, Epoch: 21 Average loss: 115.6401
====> Round 5, Epoch: 22 Average loss: 115.5821
====> Round 5, Epoch: 23 Average loss: 115.6105
====> Round 5, Epoch: 24 Average loss: 115.5509
====> Round 5, Epoch: 25 Average loss: 115.5122
====> Round 5, Epoch: 26 Average loss: 115.4778
====> Round 5, Epoch: 27 Average loss: 115.4912
====> Round 5, Epoch: 28 Average loss: 115.4553
====> Round 5, Epoch: 29 Average loss: 115.4043
====> Round 5, Epoch: 30 Average loss: 115.3941
====> Round 5, Epoch: 31 Average loss: 115.3739
====> Round 5, Epoch: 32 Average loss: 115.3633
====> Round 5, Epoch: 33 Average loss: 115.3112
====> Round 5, Epoch: 34 Average loss: 115.2857
====> Round 5, Epoch: 35 Average loss: 115.2819
====> Round 5, Epoch: 36 Average loss: 115.2418
====> Round 5, Epoch: 37 Average loss: 115.2261
====> Round 5, Epoch: 38 Average loss: 115.2000
====> Round 5, Epoch: 39 Average loss: 115.1727
====> Round 5, Epoch: 40 Average loss: 115.1532
====> Round 5, Epoch: 41 Average loss: 115.1213
====> Round 5, Epoch: 42 Average loss: 115.1037
====> Round 5, Epoch: 43 Average loss: 115.0839
====> Round 5, Epoch: 44 Average loss: 115.0646
====> Round 5, Epoch: 45 Average loss: 115.0568
====> Round 5, Epoch: 46 Average loss: 115.0278
====> Round 5, Epoch: 47 Average loss: 114.9790
====> Round 5, Epoch: 48 Average loss: 114.9616
====> Round 5, Epoch: 49 Average loss: 114.9619
====> Round 5, Epoch: 50 Average loss: 114.9451
====> Round 5, Epoch: 51 Average loss: 114.9279
====> Round 5, Epoch: 52 Average loss: 114.9081
====> Round 5, Epoch: 53 Average loss: 114.8731
====> Round 5, Epoch: 54 Average loss: 114.8371
====> Round 5, Epoch: 55 Average loss: 114.8231
====> Round 5, Epoch: 56 Average loss: 114.7854
====> Round 5, Epoch: 57 Average loss: 114.7697
====> Round 5, Epoch: 58 Average loss: 114.7698
====> Round 5, Epoch: 59 Average loss: 114.7518
====> Round 5, Epoch: 60 Average loss: 114.7266
====> Round 5, Epoch: 61 Average loss: 114.6935
====> Round 5, Epoch: 62 Average loss: 114.6948
====> Round 5, Epoch: 63 Average loss: 114.6509
====> Round 5, Epoch: 64 Average loss: 114.6328
====> Round 5, Epoch: 65 Average loss: 114.6171
====> Round 5, Epoch: 66 Average loss: 114.5737
====> Round 5, Epoch: 67 Average loss: 114.6005
====> Round 5, Epoch: 68 Average loss: 114.5522
====> Round 5, Epoch: 69 Average loss: 114.5453
====> Round 5, Epoch: 70 Average loss: 114.5075
====> Round 5, Epoch: 71 Average loss: 114.5079
====> Round 5, Epoch: 72 Average loss: 114.5122
====> Round 5, Epoch: 73 Average loss: 114.4474
====> Round 5, Epoch: 74 Average loss: 114.4441
====> Round 5, Epoch: 75 Average loss: 114.4078
====> Round 5, Epoch: 76 Average loss: 114.4061
====> Round 5, Epoch: 77 Average loss: 114.3892
====> Round 5, Epoch: 78 Average loss: 114.3699
====> Round 5, Epoch: 79 Average loss: 114.3323
====> Round 5, Epoch: 80 Average loss: 114.3178
====> Round 5, Epoch: 81 Average loss: 114.3079
====> Round 5 Test set loss: 110.6365
====> Round 5, Epoch: 82 Average loss: 114.2740
====> Round 5, Epoch: 83 Average loss: 114.2750
====> Round 5, Epoch: 84 Average loss: 114.2422
====> Round 5, Epoch: 85 Average loss: 114.2450
====> Round 5, Epoch: 86 Average loss: 114.2076
====> Round 5, Epoch: 87 Average loss: 114.2044
====> Round 5, Epoch: 88 Average loss: 114.1492
====> Round 5, Epoch: 89 Average loss: 114.1678
====> Round 5, Epoch: 90 Average loss: 114.1400
====> Round 5, Epoch: 91 Average loss: 114.1374
====> Round 5, Epoch: 92 Average loss: 114.1313
====> Round 5, Epoch: 93 Average loss: 114.0820
====> Round 5, Epoch: 94 Average loss: 114.0845
====> Round 5, Epoch: 95 Average loss: 114.0567
====> Round 5, Epoch: 96 Average loss: 114.0166
====> Round 5, Epoch: 97 Average loss: 114.0157
====> Round 5, Epoch: 98 Average loss: 113.9958
====> Round 5, Epoch: 99 Average loss: 113.9911
====> Round 5, Epoch: 100 Average loss: 113.9786
====> Round 5, Epoch: 101 Average loss: 113.9438
====> Round 5, Epoch: 102 Average loss: 113.9072
====> Round 5, Epoch: 103 Average loss: 113.9285
====> Round 5, Epoch: 104 Average loss: 113.9086
====> Round 5, Epoch: 105 Average loss: 113.8927
====> Round 5, Epoch: 106 Average loss: 113.8851
====> Round 5, Epoch: 107 Average loss: 113.8634
====> Round 5, Epoch: 108 Average loss: 113.8452
====> Round 5, Epoch: 109 Average loss: 113.8130
====> Round 5, Epoch: 110 Average loss: 113.8033
====> Round 5, Epoch: 111 Average loss: 113.7988
====> Round 5, Epoch: 112 Average loss: 113.7742
====> Round 5, Epoch: 113 Average loss: 113.7430
====> Round 5, Epoch: 114 Average loss: 113.7313
====> Round 5, Epoch: 115 Average loss: 113.7337
====> Round 5, Epoch: 116 Average loss: 113.6938
====> Round 5, Epoch: 117 Average loss: 113.6905
====> Round 5, Epoch: 118 Average loss: 113.7070
====> Round 5, Epoch: 119 Average loss: 113.6628
====> Round 5, Epoch: 120 Average loss: 113.6471
====> Round 5, Epoch: 121 Average loss: 113.6281
====> Round 5, Epoch: 122 Average loss: 113.6185
====> Round 5, Epoch: 123 Average loss: 113.5861
====> Round 5, Epoch: 124 Average loss: 113.5901
====> Round 5, Epoch: 125 Average loss: 113.5788
====> Round 5, Epoch: 126 Average loss: 113.5414
====> Round 5, Epoch: 127 Average loss: 113.5489
====> Round 5, Epoch: 128 Average loss: 113.5236
====> Round 5, Epoch: 129 Average loss: 113.5168
====> Round 5, Epoch: 130 Average loss: 113.5216
====> Round 5, Epoch: 131 Average loss: 113.4986
====> Round 5, Epoch: 132 Average loss: 113.4673
====> Round 5, Epoch: 133 Average loss: 113.4747
====> Round 5, Epoch: 134 Average loss: 113.4414
====> Round 5, Epoch: 135 Average loss: 113.4474
====> Round 5, Epoch: 136 Average loss: 113.4235
====> Round 5, Epoch: 137 Average loss: 113.4155
====> Round 5, Epoch: 138 Average loss: 113.3899
====> Round 5, Epoch: 139 Average loss: 113.3835
====> Round 5, Epoch: 140 Average loss: 113.3586
====> Round 5, Epoch: 141 Average loss: 113.3656
====> Round 5, Epoch: 142 Average loss: 113.3224
====> Round 5, Epoch: 143 Average loss: 113.3277
====> Round 5, Epoch: 144 Average loss: 113.2928
====> Round 5, Epoch: 145 Average loss: 113.3109
====> Round 5, Epoch: 146 Average loss: 113.3180
====> Round 5, Epoch: 147 Average loss: 113.2812
====> Round 5, Epoch: 148 Average loss: 113.2653
====> Round 5, Epoch: 149 Average loss: 113.2437
====> Round 5, Epoch: 150 Average loss: 113.2657
====> Round 5, Epoch: 151 Average loss: 113.2236
====> Round 5, Epoch: 152 Average loss: 113.1993
====> Round 5, Epoch: 153 Average loss: 113.1994
====> Round 5, Epoch: 154 Average loss: 113.2018
====> Round 5, Epoch: 155 Average loss: 113.1740
====> Round 5, Epoch: 156 Average loss: 113.1388
====> Round 5, Epoch: 157 Average loss: 113.1387
====> Round 5, Epoch: 158 Average loss: 113.1216
====> Round 5, Epoch: 159 Average loss: 113.1341
====> Round 5, Epoch: 160 Average loss: 113.0940
====> Round 5, Epoch: 161 Average loss: 113.1039
====> Round 5, Epoch: 162 Average loss: 113.1107
====> Round 5 Test set loss: 109.7354
====> Round 5, Epoch: 163 Average loss: 113.0745
====> Round 5, Epoch: 164 Average loss: 113.0599
====> Round 5, Epoch: 165 Average loss: 113.0403
====> Round 5, Epoch: 166 Average loss: 113.0384
====> Round 5, Epoch: 167 Average loss: 113.0156
====> Round 5, Epoch: 168 Average loss: 113.0203
====> Round 5, Epoch: 169 Average loss: 112.9831
====> Round 5, Epoch: 170 Average loss: 112.9918
====> Round 5, Epoch: 171 Average loss: 112.9697
====> Round 5, Epoch: 172 Average loss: 112.9594
====> Round 5, Epoch: 173 Average loss: 112.9704
====> Round 5, Epoch: 174 Average loss: 112.9383
====> Round 5, Epoch: 175 Average loss: 112.9463
====> Round 5, Epoch: 176 Average loss: 112.9127
====> Round 5, Epoch: 177 Average loss: 112.9042
====> Round 5, Epoch: 178 Average loss: 112.9062
====> Round 5, Epoch: 179 Average loss: 112.9139
====> Round 5, Epoch: 180 Average loss: 112.8822
====> Round 5, Epoch: 181 Average loss: 112.8770
====> Round 5, Epoch: 182 Average loss: 112.8362
====> Round 5, Epoch: 183 Average loss: 112.8530
====> Round 5, Epoch: 184 Average loss: 112.8345
====> Round 5, Epoch: 185 Average loss: 112.8254
====> Round 5, Epoch: 186 Average loss: 112.8240
====> Round 5, Epoch: 187 Average loss: 112.8110
====> Round 5, Epoch: 188 Average loss: 112.7744
====> Round 5, Epoch: 189 Average loss: 112.7513
====> Round 5, Epoch: 190 Average loss: 112.7799
====> Round 5, Epoch: 191 Average loss: 112.7738
====> Round 5, Epoch: 192 Average loss: 112.7419
====> Round 5, Epoch: 193 Average loss: 112.7413
====> Round 5, Epoch: 194 Average loss: 112.7212
====> Round 5, Epoch: 195 Average loss: 112.7254
====> Round 5, Epoch: 196 Average loss: 112.6986
====> Round 5, Epoch: 197 Average loss: 112.7111
====> Round 5, Epoch: 198 Average loss: 112.6876
====> Round 5, Epoch: 199 Average loss: 112.6636
====> Round 5, Epoch: 200 Average loss: 112.6534
====> Round 5, Epoch: 201 Average loss: 112.6668
====> Round 5, Epoch: 202 Average loss: 112.6494
====> Round 5, Epoch: 203 Average loss: 112.6153
====> Round 5, Epoch: 204 Average loss: 112.6234
====> Round 5, Epoch: 205 Average loss: 112.5987
====> Round 5, Epoch: 206 Average loss: 112.5914
====> Round 5, Epoch: 207 Average loss: 112.5927
====> Round 5, Epoch: 208 Average loss: 112.5869
====> Round 5, Epoch: 209 Average loss: 112.5710
====> Round 5, Epoch: 210 Average loss: 112.5630
====> Round 5, Epoch: 211 Average loss: 112.5669
====> Round 5, Epoch: 212 Average loss: 112.5612
====> Round 5, Epoch: 213 Average loss: 112.5335
====> Round 5, Epoch: 214 Average loss: 112.5491
====> Round 5, Epoch: 215 Average loss: 112.5088
====> Round 5, Epoch: 216 Average loss: 112.5011
====> Round 5, Epoch: 217 Average loss: 112.5379
====> Round 5, Epoch: 218 Average loss: 112.5045
====> Round 5, Epoch: 219 Average loss: 112.4796
====> Round 5, Epoch: 220 Average loss: 112.4650
====> Round 5, Epoch: 221 Average loss: 112.4820
====> Round 5, Epoch: 222 Average loss: 112.4680
====> Round 5, Epoch: 223 Average loss: 112.4612
====> Round 5, Epoch: 224 Average loss: 112.4532
====> Round 5, Epoch: 225 Average loss: 112.4152
====> Round 5, Epoch: 226 Average loss: 112.4027
====> Round 5, Epoch: 227 Average loss: 112.3972
====> Round 5, Epoch: 228 Average loss: 112.4091
====> Round 5, Epoch: 229 Average loss: 112.3688
====> Round 5, Epoch: 230 Average loss: 112.3927
====> Round 5, Epoch: 231 Average loss: 112.3919
====> Round 5, Epoch: 232 Average loss: 112.3735
====> Round 5, Epoch: 233 Average loss: 112.3748
====> Round 5, Epoch: 234 Average loss: 112.3369
====> Round 5, Epoch: 235 Average loss: 112.3263
====> Round 5, Epoch: 236 Average loss: 112.3367
====> Round 5, Epoch: 237 Average loss: 112.3023
====> Round 5, Epoch: 238 Average loss: 112.2981
====> Round 5, Epoch: 239 Average loss: 112.2844
====> Round 5, Epoch: 240 Average loss: 112.2989
====> Round 5, Epoch: 241 Average loss: 112.2794
====> Round 5, Epoch: 242 Average loss: 112.2839
====> Round 5, Epoch: 243 Average loss: 112.2538
====> Round 5 Test set loss: 109.0649
2020-04-22 19:27:42.541059
Training finished