Training on GPU
2020-04-21 09:05:51.130974
====== About to train for 1 epochs in round 0 with learning rate 0.0001========
====> Round 0, Epoch: 0 Average loss: 204.2112
2020-04-21 09:06:07.112340
/usr/local/lib/python3.6/dist-packages/torch/serialization.py:360: UserWarning: Couldn't retrieve source code for container of type omniglot2_model. It won't be checked for correctness upon loading.
  "type " + obj.__name__ + ". It won't be checked "
====> Round 0 Test set loss: 171.3818
====== About to train for 3 epochs in round 1 with learning rate 7.2e-05========
====> Round 1, Epoch: 0 Average loss: 174.8630
====> Round 1, Epoch: 1 Average loss: 173.3660
====> Round 1, Epoch: 2 Average loss: 171.3271
2020-04-21 09:08:18.540151
====> Round 1 Test set loss: 167.4893
====== About to train for 9 epochs in round 2 with learning rate 5.18e-05========
====> Round 2, Epoch: 0 Average loss: 170.5260
====> Round 2, Epoch: 1 Average loss: 170.1592
====> Round 2, Epoch: 2 Average loss: 169.7433
====> Round 2, Epoch: 3 Average loss: 169.0850
====> Round 2, Epoch: 4 Average loss: 168.6712
====> Round 2, Epoch: 5 Average loss: 168.4666
====> Round 2, Epoch: 6 Average loss: 168.2744
====> Round 2, Epoch: 7 Average loss: 167.9429
====> Round 2, Epoch: 8 Average loss: 166.0425
2020-04-21 09:12:07.429096
====> Round 2 Test set loss: 161.7939
====== About to train for 27 epochs in round 3 with learning rate 3.73e-05========
====> Round 3, Epoch: 0 Average loss: 164.4757
====> Round 3, Epoch: 1 Average loss: 163.8808
====> Round 3, Epoch: 2 Average loss: 163.4202
====> Round 3, Epoch: 3 Average loss: 162.8562
====> Round 3, Epoch: 4 Average loss: 162.1674
====> Round 3, Epoch: 5 Average loss: 161.5233
====> Round 3, Epoch: 6 Average loss: 161.1487
====> Round 3, Epoch: 7 Average loss: 160.8719
====> Round 3, Epoch: 8 Average loss: 160.6356
====> Round 3, Epoch: 9 Average loss: 160.4465
====> Round 3, Epoch: 10 Average loss: 160.2810
====> Round 3, Epoch: 11 Average loss: 160.1373
====> Round 3, Epoch: 12 Average loss: 160.0162
====> Round 3, Epoch: 13 Average loss: 159.9118
====> Round 3, Epoch: 14 Average loss: 159.8102
====> Round 3, Epoch: 15 Average loss: 159.7235
====> Round 3, Epoch: 16 Average loss: 159.6421
====> Round 3, Epoch: 17 Average loss: 159.5677
====> Round 3, Epoch: 18 Average loss: 159.4961
====> Round 3, Epoch: 19 Average loss: 159.4316
====> Round 3, Epoch: 20 Average loss: 159.3678
====> Round 3, Epoch: 21 Average loss: 159.3188
====> Round 3, Epoch: 22 Average loss: 159.2511
====> Round 3, Epoch: 23 Average loss: 159.2029
====> Round 3, Epoch: 24 Average loss: 159.1448
====> Round 3, Epoch: 25 Average loss: 159.1066
====> Round 3, Epoch: 26 Average loss: 159.0562
2020-04-21 09:20:52.765974
====> Round 3 Test set loss: 156.5804
====== About to train for 81 epochs in round 4 with learning rate 2.68e-05========
====> Round 4, Epoch: 0 Average loss: 158.9761
====> Round 4, Epoch: 1 Average loss: 158.9436
====> Round 4, Epoch: 2 Average loss: 158.9129
====> Round 4, Epoch: 3 Average loss: 158.8753
====> Round 4, Epoch: 4 Average loss: 158.8534
====> Round 4, Epoch: 5 Average loss: 158.8231
====> Round 4, Epoch: 6 Average loss: 158.7878
====> Round 4, Epoch: 7 Average loss: 158.7622
====> Round 4, Epoch: 8 Average loss: 158.7401
====> Round 4, Epoch: 9 Average loss: 158.7151
====> Round 4, Epoch: 10 Average loss: 158.6875
====> Round 4, Epoch: 11 Average loss: 158.6608
====> Round 4, Epoch: 12 Average loss: 158.6396
====> Round 4, Epoch: 13 Average loss: 158.6143
====> Round 4, Epoch: 14 Average loss: 158.5868
====> Round 4, Epoch: 15 Average loss: 158.5656
====> Round 4, Epoch: 16 Average loss: 158.5437
====> Round 4, Epoch: 17 Average loss: 158.5179
====> Round 4, Epoch: 18 Average loss: 158.4965
====> Round 4, Epoch: 19 Average loss: 158.4747
====> Round 4, Epoch: 20 Average loss: 158.4512
====> Round 4, Epoch: 21 Average loss: 158.4285
====> Round 4, Epoch: 22 Average loss: 158.4157
====> Round 4, Epoch: 23 Average loss: 158.3881
====> Round 4, Epoch: 24 Average loss: 158.3748
====> Round 4, Epoch: 25 Average loss: 158.3522
====> Round 4, Epoch: 26 Average loss: 158.3305
====> Round 4, Epoch: 27 Average loss: 158.3125
====> Round 4, Epoch: 28 Average loss: 158.2863
====> Round 4, Epoch: 29 Average loss: 158.2752
====> Round 4, Epoch: 30 Average loss: 158.2598
====> Round 4, Epoch: 31 Average loss: 158.2360
====> Round 4, Epoch: 32 Average loss: 158.2110
====> Round 4, Epoch: 33 Average loss: 158.1978
====> Round 4, Epoch: 34 Average loss: 158.1765
====> Round 4, Epoch: 35 Average loss: 158.1537
====> Round 4, Epoch: 36 Average loss: 158.1388
====> Round 4, Epoch: 37 Average loss: 158.1157
====> Round 4, Epoch: 38 Average loss: 158.0946
====> Round 4, Epoch: 39 Average loss: 158.0751
====> Round 4, Epoch: 40 Average loss: 158.0570
====> Round 4, Epoch: 41 Average loss: 158.0369
====> Round 4, Epoch: 42 Average loss: 158.0248
====> Round 4, Epoch: 43 Average loss: 157.9940
====> Round 4, Epoch: 44 Average loss: 157.9754
====> Round 4, Epoch: 45 Average loss: 157.9583
====> Round 4, Epoch: 46 Average loss: 157.9330
====> Round 4, Epoch: 47 Average loss: 157.9100
====> Round 4, Epoch: 48 Average loss: 157.8965
====> Round 4, Epoch: 49 Average loss: 157.8698
====> Round 4, Epoch: 50 Average loss: 157.8464
====> Round 4, Epoch: 51 Average loss: 157.8227
====> Round 4, Epoch: 52 Average loss: 157.7936
====> Round 4, Epoch: 53 Average loss: 157.7714
====> Round 4, Epoch: 54 Average loss: 157.7401
====> Round 4, Epoch: 55 Average loss: 157.7064
====> Round 4, Epoch: 56 Average loss: 157.6726
====> Round 4, Epoch: 57 Average loss: 157.6329
====> Round 4, Epoch: 58 Average loss: 157.5876
====> Round 4, Epoch: 59 Average loss: 157.5303
====> Round 4, Epoch: 60 Average loss: 157.4790
====> Round 4, Epoch: 61 Average loss: 157.4122
====> Round 4, Epoch: 62 Average loss: 157.3532
====> Round 4, Epoch: 63 Average loss: 157.2920
====> Round 4, Epoch: 64 Average loss: 157.2219
====> Round 4, Epoch: 65 Average loss: 157.1653
====> Round 4, Epoch: 66 Average loss: 157.0958
====> Round 4, Epoch: 67 Average loss: 157.0227
====> Round 4, Epoch: 68 Average loss: 156.9463
====> Round 4, Epoch: 69 Average loss: 156.8560
====> Round 4, Epoch: 70 Average loss: 156.7641
====> Round 4, Epoch: 71 Average loss: 156.6572
====> Round 4, Epoch: 72 Average loss: 156.5637
====> Round 4, Epoch: 73 Average loss: 156.4499
====> Round 4, Epoch: 74 Average loss: 156.3450
====> Round 4, Epoch: 75 Average loss: 156.2258
====> Round 4, Epoch: 76 Average loss: 156.1114
====> Round 4, Epoch: 77 Average loss: 155.9968
====> Round 4, Epoch: 78 Average loss: 155.8923
====> Round 4, Epoch: 79 Average loss: 155.7686
====> Round 4, Epoch: 80 Average loss: 155.6395
2020-04-21 09:44:08.338023
====> Round 4 Test set loss: 152.0080
====== About to train for 243 epochs in round 5 with learning rate 1.93e-05========
====> Round 5, Epoch: 0 Average loss: 155.4735
====> Round 5, Epoch: 1 Average loss: 155.3559
====> Round 5, Epoch: 2 Average loss: 155.2180
====> Round 5, Epoch: 3 Average loss: 155.0779
====> Round 5, Epoch: 4 Average loss: 154.9345
====> Round 5, Epoch: 5 Average loss: 154.7948
====> Round 5, Epoch: 6 Average loss: 154.6989
====> Round 5, Epoch: 7 Average loss: 154.5961
====> Round 5, Epoch: 8 Average loss: 154.5105
====> Round 5, Epoch: 9 Average loss: 154.4306
====> Round 5, Epoch: 10 Average loss: 154.3624
====> Round 5, Epoch: 11 Average loss: 154.2993
====> Round 5, Epoch: 12 Average loss: 154.2387
====> Round 5, Epoch: 13 Average loss: 154.1678
====> Round 5, Epoch: 14 Average loss: 154.1195
====> Round 5, Epoch: 15 Average loss: 154.0654
====> Round 5, Epoch: 16 Average loss: 154.0054
====> Round 5, Epoch: 17 Average loss: 153.9557
====> Round 5, Epoch: 18 Average loss: 153.9051
====> Round 5, Epoch: 19 Average loss: 153.8483
====> Round 5, Epoch: 20 Average loss: 153.7912
====> Round 5, Epoch: 21 Average loss: 153.7605
====> Round 5, Epoch: 22 Average loss: 153.6950
====> Round 5, Epoch: 23 Average loss: 153.6527
====> Round 5, Epoch: 24 Average loss: 153.6085
====> Round 5, Epoch: 25 Average loss: 153.5577
====> Round 5, Epoch: 26 Average loss: 153.5186
====> Round 5, Epoch: 27 Average loss: 153.4638
====> Round 5, Epoch: 28 Average loss: 153.4204
====> Round 5, Epoch: 29 Average loss: 153.3750
====> Round 5, Epoch: 30 Average loss: 153.3331
====> Round 5, Epoch: 31 Average loss: 153.2815
====> Round 5, Epoch: 32 Average loss: 153.2343
====> Round 5, Epoch: 33 Average loss: 153.1842
====> Round 5, Epoch: 34 Average loss: 153.1445
====> Round 5, Epoch: 35 Average loss: 153.0936
====> Round 5, Epoch: 36 Average loss: 153.0415
====> Round 5, Epoch: 37 Average loss: 152.9882
====> Round 5, Epoch: 38 Average loss: 152.9396
====> Round 5, Epoch: 39 Average loss: 152.8769
====> Round 5, Epoch: 40 Average loss: 152.8159
====> Round 5, Epoch: 41 Average loss: 152.7697
====> Round 5, Epoch: 42 Average loss: 152.7066
====> Round 5, Epoch: 43 Average loss: 152.6353
====> Round 5, Epoch: 44 Average loss: 152.5726
====> Round 5, Epoch: 45 Average loss: 152.5122
====> Round 5, Epoch: 46 Average loss: 152.4333
====> Round 5, Epoch: 47 Average loss: 152.3538
====> Round 5, Epoch: 48 Average loss: 152.2931
====> Round 5, Epoch: 49 Average loss: 152.2259
====> Round 5, Epoch: 50 Average loss: 152.1581
====> Round 5, Epoch: 51 Average loss: 152.0877
====> Round 5, Epoch: 52 Average loss: 152.0170
====> Round 5, Epoch: 53 Average loss: 151.9518
====> Round 5, Epoch: 54 Average loss: 151.8861
====> Round 5, Epoch: 55 Average loss: 151.8194
====> Round 5, Epoch: 56 Average loss: 151.7636
====> Round 5, Epoch: 57 Average loss: 151.6971
====> Round 5, Epoch: 58 Average loss: 151.6230
====> Round 5, Epoch: 59 Average loss: 151.5641
====> Round 5, Epoch: 60 Average loss: 151.5004
====> Round 5, Epoch: 61 Average loss: 151.4315
====> Round 5, Epoch: 62 Average loss: 151.3740
====> Round 5, Epoch: 63 Average loss: 151.3070
====> Round 5, Epoch: 64 Average loss: 151.2406
====> Round 5, Epoch: 65 Average loss: 151.1904
====> Round 5, Epoch: 66 Average loss: 151.1150
====> Round 5, Epoch: 67 Average loss: 151.0571
====> Round 5, Epoch: 68 Average loss: 150.9892
====> Round 5, Epoch: 69 Average loss: 150.9407
====> Round 5, Epoch: 70 Average loss: 150.8843
====> Round 5, Epoch: 71 Average loss: 150.8296
====> Round 5, Epoch: 72 Average loss: 150.7669
====> Round 5, Epoch: 73 Average loss: 150.7112
====> Round 5, Epoch: 74 Average loss: 150.6676
====> Round 5, Epoch: 75 Average loss: 150.5888
====> Round 5, Epoch: 76 Average loss: 150.5459
====> Round 5, Epoch: 77 Average loss: 150.4786
====> Round 5, Epoch: 78 Average loss: 150.4308
====> Round 5, Epoch: 79 Average loss: 150.3511
====> Round 5, Epoch: 80 Average loss: 150.2885
====> Round 5, Epoch: 81 Average loss: 150.2260
====> Round 5, Epoch: 82 Average loss: 150.1532
====> Round 5, Epoch: 83 Average loss: 150.0743
====> Round 5, Epoch: 84 Average loss: 149.9747
====> Round 5, Epoch: 85 Average loss: 149.9113
====> Round 5, Epoch: 86 Average loss: 149.7970
====> Round 5, Epoch: 87 Average loss: 149.6904
====> Round 5, Epoch: 88 Average loss: 149.5696
====> Round 5, Epoch: 89 Average loss: 149.4660
====> Round 5, Epoch: 90 Average loss: 149.3572
====> Round 5, Epoch: 91 Average loss: 149.2691
====> Round 5, Epoch: 92 Average loss: 149.1902
====> Round 5, Epoch: 93 Average loss: 149.1094
====> Round 5, Epoch: 94 Average loss: 149.0387
====> Round 5, Epoch: 95 Average loss: 148.9801
====> Round 5, Epoch: 96 Average loss: 148.9078
====> Round 5, Epoch: 97 Average loss: 148.8460
====> Round 5, Epoch: 98 Average loss: 148.7932
====> Round 5, Epoch: 99 Average loss: 148.7341
====> Round 5, Epoch: 100 Average loss: 148.6763
====> Round 5, Epoch: 101 Average loss: 148.6199
====> Round 5, Epoch: 102 Average loss: 148.5607
====> Round 5, Epoch: 103 Average loss: 148.5088
====> Round 5, Epoch: 104 Average loss: 148.4636
====> Round 5, Epoch: 105 Average loss: 148.4147
====> Round 5, Epoch: 106 Average loss: 148.3746
====> Round 5, Epoch: 107 Average loss: 148.3217
====> Round 5, Epoch: 108 Average loss: 148.2800
====> Round 5, Epoch: 109 Average loss: 148.2431
====> Round 5, Epoch: 110 Average loss: 148.1943
====> Round 5, Epoch: 111 Average loss: 148.1499
====> Round 5, Epoch: 112 Average loss: 148.1121
====> Round 5, Epoch: 113 Average loss: 148.0713
====> Round 5, Epoch: 114 Average loss: 148.0322
====> Round 5, Epoch: 115 Average loss: 147.9962
====> Round 5, Epoch: 116 Average loss: 147.9499
====> Round 5, Epoch: 117 Average loss: 147.9205
====> Round 5, Epoch: 118 Average loss: 147.8790
====> Round 5, Epoch: 119 Average loss: 147.8467
====> Round 5, Epoch: 120 Average loss: 147.8005
====> Round 5, Epoch: 121 Average loss: 147.7621
====> Round 5, Epoch: 122 Average loss: 147.7362
====> Round 5, Epoch: 123 Average loss: 147.7026
====> Round 5, Epoch: 124 Average loss: 147.6725
====> Round 5, Epoch: 125 Average loss: 147.6340
====> Round 5, Epoch: 126 Average loss: 147.5942
====> Round 5, Epoch: 127 Average loss: 147.5652
====> Round 5, Epoch: 128 Average loss: 147.5359
====> Round 5, Epoch: 129 Average loss: 147.4917
====> Round 5, Epoch: 130 Average loss: 147.4650
====> Round 5, Epoch: 131 Average loss: 147.4296
====> Round 5, Epoch: 132 Average loss: 147.4000
====> Round 5, Epoch: 133 Average loss: 147.3648
====> Round 5, Epoch: 134 Average loss: 147.3273
====> Round 5, Epoch: 135 Average loss: 147.2951
====> Round 5, Epoch: 136 Average loss: 147.2553
====> Round 5, Epoch: 137 Average loss: 147.2318
====> Round 5, Epoch: 138 Average loss: 147.1930
====> Round 5, Epoch: 139 Average loss: 147.1603
====> Round 5, Epoch: 140 Average loss: 147.1299
====> Round 5, Epoch: 141 Average loss: 147.0976
====> Round 5, Epoch: 142 Average loss: 147.0658
====> Round 5, Epoch: 143 Average loss: 147.0375
====> Round 5, Epoch: 144 Average loss: 147.0060
====> Round 5, Epoch: 145 Average loss: 146.9695
====> Round 5, Epoch: 146 Average loss: 146.9484
====> Round 5, Epoch: 147 Average loss: 146.9303
====> Round 5, Epoch: 148 Average loss: 146.8974
====> Round 5, Epoch: 149 Average loss: 146.8713
====> Round 5, Epoch: 150 Average loss: 146.8375
====> Round 5, Epoch: 151 Average loss: 146.8209
====> Round 5, Epoch: 152 Average loss: 146.7910
====> Round 5, Epoch: 153 Average loss: 146.7685
====> Round 5, Epoch: 154 Average loss: 146.7351
====> Round 5, Epoch: 155 Average loss: 146.7155
====> Round 5, Epoch: 156 Average loss: 146.6891
====> Round 5, Epoch: 157 Average loss: 146.6611
====> Round 5, Epoch: 158 Average loss: 146.6454
====> Round 5, Epoch: 159 Average loss: 146.6226
====> Round 5, Epoch: 160 Average loss: 146.5888
====> Round 5, Epoch: 161 Average loss: 146.5651
====> Round 5, Epoch: 162 Average loss: 146.5389
====> Round 5, Epoch: 163 Average loss: 146.5163
====> Round 5, Epoch: 164 Average loss: 146.4832
====> Round 5, Epoch: 165 Average loss: 146.4694
====> Round 5, Epoch: 166 Average loss: 146.4426
====> Round 5, Epoch: 167 Average loss: 146.4210
====> Round 5, Epoch: 168 Average loss: 146.3929
====> Round 5, Epoch: 169 Average loss: 146.3690
====> Round 5, Epoch: 170 Average loss: 146.3420
====> Round 5, Epoch: 171 Average loss: 146.3236
====> Round 5, Epoch: 172 Average loss: 146.3011
====> Round 5, Epoch: 173 Average loss: 146.2700
====> Round 5, Epoch: 174 Average loss: 146.2558
====> Round 5, Epoch: 175 Average loss: 146.2267
====> Round 5, Epoch: 176 Average loss: 146.1998
====> Round 5, Epoch: 177 Average loss: 146.1813
====> Round 5, Epoch: 178 Average loss: 146.1588
====> Round 5, Epoch: 179 Average loss: 146.1255
====> Round 5, Epoch: 180 Average loss: 146.1056
====> Round 5, Epoch: 181 Average loss: 146.0718
====> Round 5, Epoch: 182 Average loss: 146.0474
====> Round 5, Epoch: 183 Average loss: 146.0278
====> Round 5, Epoch: 184 Average loss: 145.9975
====> Round 5, Epoch: 185 Average loss: 145.9683
====> Round 5, Epoch: 186 Average loss: 145.9337
====> Round 5, Epoch: 187 Average loss: 145.9042
====> Round 5, Epoch: 188 Average loss: 145.8802
====> Round 5, Epoch: 189 Average loss: 145.8455
====> Round 5, Epoch: 190 Average loss: 145.8098
====> Round 5, Epoch: 191 Average loss: 145.7731
====> Round 5, Epoch: 192 Average loss: 145.7363
====> Round 5, Epoch: 193 Average loss: 145.7074
====> Round 5, Epoch: 194 Average loss: 145.6652
====> Round 5, Epoch: 195 Average loss: 145.6287
====> Round 5, Epoch: 196 Average loss: 145.5876
====> Round 5, Epoch: 197 Average loss: 145.5438
====> Round 5, Epoch: 198 Average loss: 145.5177
====> Round 5, Epoch: 199 Average loss: 145.4836
====> Round 5, Epoch: 200 Average loss: 145.4498
====> Round 5, Epoch: 201 Average loss: 145.4108
====> Round 5, Epoch: 202 Average loss: 145.3726
====> Round 5, Epoch: 203 Average loss: 145.3385
====> Round 5, Epoch: 204 Average loss: 145.3046
====> Round 5, Epoch: 205 Average loss: 145.2723
====> Round 5, Epoch: 206 Average loss: 145.2441
====> Round 5, Epoch: 207 Average loss: 145.1975
====> Round 5, Epoch: 208 Average loss: 145.1729
====> Round 5, Epoch: 209 Average loss: 145.1208
====> Round 5, Epoch: 210 Average loss: 145.0963
====> Round 5, Epoch: 211 Average loss: 145.0527
====> Round 5, Epoch: 212 Average loss: 145.0186
====> Round 5, Epoch: 213 Average loss: 144.9855
====> Round 5, Epoch: 214 Average loss: 144.9575
====> Round 5, Epoch: 215 Average loss: 144.9137
====> Round 5, Epoch: 216 Average loss: 144.8828
====> Round 5, Epoch: 217 Average loss: 144.8521
====> Round 5, Epoch: 218 Average loss: 144.8110
====> Round 5, Epoch: 219 Average loss: 144.7865
====> Round 5, Epoch: 220 Average loss: 144.7530
====> Round 5, Epoch: 221 Average loss: 144.7068
====> Round 5, Epoch: 222 Average loss: 144.6764
====> Round 5, Epoch: 223 Average loss: 144.6450
====> Round 5, Epoch: 224 Average loss: 144.6100
====> Round 5, Epoch: 225 Average loss: 144.5753
====> Round 5, Epoch: 226 Average loss: 144.5451
====> Round 5, Epoch: 227 Average loss: 144.5168
====> Round 5, Epoch: 228 Average loss: 144.4720
====> Round 5, Epoch: 229 Average loss: 144.4518
====> Round 5, Epoch: 230 Average loss: 144.4136
====> Round 5, Epoch: 231 Average loss: 144.3770
====> Round 5, Epoch: 232 Average loss: 144.3508
====> Round 5, Epoch: 233 Average loss: 144.3219
====> Round 5, Epoch: 234 Average loss: 144.2958
====> Round 5, Epoch: 235 Average loss: 144.2637
====> Round 5, Epoch: 236 Average loss: 144.2306
====> Round 5, Epoch: 237 Average loss: 144.2100
====> Round 5, Epoch: 238 Average loss: 144.1690
====> Round 5, Epoch: 239 Average loss: 144.1476
====> Round 5, Epoch: 240 Average loss: 144.1027
====> Round 5, Epoch: 241 Average loss: 144.0749
====> Round 5, Epoch: 242 Average loss: 144.0518
2020-04-21 10:50:32.897879
====> Round 5 Test set loss: 140.2575
====> Round 5 Test set loss: 140.2477
2020-04-21 10:53:18.940022
Training finished