INFO:root:2020-04-03 17:43:28.219901
INFO:root:====== About to train for 1 epochs in round 0 with learning rate 0.0001========
INFO:root:Round number 0, Train Epoch: 0 [0/7803 (0%)]	Loss: 554.117285
INFO:root:====> Round 0: Epoch: 0 Average loss: 381.1965
INFO:root:2020-04-03 17:43:34.130968
INFO:root:====> Round 0: Epoch 0: Test set loss: 289.1458
INFO:root:====== About to train for 2 epochs in round 1 with learning rate 7.2e-05========
INFO:root:Round number 1, Train Epoch: 0 [0/7803 (0%)]	Loss: 301.877148
INFO:root:====> Round 1: Epoch: 0 Average loss: 276.7530
INFO:root:Round number 1, Train Epoch: 1 [0/7803 (0%)]	Loss: 239.174023
INFO:root:====> Round 1: Epoch: 1 Average loss: 248.9162
INFO:root:2020-04-03 17:43:54.756867
INFO:root:====> Round 1: Epoch 1: Test set loss: 225.0103
INFO:root:====== About to train for 4 epochs in round 2 with learning rate 5.18e-05========
INFO:root:Round number 2, Train Epoch: 0 [0/7803 (0%)]	Loss: 254.826807
INFO:root:====> Round 2: Epoch: 0 Average loss: 236.5378
INFO:root:Round number 2, Train Epoch: 1 [0/7803 (0%)]	Loss: 239.086865
INFO:root:====> Round 2: Epoch: 1 Average loss: 227.2448
INFO:root:Round number 2, Train Epoch: 2 [0/7803 (0%)]	Loss: 234.751367
INFO:root:====> Round 2: Epoch: 2 Average loss: 221.4780
INFO:root:Round number 2, Train Epoch: 3 [0/7803 (0%)]	Loss: 243.377759
INFO:root:====> Round 2: Epoch: 3 Average loss: 216.1458
INFO:root:2020-04-03 17:44:25.715366
INFO:root:====> Round 2: Epoch 3: Test set loss: 194.5762
INFO:root:====== About to train for 8 epochs in round 3 with learning rate 3.73e-05========
INFO:root:Round number 3, Train Epoch: 0 [0/7803 (0%)]	Loss: 231.634131
INFO:root:====> Round 3: Epoch: 0 Average loss: 212.7995
INFO:root:Round number 3, Train Epoch: 1 [0/7803 (0%)]	Loss: 212.506494
INFO:root:====> Round 3: Epoch: 1 Average loss: 210.1961
INFO:root:Round number 3, Train Epoch: 2 [0/7803 (0%)]	Loss: 205.056299
INFO:root:====> Round 3: Epoch: 2 Average loss: 207.7381
INFO:root:Round number 3, Train Epoch: 3 [0/7803 (0%)]	Loss: 202.282690
INFO:root:====> Round 3: Epoch: 3 Average loss: 205.9371
INFO:root:Round number 3, Train Epoch: 4 [0/7803 (0%)]	Loss: 261.230957
INFO:root:====> Round 3: Epoch: 4 Average loss: 204.5465
INFO:root:Round number 3, Train Epoch: 5 [0/7803 (0%)]	Loss: 199.558679
INFO:root:====> Round 3: Epoch: 5 Average loss: 203.0707
INFO:root:Round number 3, Train Epoch: 6 [0/7803 (0%)]	Loss: 206.438525
INFO:root:====> Round 3: Epoch: 6 Average loss: 201.7721
INFO:root:Round number 3, Train Epoch: 7 [0/7803 (0%)]	Loss: 190.018408
INFO:root:====> Round 3: Epoch: 7 Average loss: 200.5059
INFO:root:2020-04-03 17:45:22.785497
INFO:root:====> Round 3: Epoch 7: Test set loss: 178.2581
INFO:root:====== About to train for 16 epochs in round 4 with learning rate 2.68e-05========
INFO:root:Round number 4, Train Epoch: 0 [0/7803 (0%)]	Loss: 224.204883
INFO:root:====> Round 4: Epoch: 0 Average loss: 199.3279
INFO:root:Round number 4, Train Epoch: 1 [0/7803 (0%)]	Loss: 212.252393
INFO:root:====> Round 4: Epoch: 1 Average loss: 198.3455
INFO:root:Round number 4, Train Epoch: 2 [0/7803 (0%)]	Loss: 191.039368
INFO:root:====> Round 4: Epoch: 2 Average loss: 197.4896
INFO:root:Round number 4, Train Epoch: 3 [0/7803 (0%)]	Loss: 172.989771
INFO:root:====> Round 4: Epoch: 3 Average loss: 196.6952
INFO:root:Round number 4, Train Epoch: 4 [0/7803 (0%)]	Loss: 190.108252
INFO:root:====> Round 4: Epoch: 4 Average loss: 196.0028
INFO:root:Round number 4, Train Epoch: 5 [0/7803 (0%)]	Loss: 222.885547
INFO:root:====> Round 4: Epoch: 5 Average loss: 194.9795
INFO:root:Round number 4, Train Epoch: 6 [0/7803 (0%)]	Loss: 224.229150
INFO:root:====> Round 4: Epoch: 6 Average loss: 194.2087
INFO:root:Round number 4, Train Epoch: 7 [0/7803 (0%)]	Loss: 198.526111
INFO:root:====> Round 4: Epoch: 7 Average loss: 193.5754
INFO:root:Round number 4, Train Epoch: 8 [0/7803 (0%)]	Loss: 195.382996
INFO:root:====> Round 4: Epoch: 8 Average loss: 193.0155
INFO:root:Round number 4, Train Epoch: 9 [0/7803 (0%)]	Loss: 188.788110
INFO:root:====> Round 4: Epoch: 9 Average loss: 192.1603
INFO:root:Round number 4, Train Epoch: 10 [0/7803 (0%)]	Loss: 211.477100
INFO:root:====> Round 4: Epoch: 10 Average loss: 191.4649
INFO:root:Round number 4, Train Epoch: 11 [0/7803 (0%)]	Loss: 187.275574
INFO:root:====> Round 4: Epoch: 11 Average loss: 190.7338
INFO:root:Round number 4, Train Epoch: 12 [0/7803 (0%)]	Loss: 179.411646
INFO:root:====> Round 4: Epoch: 12 Average loss: 190.0134
INFO:root:Round number 4, Train Epoch: 13 [0/7803 (0%)]	Loss: 195.026550
INFO:root:====> Round 4: Epoch: 13 Average loss: 189.2325
INFO:root:Round number 4, Train Epoch: 14 [0/7803 (0%)]	Loss: 180.401782
INFO:root:====> Round 4: Epoch: 14 Average loss: 188.7963
INFO:root:Round number 4, Train Epoch: 15 [0/7803 (0%)]	Loss: 172.164185
INFO:root:====> Round 4: Epoch: 15 Average loss: 188.2197
INFO:root:2020-04-03 17:47:07.889985
INFO:root:====> Round 4: Epoch 15: Test set loss: 165.3040
INFO:root:====== About to train for 32 epochs in round 5 with learning rate 1.93e-05========
INFO:root:Round number 5, Train Epoch: 0 [0/7803 (0%)]	Loss: 214.130371
INFO:root:====> Round 5: Epoch: 0 Average loss: 187.6685
INFO:root:Round number 5, Train Epoch: 1 [0/7803 (0%)]	Loss: 202.688989
INFO:root:====> Round 5: Epoch: 1 Average loss: 186.9735
INFO:root:Round number 5, Train Epoch: 2 [0/7803 (0%)]	Loss: 179.131946
INFO:root:====> Round 5: Epoch: 2 Average loss: 186.6793
INFO:root:Round number 5, Train Epoch: 3 [0/7803 (0%)]	Loss: 181.381152
INFO:root:====> Round 5: Epoch: 3 Average loss: 186.1956
INFO:root:Round number 5, Train Epoch: 4 [0/7803 (0%)]	Loss: 170.120227
INFO:root:====> Round 5: Epoch: 4 Average loss: 185.6518
INFO:root:Round number 5, Train Epoch: 5 [0/7803 (0%)]	Loss: 174.753467
INFO:root:====> Round 5: Epoch: 5 Average loss: 185.2225
INFO:root:Round number 5, Train Epoch: 6 [0/7803 (0%)]	Loss: 168.503809
INFO:root:====> Round 5: Epoch: 6 Average loss: 184.9822
INFO:root:Round number 5, Train Epoch: 7 [0/7803 (0%)]	Loss: 212.099463
INFO:root:====> Round 5: Epoch: 7 Average loss: 184.6191
INFO:root:Round number 5, Train Epoch: 8 [0/7803 (0%)]	Loss: 181.692041
INFO:root:====> Round 5: Epoch: 8 Average loss: 184.1187
INFO:root:Round number 5, Train Epoch: 9 [0/7803 (0%)]	Loss: 202.145093
INFO:root:====> Round 5: Epoch: 9 Average loss: 183.7510
INFO:root:Round number 5, Train Epoch: 10 [0/7803 (0%)]	Loss: 193.738135
INFO:root:====> Round 5: Epoch: 10 Average loss: 183.5224
INFO:root:Round number 5, Train Epoch: 11 [0/7803 (0%)]	Loss: 174.235571
INFO:root:====> Round 5: Epoch: 11 Average loss: 183.0616
INFO:root:Round number 5, Train Epoch: 12 [0/7803 (0%)]	Loss: 186.532202
INFO:root:====> Round 5: Epoch: 12 Average loss: 182.5405
INFO:root:Round number 5, Train Epoch: 13 [0/7803 (0%)]	Loss: 211.973877
INFO:root:====> Round 5: Epoch: 13 Average loss: 182.4814
INFO:root:Round number 5, Train Epoch: 14 [0/7803 (0%)]	Loss: 157.181934
INFO:root:====> Round 5: Epoch: 14 Average loss: 182.0025
INFO:root:Round number 5, Train Epoch: 15 [0/7803 (0%)]	Loss: 190.703149
INFO:root:====> Round 5: Epoch: 15 Average loss: 181.6603
INFO:root:Round number 5, Train Epoch: 16 [0/7803 (0%)]	Loss: 181.310193
INFO:root:====> Round 5: Epoch: 16 Average loss: 181.4619
INFO:root:Round number 5, Train Epoch: 17 [0/7803 (0%)]	Loss: 178.704346
INFO:root:====> Round 5: Epoch: 17 Average loss: 181.1815
INFO:root:Round number 5, Train Epoch: 18 [0/7803 (0%)]	Loss: 197.053772
INFO:root:====> Round 5: Epoch: 18 Average loss: 180.6726
INFO:root:Round number 5, Train Epoch: 19 [0/7803 (0%)]	Loss: 150.089844
INFO:root:====> Round 5: Epoch: 19 Average loss: 180.4559
INFO:root:Round number 5, Train Epoch: 20 [0/7803 (0%)]	Loss: 166.912500
INFO:root:====> Round 5: Epoch: 20 Average loss: 180.2645
INFO:root:Round number 5, Train Epoch: 21 [0/7803 (0%)]	Loss: 196.353699
INFO:root:====> Round 5: Epoch: 21 Average loss: 179.6729
INFO:root:Round number 5, Train Epoch: 22 [0/7803 (0%)]	Loss: 193.209326
INFO:root:====> Round 5: Epoch: 22 Average loss: 179.4733
INFO:root:Round number 5, Train Epoch: 23 [0/7803 (0%)]	Loss: 175.667749
INFO:root:====> Round 5: Epoch: 23 Average loss: 179.0521
INFO:root:Round number 5, Train Epoch: 24 [0/7803 (0%)]	Loss: 184.367725
INFO:root:====> Round 5: Epoch: 24 Average loss: 178.8561
INFO:root:Round number 5, Train Epoch: 25 [0/7803 (0%)]	Loss: 193.166760
INFO:root:====> Round 5: Epoch: 25 Average loss: 178.5184
INFO:root:Round number 5, Train Epoch: 26 [0/7803 (0%)]	Loss: 179.546533
INFO:root:====> Round 5: Epoch: 26 Average loss: 178.0850
INFO:root:Round number 5, Train Epoch: 27 [0/7803 (0%)]	Loss: 172.901050
INFO:root:====> Round 5: Epoch: 27 Average loss: 177.7828
INFO:root:Round number 5, Train Epoch: 28 [0/7803 (0%)]	Loss: 168.142273
INFO:root:====> Round 5: Epoch: 28 Average loss: 177.5208
INFO:root:Round number 5, Train Epoch: 29 [0/7803 (0%)]	Loss: 164.297949
INFO:root:====> Round 5: Epoch: 29 Average loss: 177.2702
INFO:root:Round number 5, Train Epoch: 30 [0/7803 (0%)]	Loss: 179.678552
INFO:root:====> Round 5: Epoch: 30 Average loss: 176.9172
INFO:root:Round number 5, Train Epoch: 31 [0/7803 (0%)]	Loss: 169.691736
INFO:root:====> Round 5: Epoch: 31 Average loss: 176.5218
INFO:root:2020-04-03 17:50:31.306988
INFO:root:====> Round 5: Epoch 31: Test set loss: 153.7922
INFO:root:====== About to train for 64 epochs in round 6 with learning rate 1.39e-05========
INFO:root:Round number 6, Train Epoch: 0 [0/7803 (0%)]	Loss: 170.253394
INFO:root:====> Round 6: Epoch: 0 Average loss: 176.2991
INFO:root:Round number 6, Train Epoch: 1 [0/7803 (0%)]	Loss: 184.922913
INFO:root:====> Round 6: Epoch: 1 Average loss: 175.9927
INFO:root:Round number 6, Train Epoch: 2 [0/7803 (0%)]	Loss: 180.011475
INFO:root:====> Round 6: Epoch: 2 Average loss: 175.9148
INFO:root:Round number 6, Train Epoch: 3 [0/7803 (0%)]	Loss: 169.468018
INFO:root:====> Round 6: Epoch: 3 Average loss: 175.3566
INFO:root:Round number 6, Train Epoch: 4 [0/7803 (0%)]	Loss: 168.438403
INFO:root:====> Round 6: Epoch: 4 Average loss: 175.4813
INFO:root:Round number 6, Train Epoch: 5 [0/7803 (0%)]	Loss: 195.482935
INFO:root:====> Round 6: Epoch: 5 Average loss: 175.0545
INFO:root:Round number 6, Train Epoch: 6 [0/7803 (0%)]	Loss: 186.502026
INFO:root:====> Round 6: Epoch: 6 Average loss: 174.9805
INFO:root:Round number 6, Train Epoch: 7 [0/7803 (0%)]	Loss: 163.322583
INFO:root:====> Round 6: Epoch: 7 Average loss: 174.8919
INFO:root:Round number 6, Train Epoch: 8 [0/7803 (0%)]	Loss: 156.373914
INFO:root:====> Round 6: Epoch: 8 Average loss: 174.5987
INFO:root:Round number 6, Train Epoch: 9 [0/7803 (0%)]	Loss: 195.057690
INFO:root:====> Round 6: Epoch: 9 Average loss: 174.5913
INFO:root:Round number 6, Train Epoch: 10 [0/7803 (0%)]	Loss: 173.551123
INFO:root:====> Round 6: Epoch: 10 Average loss: 174.1531
INFO:root:Round number 6, Train Epoch: 11 [0/7803 (0%)]	Loss: 170.136133
INFO:root:====> Round 6: Epoch: 11 Average loss: 173.9041
INFO:root:Round number 6, Train Epoch: 12 [0/7803 (0%)]	Loss: 206.802100
INFO:root:====> Round 6: Epoch: 12 Average loss: 173.7846
INFO:root:Round number 6, Train Epoch: 13 [0/7803 (0%)]	Loss: 186.325854
INFO:root:====> Round 6: Epoch: 13 Average loss: 173.7520
INFO:root:Round number 6, Train Epoch: 14 [0/7803 (0%)]	Loss: 177.542285
INFO:root:====> Round 6: Epoch: 14 Average loss: 173.1675
INFO:root:Round number 6, Train Epoch: 15 [0/7803 (0%)]	Loss: 158.795166
INFO:root:====> Round 6: Epoch: 15 Average loss: 173.3261
INFO:root:Round number 6, Train Epoch: 16 [0/7803 (0%)]	Loss: 175.505334
INFO:root:====> Round 6: Epoch: 16 Average loss: 173.0041
INFO:root:Round number 6, Train Epoch: 17 [0/7803 (0%)]	Loss: 165.300952
INFO:root:====> Round 6: Epoch: 17 Average loss: 172.8748
INFO:root:Round number 6, Train Epoch: 18 [0/7803 (0%)]	Loss: 180.451709
INFO:root:====> Round 6: Epoch: 18 Average loss: 172.6964
INFO:root:Round number 6, Train Epoch: 19 [0/7803 (0%)]	Loss: 208.947852
INFO:root:====> Round 6: Epoch: 19 Average loss: 172.4750
INFO:root:Round number 6, Train Epoch: 20 [0/7803 (0%)]	Loss: 184.544800
INFO:root:====> Round 6: Epoch: 20 Average loss: 172.2487
INFO:root:Round number 6, Train Epoch: 21 [0/7803 (0%)]	Loss: 160.131787
INFO:root:====> Round 6: Epoch: 21 Average loss: 172.1661
INFO:root:Round number 6, Train Epoch: 22 [0/7803 (0%)]	Loss: 183.433948
INFO:root:====> Round 6: Epoch: 22 Average loss: 171.9107
INFO:root:Round number 6, Train Epoch: 23 [0/7803 (0%)]	Loss: 173.563208
INFO:root:====> Round 6: Epoch: 23 Average loss: 171.5716
INFO:root:Round number 6, Train Epoch: 24 [0/7803 (0%)]	Loss: 162.126611
INFO:root:====> Round 6: Epoch: 24 Average loss: 171.5351
INFO:root:Round number 6, Train Epoch: 25 [0/7803 (0%)]	Loss: 198.760449
INFO:root:====> Round 6: Epoch: 25 Average loss: 171.3009
INFO:root:Round number 6, Train Epoch: 26 [0/7803 (0%)]	Loss: 164.173193
INFO:root:====> Round 6: Epoch: 26 Average loss: 171.1136
INFO:root:Round number 6, Train Epoch: 27 [0/7803 (0%)]	Loss: 186.082556
INFO:root:====> Round 6: Epoch: 27 Average loss: 170.8072
INFO:root:Round number 6, Train Epoch: 28 [0/7803 (0%)]	Loss: 166.048413
INFO:root:====> Round 6: Epoch: 28 Average loss: 170.8122
INFO:root:Round number 6, Train Epoch: 29 [0/7803 (0%)]	Loss: 185.316431
INFO:root:====> Round 6: Epoch: 29 Average loss: 170.5481
INFO:root:Round number 6, Train Epoch: 30 [0/7803 (0%)]	Loss: 173.053784
INFO:root:====> Round 6: Epoch: 30 Average loss: 170.2702
INFO:root:Round number 6, Train Epoch: 31 [0/7803 (0%)]	Loss: 169.915454
INFO:root:====> Round 6: Epoch: 31 Average loss: 170.1181
INFO:root:Round number 6, Train Epoch: 32 [0/7803 (0%)]	Loss: 149.710229
INFO:root:====> Round 6: Epoch: 32 Average loss: 169.8144
INFO:root:Round number 6, Train Epoch: 33 [0/7803 (0%)]	Loss: 158.214380
INFO:root:====> Round 6: Epoch: 33 Average loss: 169.8488
INFO:root:Round number 6, Train Epoch: 34 [0/7803 (0%)]	Loss: 165.259656
INFO:root:====> Round 6: Epoch: 34 Average loss: 169.4404
INFO:root:Round number 6, Train Epoch: 35 [0/7803 (0%)]	Loss: 166.469727
INFO:root:====> Round 6: Epoch: 35 Average loss: 169.3689
INFO:root:Round number 6, Train Epoch: 36 [0/7803 (0%)]	Loss: 168.968811
INFO:root:====> Round 6: Epoch: 36 Average loss: 169.1327
INFO:root:Round number 6, Train Epoch: 37 [0/7803 (0%)]	Loss: 167.360693
INFO:root:====> Round 6: Epoch: 37 Average loss: 168.7127
INFO:root:Round number 6, Train Epoch: 38 [0/7803 (0%)]	Loss: 140.007373
INFO:root:====> Round 6: Epoch: 38 Average loss: 168.7915
INFO:root:Round number 6, Train Epoch: 39 [0/7803 (0%)]	Loss: 191.906567
INFO:root:====> Round 6: Epoch: 39 Average loss: 168.4891
INFO:root:Round number 6, Train Epoch: 40 [0/7803 (0%)]	Loss: 174.231812
INFO:root:====> Round 6: Epoch: 40 Average loss: 168.3161
INFO:root:Round number 6, Train Epoch: 41 [0/7803 (0%)]	Loss: 152.054614
INFO:root:====> Round 6: Epoch: 41 Average loss: 168.1298
INFO:root:Round number 6, Train Epoch: 42 [0/7803 (0%)]	Loss: 177.387646
INFO:root:====> Round 6: Epoch: 42 Average loss: 167.7947
INFO:root:Round number 6, Train Epoch: 43 [0/7803 (0%)]	Loss: 198.486292
INFO:root:====> Round 6: Epoch: 43 Average loss: 167.5151
INFO:root:Round number 6, Train Epoch: 44 [0/7803 (0%)]	Loss: 172.387451
INFO:root:====> Round 6: Epoch: 44 Average loss: 167.4896
INFO:root:Round number 6, Train Epoch: 45 [0/7803 (0%)]	Loss: 141.263818
INFO:root:====> Round 6: Epoch: 45 Average loss: 167.1444
INFO:root:Round number 6, Train Epoch: 46 [0/7803 (0%)]	Loss: 174.324548
INFO:root:====> Round 6: Epoch: 46 Average loss: 166.9164
INFO:root:Round number 6, Train Epoch: 47 [0/7803 (0%)]	Loss: 158.531970
INFO:root:====> Round 6: Epoch: 47 Average loss: 166.6333
INFO:root:Round number 6, Train Epoch: 48 [0/7803 (0%)]	Loss: 204.076221
INFO:root:====> Round 6: Epoch: 48 Average loss: 166.7806
INFO:root:Round number 6, Train Epoch: 49 [0/7803 (0%)]	Loss: 180.481323
INFO:root:====> Round 6: Epoch: 49 Average loss: 166.3858
INFO:root:Round number 6, Train Epoch: 50 [0/7803 (0%)]	Loss: 178.438245
INFO:root:====> Round 6: Epoch: 50 Average loss: 166.0756
INFO:root:Round number 6, Train Epoch: 51 [0/7803 (0%)]	Loss: 157.627966
INFO:root:====> Round 6: Epoch: 51 Average loss: 166.0509
INFO:root:Round number 6, Train Epoch: 52 [0/7803 (0%)]	Loss: 151.859644
INFO:root:====> Round 6: Epoch: 52 Average loss: 165.9049
INFO:root:Round number 6, Train Epoch: 53 [0/7803 (0%)]	Loss: 149.716516
INFO:root:====> Round 6: Epoch: 53 Average loss: 165.4791
INFO:root:Round number 6, Train Epoch: 54 [0/7803 (0%)]	Loss: 168.374622
INFO:root:====> Round 6: Epoch: 54 Average loss: 165.3761
INFO:root:Round number 6, Train Epoch: 55 [0/7803 (0%)]	Loss: 160.738599
INFO:root:====> Round 6: Epoch: 55 Average loss: 165.1474
INFO:root:Round number 6, Train Epoch: 56 [0/7803 (0%)]	Loss: 165.424231
INFO:root:====> Round 6: Epoch: 56 Average loss: 164.7681
INFO:root:Round number 6, Train Epoch: 57 [0/7803 (0%)]	Loss: 160.901245
INFO:root:====> Round 6: Epoch: 57 Average loss: 164.7005
INFO:root:Round number 6, Train Epoch: 58 [0/7803 (0%)]	Loss: 162.298193
INFO:root:====> Round 6: Epoch: 58 Average loss: 164.8568
INFO:root:Round number 6, Train Epoch: 59 [0/7803 (0%)]	Loss: 156.723267
INFO:root:====> Round 6: Epoch: 59 Average loss: 164.5089
INFO:root:Round number 6, Train Epoch: 60 [0/7803 (0%)]	Loss: 171.996729
INFO:root:====> Round 6: Epoch: 60 Average loss: 164.3271
INFO:root:Round number 6, Train Epoch: 61 [0/7803 (0%)]	Loss: 153.237646
INFO:root:====> Round 6: Epoch: 61 Average loss: 164.2967
INFO:root:Round number 6, Train Epoch: 62 [0/7803 (0%)]	Loss: 179.383032
INFO:root:====> Round 6: Epoch: 62 Average loss: 163.8796
INFO:root:Round number 6, Train Epoch: 63 [0/7803 (0%)]	Loss: 147.843982
INFO:root:====> Round 6: Epoch: 63 Average loss: 163.7261
INFO:root:2020-04-03 17:57:08.509623
INFO:root:====> Round 6: Epoch 63: Test set loss: 143.0695
INFO:root:====== About to train for 128 epochs in round 7 with learning rate 1e-05========
INFO:root:Round number 7, Train Epoch: 0 [0/7803 (0%)]	Loss: 201.857410
INFO:root:====> Round 7: Epoch: 0 Average loss: 163.7613
INFO:root:Round number 7, Train Epoch: 1 [0/7803 (0%)]	Loss: 180.598096
INFO:root:====> Round 7: Epoch: 1 Average loss: 163.4492
INFO:root:Round number 7, Train Epoch: 2 [0/7803 (0%)]	Loss: 187.226367
INFO:root:====> Round 7: Epoch: 2 Average loss: 163.2963
INFO:root:Round number 7, Train Epoch: 3 [0/7803 (0%)]	Loss: 147.490796
INFO:root:====> Round 7: Epoch: 3 Average loss: 163.2457
INFO:root:Round number 7, Train Epoch: 4 [0/7803 (0%)]	Loss: 164.318994
INFO:root:====> Round 7: Epoch: 4 Average loss: 162.9641
INFO:root:Round number 7, Train Epoch: 5 [0/7803 (0%)]	Loss: 164.190430
INFO:root:====> Round 7: Epoch: 5 Average loss: 162.8175
INFO:root:Round number 7, Train Epoch: 6 [0/7803 (0%)]	Loss: 166.414563
INFO:root:====> Round 7: Epoch: 6 Average loss: 162.9161
INFO:root:Round number 7, Train Epoch: 7 [0/7803 (0%)]	Loss: 151.026453
INFO:root:====> Round 7: Epoch: 7 Average loss: 162.8903
INFO:root:Round number 7, Train Epoch: 8 [0/7803 (0%)]	Loss: 174.902808
INFO:root:====> Round 7: Epoch: 8 Average loss: 162.7666
INFO:root:Round number 7, Train Epoch: 9 [0/7803 (0%)]	Loss: 165.151636
INFO:root:====> Round 7: Epoch: 9 Average loss: 162.5434
INFO:root:Round number 7, Train Epoch: 10 [0/7803 (0%)]	Loss: 172.643604
INFO:root:====> Round 7: Epoch: 10 Average loss: 162.2831
INFO:root:Round number 7, Train Epoch: 11 [0/7803 (0%)]	Loss: 165.113708
INFO:root:====> Round 7: Epoch: 11 Average loss: 162.2429
INFO:root:Round number 7, Train Epoch: 12 [0/7803 (0%)]	Loss: 160.680310
INFO:root:====> Round 7: Epoch: 12 Average loss: 162.1448
INFO:root:Round number 7, Train Epoch: 13 [0/7803 (0%)]	Loss: 176.090259
INFO:root:====> Round 7: Epoch: 13 Average loss: 162.0592
INFO:root:Round number 7, Train Epoch: 14 [0/7803 (0%)]	Loss: 151.634106
INFO:root:====> Round 7: Epoch: 14 Average loss: 161.7716
INFO:root:Round number 7, Train Epoch: 15 [0/7803 (0%)]	Loss: 171.399585
INFO:root:====> Round 7: Epoch: 15 Average loss: 161.7941
INFO:root:Round number 7, Train Epoch: 16 [0/7803 (0%)]	Loss: 166.349048
INFO:root:====> Round 7: Epoch: 16 Average loss: 161.7837
INFO:root:Round number 7, Train Epoch: 17 [0/7803 (0%)]	Loss: 167.817749
INFO:root:====> Round 7: Epoch: 17 Average loss: 161.6971
INFO:root:Round number 7, Train Epoch: 18 [0/7803 (0%)]	Loss: 178.292969
INFO:root:====> Round 7: Epoch: 18 Average loss: 161.6485
INFO:root:Round number 7, Train Epoch: 19 [0/7803 (0%)]	Loss: 149.544812
INFO:root:====> Round 7: Epoch: 19 Average loss: 161.5332
INFO:root:Round number 7, Train Epoch: 20 [0/7803 (0%)]	Loss: 159.452417
INFO:root:====> Round 7: Epoch: 20 Average loss: 161.0775
INFO:root:Round number 7, Train Epoch: 21 [0/7803 (0%)]	Loss: 146.111963
INFO:root:====> Round 7: Epoch: 21 Average loss: 161.1952
INFO:root:Round number 7, Train Epoch: 22 [0/7803 (0%)]	Loss: 172.812939
INFO:root:====> Round 7: Epoch: 22 Average loss: 161.0185
INFO:root:Round number 7, Train Epoch: 23 [0/7803 (0%)]	Loss: 163.797437
INFO:root:====> Round 7: Epoch: 23 Average loss: 161.0259
INFO:root:Round number 7, Train Epoch: 24 [0/7803 (0%)]	Loss: 160.756909
INFO:root:====> Round 7: Epoch: 24 Average loss: 160.8492
INFO:root:Round number 7, Train Epoch: 25 [0/7803 (0%)]	Loss: 170.357507
INFO:root:====> Round 7: Epoch: 25 Average loss: 160.9229
INFO:root:Round number 7, Train Epoch: 26 [0/7803 (0%)]	Loss: 171.193115
INFO:root:====> Round 7: Epoch: 26 Average loss: 160.5058
INFO:root:Round number 7, Train Epoch: 27 [0/7803 (0%)]	Loss: 165.745874
INFO:root:====> Round 7: Epoch: 27 Average loss: 160.5410
INFO:root:Round number 7, Train Epoch: 28 [0/7803 (0%)]	Loss: 160.742883
INFO:root:====> Round 7: Epoch: 28 Average loss: 160.4848
INFO:root:Round number 7, Train Epoch: 29 [0/7803 (0%)]	Loss: 150.082495
INFO:root:====> Round 7: Epoch: 29 Average loss: 160.2891
INFO:root:Round number 7, Train Epoch: 30 [0/7803 (0%)]	Loss: 150.027588
INFO:root:====> Round 7: Epoch: 30 Average loss: 160.0087
INFO:root:Round number 7, Train Epoch: 31 [0/7803 (0%)]	Loss: 134.358423
INFO:root:====> Round 7: Epoch: 31 Average loss: 160.0459
INFO:root:Round number 7, Train Epoch: 32 [0/7803 (0%)]	Loss: 184.194897
INFO:root:====> Round 7: Epoch: 32 Average loss: 159.8076
INFO:root:Round number 7, Train Epoch: 33 [0/7803 (0%)]	Loss: 148.751208
INFO:root:====> Round 7: Epoch: 33 Average loss: 159.8700
INFO:root:Round number 7, Train Epoch: 34 [0/7803 (0%)]	Loss: 150.847314
INFO:root:====> Round 7: Epoch: 34 Average loss: 159.7327
INFO:root:Round number 7, Train Epoch: 35 [0/7803 (0%)]	Loss: 135.466321
INFO:root:====> Round 7: Epoch: 35 Average loss: 159.7155
INFO:root:Round number 7, Train Epoch: 36 [0/7803 (0%)]	Loss: 166.845215
INFO:root:====> Round 7: Epoch: 36 Average loss: 159.5863
INFO:root:Round number 7, Train Epoch: 37 [0/7803 (0%)]	Loss: 159.575391
INFO:root:====> Round 7: Epoch: 37 Average loss: 159.3204
INFO:root:Round number 7, Train Epoch: 38 [0/7803 (0%)]	Loss: 154.556201
INFO:root:====> Round 7: Epoch: 38 Average loss: 159.1993
INFO:root:Round number 7, Train Epoch: 39 [0/7803 (0%)]	Loss: 159.355005
INFO:root:====> Round 7: Epoch: 39 Average loss: 159.1133
INFO:root:Round number 7, Train Epoch: 40 [0/7803 (0%)]	Loss: 152.430725
INFO:root:====> Round 7: Epoch: 40 Average loss: 158.9443
INFO:root:Round number 7, Train Epoch: 41 [0/7803 (0%)]	Loss: 147.674304
INFO:root:====> Round 7: Epoch: 41 Average loss: 158.9394
INFO:root:Round number 7, Train Epoch: 42 [0/7803 (0%)]	Loss: 135.720239
INFO:root:====> Round 7: Epoch: 42 Average loss: 158.7277
INFO:root:Round number 7, Train Epoch: 43 [0/7803 (0%)]	Loss: 170.878662
INFO:root:====> Round 7: Epoch: 43 Average loss: 158.5333
INFO:root:Round number 7, Train Epoch: 44 [0/7803 (0%)]	Loss: 171.018689
INFO:root:====> Round 7: Epoch: 44 Average loss: 158.6232
INFO:root:Round number 7, Train Epoch: 45 [0/7803 (0%)]	Loss: 148.947583
INFO:root:====> Round 7: Epoch: 45 Average loss: 158.4834
INFO:root:Round number 7, Train Epoch: 46 [0/7803 (0%)]	Loss: 191.788025
INFO:root:====> Round 7: Epoch: 46 Average loss: 158.3424
INFO:root:Round number 7, Train Epoch: 47 [0/7803 (0%)]	Loss: 173.464282
INFO:root:====> Round 7: Epoch: 47 Average loss: 158.2727
INFO:root:Round number 7, Train Epoch: 48 [0/7803 (0%)]	Loss: 161.052441
INFO:root:====> Round 7: Epoch: 48 Average loss: 158.1575
INFO:root:Round number 7, Train Epoch: 49 [0/7803 (0%)]	Loss: 179.761328
INFO:root:====> Round 7: Epoch: 49 Average loss: 158.0213
INFO:root:Round number 7, Train Epoch: 50 [0/7803 (0%)]	Loss: 148.364355
INFO:root:====> Round 7: Epoch: 50 Average loss: 157.9039
INFO:root:Round number 7, Train Epoch: 51 [0/7803 (0%)]	Loss: 143.440173
INFO:root:====> Round 7: Epoch: 51 Average loss: 157.8621
INFO:root:Round number 7, Train Epoch: 52 [0/7803 (0%)]	Loss: 137.910278
INFO:root:====> Round 7: Epoch: 52 Average loss: 157.6816
INFO:root:Round number 7, Train Epoch: 53 [0/7803 (0%)]	Loss: 182.709753
INFO:root:====> Round 7: Epoch: 53 Average loss: 157.5224
INFO:root:Round number 7, Train Epoch: 54 [0/7803 (0%)]	Loss: 184.784143
INFO:root:====> Round 7: Epoch: 54 Average loss: 157.5531
INFO:root:Round number 7, Train Epoch: 55 [0/7803 (0%)]	Loss: 167.657227
INFO:root:====> Round 7: Epoch: 55 Average loss: 157.4036
INFO:root:Round number 7, Train Epoch: 56 [0/7803 (0%)]	Loss: 151.100769
INFO:root:====> Round 7: Epoch: 56 Average loss: 157.3255
INFO:root:Round number 7, Train Epoch: 57 [0/7803 (0%)]	Loss: 150.368774
INFO:root:====> Round 7: Epoch: 57 Average loss: 157.0374
INFO:root:Round number 7, Train Epoch: 58 [0/7803 (0%)]	Loss: 159.105737
INFO:root:====> Round 7: Epoch: 58 Average loss: 156.8263
INFO:root:Round number 7, Train Epoch: 59 [0/7803 (0%)]	Loss: 147.838354
INFO:root:====> Round 7: Epoch: 59 Average loss: 156.6502
INFO:root:Round number 7, Train Epoch: 60 [0/7803 (0%)]	Loss: 164.431763
INFO:root:====> Round 7: Epoch: 60 Average loss: 156.6771
INFO:root:Round number 7, Train Epoch: 61 [0/7803 (0%)]	Loss: 140.767810
INFO:root:====> Round 7: Epoch: 61 Average loss: 156.5882
INFO:root:Round number 7, Train Epoch: 62 [0/7803 (0%)]	Loss: 145.370178
INFO:root:====> Round 7: Epoch: 62 Average loss: 156.7359
INFO:root:Round number 7, Train Epoch: 63 [0/7803 (0%)]	Loss: 145.862842
INFO:root:====> Round 7: Epoch: 63 Average loss: 156.3766
INFO:root:Round number 7, Train Epoch: 64 [0/7803 (0%)]	Loss: 173.389746
INFO:root:====> Round 7: Epoch: 64 Average loss: 156.2973
INFO:root:Round number 7, Train Epoch: 65 [0/7803 (0%)]	Loss: 153.524866
INFO:root:====> Round 7: Epoch: 65 Average loss: 156.1221
INFO:root:Round number 7, Train Epoch: 66 [0/7803 (0%)]	Loss: 160.610205
INFO:root:====> Round 7: Epoch: 66 Average loss: 156.0325
INFO:root:Round number 7, Train Epoch: 67 [0/7803 (0%)]	Loss: 129.704565
INFO:root:====> Round 7: Epoch: 67 Average loss: 155.9113
INFO:root:Round number 7, Train Epoch: 68 [0/7803 (0%)]	Loss: 140.466895
INFO:root:====> Round 7: Epoch: 68 Average loss: 155.7669
INFO:root:Round number 7, Train Epoch: 69 [0/7803 (0%)]	Loss: 174.485327
INFO:root:====> Round 7: Epoch: 69 Average loss: 155.8521
INFO:root:Round number 7, Train Epoch: 70 [0/7803 (0%)]	Loss: 167.457776
INFO:root:====> Round 7: Epoch: 70 Average loss: 155.7269
INFO:root:Round number 7, Train Epoch: 71 [0/7803 (0%)]	Loss: 144.376746
INFO:root:====> Round 7: Epoch: 71 Average loss: 155.5665
INFO:root:Round number 7, Train Epoch: 72 [0/7803 (0%)]	Loss: 158.364343
INFO:root:====> Round 7: Epoch: 72 Average loss: 155.3939
INFO:root:Round number 7, Train Epoch: 73 [0/7803 (0%)]	Loss: 166.986157
INFO:root:====> Round 7: Epoch: 73 Average loss: 155.3558
INFO:root:Round number 7, Train Epoch: 74 [0/7803 (0%)]	Loss: 125.878955
INFO:root:====> Round 7: Epoch: 74 Average loss: 155.2857
INFO:root:Round number 7, Train Epoch: 75 [0/7803 (0%)]	Loss: 129.069434
INFO:root:====> Round 7: Epoch: 75 Average loss: 155.1141
INFO:root:Round number 7, Train Epoch: 76 [0/7803 (0%)]	Loss: 142.270215
INFO:root:====> Round 7: Epoch: 76 Average loss: 155.1036
INFO:root:Round number 7, Train Epoch: 77 [0/7803 (0%)]	Loss: 161.209497
INFO:root:====> Round 7: Epoch: 77 Average loss: 154.9094
INFO:root:Round number 7, Train Epoch: 78 [0/7803 (0%)]	Loss: 152.948193
INFO:root:====> Round 7: Epoch: 78 Average loss: 154.8710
INFO:root:Round number 7, Train Epoch: 79 [0/7803 (0%)]	Loss: 164.600366
INFO:root:====> Round 7: Epoch: 79 Average loss: 154.6299
INFO:root:Round number 7, Train Epoch: 80 [0/7803 (0%)]	Loss: 129.766748
INFO:root:====> Round 7: Epoch: 80 Average loss: 154.4516
INFO:root:Round number 7, Train Epoch: 81 [0/7803 (0%)]	Loss: 143.270203
INFO:root:====> Round 7: Epoch: 81 Average loss: 154.2298
INFO:root:Round number 7, Train Epoch: 82 [0/7803 (0%)]	Loss: 144.025537
INFO:root:====> Round 7: Epoch: 82 Average loss: 154.1811
INFO:root:Round number 7, Train Epoch: 83 [0/7803 (0%)]	Loss: 160.416748
INFO:root:====> Round 7: Epoch: 83 Average loss: 154.1865
INFO:root:Round number 7, Train Epoch: 84 [0/7803 (0%)]	Loss: 166.683325
INFO:root:====> Round 7: Epoch: 84 Average loss: 154.0478
INFO:root:Round number 7, Train Epoch: 85 [0/7803 (0%)]	Loss: 140.580933
INFO:root:====> Round 7: Epoch: 85 Average loss: 154.0327
INFO:root:Round number 7, Train Epoch: 86 [0/7803 (0%)]	Loss: 164.539038
INFO:root:====> Round 7: Epoch: 86 Average loss: 153.8987
INFO:root:Round number 7, Train Epoch: 87 [0/7803 (0%)]	Loss: 161.794409
INFO:root:====> Round 7: Epoch: 87 Average loss: 153.7989
INFO:root:Round number 7, Train Epoch: 88 [0/7803 (0%)]	Loss: 159.064551
INFO:root:====> Round 7: Epoch: 88 Average loss: 153.5914
INFO:root:Round number 7, Train Epoch: 89 [0/7803 (0%)]	Loss: 165.199878
INFO:root:====> Round 7: Epoch: 89 Average loss: 153.6969
INFO:root:Round number 7, Train Epoch: 90 [0/7803 (0%)]	Loss: 137.794995
INFO:root:====> Round 7: Epoch: 90 Average loss: 153.4454
INFO:root:Round number 7, Train Epoch: 91 [0/7803 (0%)]	Loss: 159.462158
INFO:root:====> Round 7: Epoch: 91 Average loss: 153.3346
INFO:root:Round number 7, Train Epoch: 92 [0/7803 (0%)]	Loss: 164.675000
INFO:root:====> Round 7: Epoch: 92 Average loss: 153.2200
INFO:root:Round number 7, Train Epoch: 93 [0/7803 (0%)]	Loss: 136.525024
INFO:root:====> Round 7: Epoch: 93 Average loss: 153.1364
INFO:root:Round number 7, Train Epoch: 94 [0/7803 (0%)]	Loss: 142.760852
INFO:root:====> Round 7: Epoch: 94 Average loss: 152.9417
INFO:root:Round number 7, Train Epoch: 95 [0/7803 (0%)]	Loss: 161.314746
INFO:root:====> Round 7: Epoch: 95 Average loss: 152.9706
INFO:root:Round number 7, Train Epoch: 96 [0/7803 (0%)]	Loss: 156.022510
INFO:root:====> Round 7: Epoch: 96 Average loss: 152.8358
INFO:root:Round number 7, Train Epoch: 97 [0/7803 (0%)]	Loss: 164.911633
INFO:root:====> Round 7: Epoch: 97 Average loss: 152.7052
INFO:root:Round number 7, Train Epoch: 98 [0/7803 (0%)]	Loss: 158.316748
INFO:root:====> Round 7: Epoch: 98 Average loss: 152.6792
INFO:root:Round number 7, Train Epoch: 99 [0/7803 (0%)]	Loss: 142.222339
INFO:root:====> Round 7: Epoch: 99 Average loss: 152.4529
INFO:root:Round number 7, Train Epoch: 100 [0/7803 (0%)]	Loss: 160.134863
INFO:root:====> Round 7: Epoch: 100 Average loss: 152.4218
INFO:root:Round number 7, Train Epoch: 101 [0/7803 (0%)]	Loss: 168.989807
INFO:root:====> Round 7: Epoch: 101 Average loss: 152.2064
INFO:root:Round number 7, Train Epoch: 102 [0/7803 (0%)]	Loss: 165.635474
INFO:root:====> Round 7: Epoch: 102 Average loss: 152.1385
INFO:root:Round number 7, Train Epoch: 103 [0/7803 (0%)]	Loss: 159.255811
INFO:root:====> Round 7: Epoch: 103 Average loss: 152.1575
INFO:root:Round number 7, Train Epoch: 104 [0/7803 (0%)]	Loss: 152.595605
INFO:root:====> Round 7: Epoch: 104 Average loss: 152.0292
INFO:root:Round number 7, Train Epoch: 105 [0/7803 (0%)]	Loss: 169.881030
INFO:root:====> Round 7: Epoch: 105 Average loss: 151.8242
INFO:root:Round number 7, Train Epoch: 106 [0/7803 (0%)]	Loss: 154.356677
INFO:root:====> Round 7: Epoch: 106 Average loss: 151.6873
INFO:root:Round number 7, Train Epoch: 107 [0/7803 (0%)]	Loss: 153.819861
INFO:root:====> Round 7: Epoch: 107 Average loss: 151.5801
INFO:root:Round number 7, Train Epoch: 108 [0/7803 (0%)]	Loss: 139.881909
INFO:root:====> Round 7: Epoch: 108 Average loss: 151.7295
INFO:root:Round number 7, Train Epoch: 109 [0/7803 (0%)]	Loss: 161.843347
INFO:root:====> Round 7: Epoch: 109 Average loss: 151.6046
INFO:root:Round number 7, Train Epoch: 110 [0/7803 (0%)]	Loss: 145.904846
INFO:root:====> Round 7: Epoch: 110 Average loss: 151.4012
INFO:root:Round number 7, Train Epoch: 111 [0/7803 (0%)]	Loss: 150.940259
INFO:root:====> Round 7: Epoch: 111 Average loss: 151.2675
INFO:root:Round number 7, Train Epoch: 112 [0/7803 (0%)]	Loss: 133.942212
INFO:root:====> Round 7: Epoch: 112 Average loss: 151.2747
INFO:root:Round number 7, Train Epoch: 113 [0/7803 (0%)]	Loss: 142.394543
INFO:root:====> Round 7: Epoch: 113 Average loss: 151.2283
INFO:root:Round number 7, Train Epoch: 114 [0/7803 (0%)]	Loss: 158.212122
INFO:root:====> Round 7: Epoch: 114 Average loss: 151.0850
INFO:root:Round number 7, Train Epoch: 115 [0/7803 (0%)]	Loss: 128.973059
INFO:root:====> Round 7: Epoch: 115 Average loss: 150.9472
INFO:root:Round number 7, Train Epoch: 116 [0/7803 (0%)]	Loss: 139.346472
INFO:root:====> Round 7: Epoch: 116 Average loss: 150.8586
INFO:root:Round number 7, Train Epoch: 117 [0/7803 (0%)]	Loss: 161.940051
INFO:root:====> Round 7: Epoch: 117 Average loss: 150.8416
INFO:root:Round number 7, Train Epoch: 118 [0/7803 (0%)]	Loss: 142.404736
INFO:root:====> Round 7: Epoch: 118 Average loss: 150.6581
INFO:root:Round number 7, Train Epoch: 119 [0/7803 (0%)]	Loss: 138.288989
INFO:root:====> Round 7: Epoch: 119 Average loss: 150.6196
INFO:root:Round number 7, Train Epoch: 120 [0/7803 (0%)]	Loss: 148.053174
INFO:root:====> Round 7: Epoch: 120 Average loss: 150.4511
INFO:root:Round number 7, Train Epoch: 121 [0/7803 (0%)]	Loss: 146.761670
INFO:root:====> Round 7: Epoch: 121 Average loss: 150.3316
INFO:root:Round number 7, Train Epoch: 122 [0/7803 (0%)]	Loss: 147.906616
INFO:root:====> Round 7: Epoch: 122 Average loss: 150.2392
INFO:root:Round number 7, Train Epoch: 123 [0/7803 (0%)]	Loss: 163.625159
INFO:root:====> Round 7: Epoch: 123 Average loss: 150.1598
INFO:root:Round number 7, Train Epoch: 124 [0/7803 (0%)]	Loss: 158.969531
INFO:root:====> Round 7: Epoch: 124 Average loss: 150.0392
INFO:root:Round number 7, Train Epoch: 125 [0/7803 (0%)]	Loss: 153.785327
INFO:root:====> Round 7: Epoch: 125 Average loss: 150.1213
INFO:root:Round number 7, Train Epoch: 126 [0/7803 (0%)]	Loss: 150.309717
INFO:root:====> Round 7: Epoch: 126 Average loss: 149.9146
INFO:root:Round number 7, Train Epoch: 127 [0/7803 (0%)]	Loss: 125.184106
INFO:root:====> Round 7: Epoch: 127 Average loss: 149.9361
INFO:root:2020-04-03 18:10:13.595338
INFO:root:====> Round 7: Epoch 127: Test set loss: 132.9886
INFO:root:====> Round 7: Epoch 127: Test set loss: 133.1337
INFO:root:2020-04-03 18:10:31.918368
INFO:root:Training finished
