INFO:root:Training on GPU
INFO:root:2020-04-21 21:32:33.780174
INFO:root:========Current round LR: 0.0005=======
INFO:root:======== About to train for 1 epochs =========
INFO:root:Round 0, Train Epoch: 1 [0/24345 (0%)]	Loss: 543.539502
INFO:root:Round 0, Train Epoch: 1 [2000/24345 (8%)]	Loss: 171.231274
INFO:root:Round 0, Train Epoch: 1 [4000/24345 (16%)]	Loss: 173.182593
INFO:root:Round 0, Train Epoch: 1 [6000/24345 (25%)]	Loss: 184.186926
INFO:root:Round 0, Train Epoch: 1 [8000/24345 (33%)]	Loss: 165.293542
INFO:root:Round 0, Train Epoch: 1 [10000/24345 (41%)]	Loss: 150.672949
INFO:root:Round 0, Train Epoch: 1 [12000/24345 (49%)]	Loss: 154.133789
INFO:root:Round 0, Train Epoch: 1 [14000/24345 (57%)]	Loss: 179.673108
INFO:root:Round 0, Train Epoch: 1 [16000/24345 (66%)]	Loss: 187.979333
INFO:root:Round 0, Train Epoch: 1 [18000/24345 (74%)]	Loss: 159.189917
INFO:root:Round 0, Train Epoch: 1 [20000/24345 (82%)]	Loss: 185.752124
INFO:root:Round 0, Train Epoch: 1 [22000/24345 (90%)]	Loss: 145.894702
INFO:root:Round 0, Train Epoch: 1 [24000/24345 (99%)]	Loss: 171.039441
INFO:root:====> Round 0, Epoch: 1 Average loss: 176.9943
INFO:root:====> Round 0 Test set loss: 164.3109
INFO:root:========Current round LR: 0.00035984283650057603=======
INFO:root:======== About to train for 3 epochs =========
INFO:root:Round 1, Train Epoch: 1 [0/24345 (0%)]	Loss: 193.324170
INFO:root:Round 1, Train Epoch: 1 [2000/24345 (8%)]	Loss: 168.027173
INFO:root:Round 1, Train Epoch: 1 [4000/24345 (16%)]	Loss: 168.988696
INFO:root:Training on GPU
INFO:root:2020-04-21 21:36:12.929477
INFO:root:========Current round LR: 0.0005=======
INFO:root:======== About to train for 1 epochs =========
INFO:root:Training on GPU
INFO:root:2020-04-21 21:36:30.132768
INFO:root:========Current round LR: 0.0005=======
INFO:root:======== About to train for 1 epochs =========
INFO:root:Training on GPU
INFO:root:2020-04-21 21:39:33.862258
INFO:root:========Current round LR: 0.0005=======
INFO:root:======== About to train for 1 epochs =========
INFO:root:Round 0, Train Epoch: 1 [0/24345 (0%)]	Loss: 543.539502
INFO:root:Round 0, Train Epoch: 1 [2000/24345 (8%)]	Loss: 171.231274
INFO:root:Round 0, Train Epoch: 1 [4000/24345 (16%)]	Loss: 173.182593
INFO:root:Round 0, Train Epoch: 1 [6000/24345 (25%)]	Loss: 184.186926
INFO:root:Round 0, Train Epoch: 1 [8000/24345 (33%)]	Loss: 165.293542
INFO:root:Round 0, Train Epoch: 1 [10000/24345 (41%)]	Loss: 150.672949
INFO:root:Round 0, Train Epoch: 1 [12000/24345 (49%)]	Loss: 154.133789
INFO:root:Round 0, Train Epoch: 1 [14000/24345 (57%)]	Loss: 179.673108
INFO:root:Round 0, Train Epoch: 1 [16000/24345 (66%)]	Loss: 187.979333
INFO:root:Round 0, Train Epoch: 1 [18000/24345 (74%)]	Loss: 159.189917
INFO:root:Round 0, Train Epoch: 1 [20000/24345 (82%)]	Loss: 185.752124
INFO:root:Round 0, Train Epoch: 1 [22000/24345 (90%)]	Loss: 145.894702
INFO:root:Round 0, Train Epoch: 1 [24000/24345 (99%)]	Loss: 171.039441
INFO:root:====> Round 0, Epoch: 1 Average loss: 176.9943
INFO:root:====> Round 0 Test set loss: 164.3109
INFO:root:========Current round LR: 0.00035984283650057603=======
INFO:root:======== About to train for 3 epochs =========
INFO:root:Round 1, Train Epoch: 1 [0/24345 (0%)]	Loss: 193.324170
INFO:root:Round 1, Train Epoch: 1 [2000/24345 (8%)]	Loss: 168.027173
INFO:root:Round 1, Train Epoch: 1 [4000/24345 (16%)]	Loss: 168.988696
