INFO:root:Training on GPU
INFO:root:2020-04-12 07:53:50.676068
INFO:root:Train Epoch: 1 [0/60000 (0%)]	Loss: 542.388123
INFO:root:====> Epoch: 1 Average loss: 187.7140
INFO:root:====> Test set loss: 147.7006
INFO:root:Train Epoch: 2 [0/60000 (0%)]	Loss: 153.330276
INFO:root:====> Epoch: 2 Average loss: 141.9588
INFO:root:Train Epoch: 3 [0/60000 (0%)]	Loss: 130.164276
INFO:root:====> Epoch: 3 Average loss: 129.9734
INFO:root:Train Epoch: 4 [0/60000 (0%)]	Loss: 131.020859
INFO:root:====> Epoch: 4 Average loss: 123.4113
INFO:root:Train Epoch: 5 [0/60000 (0%)]	Loss: 122.496155
INFO:root:====> Epoch: 5 Average loss: 118.6804
INFO:root:Train Epoch: 6 [0/60000 (0%)]	Loss: 113.997299
INFO:root:====> Epoch: 6 Average loss: 115.0818
INFO:root:Train Epoch: 7 [0/60000 (0%)]	Loss: 115.613327
INFO:root:====> Epoch: 7 Average loss: 112.4554
INFO:root:Train Epoch: 8 [0/60000 (0%)]	Loss: 109.346298
INFO:root:====> Epoch: 8 Average loss: 110.2211
INFO:root:Train Epoch: 9 [0/60000 (0%)]	Loss: 109.870476
INFO:root:====> Epoch: 9 Average loss: 108.4608
INFO:root:Train Epoch: 10 [0/60000 (0%)]	Loss: 105.517212
INFO:root:====> Epoch: 10 Average loss: 107.0537
INFO:root:Train Epoch: 11 [0/60000 (0%)]	Loss: 105.041656
INFO:root:====> Epoch: 11 Average loss: 105.8999
INFO:root:Train Epoch: 12 [0/60000 (0%)]	Loss: 106.268311
INFO:root:====> Epoch: 12 Average loss: 104.8092
INFO:root:Train Epoch: 13 [0/60000 (0%)]	Loss: 101.403152
INFO:root:====> Epoch: 13 Average loss: 103.8950
INFO:root:Train Epoch: 14 [0/60000 (0%)]	Loss: 104.575325
INFO:root:====> Epoch: 14 Average loss: 103.0853
INFO:root:Train Epoch: 15 [0/60000 (0%)]	Loss: 104.441788
INFO:root:====> Epoch: 15 Average loss: 102.4207
INFO:root:Train Epoch: 16 [0/60000 (0%)]	Loss: 99.485352
INFO:root:====> Epoch: 16 Average loss: 101.8015
INFO:root:Train Epoch: 17 [0/60000 (0%)]	Loss: 103.863358
INFO:root:====> Epoch: 17 Average loss: 101.1767
INFO:root:Train Epoch: 18 [0/60000 (0%)]	Loss: 106.147713
INFO:root:====> Epoch: 18 Average loss: 100.6823
INFO:root:Train Epoch: 19 [0/60000 (0%)]	Loss: 99.062912
INFO:root:====> Epoch: 19 Average loss: 100.2459
INFO:root:Train Epoch: 20 [0/60000 (0%)]	Loss: 99.400421
INFO:root:====> Epoch: 20 Average loss: 99.8011
INFO:root:Train Epoch: 21 [0/60000 (0%)]	Loss: 97.261734
INFO:root:====> Epoch: 21 Average loss: 99.4248
INFO:root:====> Test set loss: 93.1380
INFO:root:Train Epoch: 22 [0/60000 (0%)]	Loss: 99.416229
INFO:root:====> Epoch: 22 Average loss: 99.0824
INFO:root:Train Epoch: 23 [0/60000 (0%)]	Loss: 105.759735
INFO:root:====> Epoch: 23 Average loss: 98.7695
INFO:root:Train Epoch: 24 [0/60000 (0%)]	Loss: 95.857117
INFO:root:====> Epoch: 24 Average loss: 98.4903
INFO:root:Train Epoch: 25 [0/60000 (0%)]	Loss: 94.976593
INFO:root:====> Epoch: 25 Average loss: 98.2015
INFO:root:Train Epoch: 26 [0/60000 (0%)]	Loss: 95.536758
INFO:root:====> Epoch: 26 Average loss: 97.9542
INFO:root:Train Epoch: 27 [0/60000 (0%)]	Loss: 98.440788
INFO:root:====> Epoch: 27 Average loss: 97.6989
INFO:root:Train Epoch: 28 [0/60000 (0%)]	Loss: 99.696503
INFO:root:====> Epoch: 28 Average loss: 97.4896
INFO:root:Train Epoch: 29 [0/60000 (0%)]	Loss: 94.435509
INFO:root:====> Epoch: 29 Average loss: 97.2823
INFO:root:Train Epoch: 30 [0/60000 (0%)]	Loss: 95.532867
INFO:root:====> Epoch: 30 Average loss: 97.1163
INFO:root:Train Epoch: 31 [0/60000 (0%)]	Loss: 98.414116
INFO:root:====> Epoch: 31 Average loss: 96.9412
INFO:root:Train Epoch: 32 [0/60000 (0%)]	Loss: 95.877632
INFO:root:====> Epoch: 32 Average loss: 96.6976
INFO:root:Train Epoch: 33 [0/60000 (0%)]	Loss: 98.011261
INFO:root:====> Epoch: 33 Average loss: 96.5605
INFO:root:Train Epoch: 34 [0/60000 (0%)]	Loss: 94.756058
INFO:root:====> Epoch: 34 Average loss: 96.4022
INFO:root:Train Epoch: 35 [0/60000 (0%)]	Loss: 93.475494
INFO:root:====> Epoch: 35 Average loss: 96.2465
INFO:root:Train Epoch: 36 [0/60000 (0%)]	Loss: 91.286659
INFO:root:====> Epoch: 36 Average loss: 96.1152
INFO:root:Train Epoch: 37 [0/60000 (0%)]	Loss: 95.364761
INFO:root:====> Epoch: 37 Average loss: 96.0055
INFO:root:Train Epoch: 38 [0/60000 (0%)]	Loss: 91.406250
INFO:root:====> Epoch: 38 Average loss: 95.8397
INFO:root:Train Epoch: 39 [0/60000 (0%)]	Loss: 97.426697
INFO:root:====> Epoch: 39 Average loss: 95.7430
INFO:root:Train Epoch: 40 [0/60000 (0%)]	Loss: 95.904648
INFO:root:====> Epoch: 40 Average loss: 95.5969
INFO:root:Train Epoch: 41 [0/60000 (0%)]	Loss: 91.442810
INFO:root:====> Epoch: 41 Average loss: 95.4907
INFO:root:====> Test set loss: 90.1773
INFO:root:Train Epoch: 42 [0/60000 (0%)]	Loss: 96.162933
INFO:root:====> Epoch: 42 Average loss: 95.3660
INFO:root:Train Epoch: 43 [0/60000 (0%)]	Loss: 96.013138
INFO:root:====> Epoch: 43 Average loss: 95.2840
INFO:root:Train Epoch: 44 [0/60000 (0%)]	Loss: 92.705833
INFO:root:====> Epoch: 44 Average loss: 95.2106
INFO:root:Train Epoch: 45 [0/60000 (0%)]	Loss: 96.880432
INFO:root:====> Epoch: 45 Average loss: 95.1060
INFO:root:Train Epoch: 46 [0/60000 (0%)]	Loss: 98.819214
INFO:root:====> Epoch: 46 Average loss: 94.9608
INFO:root:Train Epoch: 47 [0/60000 (0%)]	Loss: 92.243408
INFO:root:====> Epoch: 47 Average loss: 94.9214
INFO:root:Train Epoch: 48 [0/60000 (0%)]	Loss: 93.908409
INFO:root:====> Epoch: 48 Average loss: 94.8318
INFO:root:Train Epoch: 49 [0/60000 (0%)]	Loss: 94.815979
INFO:root:====> Epoch: 49 Average loss: 94.7482
INFO:root:Train Epoch: 50 [0/60000 (0%)]	Loss: 92.932732
INFO:root:====> Epoch: 50 Average loss: 94.6282
INFO:root:Train Epoch: 51 [0/60000 (0%)]	Loss: 88.800705
INFO:root:====> Epoch: 51 Average loss: 94.6123
INFO:root:Train Epoch: 52 [0/60000 (0%)]	Loss: 95.525314
INFO:root:====> Epoch: 52 Average loss: 94.5314
INFO:root:Train Epoch: 53 [0/60000 (0%)]	Loss: 94.927338
INFO:root:====> Epoch: 53 Average loss: 94.4889
INFO:root:Train Epoch: 54 [0/60000 (0%)]	Loss: 92.794830
INFO:root:====> Epoch: 54 Average loss: 94.3807
INFO:root:Train Epoch: 55 [0/60000 (0%)]	Loss: 95.134918
INFO:root:====> Epoch: 55 Average loss: 94.3347
INFO:root:Train Epoch: 56 [0/60000 (0%)]	Loss: 94.401260
INFO:root:====> Epoch: 56 Average loss: 94.2742
INFO:root:Train Epoch: 57 [0/60000 (0%)]	Loss: 97.991226
INFO:root:====> Epoch: 57 Average loss: 94.1967
INFO:root:Train Epoch: 58 [0/60000 (0%)]	Loss: 91.392212
INFO:root:====> Epoch: 58 Average loss: 94.1499
INFO:root:Train Epoch: 59 [0/60000 (0%)]	Loss: 94.621567
INFO:root:====> Epoch: 59 Average loss: 94.1164
INFO:root:Train Epoch: 60 [0/60000 (0%)]	Loss: 96.914215
INFO:root:====> Epoch: 60 Average loss: 94.0251
INFO:root:Train Epoch: 61 [0/60000 (0%)]	Loss: 91.585548
INFO:root:====> Epoch: 61 Average loss: 93.9966
INFO:root:====> Test set loss: 88.9327
INFO:root:Train Epoch: 62 [0/60000 (0%)]	Loss: 94.511620
INFO:root:====> Epoch: 62 Average loss: 93.9761
INFO:root:Train Epoch: 63 [0/60000 (0%)]	Loss: 94.108093
INFO:root:====> Epoch: 63 Average loss: 93.9152
INFO:root:Train Epoch: 64 [0/60000 (0%)]	Loss: 92.557823
INFO:root:====> Epoch: 64 Average loss: 93.8321
INFO:root:Train Epoch: 65 [0/60000 (0%)]	Loss: 94.970543
INFO:root:====> Epoch: 65 Average loss: 93.7776
INFO:root:Train Epoch: 66 [0/60000 (0%)]	Loss: 95.051338
INFO:root:====> Epoch: 66 Average loss: 93.7664
INFO:root:Train Epoch: 67 [0/60000 (0%)]	Loss: 98.548508
INFO:root:====> Epoch: 67 Average loss: 93.6961
INFO:root:Train Epoch: 68 [0/60000 (0%)]	Loss: 96.241043
INFO:root:====> Epoch: 68 Average loss: 93.7073
INFO:root:Train Epoch: 69 [0/60000 (0%)]	Loss: 87.976021
INFO:root:====> Epoch: 69 Average loss: 93.6651
INFO:root:Train Epoch: 70 [0/60000 (0%)]	Loss: 92.245041
INFO:root:====> Epoch: 70 Average loss: 93.5890
INFO:root:Train Epoch: 71 [0/60000 (0%)]	Loss: 94.516762
INFO:root:====> Epoch: 71 Average loss: 93.5215
INFO:root:Train Epoch: 72 [0/60000 (0%)]	Loss: 95.198975
INFO:root:====> Epoch: 72 Average loss: 93.5052
INFO:root:Train Epoch: 73 [0/60000 (0%)]	Loss: 92.969780
INFO:root:====> Epoch: 73 Average loss: 93.4501
INFO:root:Train Epoch: 74 [0/60000 (0%)]	Loss: 92.047455
INFO:root:====> Epoch: 74 Average loss: 93.4421
INFO:root:Train Epoch: 75 [0/60000 (0%)]	Loss: 93.211761
INFO:root:====> Epoch: 75 Average loss: 93.3722
INFO:root:Train Epoch: 76 [0/60000 (0%)]	Loss: 93.289925
INFO:root:====> Epoch: 76 Average loss: 93.3717
INFO:root:Train Epoch: 77 [0/60000 (0%)]	Loss: 95.374184
INFO:root:====> Epoch: 77 Average loss: 93.3628
INFO:root:Train Epoch: 78 [0/60000 (0%)]	Loss: 94.755295
INFO:root:====> Epoch: 78 Average loss: 93.2897
INFO:root:Train Epoch: 79 [0/60000 (0%)]	Loss: 96.820435
INFO:root:====> Epoch: 79 Average loss: 93.2430
INFO:root:Train Epoch: 80 [0/60000 (0%)]	Loss: 90.921387
INFO:root:====> Epoch: 80 Average loss: 93.2020
INFO:root:Train Epoch: 81 [0/60000 (0%)]	Loss: 95.043701
INFO:root:====> Epoch: 81 Average loss: 93.1819
INFO:root:====> Test set loss: 88.2484
INFO:root:Train Epoch: 82 [0/60000 (0%)]	Loss: 93.202019
INFO:root:====> Epoch: 82 Average loss: 93.1691
INFO:root:Train Epoch: 83 [0/60000 (0%)]	Loss: 95.710312
INFO:root:====> Epoch: 83 Average loss: 93.1423
INFO:root:Train Epoch: 84 [0/60000 (0%)]	Loss: 94.900604
INFO:root:====> Epoch: 84 Average loss: 93.0719
INFO:root:Train Epoch: 85 [0/60000 (0%)]	Loss: 92.614098
INFO:root:====> Epoch: 85 Average loss: 93.0521
INFO:root:Train Epoch: 86 [0/60000 (0%)]	Loss: 88.771927
INFO:root:====> Epoch: 86 Average loss: 93.0533
INFO:root:Train Epoch: 87 [0/60000 (0%)]	Loss: 92.955391
INFO:root:====> Epoch: 87 Average loss: 93.0083
INFO:root:Train Epoch: 88 [0/60000 (0%)]	Loss: 91.742493
INFO:root:====> Epoch: 88 Average loss: 92.9869
INFO:root:Train Epoch: 89 [0/60000 (0%)]	Loss: 93.393845
INFO:root:====> Epoch: 89 Average loss: 92.9717
INFO:root:Train Epoch: 90 [0/60000 (0%)]	Loss: 93.056793
INFO:root:====> Epoch: 90 Average loss: 92.9207
INFO:root:Train Epoch: 91 [0/60000 (0%)]	Loss: 92.010033
INFO:root:====> Epoch: 91 Average loss: 92.8960
INFO:root:Train Epoch: 92 [0/60000 (0%)]	Loss: 92.761017
INFO:root:====> Epoch: 92 Average loss: 92.8798
INFO:root:Train Epoch: 93 [0/60000 (0%)]	Loss: 93.376228
INFO:root:====> Epoch: 93 Average loss: 92.8963
INFO:root:Train Epoch: 94 [0/60000 (0%)]	Loss: 89.974075
INFO:root:====> Epoch: 94 Average loss: 92.8262
INFO:root:Train Epoch: 95 [0/60000 (0%)]	Loss: 92.099014
INFO:root:====> Epoch: 95 Average loss: 92.7967
INFO:root:Train Epoch: 96 [0/60000 (0%)]	Loss: 92.839714
INFO:root:====> Epoch: 96 Average loss: 92.7680
INFO:root:Train Epoch: 97 [0/60000 (0%)]	Loss: 93.952042
INFO:root:====> Epoch: 97 Average loss: 92.7678
INFO:root:Train Epoch: 98 [0/60000 (0%)]	Loss: 95.882027
INFO:root:====> Epoch: 98 Average loss: 92.6948
INFO:root:Train Epoch: 99 [0/60000 (0%)]	Loss: 94.105141
INFO:root:====> Epoch: 99 Average loss: 92.6990
INFO:root:Train Epoch: 100 [0/60000 (0%)]	Loss: 95.470963
INFO:root:====> Epoch: 100 Average loss: 92.6796
INFO:root:Train Epoch: 101 [0/60000 (0%)]	Loss: 90.092934
INFO:root:====> Epoch: 101 Average loss: 92.6632
INFO:root:====> Test set loss: 87.8740
INFO:root:2020-04-12 08:17:43.557633
INFO:root:training finished
