Training on GPU
2020-04-21 14:55:27.207160
====== About to train for 1 epochs in round 0 with learning rate 0.0001========
====> Round 0, Epoch: 0 Average loss: 203.9297
2020-04-21 14:55:43.981317
/usr/local/lib/python3.6/dist-packages/torch/serialization.py:360: UserWarning: Couldn't retrieve source code for container of type omniglot2_model. It won't be checked for correctness upon loading.
  "type " + obj.__name__ + ". It won't be checked "
====> Round 0 Test set loss: 168.4004
====== About to train for 3 epochs in round 1 with learning rate 7.2e-05========
====> Round 1, Epoch: 0 Average loss: 172.4958
====> Round 1, Epoch: 1 Average loss: 171.4444
====> Round 1, Epoch: 2 Average loss: 170.3554
2020-04-21 14:57:58.810013
====> Round 1 Test set loss: 165.8439
====== About to train for 9 epochs in round 2 with learning rate 5.18e-05========
====> Round 2, Epoch: 0 Average loss: 169.3356
====> Round 2, Epoch: 1 Average loss: 168.7746
====> Round 2, Epoch: 2 Average loss: 168.3396
====> Round 2, Epoch: 3 Average loss: 167.4242
====> Round 2, Epoch: 4 Average loss: 164.4602
====> Round 2, Epoch: 5 Average loss: 162.8366
====> Round 2, Epoch: 6 Average loss: 161.8247
====> Round 2, Epoch: 7 Average loss: 160.9460
====> Round 2, Epoch: 8 Average loss: 160.2648
2020-04-21 15:01:53.147063
====> Round 2 Test set loss: nan
====== About to train for 27 epochs in round 3 with learning rate 3.73e-05========
====> Round 3, Epoch: 0 Average loss: 159.6984
====> Round 3, Epoch: 1 Average loss: 159.2525
====> Round 3, Epoch: 2 Average loss: 158.6163
====> Round 3, Epoch: 3 Average loss: 157.9337
====> Round 3, Epoch: 4 Average loss: 157.4089
====> Round 3, Epoch: 5 Average loss: 156.9406
====> Round 3, Epoch: 6 Average loss: 156.5208
====> Round 3, Epoch: 7 Average loss: 156.0558
====> Round 3, Epoch: 8 Average loss: 155.6059
====> Round 3, Epoch: 9 Average loss: 155.1619
====> Round 3, Epoch: 10 Average loss: 154.7003
====> Round 3, Epoch: 11 Average loss: 154.1942
====> Round 3, Epoch: 12 Average loss: 153.6930
====> Round 3, Epoch: 13 Average loss: 153.1764
====> Round 3, Epoch: 14 Average loss: 152.7266
====> Round 3, Epoch: 15 Average loss: 152.3143
====> Round 3, Epoch: 16 Average loss: 151.9314
====> Round 3, Epoch: 17 Average loss: 151.5824
====> Round 3, Epoch: 18 Average loss: 151.2508
====> Round 3, Epoch: 19 Average loss: 150.9081
====> Round 3, Epoch: 20 Average loss: 150.5898
====> Round 3, Epoch: 21 Average loss: 150.2930
====> Round 3, Epoch: 22 Average loss: 150.0354
====> Round 3, Epoch: 23 Average loss: 149.7997
====> Round 3, Epoch: 24 Average loss: 149.5447
====> Round 3, Epoch: 25 Average loss: 149.3178
====> Round 3, Epoch: 26 Average loss: 149.0992
2020-04-21 15:10:45.106043
====> Round 3 Test set loss: nan
====== About to train for 81 epochs in round 4 with learning rate 2.68e-05========
====> Round 4, Epoch: 0 Average loss: 148.8764
====> Round 4, Epoch: 1 Average loss: 148.6946
====> Round 4, Epoch: 2 Average loss: 148.5722
====> Round 4, Epoch: 3 Average loss: 148.4150
====> Round 4, Epoch: 4 Average loss: 148.2642
====> Round 4, Epoch: 5 Average loss: 148.1304
====> Round 4, Epoch: 6 Average loss: 147.9712
====> Round 4, Epoch: 7 Average loss: 147.8528
====> Round 4, Epoch: 8 Average loss: 147.6741
====> Round 4, Epoch: 9 Average loss: 147.5661
====> Round 4, Epoch: 10 Average loss: 147.4401
====> Round 4, Epoch: 11 Average loss: 147.2793
====> Round 4, Epoch: 12 Average loss: 147.1597
====> Round 4, Epoch: 13 Average loss: 147.0190
====> Round 4, Epoch: 14 Average loss: 146.9101
====> Round 4, Epoch: 15 Average loss: 146.7593
====> Round 4, Epoch: 16 Average loss: 146.6275
====> Round 4, Epoch: 17 Average loss: 146.4949
====> Round 4, Epoch: 18 Average loss: 146.3851
====> Round 4, Epoch: 19 Average loss: 146.2560
====> Round 4, Epoch: 20 Average loss: 146.1568
====> Round 4, Epoch: 21 Average loss: 146.0487
====> Round 4, Epoch: 22 Average loss: 145.9150
====> Round 4, Epoch: 23 Average loss: 145.8295
====> Round 4, Epoch: 24 Average loss: 145.7031
====> Round 4, Epoch: 25 Average loss: 145.5804
====> Round 4, Epoch: 26 Average loss: 145.4498
====> Round 4, Epoch: 27 Average loss: 145.3518
====> Round 4, Epoch: 28 Average loss: 145.2284
====> Round 4, Epoch: 29 Average loss: 145.1108
====> Round 4, Epoch: 30 Average loss: 144.9818
====> Round 4, Epoch: 31 Average loss: 144.8778
====> Round 4, Epoch: 32 Average loss: 144.7508
====> Round 4, Epoch: 33 Average loss: 144.6204
====> Round 4, Epoch: 34 Average loss: 144.4792
====> Round 4, Epoch: 35 Average loss: 144.3399
====> Round 4, Epoch: 36 Average loss: 144.2214
====> Round 4, Epoch: 37 Average loss: 144.1002
====> Round 4, Epoch: 38 Average loss: 143.9588
====> Round 4, Epoch: 39 Average loss: 143.8671
====> Round 4, Epoch: 40 Average loss: 143.7430
====> Round 4, Epoch: 41 Average loss: 143.6487
====> Round 4, Epoch: 42 Average loss: 143.5305
====> Round 4, Epoch: 43 Average loss: 143.4173
====> Round 4, Epoch: 44 Average loss: 143.3340
====> Round 4, Epoch: 45 Average loss: 143.2218
====> Round 4, Epoch: 46 Average loss: 143.1515
====> Round 4, Epoch: 47 Average loss: 143.0540
====> Round 4, Epoch: 48 Average loss: 142.9554
====> Round 4, Epoch: 49 Average loss: 142.8712
====> Round 4, Epoch: 50 Average loss: 142.7839
====> Round 4, Epoch: 51 Average loss: 142.6796
====> Round 4, Epoch: 52 Average loss: 142.6113
====> Round 4, Epoch: 53 Average loss: 142.5180
====> Round 4, Epoch: 54 Average loss: 142.4352
====> Round 4, Epoch: 55 Average loss: 142.3421
====> Round 4, Epoch: 56 Average loss: 142.2318
====> Round 4, Epoch: 57 Average loss: 142.1382
====> Round 4, Epoch: 58 Average loss: 142.0564
====> Round 4, Epoch: 59 Average loss: 141.9715
====> Round 4, Epoch: 60 Average loss: 141.8752
====> Round 4, Epoch: 61 Average loss: 141.7769
====> Round 4, Epoch: 62 Average loss: 141.6680
====> Round 4, Epoch: 63 Average loss: 141.5607
====> Round 4, Epoch: 64 Average loss: 141.4738
====> Round 4, Epoch: 65 Average loss: 141.3595
====> Round 4, Epoch: 66 Average loss: 141.2683
====> Round 4, Epoch: 67 Average loss: 141.1712
====> Round 4, Epoch: 68 Average loss: 141.0791
====> Round 4, Epoch: 69 Average loss: 141.0096
====> Round 4, Epoch: 70 Average loss: 140.8748
====> Round 4, Epoch: 71 Average loss: 140.8113
====> Round 4, Epoch: 72 Average loss: 140.7153
====> Round 4, Epoch: 73 Average loss: 140.6298
====> Round 4, Epoch: 74 Average loss: 140.5530
====> Round 4, Epoch: 75 Average loss: 140.4838
====> Round 4, Epoch: 76 Average loss: 140.3972
====> Round 4, Epoch: 77 Average loss: 140.3020
====> Round 4, Epoch: 78 Average loss: 140.2436
====> Round 4, Epoch: 79 Average loss: 140.1527
====> Round 4, Epoch: 80 Average loss: 140.1207
2020-04-21 15:34:48.471832
====> Round 4 Test set loss: 135.4914
====== About to train for 243 epochs in round 5 with learning rate 1.93e-05========
====> Round 5, Epoch: 0 Average loss: 140.0190
====> Round 5, Epoch: 1 Average loss: 139.9175
====> Round 5, Epoch: 2 Average loss: 139.8632
====> Round 5, Epoch: 3 Average loss: 139.8355
====> Round 5, Epoch: 4 Average loss: 139.7911
====> Round 5, Epoch: 5 Average loss: 139.7321
====> Round 5, Epoch: 6 Average loss: 139.7057
====> Round 5, Epoch: 7 Average loss: 139.6380
====> Round 5, Epoch: 8 Average loss: 139.5905
====> Round 5, Epoch: 9 Average loss: 139.5321
====> Round 5, Epoch: 10 Average loss: 139.4994
====> Round 5, Epoch: 11 Average loss: 139.4636
====> Round 5, Epoch: 12 Average loss: 139.4024
====> Round 5, Epoch: 13 Average loss: 139.3524
====> Round 5, Epoch: 14 Average loss: 139.3246
====> Round 5, Epoch: 15 Average loss: 139.2720
====> Round 5, Epoch: 16 Average loss: 139.2166
====> Round 5, Epoch: 17 Average loss: 139.1752
====> Round 5, Epoch: 18 Average loss: 139.1241
====> Round 5, Epoch: 19 Average loss: 139.0753
====> Round 5, Epoch: 20 Average loss: 139.0441
====> Round 5, Epoch: 21 Average loss: 138.9803
====> Round 5, Epoch: 22 Average loss: 138.9452
====> Round 5, Epoch: 23 Average loss: 138.9147
====> Round 5, Epoch: 24 Average loss: 138.8770
====> Round 5, Epoch: 25 Average loss: 138.7921
====> Round 5, Epoch: 26 Average loss: 138.7619
====> Round 5, Epoch: 27 Average loss: 138.7193
====> Round 5, Epoch: 28 Average loss: 138.6610
====> Round 5, Epoch: 29 Average loss: 138.6197
====> Round 5, Epoch: 30 Average loss: 138.5790
====> Round 5, Epoch: 31 Average loss: 138.5328
====> Round 5, Epoch: 32 Average loss: 138.4903
====> Round 5, Epoch: 33 Average loss: 138.4420
====> Round 5, Epoch: 34 Average loss: 138.4083
====> Round 5, Epoch: 35 Average loss: 138.3545
====> Round 5, Epoch: 36 Average loss: 138.3097
====> Round 5, Epoch: 37 Average loss: 138.2869
====> Round 5, Epoch: 38 Average loss: 138.2240
====> Round 5, Epoch: 39 Average loss: 138.1960
====> Round 5, Epoch: 40 Average loss: 138.1286
====> Round 5, Epoch: 41 Average loss: 138.0966
====> Round 5, Epoch: 42 Average loss: 138.0602
====> Round 5, Epoch: 43 Average loss: 138.0138
====> Round 5, Epoch: 44 Average loss: 137.9896
====> Round 5, Epoch: 45 Average loss: 137.9057
====> Round 5, Epoch: 46 Average loss: 137.8626
====> Round 5, Epoch: 47 Average loss: 137.8572
====> Round 5, Epoch: 48 Average loss: 137.7877
====> Round 5, Epoch: 49 Average loss: 137.7663
====> Round 5, Epoch: 50 Average loss: 137.7224
====> Round 5, Epoch: 51 Average loss: 137.6567
====> Round 5, Epoch: 52 Average loss: 137.6600
====> Round 5, Epoch: 53 Average loss: 137.6137
====> Round 5, Epoch: 54 Average loss: 137.5572
====> Round 5, Epoch: 55 Average loss: 137.5315
====> Round 5, Epoch: 56 Average loss: 137.5094
====> Round 5, Epoch: 57 Average loss: 137.4833
====> Round 5, Epoch: 58 Average loss: 137.4257
====> Round 5, Epoch: 59 Average loss: 137.3693
====> Round 5, Epoch: 60 Average loss: 137.3390
====> Round 5, Epoch: 61 Average loss: 137.3084
====> Round 5, Epoch: 62 Average loss: 137.2698
====> Round 5, Epoch: 63 Average loss: 137.2277
====> Round 5, Epoch: 64 Average loss: 137.1942
====> Round 5, Epoch: 65 Average loss: 137.1662
====> Round 5, Epoch: 66 Average loss: 137.1108
====> Round 5, Epoch: 67 Average loss: 137.1086
====> Round 5, Epoch: 68 Average loss: 137.0372
====> Round 5, Epoch: 69 Average loss: 137.0353
====> Round 5, Epoch: 70 Average loss: 136.9803
====> Round 5, Epoch: 71 Average loss: 136.9381
====> Round 5, Epoch: 72 Average loss: 136.8970
====> Round 5, Epoch: 73 Average loss: 136.8970
====> Round 5, Epoch: 74 Average loss: 136.8275
====> Round 5, Epoch: 75 Average loss: 136.8199
====> Round 5, Epoch: 76 Average loss: 136.7616
====> Round 5, Epoch: 77 Average loss: 136.7345
====> Round 5, Epoch: 78 Average loss: 136.7257
====> Round 5, Epoch: 79 Average loss: 136.6539
====> Round 5, Epoch: 80 Average loss: 136.6316
====> Round 5, Epoch: 81 Average loss: 136.5818
====> Round 5, Epoch: 82 Average loss: 136.5622
====> Round 5, Epoch: 83 Average loss: 136.5062
====> Round 5, Epoch: 84 Average loss: 136.4786
====> Round 5, Epoch: 85 Average loss: 136.4500
====> Round 5, Epoch: 86 Average loss: 136.4204
====> Round 5, Epoch: 87 Average loss: 136.3702
====> Round 5, Epoch: 88 Average loss: 136.3588
====> Round 5, Epoch: 89 Average loss: 136.3042
====> Round 5, Epoch: 90 Average loss: 136.2712
====> Round 5, Epoch: 91 Average loss: 136.2359
====> Round 5, Epoch: 92 Average loss: 136.2203
====> Round 5, Epoch: 93 Average loss: 136.1535
====> Round 5, Epoch: 94 Average loss: 136.1793
====> Round 5, Epoch: 95 Average loss: 136.1079
====> Round 5, Epoch: 96 Average loss: 136.0630
====> Round 5, Epoch: 97 Average loss: 136.0384
====> Round 5, Epoch: 98 Average loss: 136.0127
====> Round 5, Epoch: 99 Average loss: 135.9704
====> Round 5, Epoch: 100 Average loss: 135.9170
====> Round 5, Epoch: 101 Average loss: 135.8833
====> Round 5, Epoch: 102 Average loss: 135.8575
====> Round 5, Epoch: 103 Average loss: 135.8286
====> Round 5, Epoch: 104 Average loss: 135.7885
====> Round 5, Epoch: 105 Average loss: 135.7445
====> Round 5, Epoch: 106 Average loss: 135.7256
====> Round 5, Epoch: 107 Average loss: 135.6854
====> Round 5, Epoch: 108 Average loss: 135.6368
====> Round 5, Epoch: 109 Average loss: 135.6333
====> Round 5, Epoch: 110 Average loss: 135.6020
====> Round 5, Epoch: 111 Average loss: 135.5394
====> Round 5, Epoch: 112 Average loss: 135.4988
====> Round 5, Epoch: 113 Average loss: 135.4998
====> Round 5, Epoch: 114 Average loss: 135.4386
====> Round 5, Epoch: 115 Average loss: 135.3960
====> Round 5, Epoch: 116 Average loss: 135.3688
====> Round 5, Epoch: 117 Average loss: 135.3389
====> Round 5, Epoch: 118 Average loss: 135.2832
====> Round 5, Epoch: 119 Average loss: 135.2834
====> Round 5, Epoch: 120 Average loss: 135.2498
====> Round 5, Epoch: 121 Average loss: 135.1938
====> Round 5, Epoch: 122 Average loss: 135.1376
====> Round 5, Epoch: 123 Average loss: 135.1293
====> Round 5, Epoch: 124 Average loss: 135.0778
====> Round 5, Epoch: 125 Average loss: 135.0473
====> Round 5, Epoch: 126 Average loss: 135.0305
====> Round 5, Epoch: 127 Average loss: 134.9848
====> Round 5, Epoch: 128 Average loss: 134.9168
====> Round 5, Epoch: 129 Average loss: 134.9377
====> Round 5, Epoch: 130 Average loss: 134.9015
====> Round 5, Epoch: 131 Average loss: 134.8299
====> Round 5, Epoch: 132 Average loss: 134.7937
====> Round 5, Epoch: 133 Average loss: 134.7779
====> Round 5, Epoch: 134 Average loss: 134.7330
====> Round 5, Epoch: 135 Average loss: 134.7225
====> Round 5, Epoch: 136 Average loss: 134.6634
====> Round 5, Epoch: 137 Average loss: 134.6359
====> Round 5, Epoch: 138 Average loss: 134.5970
====> Round 5, Epoch: 139 Average loss: 134.5418
====> Round 5, Epoch: 140 Average loss: 134.5317
====> Round 5, Epoch: 141 Average loss: 134.4991
====> Round 5, Epoch: 142 Average loss: 134.4653
====> Round 5, Epoch: 143 Average loss: 134.4297
====> Round 5, Epoch: 144 Average loss: 134.3745
====> Round 5, Epoch: 145 Average loss: 134.3395
====> Round 5, Epoch: 146 Average loss: 134.3402
====> Round 5, Epoch: 147 Average loss: 134.2608
====> Round 5, Epoch: 148 Average loss: 134.2286
====> Round 5, Epoch: 149 Average loss: 134.1943
====> Round 5, Epoch: 150 Average loss: 134.1516
====> Round 5, Epoch: 151 Average loss: 134.1437
====> Round 5, Epoch: 152 Average loss: 134.0998
====> Round 5, Epoch: 153 Average loss: 134.0474
====> Round 5, Epoch: 154 Average loss: 134.0057
====> Round 5, Epoch: 155 Average loss: 133.9604
====> Round 5, Epoch: 156 Average loss: 133.9194
====> Round 5, Epoch: 157 Average loss: 133.8946
====> Round 5, Epoch: 158 Average loss: 133.8676
====> Round 5, Epoch: 159 Average loss: 133.8049
====> Round 5, Epoch: 160 Average loss: 133.7869
====> Round 5, Epoch: 161 Average loss: 133.7628
====> Round 5, Epoch: 162 Average loss: 133.6574
====> Round 5, Epoch: 163 Average loss: 133.6437
====> Round 5, Epoch: 164 Average loss: 133.5927
====> Round 5, Epoch: 165 Average loss: 133.5647
====> Round 5, Epoch: 166 Average loss: 133.5205
====> Round 5, Epoch: 167 Average loss: 133.4883
====> Round 5, Epoch: 168 Average loss: 133.4259
====> Round 5, Epoch: 169 Average loss: 133.4108
====> Round 5, Epoch: 170 Average loss: 133.3806
====> Round 5, Epoch: 171 Average loss: 133.3344
====> Round 5, Epoch: 172 Average loss: 133.3350
====> Round 5, Epoch: 173 Average loss: 133.2946
====> Round 5, Epoch: 174 Average loss: 133.2758
====> Round 5, Epoch: 175 Average loss: 133.2151
====> Round 5, Epoch: 176 Average loss: 133.2136
====> Round 5, Epoch: 177 Average loss: 133.1685
====> Round 5, Epoch: 178 Average loss: 133.1111
====> Round 5, Epoch: 179 Average loss: 133.0834
====> Round 5, Epoch: 180 Average loss: 133.0396
====> Round 5, Epoch: 181 Average loss: 132.9873
====> Round 5, Epoch: 182 Average loss: 132.9814
====> Round 5, Epoch: 183 Average loss: 132.9182
====> Round 5, Epoch: 184 Average loss: 132.9070
====> Round 5, Epoch: 185 Average loss: 132.8797
====> Round 5, Epoch: 186 Average loss: 132.8301
====> Round 5, Epoch: 187 Average loss: 132.8113
====> Round 5, Epoch: 188 Average loss: 132.7683
====> Round 5, Epoch: 189 Average loss: 132.7303
====> Round 5, Epoch: 190 Average loss: 132.7299
====> Round 5, Epoch: 191 Average loss: 132.6542
====> Round 5, Epoch: 192 Average loss: 132.6365
====> Round 5, Epoch: 193 Average loss: 132.6095
====> Round 5, Epoch: 194 Average loss: 132.5419
====> Round 5, Epoch: 195 Average loss: 132.5091
====> Round 5, Epoch: 196 Average loss: 132.4737
====> Round 5, Epoch: 197 Average loss: 132.4460
====> Round 5, Epoch: 198 Average loss: 132.4222
====> Round 5, Epoch: 199 Average loss: 132.4208
====> Round 5, Epoch: 200 Average loss: 132.3620
====> Round 5, Epoch: 201 Average loss: 132.3248
====> Round 5, Epoch: 202 Average loss: 132.2963
====> Round 5, Epoch: 203 Average loss: 132.2334
====> Round 5, Epoch: 204 Average loss: 132.2267
====> Round 5, Epoch: 205 Average loss: 132.1511
====> Round 5, Epoch: 206 Average loss: 132.1764
====> Round 5, Epoch: 207 Average loss: 132.1510
====> Round 5, Epoch: 208 Average loss: 132.0680
====> Round 5, Epoch: 209 Average loss: 132.0623
====> Round 5, Epoch: 210 Average loss: 132.0385
====> Round 5, Epoch: 211 Average loss: 132.0163
====> Round 5, Epoch: 212 Average loss: 131.9498
====> Round 5, Epoch: 213 Average loss: 131.9460
====> Round 5, Epoch: 214 Average loss: 131.9227
====> Round 5, Epoch: 215 Average loss: 131.8736
====> Round 5, Epoch: 216 Average loss: 131.8414
====> Round 5, Epoch: 217 Average loss: 131.8343
====> Round 5, Epoch: 218 Average loss: 131.8101
====> Round 5, Epoch: 219 Average loss: 131.7468
====> Round 5, Epoch: 220 Average loss: 131.7281
====> Round 5, Epoch: 221 Average loss: 131.6960
====> Round 5, Epoch: 222 Average loss: 131.6741
====> Round 5, Epoch: 223 Average loss: 131.6448
====> Round 5, Epoch: 224 Average loss: 131.6054
====> Round 5, Epoch: 225 Average loss: 131.5248
====> Round 5, Epoch: 226 Average loss: 131.5274
====> Round 5, Epoch: 227 Average loss: 131.4840
====> Round 5, Epoch: 228 Average loss: 131.4695
====> Round 5, Epoch: 229 Average loss: 131.4401
====> Round 5, Epoch: 230 Average loss: 131.4186
====> Round 5, Epoch: 231 Average loss: 131.3856
====> Round 5, Epoch: 232 Average loss: 131.3591
====> Round 5, Epoch: 233 Average loss: 131.3244
====> Round 5, Epoch: 234 Average loss: 131.3050
====> Round 5, Epoch: 235 Average loss: 131.2638
====> Round 5, Epoch: 236 Average loss: 131.2409
====> Round 5, Epoch: 237 Average loss: 131.2139
====> Round 5, Epoch: 238 Average loss: 131.1634
====> Round 5, Epoch: 239 Average loss: 131.1476
====> Round 5, Epoch: 240 Average loss: 131.1314
====> Round 5, Epoch: 241 Average loss: 131.0950
====> Round 5, Epoch: 242 Average loss: 131.0624
2020-04-21 16:44:21.252977
====> Round 5 Test set loss: 125.7759
====> Round 5 Test set loss: 125.7733
2020-04-21 16:47:10.421362
Training finished