Drive already mounted at /content/drive; to attempt to forcibly remount, call drive.mount("/content/drive", force_remount=True).
Training on GPU
2020-04-25 10:26:04.131463
====== About to train for 1 epochs in round 0 with learning rate 0.0001========
Round number 0, Train Epoch: 0 [0/7803 (0%)]	Loss: 547.519434
====> Round 0: Epoch: 0 Average loss: 367.5577
2020-04-25 10:26:10.959610
/usr/local/lib/python3.6/dist-packages/torch/serialization.py:360: UserWarning: Couldn't retrieve source code for container of type silhouettes_model. It won't be checked for correctness upon loading.
  "type " + obj.__name__ + ". It won't be checked "
====> Round 0: Epoch 0: Test set loss: 279.1936
====== About to train for 2 epochs in round 1 with learning rate 7.5e-05========
Round number 1, Train Epoch: 0 [0/7803 (0%)]	Loss: 278.427637
====> Round 1: Epoch: 0 Average loss: 258.5442
Round number 1, Train Epoch: 1 [0/7803 (0%)]	Loss: 229.943701
====> Round 1: Epoch: 1 Average loss: 228.1569
2020-04-25 10:26:33.839740
====> Round 1: Epoch 1: Test set loss: 210.8170
====== About to train for 4 epochs in round 2 with learning rate 5.62e-05========
Round number 2, Train Epoch: 0 [0/7803 (0%)]	Loss: 208.041553
====> Round 2: Epoch: 0 Average loss: 213.6388
Round number 2, Train Epoch: 1 [0/7803 (0%)]	Loss: 181.967358
====> Round 2: Epoch: 1 Average loss: 205.6876
Round number 2, Train Epoch: 2 [0/7803 (0%)]	Loss: 175.512122
====> Round 2: Epoch: 2 Average loss: 199.8612
Round number 2, Train Epoch: 3 [0/7803 (0%)]	Loss: 187.261243
====> Round 2: Epoch: 3 Average loss: 195.3342
2020-04-25 10:27:10.072087
====> Round 2: Epoch 3: Test set loss: 182.8537
====== About to train for 8 epochs in round 3 with learning rate 4.22e-05========
Round number 3, Train Epoch: 0 [0/7803 (0%)]	Loss: 193.438318
====> Round 3: Epoch: 0 Average loss: 192.0355
Round number 3, Train Epoch: 1 [0/7803 (0%)]	Loss: 168.719727
====> Round 3: Epoch: 1 Average loss: 190.0792
Round number 3, Train Epoch: 2 [0/7803 (0%)]	Loss: 170.474097
====> Round 3: Epoch: 2 Average loss: 188.2399
Round number 3, Train Epoch: 3 [0/7803 (0%)]	Loss: 180.068945
====> Round 3: Epoch: 3 Average loss: 187.1416
Round number 3, Train Epoch: 4 [0/7803 (0%)]	Loss: 194.268799
====> Round 3: Epoch: 4 Average loss: 185.6312
Round number 3, Train Epoch: 5 [0/7803 (0%)]	Loss: 190.784119
====> Round 3: Epoch: 5 Average loss: 184.2083
Round number 3, Train Epoch: 6 [0/7803 (0%)]	Loss: 186.142676
====> Round 3: Epoch: 6 Average loss: 182.7886
Round number 3, Train Epoch: 7 [0/7803 (0%)]	Loss: 164.563416
====> Round 3: Epoch: 7 Average loss: 181.4277
2020-04-25 10:28:13.012401
====> Round 3: Epoch 7: Test set loss: 168.0233
====== About to train for 16 epochs in round 4 with learning rate 3.16e-05========
Round number 4, Train Epoch: 0 [0/7803 (0%)]	Loss: 181.178076
====> Round 4: Epoch: 0 Average loss: 180.0003
Round number 4, Train Epoch: 1 [0/7803 (0%)]	Loss: 165.919336
====> Round 4: Epoch: 1 Average loss: 178.7386
Round number 4, Train Epoch: 2 [0/7803 (0%)]	Loss: 202.883228
====> Round 4: Epoch: 2 Average loss: 177.7590
Round number 4, Train Epoch: 3 [0/7803 (0%)]	Loss: 218.415039
====> Round 4: Epoch: 3 Average loss: 176.5713
Round number 4, Train Epoch: 4 [0/7803 (0%)]	Loss: 171.334375
====> Round 4: Epoch: 4 Average loss: 175.7573
Round number 4, Train Epoch: 5 [0/7803 (0%)]	Loss: 168.544287
====> Round 4: Epoch: 5 Average loss: 174.7005
Round number 4, Train Epoch: 6 [0/7803 (0%)]	Loss: 196.191821
====> Round 4: Epoch: 6 Average loss: 173.9123
Round number 4, Train Epoch: 7 [0/7803 (0%)]	Loss: 167.495520
====> Round 4: Epoch: 7 Average loss: 173.0086
Round number 4, Train Epoch: 8 [0/7803 (0%)]	Loss: 166.908911
====> Round 4: Epoch: 8 Average loss: 172.5045
Round number 4, Train Epoch: 9 [0/7803 (0%)]	Loss: 179.935547
====> Round 4: Epoch: 9 Average loss: 171.7185
Round number 4, Train Epoch: 10 [0/7803 (0%)]	Loss: 164.199207
====> Round 4: Epoch: 10 Average loss: 171.0511
Round number 4, Train Epoch: 11 [0/7803 (0%)]	Loss: 141.353833
====> Round 4: Epoch: 11 Average loss: 170.5255
Round number 4, Train Epoch: 12 [0/7803 (0%)]	Loss: 176.955542
====> Round 4: Epoch: 12 Average loss: 169.8152
Round number 4, Train Epoch: 13 [0/7803 (0%)]	Loss: 141.688721
====> Round 4: Epoch: 13 Average loss: 169.1209
Round number 4, Train Epoch: 14 [0/7803 (0%)]	Loss: 176.208948
====> Round 4: Epoch: 14 Average loss: 168.5995
Round number 4, Train Epoch: 15 [0/7803 (0%)]	Loss: 153.118958
====> Round 4: Epoch: 15 Average loss: 167.9031
2020-04-25 10:30:10.000012
====> Round 4: Epoch 15: Test set loss: 154.2365
====== About to train for 32 epochs in round 5 with learning rate 2.37e-05========
Round number 5, Train Epoch: 0 [0/7803 (0%)]	Loss: 164.993848
====> Round 5: Epoch: 0 Average loss: 167.1994
Round number 5, Train Epoch: 1 [0/7803 (0%)]	Loss: 164.466357
====> Round 5: Epoch: 1 Average loss: 166.6540
Round number 5, Train Epoch: 2 [0/7803 (0%)]	Loss: 157.289526
====> Round 5: Epoch: 2 Average loss: 166.2826
Round number 5, Train Epoch: 3 [0/7803 (0%)]	Loss: 151.844714
====> Round 5: Epoch: 3 Average loss: 165.8540
Round number 5, Train Epoch: 4 [0/7803 (0%)]	Loss: 170.208252
====> Round 5: Epoch: 4 Average loss: 165.3696
Round number 5, Train Epoch: 5 [0/7803 (0%)]	Loss: 157.052087
====> Round 5: Epoch: 5 Average loss: 165.0591
Round number 5, Train Epoch: 6 [0/7803 (0%)]	Loss: 169.907935
====> Round 5: Epoch: 6 Average loss: 164.6193
Round number 5, Train Epoch: 7 [0/7803 (0%)]	Loss: 162.253564
====> Round 5: Epoch: 7 Average loss: 164.2977
Round number 5, Train Epoch: 8 [0/7803 (0%)]	Loss: 167.764709
====> Round 5: Epoch: 8 Average loss: 163.8215
Round number 5, Train Epoch: 9 [0/7803 (0%)]	Loss: 150.903052
====> Round 5: Epoch: 9 Average loss: 163.4286
Round number 5, Train Epoch: 10 [0/7803 (0%)]	Loss: 166.661096
====> Round 5: Epoch: 10 Average loss: 162.9836
Round number 5, Train Epoch: 11 [0/7803 (0%)]	Loss: 150.542847
====> Round 5: Epoch: 11 Average loss: 162.4941
Round number 5, Train Epoch: 12 [0/7803 (0%)]	Loss: 166.289001
====> Round 5: Epoch: 12 Average loss: 162.2118
Round number 5, Train Epoch: 13 [0/7803 (0%)]	Loss: 136.365735
====> Round 5: Epoch: 13 Average loss: 161.8055
Round number 5, Train Epoch: 14 [0/7803 (0%)]	Loss: 141.096570
====> Round 5: Epoch: 14 Average loss: 161.5401
Round number 5, Train Epoch: 15 [0/7803 (0%)]	Loss: 166.580933
====> Round 5: Epoch: 15 Average loss: 161.2469
Round number 5, Train Epoch: 16 [0/7803 (0%)]	Loss: 144.526636
====> Round 5: Epoch: 16 Average loss: 160.9391
Round number 5, Train Epoch: 17 [0/7803 (0%)]	Loss: 142.098657
====> Round 5: Epoch: 17 Average loss: 160.5355
Round number 5, Train Epoch: 18 [0/7803 (0%)]	Loss: 151.084155
====> Round 5: Epoch: 18 Average loss: 160.3148
Round number 5, Train Epoch: 19 [0/7803 (0%)]	Loss: 173.789270
====> Round 5: Epoch: 19 Average loss: 159.7995
Round number 5, Train Epoch: 20 [0/7803 (0%)]	Loss: 165.391553
====> Round 5: Epoch: 20 Average loss: 159.5207
Round number 5, Train Epoch: 21 [0/7803 (0%)]	Loss: 160.014795
====> Round 5: Epoch: 21 Average loss: 159.2116
Round number 5, Train Epoch: 22 [0/7803 (0%)]	Loss: 165.660010
====> Round 5: Epoch: 22 Average loss: 158.9002
Round number 5, Train Epoch: 23 [0/7803 (0%)]	Loss: 139.556738
====> Round 5: Epoch: 23 Average loss: 158.6832
Round number 5, Train Epoch: 24 [0/7803 (0%)]	Loss: 165.664355
====> Round 5: Epoch: 24 Average loss: 158.4169
Round number 5, Train Epoch: 25 [0/7803 (0%)]	Loss: 179.146680
====> Round 5: Epoch: 25 Average loss: 158.0320
Round number 5, Train Epoch: 26 [0/7803 (0%)]	Loss: 168.012659
====> Round 5: Epoch: 26 Average loss: 157.7045
Round number 5, Train Epoch: 27 [0/7803 (0%)]	Loss: 162.719922
====> Round 5: Epoch: 27 Average loss: 157.5165
Round number 5, Train Epoch: 28 [0/7803 (0%)]	Loss: 159.156543
====> Round 5: Epoch: 28 Average loss: 157.2509
Round number 5, Train Epoch: 29 [0/7803 (0%)]	Loss: 182.665222
====> Round 5: Epoch: 29 Average loss: 156.8180
Round number 5, Train Epoch: 30 [0/7803 (0%)]	Loss: 156.114514
====> Round 5: Epoch: 30 Average loss: 156.6514
Round number 5, Train Epoch: 31 [0/7803 (0%)]	Loss: 160.142456
====> Round 5: Epoch: 31 Average loss: 156.2116
2020-04-25 10:33:53.769949
====> Round 5: Epoch 31: Test set loss: 143.6257
====== About to train for 64 epochs in round 6 with learning rate 1.78e-05========
Round number 6, Train Epoch: 0 [0/7803 (0%)]	Loss: 171.338599
====> Round 6: Epoch: 0 Average loss: 155.9238
Round number 6, Train Epoch: 1 [0/7803 (0%)]	Loss: 179.272485
====> Round 6: Epoch: 1 Average loss: 155.8260
Round number 6, Train Epoch: 2 [0/7803 (0%)]	Loss: 171.072583
====> Round 6: Epoch: 2 Average loss: 155.5283
Round number 6, Train Epoch: 3 [0/7803 (0%)]	Loss: 182.496399
====> Round 6: Epoch: 3 Average loss: 155.2871
Round number 6, Train Epoch: 4 [0/7803 (0%)]	Loss: 157.641162
====> Round 6: Epoch: 4 Average loss: 155.0577
Round number 6, Train Epoch: 5 [0/7803 (0%)]	Loss: 163.199744
====> Round 6: Epoch: 5 Average loss: 154.9251
Round number 6, Train Epoch: 6 [0/7803 (0%)]	Loss: 164.116992
====> Round 6: Epoch: 6 Average loss: 154.9774
Round number 6, Train Epoch: 7 [0/7803 (0%)]	Loss: 146.700854
====> Round 6: Epoch: 7 Average loss: 154.6067
Round number 6, Train Epoch: 8 [0/7803 (0%)]	Loss: 142.143555
====> Round 6: Epoch: 8 Average loss: 154.4512
Round number 6, Train Epoch: 9 [0/7803 (0%)]	Loss: 125.611658
====> Round 6: Epoch: 9 Average loss: 154.2316
Round number 6, Train Epoch: 10 [0/7803 (0%)]	Loss: 177.558679
====> Round 6: Epoch: 10 Average loss: 154.0640
Round number 6, Train Epoch: 11 [0/7803 (0%)]	Loss: 159.583606
====> Round 6: Epoch: 11 Average loss: 153.6849
Round number 6, Train Epoch: 12 [0/7803 (0%)]	Loss: 157.458252
====> Round 6: Epoch: 12 Average loss: 153.6636
Round number 6, Train Epoch: 13 [0/7803 (0%)]	Loss: 129.014001
====> Round 6: Epoch: 13 Average loss: 153.4926
Round number 6, Train Epoch: 14 [0/7803 (0%)]	Loss: 178.440356
====> Round 6: Epoch: 14 Average loss: 153.4356
Round number 6, Train Epoch: 15 [0/7803 (0%)]	Loss: 143.041040
====> Round 6: Epoch: 15 Average loss: 153.1384
Round number 6, Train Epoch: 16 [0/7803 (0%)]	Loss: 137.795911
====> Round 6: Epoch: 16 Average loss: 153.1382
Round number 6, Train Epoch: 17 [0/7803 (0%)]	Loss: 130.795300
====> Round 6: Epoch: 17 Average loss: 152.6937
Round number 6, Train Epoch: 18 [0/7803 (0%)]	Loss: 143.655347
====> Round 6: Epoch: 18 Average loss: 152.7032
Round number 6, Train Epoch: 19 [0/7803 (0%)]	Loss: 137.750049
====> Round 6: Epoch: 19 Average loss: 152.5760
Round number 6, Train Epoch: 20 [0/7803 (0%)]	Loss: 152.217920
====> Round 6: Epoch: 20 Average loss: 152.3929
Round number 6, Train Epoch: 21 [0/7803 (0%)]	Loss: 144.945508
====> Round 6: Epoch: 21 Average loss: 152.2607
Round number 6, Train Epoch: 22 [0/7803 (0%)]	Loss: 167.550745
====> Round 6: Epoch: 22 Average loss: 152.1110
Round number 6, Train Epoch: 23 [0/7803 (0%)]	Loss: 135.409619
====> Round 6: Epoch: 23 Average loss: 151.9776
Round number 6, Train Epoch: 24 [0/7803 (0%)]	Loss: 161.618420
====> Round 6: Epoch: 24 Average loss: 151.8887
Round number 6, Train Epoch: 25 [0/7803 (0%)]	Loss: 153.192407
====> Round 6: Epoch: 25 Average loss: 151.7341
Round number 6, Train Epoch: 26 [0/7803 (0%)]	Loss: 156.623364
====> Round 6: Epoch: 26 Average loss: 151.4181
Round number 6, Train Epoch: 27 [0/7803 (0%)]	Loss: 143.618457
====> Round 6: Epoch: 27 Average loss: 151.3504
Round number 6, Train Epoch: 28 [0/7803 (0%)]	Loss: 152.616431
====> Round 6: Epoch: 28 Average loss: 151.2320
Round number 6, Train Epoch: 29 [0/7803 (0%)]	Loss: 167.390747
====> Round 6: Epoch: 29 Average loss: 151.1579
Round number 6, Train Epoch: 30 [0/7803 (0%)]	Loss: 156.426343
====> Round 6: Epoch: 30 Average loss: 150.9224
Round number 6, Train Epoch: 31 [0/7803 (0%)]	Loss: 145.240430
====> Round 6: Epoch: 31 Average loss: 150.8377
Round number 6, Train Epoch: 32 [0/7803 (0%)]	Loss: 164.159082
====> Round 6: Epoch: 32 Average loss: 150.6659
Round number 6, Train Epoch: 33 [0/7803 (0%)]	Loss: 146.131152
====> Round 6: Epoch: 33 Average loss: 150.5968
Round number 6, Train Epoch: 34 [0/7803 (0%)]	Loss: 151.686621
====> Round 6: Epoch: 34 Average loss: 150.4969
Round number 6, Train Epoch: 35 [0/7803 (0%)]	Loss: 170.237134
====> Round 6: Epoch: 35 Average loss: 150.4458
Round number 6, Train Epoch: 36 [0/7803 (0%)]	Loss: 133.109424
====> Round 6: Epoch: 36 Average loss: 150.1058
Round number 6, Train Epoch: 37 [0/7803 (0%)]	Loss: 168.700940
====> Round 6: Epoch: 37 Average loss: 150.2566
Round number 6, Train Epoch: 38 [0/7803 (0%)]	Loss: 133.279761
====> Round 6: Epoch: 38 Average loss: 149.9322
Round number 6, Train Epoch: 39 [0/7803 (0%)]	Loss: 151.512634
====> Round 6: Epoch: 39 Average loss: 149.8670
Round number 6, Train Epoch: 40 [0/7803 (0%)]	Loss: 129.314038
====> Round 6: Epoch: 40 Average loss: 149.6653
Round number 6, Train Epoch: 41 [0/7803 (0%)]	Loss: 143.937085
====> Round 6: Epoch: 41 Average loss: 149.6709
Round number 6, Train Epoch: 42 [0/7803 (0%)]	Loss: 151.811926
====> Round 6: Epoch: 42 Average loss: 149.5803
Round number 6, Train Epoch: 43 [0/7803 (0%)]	Loss: 151.617529
====> Round 6: Epoch: 43 Average loss: 149.2990
Round number 6, Train Epoch: 44 [0/7803 (0%)]	Loss: 141.337427
====> Round 6: Epoch: 44 Average loss: 149.3341
Round number 6, Train Epoch: 45 [0/7803 (0%)]	Loss: 150.225891
====> Round 6: Epoch: 45 Average loss: 149.1782
Round number 6, Train Epoch: 46 [0/7803 (0%)]	Loss: 147.720752
====> Round 6: Epoch: 46 Average loss: 148.9898
Round number 6, Train Epoch: 47 [0/7803 (0%)]	Loss: 144.891858
====> Round 6: Epoch: 47 Average loss: 149.0091
Round number 6, Train Epoch: 48 [0/7803 (0%)]	Loss: 144.599292
====> Round 6: Epoch: 48 Average loss: 148.8553
Round number 6, Train Epoch: 49 [0/7803 (0%)]	Loss: 165.502148
====> Round 6: Epoch: 49 Average loss: 148.7555
Round number 6, Train Epoch: 50 [0/7803 (0%)]	Loss: 160.411926
====> Round 6: Epoch: 50 Average loss: 148.7272
Round number 6, Train Epoch: 51 [0/7803 (0%)]	Loss: 167.039246
====> Round 6: Epoch: 51 Average loss: 148.6864
Round number 6, Train Epoch: 52 [0/7803 (0%)]	Loss: 153.457605
====> Round 6: Epoch: 52 Average loss: 148.4840
Round number 6, Train Epoch: 53 [0/7803 (0%)]	Loss: 153.940698
====> Round 6: Epoch: 53 Average loss: 148.3282
Round number 6, Train Epoch: 54 [0/7803 (0%)]	Loss: 136.744434
====> Round 6: Epoch: 54 Average loss: 148.0434
Round number 6, Train Epoch: 55 [0/7803 (0%)]	Loss: 119.504114
====> Round 6: Epoch: 55 Average loss: 148.2354
Round number 6, Train Epoch: 56 [0/7803 (0%)]	Loss: 156.869629
====> Round 6: Epoch: 56 Average loss: 147.9950
Round number 6, Train Epoch: 57 [0/7803 (0%)]	Loss: 162.937915
====> Round 6: Epoch: 57 Average loss: 147.7901
Round number 6, Train Epoch: 58 [0/7803 (0%)]	Loss: 150.064148
====> Round 6: Epoch: 58 Average loss: 147.7765
Round number 6, Train Epoch: 59 [0/7803 (0%)]	Loss: 144.518469
====> Round 6: Epoch: 59 Average loss: 147.5678
Round number 6, Train Epoch: 60 [0/7803 (0%)]	Loss: 162.396216
====> Round 6: Epoch: 60 Average loss: 147.6845
Round number 6, Train Epoch: 61 [0/7803 (0%)]	Loss: 178.675024
====> Round 6: Epoch: 61 Average loss: 147.5695
Round number 6, Train Epoch: 62 [0/7803 (0%)]	Loss: 143.020264
====> Round 6: Epoch: 62 Average loss: 147.2972
Round number 6, Train Epoch: 63 [0/7803 (0%)]	Loss: 165.420471
====> Round 6: Epoch: 63 Average loss: 147.3700
2020-04-25 10:41:10.973447
====> Round 6: Epoch 63: Test set loss: 135.5446
====== About to train for 128 epochs in round 7 with learning rate 1.33e-05========
Round number 7, Train Epoch: 0 [0/7803 (0%)]	Loss: 154.939307
====> Round 7: Epoch: 0 Average loss: 147.2209
Round number 7, Train Epoch: 1 [0/7803 (0%)]	Loss: 139.189966
====> Round 7: Epoch: 1 Average loss: 146.9567
Round number 7, Train Epoch: 2 [0/7803 (0%)]	Loss: 140.254736
====> Round 7: Epoch: 2 Average loss: 146.9215
Round number 7, Train Epoch: 3 [0/7803 (0%)]	Loss: 127.993005
====> Round 7: Epoch: 3 Average loss: 146.8974
Round number 7, Train Epoch: 4 [0/7803 (0%)]	Loss: 129.848352
====> Round 7: Epoch: 4 Average loss: 146.8062
Round number 7, Train Epoch: 5 [0/7803 (0%)]	Loss: 135.280969
====> Round 7: Epoch: 5 Average loss: 146.6566
Round number 7, Train Epoch: 6 [0/7803 (0%)]	Loss: 144.936279
====> Round 7: Epoch: 6 Average loss: 146.6824
Round number 7, Train Epoch: 7 [0/7803 (0%)]	Loss: 151.141284
====> Round 7: Epoch: 7 Average loss: 146.4321
Round number 7, Train Epoch: 8 [0/7803 (0%)]	Loss: 155.768555
====> Round 7: Epoch: 8 Average loss: 146.2798
Round number 7, Train Epoch: 9 [0/7803 (0%)]	Loss: 141.154785
====> Round 7: Epoch: 9 Average loss: 146.3536
Round number 7, Train Epoch: 10 [0/7803 (0%)]	Loss: 145.414111
====> Round 7: Epoch: 10 Average loss: 146.3896
Round number 7, Train Epoch: 11 [0/7803 (0%)]	Loss: 143.046899
====> Round 7: Epoch: 11 Average loss: 146.1790
Round number 7, Train Epoch: 12 [0/7803 (0%)]	Loss: 159.732898
====> Round 7: Epoch: 12 Average loss: 146.1848
Round number 7, Train Epoch: 13 [0/7803 (0%)]	Loss: 155.820898
====> Round 7: Epoch: 13 Average loss: 146.0813
Round number 7, Train Epoch: 14 [0/7803 (0%)]	Loss: 150.389221
====> Round 7: Epoch: 14 Average loss: 146.0447
Round number 7, Train Epoch: 15 [0/7803 (0%)]	Loss: 157.185461
====> Round 7: Epoch: 15 Average loss: 145.9233
Round number 7, Train Epoch: 16 [0/7803 (0%)]	Loss: 127.402795
====> Round 7: Epoch: 16 Average loss: 145.7145
Round number 7, Train Epoch: 17 [0/7803 (0%)]	Loss: 143.246973
====> Round 7: Epoch: 17 Average loss: 145.7624
Round number 7, Train Epoch: 18 [0/7803 (0%)]	Loss: 126.149097
====> Round 7: Epoch: 18 Average loss: 145.8333
Round number 7, Train Epoch: 19 [0/7803 (0%)]	Loss: 163.821973
====> Round 7: Epoch: 19 Average loss: 145.7237
Round number 7, Train Epoch: 20 [0/7803 (0%)]	Loss: 135.359473
====> Round 7: Epoch: 20 Average loss: 145.4766
Round number 7, Train Epoch: 21 [0/7803 (0%)]	Loss: 135.896570
====> Round 7: Epoch: 21 Average loss: 145.4409
Round number 7, Train Epoch: 22 [0/7803 (0%)]	Loss: 154.425684
====> Round 7: Epoch: 22 Average loss: 145.2859
Round number 7, Train Epoch: 23 [0/7803 (0%)]	Loss: 149.181177
====> Round 7: Epoch: 23 Average loss: 145.2319
Round number 7, Train Epoch: 24 [0/7803 (0%)]	Loss: 144.608679
====> Round 7: Epoch: 24 Average loss: 145.2765
Round number 7, Train Epoch: 25 [0/7803 (0%)]	Loss: 151.921924
====> Round 7: Epoch: 25 Average loss: 145.0883
Round number 7, Train Epoch: 26 [0/7803 (0%)]	Loss: 141.168481
====> Round 7: Epoch: 26 Average loss: 145.1159
Round number 7, Train Epoch: 27 [0/7803 (0%)]	Loss: 147.852148
====> Round 7: Epoch: 27 Average loss: 144.9979
Round number 7, Train Epoch: 28 [0/7803 (0%)]	Loss: 143.098389
====> Round 7: Epoch: 28 Average loss: 144.8854
Round number 7, Train Epoch: 29 [0/7803 (0%)]	Loss: 152.946533
====> Round 7: Epoch: 29 Average loss: 144.9600
Round number 7, Train Epoch: 30 [0/7803 (0%)]	Loss: 130.094812
====> Round 7: Epoch: 30 Average loss: 144.8228
Round number 7, Train Epoch: 31 [0/7803 (0%)]	Loss: 151.160889
====> Round 7: Epoch: 31 Average loss: 144.7505
Round number 7, Train Epoch: 32 [0/7803 (0%)]	Loss: 137.610840
====> Round 7: Epoch: 32 Average loss: 144.7650
Round number 7, Train Epoch: 33 [0/7803 (0%)]	Loss: 145.295752
====> Round 7: Epoch: 33 Average loss: 144.7309
Round number 7, Train Epoch: 34 [0/7803 (0%)]	Loss: 141.629932
====> Round 7: Epoch: 34 Average loss: 144.4211
Round number 7, Train Epoch: 35 [0/7803 (0%)]	Loss: 129.628784
====> Round 7: Epoch: 35 Average loss: 144.5670
Round number 7, Train Epoch: 36 [0/7803 (0%)]	Loss: 151.810461
====> Round 7: Epoch: 36 Average loss: 144.3885
Round number 7, Train Epoch: 37 [0/7803 (0%)]	Loss: 143.589526
====> Round 7: Epoch: 37 Average loss: 144.3060
Round number 7, Train Epoch: 38 [0/7803 (0%)]	Loss: 116.768115
====> Round 7: Epoch: 38 Average loss: 144.1501
Round number 7, Train Epoch: 39 [0/7803 (0%)]	Loss: 115.337659
====> Round 7: Epoch: 39 Average loss: 144.1468
Round number 7, Train Epoch: 40 [0/7803 (0%)]	Loss: 123.472168
====> Round 7: Epoch: 40 Average loss: 143.9606
Round number 7, Train Epoch: 41 [0/7803 (0%)]	Loss: 150.461853
====> Round 7: Epoch: 41 Average loss: 144.1187
Round number 7, Train Epoch: 42 [0/7803 (0%)]	Loss: 152.766187
====> Round 7: Epoch: 42 Average loss: 143.9707
Round number 7, Train Epoch: 43 [0/7803 (0%)]	Loss: 136.889563
====> Round 7: Epoch: 43 Average loss: 144.0096
Round number 7, Train Epoch: 44 [0/7803 (0%)]	Loss: 140.497217
====> Round 7: Epoch: 44 Average loss: 143.9128
Round number 7, Train Epoch: 45 [0/7803 (0%)]	Loss: 135.821472
====> Round 7: Epoch: 45 Average loss: 143.8838
Round number 7, Train Epoch: 46 [0/7803 (0%)]	Loss: 141.722192
====> Round 7: Epoch: 46 Average loss: 143.7669
Round number 7, Train Epoch: 47 [0/7803 (0%)]	Loss: 143.928418
====> Round 7: Epoch: 47 Average loss: 143.6555
Round number 7, Train Epoch: 48 [0/7803 (0%)]	Loss: 154.738818
====> Round 7: Epoch: 48 Average loss: 143.7212
Round number 7, Train Epoch: 49 [0/7803 (0%)]	Loss: 133.948083
====> Round 7: Epoch: 49 Average loss: 143.6213
Round number 7, Train Epoch: 50 [0/7803 (0%)]	Loss: 128.182727
====> Round 7: Epoch: 50 Average loss: 143.4914
Round number 7, Train Epoch: 51 [0/7803 (0%)]	Loss: 136.467578
====> Round 7: Epoch: 51 Average loss: 143.4774
Round number 7, Train Epoch: 52 [0/7803 (0%)]	Loss: 154.158093
====> Round 7: Epoch: 52 Average loss: 143.4386
Round number 7, Train Epoch: 53 [0/7803 (0%)]	Loss: 152.081091
====> Round 7: Epoch: 53 Average loss: 143.4559
Round number 7, Train Epoch: 54 [0/7803 (0%)]	Loss: 168.851660
====> Round 7: Epoch: 54 Average loss: 143.2597
Round number 7, Train Epoch: 55 [0/7803 (0%)]	Loss: 182.135681
====> Round 7: Epoch: 55 Average loss: 143.0495
Round number 7, Train Epoch: 56 [0/7803 (0%)]	Loss: 137.716138
====> Round 7: Epoch: 56 Average loss: 143.0946
Round number 7, Train Epoch: 57 [0/7803 (0%)]	Loss: 130.475464
====> Round 7: Epoch: 57 Average loss: 143.0687
Round number 7, Train Epoch: 58 [0/7803 (0%)]	Loss: 132.934351
====> Round 7: Epoch: 58 Average loss: 143.1863
Round number 7, Train Epoch: 59 [0/7803 (0%)]	Loss: 138.219373
====> Round 7: Epoch: 59 Average loss: 142.8019
Round number 7, Train Epoch: 60 [0/7803 (0%)]	Loss: 124.161121
====> Round 7: Epoch: 60 Average loss: 142.9339
Round number 7, Train Epoch: 61 [0/7803 (0%)]	Loss: 127.324390
====> Round 7: Epoch: 61 Average loss: 142.8556
Round number 7, Train Epoch: 62 [0/7803 (0%)]	Loss: 169.946436
====> Round 7: Epoch: 62 Average loss: 142.7392
Round number 7, Train Epoch: 63 [0/7803 (0%)]	Loss: 142.462476
====> Round 7: Epoch: 63 Average loss: 142.8162
Round number 7, Train Epoch: 64 [0/7803 (0%)]	Loss: 138.019641
====> Round 7: Epoch: 64 Average loss: 142.6367
Round number 7, Train Epoch: 65 [0/7803 (0%)]	Loss: 144.384790
====> Round 7: Epoch: 65 Average loss: 142.5796
Round number 7, Train Epoch: 66 [0/7803 (0%)]	Loss: 140.774414
====> Round 7: Epoch: 66 Average loss: 142.5538
Round number 7, Train Epoch: 67 [0/7803 (0%)]	Loss: 132.560974
====> Round 7: Epoch: 67 Average loss: 142.3125
Round number 7, Train Epoch: 68 [0/7803 (0%)]	Loss: 143.128271
====> Round 7: Epoch: 68 Average loss: 142.6626
Round number 7, Train Epoch: 69 [0/7803 (0%)]	Loss: 127.045703
====> Round 7: Epoch: 69 Average loss: 142.3909
Round number 7, Train Epoch: 70 [0/7803 (0%)]	Loss: 145.506360
====> Round 7: Epoch: 70 Average loss: 142.4020
Round number 7, Train Epoch: 71 [0/7803 (0%)]	Loss: 149.750171
====> Round 7: Epoch: 71 Average loss: 142.2967
Round number 7, Train Epoch: 72 [0/7803 (0%)]	Loss: 107.421057
====> Round 7: Epoch: 72 Average loss: 142.1787
Round number 7, Train Epoch: 73 [0/7803 (0%)]	Loss: 149.519238
====> Round 7: Epoch: 73 Average loss: 142.1924
Round number 7, Train Epoch: 74 [0/7803 (0%)]	Loss: 120.650342
====> Round 7: Epoch: 74 Average loss: 142.0666
Round number 7, Train Epoch: 75 [0/7803 (0%)]	Loss: 141.128613
====> Round 7: Epoch: 75 Average loss: 142.1218
Round number 7, Train Epoch: 76 [0/7803 (0%)]	Loss: 122.198706
====> Round 7: Epoch: 76 Average loss: 142.0742
Round number 7, Train Epoch: 77 [0/7803 (0%)]	Loss: 128.414465
====> Round 7: Epoch: 77 Average loss: 141.9390
Round number 7, Train Epoch: 78 [0/7803 (0%)]	Loss: 145.412280
====> Round 7: Epoch: 78 Average loss: 141.8389
Round number 7, Train Epoch: 79 [0/7803 (0%)]	Loss: 162.588965
====> Round 7: Epoch: 79 Average loss: 141.6954
Round number 7, Train Epoch: 80 [0/7803 (0%)]	Loss: 133.339648
====> Round 7: Epoch: 80 Average loss: 141.8051
Round number 7, Train Epoch: 81 [0/7803 (0%)]	Loss: 159.366882
====> Round 7: Epoch: 81 Average loss: 141.7784
Round number 7, Train Epoch: 82 [0/7803 (0%)]	Loss: 136.470239
====> Round 7: Epoch: 82 Average loss: 141.6941
Round number 7, Train Epoch: 83 [0/7803 (0%)]	Loss: 142.919946
====> Round 7: Epoch: 83 Average loss: 141.7334
Round number 7, Train Epoch: 84 [0/7803 (0%)]	Loss: 139.585828
====> Round 7: Epoch: 84 Average loss: 141.5416
Round number 7, Train Epoch: 85 [0/7803 (0%)]	Loss: 131.482874
====> Round 7: Epoch: 85 Average loss: 141.5722
Round number 7, Train Epoch: 86 [0/7803 (0%)]	Loss: 147.323560
====> Round 7: Epoch: 86 Average loss: 141.3707
Round number 7, Train Epoch: 87 [0/7803 (0%)]	Loss: 129.405981
====> Round 7: Epoch: 87 Average loss: 141.4920
Round number 7, Train Epoch: 88 [0/7803 (0%)]	Loss: 148.747913
====> Round 7: Epoch: 88 Average loss: 141.3764
Round number 7, Train Epoch: 89 [0/7803 (0%)]	Loss: 130.283521
====> Round 7: Epoch: 89 Average loss: 141.2284
Round number 7, Train Epoch: 90 [0/7803 (0%)]	Loss: 136.386450
====> Round 7: Epoch: 90 Average loss: 141.1392
Round number 7, Train Epoch: 91 [0/7803 (0%)]	Loss: 132.843506
====> Round 7: Epoch: 91 Average loss: 141.1805
Round number 7, Train Epoch: 92 [0/7803 (0%)]	Loss: 151.340344
====> Round 7: Epoch: 92 Average loss: 141.0724
Round number 7, Train Epoch: 93 [0/7803 (0%)]	Loss: 153.184717
====> Round 7: Epoch: 93 Average loss: 141.0891
Round number 7, Train Epoch: 94 [0/7803 (0%)]	Loss: 118.714697
====> Round 7: Epoch: 94 Average loss: 141.0905
Round number 7, Train Epoch: 95 [0/7803 (0%)]	Loss: 181.909045
====> Round 7: Epoch: 95 Average loss: 141.1511
Round number 7, Train Epoch: 96 [0/7803 (0%)]	Loss: 144.914209
====> Round 7: Epoch: 96 Average loss: 140.8081
Round number 7, Train Epoch: 97 [0/7803 (0%)]	Loss: 127.163098
====> Round 7: Epoch: 97 Average loss: 140.9079
Round number 7, Train Epoch: 98 [0/7803 (0%)]	Loss: 151.750000
====> Round 7: Epoch: 98 Average loss: 140.7541
Round number 7, Train Epoch: 99 [0/7803 (0%)]	Loss: 136.906116
====> Round 7: Epoch: 99 Average loss: 140.7383
Round number 7, Train Epoch: 100 [0/7803 (0%)]	Loss: 151.106506
====> Round 7: Epoch: 100 Average loss: 140.7341
Round number 7, Train Epoch: 101 [0/7803 (0%)]	Loss: 130.476709
====> Round 7: Epoch: 101 Average loss: 140.6201
Round number 7, Train Epoch: 102 [0/7803 (0%)]	Loss: 127.878198
====> Round 7: Epoch: 102 Average loss: 140.6568
Round number 7, Train Epoch: 103 [0/7803 (0%)]	Loss: 140.351013
====> Round 7: Epoch: 103 Average loss: 140.5140
Round number 7, Train Epoch: 104 [0/7803 (0%)]	Loss: 138.798950
====> Round 7: Epoch: 104 Average loss: 140.5428
Round number 7, Train Epoch: 105 [0/7803 (0%)]	Loss: 123.845239
====> Round 7: Epoch: 105 Average loss: 140.4576
Round number 7, Train Epoch: 106 [0/7803 (0%)]	Loss: 129.216907
====> Round 7: Epoch: 106 Average loss: 140.3742
Round number 7, Train Epoch: 107 [0/7803 (0%)]	Loss: 127.594116
====> Round 7: Epoch: 107 Average loss: 140.2815
Round number 7, Train Epoch: 108 [0/7803 (0%)]	Loss: 131.823828
====> Round 7: Epoch: 108 Average loss: 140.2907
Round number 7, Train Epoch: 109 [0/7803 (0%)]	Loss: 145.295752
====> Round 7: Epoch: 109 Average loss: 140.1465
Round number 7, Train Epoch: 110 [0/7803 (0%)]	Loss: 141.662732
====> Round 7: Epoch: 110 Average loss: 140.2572
Round number 7, Train Epoch: 111 [0/7803 (0%)]	Loss: 147.197534
====> Round 7: Epoch: 111 Average loss: 140.0458
Round number 7, Train Epoch: 112 [0/7803 (0%)]	Loss: 138.204565
====> Round 7: Epoch: 112 Average loss: 140.1081
Round number 7, Train Epoch: 113 [0/7803 (0%)]	Loss: 153.437256
====> Round 7: Epoch: 113 Average loss: 139.9390
Round number 7, Train Epoch: 114 [0/7803 (0%)]	Loss: 155.403223
====> Round 7: Epoch: 114 Average loss: 139.9354
Round number 7, Train Epoch: 115 [0/7803 (0%)]	Loss: 133.603589
====> Round 7: Epoch: 115 Average loss: 139.7740
Round number 7, Train Epoch: 116 [0/7803 (0%)]	Loss: 142.763928
====> Round 7: Epoch: 116 Average loss: 139.8596
Round number 7, Train Epoch: 117 [0/7803 (0%)]	Loss: 135.552832
====> Round 7: Epoch: 117 Average loss: 139.8193
Round number 7, Train Epoch: 118 [0/7803 (0%)]	Loss: 122.270044
====> Round 7: Epoch: 118 Average loss: 139.7981
Round number 7, Train Epoch: 119 [0/7803 (0%)]	Loss: 147.191455
====> Round 7: Epoch: 119 Average loss: 139.7473
Round number 7, Train Epoch: 120 [0/7803 (0%)]	Loss: 161.637329
====> Round 7: Epoch: 120 Average loss: 139.6643
Round number 7, Train Epoch: 121 [0/7803 (0%)]	Loss: 146.789709
====> Round 7: Epoch: 121 Average loss: 139.6191
Round number 7, Train Epoch: 122 [0/7803 (0%)]	Loss: 133.439221
====> Round 7: Epoch: 122 Average loss: 139.6580
Round number 7, Train Epoch: 123 [0/7803 (0%)]	Loss: 150.195618
====> Round 7: Epoch: 123 Average loss: 139.3161
Round number 7, Train Epoch: 124 [0/7803 (0%)]	Loss: 128.412915
====> Round 7: Epoch: 124 Average loss: 139.3714
Round number 7, Train Epoch: 125 [0/7803 (0%)]	Loss: 136.976123
====> Round 7: Epoch: 125 Average loss: 139.2864
Round number 7, Train Epoch: 126 [0/7803 (0%)]	Loss: 154.467554
====> Round 7: Epoch: 126 Average loss: 139.2390
Round number 7, Train Epoch: 127 [0/7803 (0%)]	Loss: 145.378613
====> Round 7: Epoch: 127 Average loss: 139.3139
2020-04-25 10:55:35.901497
====> Round 7: Epoch 127: Test set loss: 128.8616
====== About to train for 256 epochs in round 8 with learning rate 1e-05========
Round number 8, Train Epoch: 0 [0/7803 (0%)]	Loss: 163.222778
====> Round 8: Epoch: 0 Average loss: 139.2912
Round number 8, Train Epoch: 1 [0/7803 (0%)]	Loss: 142.398633
====> Round 8: Epoch: 1 Average loss: 139.1237
Round number 8, Train Epoch: 2 [0/7803 (0%)]	Loss: 142.878467
====> Round 8: Epoch: 2 Average loss: 138.9346
Round number 8, Train Epoch: 3 [0/7803 (0%)]	Loss: 131.019604
====> Round 8: Epoch: 3 Average loss: 139.0162
Round number 8, Train Epoch: 4 [0/7803 (0%)]	Loss: 149.346021
====> Round 8: Epoch: 4 Average loss: 138.9765
Round number 8, Train Epoch: 5 [0/7803 (0%)]	Loss: 168.164746
====> Round 8: Epoch: 5 Average loss: 138.7542
Round number 8, Train Epoch: 6 [0/7803 (0%)]	Loss: 122.499951
====> Round 8: Epoch: 6 Average loss: 138.9105
Round number 8, Train Epoch: 7 [0/7803 (0%)]	Loss: 152.464893
====> Round 8: Epoch: 7 Average loss: 138.7677
Round number 8, Train Epoch: 8 [0/7803 (0%)]	Loss: 163.346582
====> Round 8: Epoch: 8 Average loss: 138.7283
Round number 8, Train Epoch: 9 [0/7803 (0%)]	Loss: 131.592871
====> Round 8: Epoch: 9 Average loss: 138.7020
Round number 8, Train Epoch: 10 [0/7803 (0%)]	Loss: 141.236597
====> Round 8: Epoch: 10 Average loss: 138.7341
Round number 8, Train Epoch: 11 [0/7803 (0%)]	Loss: 125.139233
====> Round 8: Epoch: 11 Average loss: 138.5439
Round number 8, Train Epoch: 12 [0/7803 (0%)]	Loss: 130.647937
====> Round 8: Epoch: 12 Average loss: 138.6319
Round number 8, Train Epoch: 13 [0/7803 (0%)]	Loss: 160.011011
====> Round 8: Epoch: 13 Average loss: 138.6073
Round number 8, Train Epoch: 14 [0/7803 (0%)]	Loss: 133.520264
====> Round 8: Epoch: 14 Average loss: 138.5443
Round number 8, Train Epoch: 15 [0/7803 (0%)]	Loss: 152.850049
====> Round 8: Epoch: 15 Average loss: 138.4717
Round number 8, Train Epoch: 16 [0/7803 (0%)]	Loss: 138.735486
====> Round 8: Epoch: 16 Average loss: 138.4937
Round number 8, Train Epoch: 17 [0/7803 (0%)]	Loss: 125.369006
====> Round 8: Epoch: 17 Average loss: 138.4657
Round number 8, Train Epoch: 18 [0/7803 (0%)]	Loss: 150.389233
====> Round 8: Epoch: 18 Average loss: 138.5296
Round number 8, Train Epoch: 19 [0/7803 (0%)]	Loss: 146.881665
====> Round 8: Epoch: 19 Average loss: 138.4377
Round number 8, Train Epoch: 20 [0/7803 (0%)]	Loss: 121.019727
====> Round 8: Epoch: 20 Average loss: 138.2611
Round number 8, Train Epoch: 21 [0/7803 (0%)]	Loss: 125.077319
====> Round 8: Epoch: 21 Average loss: 138.1864
Round number 8, Train Epoch: 22 [0/7803 (0%)]	Loss: 144.346240
====> Round 8: Epoch: 22 Average loss: 138.2229
Round number 8, Train Epoch: 23 [0/7803 (0%)]	Loss: 158.602734
====> Round 8: Epoch: 23 Average loss: 138.1885
Round number 8, Train Epoch: 24 [0/7803 (0%)]	Loss: 139.632324
====> Round 8: Epoch: 24 Average loss: 137.9406
Round number 8, Train Epoch: 25 [0/7803 (0%)]	Loss: 139.357715
====> Round 8: Epoch: 25 Average loss: 137.9250
Round number 8, Train Epoch: 26 [0/7803 (0%)]	Loss: 129.822278
====> Round 8: Epoch: 26 Average loss: 137.9686
Round number 8, Train Epoch: 27 [0/7803 (0%)]	Loss: 133.391650
====> Round 8: Epoch: 27 Average loss: 138.0459
Round number 8, Train Epoch: 28 [0/7803 (0%)]	Loss: 142.569702
====> Round 8: Epoch: 28 Average loss: 137.9536
Round number 8, Train Epoch: 29 [0/7803 (0%)]	Loss: 117.945349
====> Round 8: Epoch: 29 Average loss: 137.8366
Round number 8, Train Epoch: 30 [0/7803 (0%)]	Loss: 168.731934
====> Round 8: Epoch: 30 Average loss: 137.8828
Round number 8, Train Epoch: 31 [0/7803 (0%)]	Loss: 132.757751
====> Round 8: Epoch: 31 Average loss: 137.8307
Round number 8, Train Epoch: 32 [0/7803 (0%)]	Loss: 156.527893
====> Round 8: Epoch: 32 Average loss: 137.8353
Round number 8, Train Epoch: 33 [0/7803 (0%)]	Loss: 143.233521
====> Round 8: Epoch: 33 Average loss: 137.7564
Round number 8, Train Epoch: 34 [0/7803 (0%)]	Loss: 128.798169
====> Round 8: Epoch: 34 Average loss: 137.7037
Round number 8, Train Epoch: 35 [0/7803 (0%)]	Loss: 148.833093
====> Round 8: Epoch: 35 Average loss: 137.7165
Round number 8, Train Epoch: 36 [0/7803 (0%)]	Loss: 152.655432
====> Round 8: Epoch: 36 Average loss: 137.6049
Round number 8, Train Epoch: 37 [0/7803 (0%)]	Loss: 125.810962
====> Round 8: Epoch: 37 Average loss: 137.4439
Round number 8, Train Epoch: 38 [0/7803 (0%)]	Loss: 131.275122
====> Round 8: Epoch: 38 Average loss: 137.5756
Round number 8, Train Epoch: 39 [0/7803 (0%)]	Loss: 116.401343
====> Round 8: Epoch: 39 Average loss: 137.4457
Round number 8, Train Epoch: 40 [0/7803 (0%)]	Loss: 144.631763
====> Round 8: Epoch: 40 Average loss: 137.5866
Round number 8, Train Epoch: 41 [0/7803 (0%)]	Loss: 144.938086
====> Round 8: Epoch: 41 Average loss: 137.2978
Round number 8, Train Epoch: 42 [0/7803 (0%)]	Loss: 137.038879
====> Round 8: Epoch: 42 Average loss: 137.2651
Round number 8, Train Epoch: 43 [0/7803 (0%)]	Loss: 144.519434
====> Round 8: Epoch: 43 Average loss: 137.3406
Round number 8, Train Epoch: 44 [0/7803 (0%)]	Loss: 119.419312
====> Round 8: Epoch: 44 Average loss: 137.1204
Round number 8, Train Epoch: 45 [0/7803 (0%)]	Loss: 122.485791
====> Round 8: Epoch: 45 Average loss: 137.1538
Round number 8, Train Epoch: 46 [0/7803 (0%)]	Loss: 122.447644
====> Round 8: Epoch: 46 Average loss: 137.1590
Round number 8, Train Epoch: 47 [0/7803 (0%)]	Loss: 156.050427
====> Round 8: Epoch: 47 Average loss: 137.1786
Round number 8, Train Epoch: 48 [0/7803 (0%)]	Loss: 131.944092
====> Round 8: Epoch: 48 Average loss: 137.0712
Round number 8, Train Epoch: 49 [0/7803 (0%)]	Loss: 133.854810
====> Round 8: Epoch: 49 Average loss: 137.1560
Round number 8, Train Epoch: 50 [0/7803 (0%)]	Loss: 140.425244
====> Round 8: Epoch: 50 Average loss: 136.9962
Round number 8, Train Epoch: 51 [0/7803 (0%)]	Loss: 117.650366
====> Round 8: Epoch: 51 Average loss: 136.9994
Round number 8, Train Epoch: 52 [0/7803 (0%)]	Loss: 127.078857
====> Round 8: Epoch: 52 Average loss: 136.9201
Round number 8, Train Epoch: 53 [0/7803 (0%)]	Loss: 141.350024
====> Round 8: Epoch: 53 Average loss: 136.9042
Round number 8, Train Epoch: 54 [0/7803 (0%)]	Loss: 145.872864
====> Round 8: Epoch: 54 Average loss: 136.8984
Round number 8, Train Epoch: 55 [0/7803 (0%)]	Loss: 136.115820
====> Round 8: Epoch: 55 Average loss: 136.8140
Round number 8, Train Epoch: 56 [0/7803 (0%)]	Loss: 135.783154
====> Round 8: Epoch: 56 Average loss: 136.7485
Round number 8, Train Epoch: 57 [0/7803 (0%)]	Loss: 152.555042
====> Round 8: Epoch: 57 Average loss: 136.8611
Round number 8, Train Epoch: 58 [0/7803 (0%)]	Loss: 159.487500
====> Round 8: Epoch: 58 Average loss: 136.7642
Round number 8, Train Epoch: 59 [0/7803 (0%)]	Loss: 144.165869
====> Round 8: Epoch: 59 Average loss: 136.7474
Round number 8, Train Epoch: 60 [0/7803 (0%)]	Loss: 122.262573
====> Round 8: Epoch: 60 Average loss: 136.5363
Round number 8, Train Epoch: 61 [0/7803 (0%)]	Loss: 162.271680
====> Round 8: Epoch: 61 Average loss: 136.7479
Round number 8, Train Epoch: 62 [0/7803 (0%)]	Loss: 138.416296
====> Round 8: Epoch: 62 Average loss: 136.6227
Round number 8, Train Epoch: 63 [0/7803 (0%)]	Loss: 117.996082
====> Round 8: Epoch: 63 Average loss: 136.6416
Round number 8, Train Epoch: 64 [0/7803 (0%)]	Loss: 163.212036
====> Round 8: Epoch: 64 Average loss: 136.5756
Round number 8, Train Epoch: 65 [0/7803 (0%)]	Loss: 154.245605
====> Round 8: Epoch: 65 Average loss: 136.5990
Round number 8, Train Epoch: 66 [0/7803 (0%)]	Loss: 138.951758
====> Round 8: Epoch: 66 Average loss: 136.2582
Round number 8, Train Epoch: 67 [0/7803 (0%)]	Loss: 141.124146
====> Round 8: Epoch: 67 Average loss: 136.3276
Round number 8, Train Epoch: 68 [0/7803 (0%)]	Loss: 144.791016
====> Round 8: Epoch: 68 Average loss: 136.3375
Round number 8, Train Epoch: 69 [0/7803 (0%)]	Loss: 126.144336
====> Round 8: Epoch: 69 Average loss: 136.4218
Round number 8, Train Epoch: 70 [0/7803 (0%)]	Loss: 133.413550
====> Round 8: Epoch: 70 Average loss: 136.3710
Round number 8, Train Epoch: 71 [0/7803 (0%)]	Loss: 138.009387
====> Round 8: Epoch: 71 Average loss: 136.2027
Round number 8, Train Epoch: 72 [0/7803 (0%)]	Loss: 124.996863
====> Round 8: Epoch: 72 Average loss: 136.1846
Round number 8, Train Epoch: 73 [0/7803 (0%)]	Loss: 132.858813
====> Round 8: Epoch: 73 Average loss: 136.1915
Round number 8, Train Epoch: 74 [0/7803 (0%)]	Loss: 117.093311
====> Round 8: Epoch: 74 Average loss: 136.1683
Round number 8, Train Epoch: 75 [0/7803 (0%)]	Loss: 125.008289
====> Round 8: Epoch: 75 Average loss: 136.0635
Round number 8, Train Epoch: 76 [0/7803 (0%)]	Loss: 118.499658
====> Round 8: Epoch: 76 Average loss: 136.0538
Round number 8, Train Epoch: 77 [0/7803 (0%)]	Loss: 153.596521
====> Round 8: Epoch: 77 Average loss: 136.0434
Round number 8, Train Epoch: 78 [0/7803 (0%)]	Loss: 124.328870
====> Round 8: Epoch: 78 Average loss: 135.9801
Round number 8, Train Epoch: 79 [0/7803 (0%)]	Loss: 141.754077
====> Round 8: Epoch: 79 Average loss: 136.0006
Round number 8, Train Epoch: 80 [0/7803 (0%)]	Loss: 123.175122
====> Round 8: Epoch: 80 Average loss: 135.9076
Round number 8, Train Epoch: 81 [0/7803 (0%)]	Loss: 146.120483
====> Round 8: Epoch: 81 Average loss: 135.8565
Round number 8, Train Epoch: 82 [0/7803 (0%)]	Loss: 126.649646
====> Round 8: Epoch: 82 Average loss: 135.8638
Round number 8, Train Epoch: 83 [0/7803 (0%)]	Loss: 125.668176
====> Round 8: Epoch: 83 Average loss: 135.8562
Round number 8, Train Epoch: 84 [0/7803 (0%)]	Loss: 138.608984
====> Round 8: Epoch: 84 Average loss: 135.7098
Round number 8, Train Epoch: 85 [0/7803 (0%)]	Loss: 150.572961
====> Round 8: Epoch: 85 Average loss: 135.8383
Round number 8, Train Epoch: 86 [0/7803 (0%)]	Loss: 136.761255
====> Round 8: Epoch: 86 Average loss: 135.6639
Round number 8, Train Epoch: 87 [0/7803 (0%)]	Loss: 131.062354
====> Round 8: Epoch: 87 Average loss: 135.6951
Round number 8, Train Epoch: 88 [0/7803 (0%)]	Loss: 148.679517
====> Round 8: Epoch: 88 Average loss: 135.4822
Round number 8, Train Epoch: 89 [0/7803 (0%)]	Loss: 135.837036
====> Round 8: Epoch: 89 Average loss: 135.6574
Round number 8, Train Epoch: 90 [0/7803 (0%)]	Loss: 127.821582
====> Round 8: Epoch: 90 Average loss: 135.5930
Round number 8, Train Epoch: 91 [0/7803 (0%)]	Loss: 130.192358
====> Round 8: Epoch: 91 Average loss: 135.4965
Round number 8, Train Epoch: 92 [0/7803 (0%)]	Loss: 126.852075
====> Round 8: Epoch: 92 Average loss: 135.3684
Round number 8, Train Epoch: 93 [0/7803 (0%)]	Loss: 117.844873
====> Round 8: Epoch: 93 Average loss: 135.3053
Round number 8, Train Epoch: 94 [0/7803 (0%)]	Loss: 120.787085
====> Round 8: Epoch: 94 Average loss: 135.4511
Round number 8, Train Epoch: 95 [0/7803 (0%)]	Loss: 123.462183
====> Round 8: Epoch: 95 Average loss: 135.4391
Round number 8, Train Epoch: 96 [0/7803 (0%)]	Loss: 122.407813
====> Round 8: Epoch: 96 Average loss: 135.2582
Round number 8, Train Epoch: 97 [0/7803 (0%)]	Loss: 127.999402
====> Round 8: Epoch: 97 Average loss: 135.2320
Round number 8, Train Epoch: 98 [0/7803 (0%)]	Loss: 137.742664
====> Round 8: Epoch: 98 Average loss: 135.2939
Round number 8, Train Epoch: 99 [0/7803 (0%)]	Loss: 132.891504
====> Round 8: Epoch: 99 Average loss: 135.1777
Round number 8, Train Epoch: 100 [0/7803 (0%)]	Loss: 125.061719
====> Round 8: Epoch: 100 Average loss: 135.2312
Round number 8, Train Epoch: 101 [0/7803 (0%)]	Loss: 120.665698
====> Round 8: Epoch: 101 Average loss: 135.0711
Round number 8, Train Epoch: 102 [0/7803 (0%)]	Loss: 129.869653
====> Round 8: Epoch: 102 Average loss: 135.0529
Round number 8, Train Epoch: 103 [0/7803 (0%)]	Loss: 127.984058
====> Round 8: Epoch: 103 Average loss: 135.1108
Round number 8, Train Epoch: 104 [0/7803 (0%)]	Loss: 120.523975
====> Round 8: Epoch: 104 Average loss: 134.9813
Round number 8, Train Epoch: 105 [0/7803 (0%)]	Loss: 146.785266
====> Round 8: Epoch: 105 Average loss: 135.0258
Round number 8, Train Epoch: 106 [0/7803 (0%)]	Loss: 136.179663
====> Round 8: Epoch: 106 Average loss: 134.8729
Round number 8, Train Epoch: 107 [0/7803 (0%)]	Loss: 137.117139
====> Round 8: Epoch: 107 Average loss: 134.9265
Round number 8, Train Epoch: 108 [0/7803 (0%)]	Loss: 134.918213
====> Round 8: Epoch: 108 Average loss: 134.8343
Round number 8, Train Epoch: 109 [0/7803 (0%)]	Loss: 136.037646
====> Round 8: Epoch: 109 Average loss: 134.8490
Round number 8, Train Epoch: 110 [0/7803 (0%)]	Loss: 118.490991
====> Round 8: Epoch: 110 Average loss: 134.9354
Round number 8, Train Epoch: 111 [0/7803 (0%)]	Loss: 121.712598
====> Round 8: Epoch: 111 Average loss: 134.6926
Round number 8, Train Epoch: 112 [0/7803 (0%)]	Loss: 147.605664
====> Round 8: Epoch: 112 Average loss: 134.7736
Round number 8, Train Epoch: 113 [0/7803 (0%)]	Loss: 119.984106
====> Round 8: Epoch: 113 Average loss: 134.7689
Round number 8, Train Epoch: 114 [0/7803 (0%)]	Loss: 123.666870
====> Round 8: Epoch: 114 Average loss: 134.7882
Round number 8, Train Epoch: 115 [0/7803 (0%)]	Loss: 133.942957
====> Round 8: Epoch: 115 Average loss: 134.6599
Round number 8, Train Epoch: 116 [0/7803 (0%)]	Loss: 133.684253
====> Round 8: Epoch: 116 Average loss: 134.6168
Round number 8, Train Epoch: 117 [0/7803 (0%)]	Loss: 144.413525
====> Round 8: Epoch: 117 Average loss: 134.5638
Round number 8, Train Epoch: 118 [0/7803 (0%)]	Loss: 120.617529
====> Round 8: Epoch: 118 Average loss: 134.5389
Round number 8, Train Epoch: 119 [0/7803 (0%)]	Loss: 135.149060
====> Round 8: Epoch: 119 Average loss: 134.5582
Round number 8, Train Epoch: 120 [0/7803 (0%)]	Loss: 142.938562
====> Round 8: Epoch: 120 Average loss: 134.4798
Round number 8, Train Epoch: 121 [0/7803 (0%)]	Loss: 137.114819
====> Round 8: Epoch: 121 Average loss: 134.4591
Round number 8, Train Epoch: 122 [0/7803 (0%)]	Loss: 128.125781
====> Round 8: Epoch: 122 Average loss: 134.4599
Round number 8, Train Epoch: 123 [0/7803 (0%)]	Loss: 147.526782
====> Round 8: Epoch: 123 Average loss: 134.3954
Round number 8, Train Epoch: 124 [0/7803 (0%)]	Loss: 133.788110
====> Round 8: Epoch: 124 Average loss: 134.3299
Round number 8, Train Epoch: 125 [0/7803 (0%)]	Loss: 138.436670
====> Round 8: Epoch: 125 Average loss: 134.1774
Round number 8, Train Epoch: 126 [0/7803 (0%)]	Loss: 128.771558
====> Round 8: Epoch: 126 Average loss: 134.2195
Round number 8, Train Epoch: 127 [0/7803 (0%)]	Loss: 125.121191
====> Round 8: Epoch: 127 Average loss: 134.2142
Round number 8, Train Epoch: 128 [0/7803 (0%)]	Loss: 130.216199
====> Round 8: Epoch: 128 Average loss: 134.2260
Round number 8, Train Epoch: 129 [0/7803 (0%)]	Loss: 127.701062
====> Round 8: Epoch: 129 Average loss: 134.2227
Round number 8, Train Epoch: 130 [0/7803 (0%)]	Loss: 140.730005
====> Round 8: Epoch: 130 Average loss: 134.1676
Round number 8, Train Epoch: 131 [0/7803 (0%)]	Loss: 152.394141
====> Round 8: Epoch: 131 Average loss: 134.1062
Round number 8, Train Epoch: 132 [0/7803 (0%)]	Loss: 147.281653
====> Round 8: Epoch: 132 Average loss: 134.0799
Round number 8, Train Epoch: 133 [0/7803 (0%)]	Loss: 122.961060
====> Round 8: Epoch: 133 Average loss: 134.1753
Round number 8, Train Epoch: 134 [0/7803 (0%)]	Loss: 125.971924
====> Round 8: Epoch: 134 Average loss: 134.0220
Round number 8, Train Epoch: 135 [0/7803 (0%)]	Loss: 113.937268
====> Round 8: Epoch: 135 Average loss: 134.0102
Round number 8, Train Epoch: 136 [0/7803 (0%)]	Loss: 133.453125
====> Round 8: Epoch: 136 Average loss: 134.0247
Round number 8, Train Epoch: 137 [0/7803 (0%)]	Loss: 157.126477
====> Round 8: Epoch: 137 Average loss: 133.9833
Round number 8, Train Epoch: 138 [0/7803 (0%)]	Loss: 122.292505
====> Round 8: Epoch: 138 Average loss: 133.7920
Round number 8, Train Epoch: 139 [0/7803 (0%)]	Loss: 153.603540
====> Round 8: Epoch: 139 Average loss: 133.7715
Round number 8, Train Epoch: 140 [0/7803 (0%)]	Loss: 117.542285
====> Round 8: Epoch: 140 Average loss: 133.7949
Round number 8, Train Epoch: 141 [0/7803 (0%)]	Loss: 140.198352
====> Round 8: Epoch: 141 Average loss: 133.7823
Round number 8, Train Epoch: 142 [0/7803 (0%)]	Loss: 120.598877
====> Round 8: Epoch: 142 Average loss: 133.7457
Round number 8, Train Epoch: 143 [0/7803 (0%)]	Loss: 134.287866
====> Round 8: Epoch: 143 Average loss: 133.8802
Round number 8, Train Epoch: 144 [0/7803 (0%)]	Loss: 107.436914
====> Round 8: Epoch: 144 Average loss: 133.7774
Round number 8, Train Epoch: 145 [0/7803 (0%)]	Loss: 128.243335
====> Round 8: Epoch: 145 Average loss: 133.6655
Round number 8, Train Epoch: 146 [0/7803 (0%)]	Loss: 126.647241
====> Round 8: Epoch: 146 Average loss: 133.5258
Round number 8, Train Epoch: 147 [0/7803 (0%)]	Loss: 125.206860
====> Round 8: Epoch: 147 Average loss: 133.4806
Round number 8, Train Epoch: 148 [0/7803 (0%)]	Loss: 132.269873
====> Round 8: Epoch: 148 Average loss: 133.5603
Round number 8, Train Epoch: 149 [0/7803 (0%)]	Loss: 151.740906
====> Round 8: Epoch: 149 Average loss: 133.6441
Round number 8, Train Epoch: 150 [0/7803 (0%)]	Loss: 141.058008
====> Round 8: Epoch: 150 Average loss: 133.4373
Round number 8, Train Epoch: 151 [0/7803 (0%)]	Loss: 128.411841
====> Round 8: Epoch: 151 Average loss: 133.5947
Round number 8, Train Epoch: 152 [0/7803 (0%)]	Loss: 120.922046
====> Round 8: Epoch: 152 Average loss: 133.3360
Round number 8, Train Epoch: 153 [0/7803 (0%)]	Loss: 123.243701
====> Round 8: Epoch: 153 Average loss: 133.3800
Round number 8, Train Epoch: 154 [0/7803 (0%)]	Loss: 132.098535
====> Round 8: Epoch: 154 Average loss: 133.3242
Round number 8, Train Epoch: 155 [0/7803 (0%)]	Loss: 135.291650
====> Round 8: Epoch: 155 Average loss: 133.3316
Round number 8, Train Epoch: 156 [0/7803 (0%)]	Loss: 136.867358
====> Round 8: Epoch: 156 Average loss: 133.2471
Round number 8, Train Epoch: 157 [0/7803 (0%)]	Loss: 143.027197
====> Round 8: Epoch: 157 Average loss: 133.3319
Round number 8, Train Epoch: 158 [0/7803 (0%)]	Loss: 148.081067
====> Round 8: Epoch: 158 Average loss: 133.2285
Round number 8, Train Epoch: 159 [0/7803 (0%)]	Loss: 119.707617
====> Round 8: Epoch: 159 Average loss: 133.2277
Round number 8, Train Epoch: 160 [0/7803 (0%)]	Loss: 121.961133
====> Round 8: Epoch: 160 Average loss: 133.1003
Round number 8, Train Epoch: 161 [0/7803 (0%)]	Loss: 133.631995
====> Round 8: Epoch: 161 Average loss: 133.1563
Round number 8, Train Epoch: 162 [0/7803 (0%)]	Loss: 145.075793
====> Round 8: Epoch: 162 Average loss: 133.1103
Round number 8, Train Epoch: 163 [0/7803 (0%)]	Loss: 119.252441
====> Round 8: Epoch: 163 Average loss: 132.8834
Round number 8, Train Epoch: 164 [0/7803 (0%)]	Loss: 143.957068
====> Round 8: Epoch: 164 Average loss: 133.0432
Round number 8, Train Epoch: 165 [0/7803 (0%)]	Loss: 127.733276
====> Round 8: Epoch: 165 Average loss: 132.8793
Round number 8, Train Epoch: 166 [0/7803 (0%)]	Loss: 119.563477
====> Round 8: Epoch: 166 Average loss: 132.9919
Round number 8, Train Epoch: 167 [0/7803 (0%)]	Loss: 139.501160
====> Round 8: Epoch: 167 Average loss: 132.9296
Round number 8, Train Epoch: 168 [0/7803 (0%)]	Loss: 134.289673
====> Round 8: Epoch: 168 Average loss: 132.8458
Round number 8, Train Epoch: 169 [0/7803 (0%)]	Loss: 141.686450
====> Round 8: Epoch: 169 Average loss: 132.8487
Round number 8, Train Epoch: 170 [0/7803 (0%)]	Loss: 140.982556
====> Round 8: Epoch: 170 Average loss: 132.6775
Round number 8, Train Epoch: 171 [0/7803 (0%)]	Loss: 141.497681
====> Round 8: Epoch: 171 Average loss: 132.7993
Round number 8, Train Epoch: 172 [0/7803 (0%)]	Loss: 131.456873
====> Round 8: Epoch: 172 Average loss: 132.7529
Round number 8, Train Epoch: 173 [0/7803 (0%)]	Loss: 144.610291
====> Round 8: Epoch: 173 Average loss: 132.8182
Round number 8, Train Epoch: 174 [0/7803 (0%)]	Loss: 135.456055
====> Round 8: Epoch: 174 Average loss: 132.7223
Round number 8, Train Epoch: 175 [0/7803 (0%)]	Loss: 128.409827
====> Round 8: Epoch: 175 Average loss: 132.5765
Round number 8, Train Epoch: 176 [0/7803 (0%)]	Loss: 127.039258
====> Round 8: Epoch: 176 Average loss: 132.6002
Round number 8, Train Epoch: 177 [0/7803 (0%)]	Loss: 146.206055
====> Round 8: Epoch: 177 Average loss: 132.5138
Round number 8, Train Epoch: 178 [0/7803 (0%)]	Loss: 150.518701
====> Round 8: Epoch: 178 Average loss: 132.4609
Round number 8, Train Epoch: 179 [0/7803 (0%)]	Loss: 139.854370
====> Round 8: Epoch: 179 Average loss: 132.5157
Round number 8, Train Epoch: 180 [0/7803 (0%)]	Loss: 106.238000
====> Round 8: Epoch: 180 Average loss: 132.3546
Round number 8, Train Epoch: 181 [0/7803 (0%)]	Loss: 156.587488
====> Round 8: Epoch: 181 Average loss: 132.4171
Round number 8, Train Epoch: 182 [0/7803 (0%)]	Loss: 140.361060
====> Round 8: Epoch: 182 Average loss: 132.4060
Round number 8, Train Epoch: 183 [0/7803 (0%)]	Loss: 133.070911
====> Round 8: Epoch: 183 Average loss: 132.3709
Round number 8, Train Epoch: 184 [0/7803 (0%)]	Loss: 128.928320
====> Round 8: Epoch: 184 Average loss: 132.3713
Round number 8, Train Epoch: 185 [0/7803 (0%)]	Loss: 140.477856
====> Round 8: Epoch: 185 Average loss: 132.2994
Round number 8, Train Epoch: 186 [0/7803 (0%)]	Loss: 101.793365
====> Round 8: Epoch: 186 Average loss: 132.3989
Round number 8, Train Epoch: 187 [0/7803 (0%)]	Loss: 112.549316
====> Round 8: Epoch: 187 Average loss: 132.2605
Round number 8, Train Epoch: 188 [0/7803 (0%)]	Loss: 125.279077
====> Round 8: Epoch: 188 Average loss: 132.1503
Round number 8, Train Epoch: 189 [0/7803 (0%)]	Loss: 119.398792
====> Round 8: Epoch: 189 Average loss: 132.2013
Round number 8, Train Epoch: 190 [0/7803 (0%)]	Loss: 134.275720
====> Round 8: Epoch: 190 Average loss: 132.1933
Round number 8, Train Epoch: 191 [0/7803 (0%)]	Loss: 139.491797
====> Round 8: Epoch: 191 Average loss: 132.2217
Round number 8, Train Epoch: 192 [0/7803 (0%)]	Loss: 146.068555
====> Round 8: Epoch: 192 Average loss: 132.0416
Round number 8, Train Epoch: 193 [0/7803 (0%)]	Loss: 133.997778
====> Round 8: Epoch: 193 Average loss: 132.0825
Round number 8, Train Epoch: 194 [0/7803 (0%)]	Loss: 154.547119
====> Round 8: Epoch: 194 Average loss: 132.0406
Round number 8, Train Epoch: 195 [0/7803 (0%)]	Loss: 132.964709
====> Round 8: Epoch: 195 Average loss: 132.0495
Round number 8, Train Epoch: 196 [0/7803 (0%)]	Loss: 149.916187
====> Round 8: Epoch: 196 Average loss: 132.0326
Round number 8, Train Epoch: 197 [0/7803 (0%)]	Loss: 144.171545
====> Round 8: Epoch: 197 Average loss: 131.9966
Round number 8, Train Epoch: 198 [0/7803 (0%)]	Loss: 158.731665
====> Round 8: Epoch: 198 Average loss: 131.9375
Round number 8, Train Epoch: 199 [0/7803 (0%)]	Loss: 128.042871
====> Round 8: Epoch: 199 Average loss: 131.8323
Round number 8, Train Epoch: 200 [0/7803 (0%)]	Loss: 116.707910
====> Round 8: Epoch: 200 Average loss: 131.8229
Round number 8, Train Epoch: 201 [0/7803 (0%)]	Loss: 110.560474
====> Round 8: Epoch: 201 Average loss: 131.8573
Round number 8, Train Epoch: 202 [0/7803 (0%)]	Loss: 115.529089
====> Round 8: Epoch: 202 Average loss: 131.6955
Round number 8, Train Epoch: 203 [0/7803 (0%)]	Loss: 133.452563
====> Round 8: Epoch: 203 Average loss: 131.7091
Round number 8, Train Epoch: 204 [0/7803 (0%)]	Loss: 119.558557
====> Round 8: Epoch: 204 Average loss: 131.6096
Round number 8, Train Epoch: 205 [0/7803 (0%)]	Loss: 151.530798
====> Round 8: Epoch: 205 Average loss: 131.6317
Round number 8, Train Epoch: 206 [0/7803 (0%)]	Loss: 122.438940
====> Round 8: Epoch: 206 Average loss: 131.7118
Round number 8, Train Epoch: 207 [0/7803 (0%)]	Loss: 110.598840
====> Round 8: Epoch: 207 Average loss: 131.5651
Round number 8, Train Epoch: 208 [0/7803 (0%)]	Loss: 117.049805
====> Round 8: Epoch: 208 Average loss: 131.5042
Round number 8, Train Epoch: 209 [0/7803 (0%)]	Loss: 120.781445
====> Round 8: Epoch: 209 Average loss: 131.4612
Round number 8, Train Epoch: 210 [0/7803 (0%)]	Loss: 136.922168
====> Round 8: Epoch: 210 Average loss: 131.5466
Round number 8, Train Epoch: 211 [0/7803 (0%)]	Loss: 103.024902
====> Round 8: Epoch: 211 Average loss: 131.5235
Round number 8, Train Epoch: 212 [0/7803 (0%)]	Loss: 121.418335
====> Round 8: Epoch: 212 Average loss: 131.4185
Round number 8, Train Epoch: 213 [0/7803 (0%)]	Loss: 157.565552
====> Round 8: Epoch: 213 Average loss: 131.4381
Round number 8, Train Epoch: 214 [0/7803 (0%)]	Loss: 118.377759
====> Round 8: Epoch: 214 Average loss: 131.3798
Round number 8, Train Epoch: 215 [0/7803 (0%)]	Loss: 120.847449
====> Round 8: Epoch: 215 Average loss: 131.4247
Round number 8, Train Epoch: 216 [0/7803 (0%)]	Loss: 136.664539
====> Round 8: Epoch: 216 Average loss: 131.4476
Round number 8, Train Epoch: 217 [0/7803 (0%)]	Loss: 110.642725
====> Round 8: Epoch: 217 Average loss: 131.2433
Round number 8, Train Epoch: 218 [0/7803 (0%)]	Loss: 127.199426
====> Round 8: Epoch: 218 Average loss: 131.3080
Round number 8, Train Epoch: 219 [0/7803 (0%)]	Loss: 116.677429
====> Round 8: Epoch: 219 Average loss: 131.2106
Round number 8, Train Epoch: 220 [0/7803 (0%)]	Loss: 153.880591
====> Round 8: Epoch: 220 Average loss: 131.2692
Round number 8, Train Epoch: 221 [0/7803 (0%)]	Loss: 131.431055
====> Round 8: Epoch: 221 Average loss: 131.0844
Round number 8, Train Epoch: 222 [0/7803 (0%)]	Loss: 155.149475
====> Round 8: Epoch: 222 Average loss: 131.1914
Round number 8, Train Epoch: 223 [0/7803 (0%)]	Loss: 124.509375
====> Round 8: Epoch: 223 Average loss: 131.0310
Round number 8, Train Epoch: 224 [0/7803 (0%)]	Loss: 109.099365
====> Round 8: Epoch: 224 Average loss: 131.0668
Round number 8, Train Epoch: 225 [0/7803 (0%)]	Loss: 127.714917
====> Round 8: Epoch: 225 Average loss: 131.0057
Round number 8, Train Epoch: 226 [0/7803 (0%)]	Loss: 143.904443
====> Round 8: Epoch: 226 Average loss: 131.0059
Round number 8, Train Epoch: 227 [0/7803 (0%)]	Loss: 150.002441
====> Round 8: Epoch: 227 Average loss: 131.0873
Round number 8, Train Epoch: 228 [0/7803 (0%)]	Loss: 135.128796
====> Round 8: Epoch: 228 Average loss: 130.9745
Round number 8, Train Epoch: 229 [0/7803 (0%)]	Loss: 116.332959
====> Round 8: Epoch: 229 Average loss: 130.8277
Round number 8, Train Epoch: 230 [0/7803 (0%)]	Loss: 145.840112
====> Round 8: Epoch: 230 Average loss: 130.8973
Round number 8, Train Epoch: 231 [0/7803 (0%)]	Loss: 138.167554
====> Round 8: Epoch: 231 Average loss: 130.9188
Round number 8, Train Epoch: 232 [0/7803 (0%)]	Loss: 140.184814
====> Round 8: Epoch: 232 Average loss: 130.8192
Round number 8, Train Epoch: 233 [0/7803 (0%)]	Loss: 139.454614
====> Round 8: Epoch: 233 Average loss: 130.7838
Round number 8, Train Epoch: 234 [0/7803 (0%)]	Loss: 129.624902
====> Round 8: Epoch: 234 Average loss: 130.7432
Round number 8, Train Epoch: 235 [0/7803 (0%)]	Loss: 144.964758
====> Round 8: Epoch: 235 Average loss: 130.7022
Round number 8, Train Epoch: 236 [0/7803 (0%)]	Loss: 125.707300
====> Round 8: Epoch: 236 Average loss: 130.7134
Round number 8, Train Epoch: 237 [0/7803 (0%)]	Loss: 112.073706
====> Round 8: Epoch: 237 Average loss: 130.6504
Round number 8, Train Epoch: 238 [0/7803 (0%)]	Loss: 130.709473
====> Round 8: Epoch: 238 Average loss: 130.7619
Round number 8, Train Epoch: 239 [0/7803 (0%)]	Loss: 104.651880
====> Round 8: Epoch: 239 Average loss: 130.5374
Round number 8, Train Epoch: 240 [0/7803 (0%)]	Loss: 136.013086
====> Round 8: Epoch: 240 Average loss: 130.4830
Round number 8, Train Epoch: 241 [0/7803 (0%)]	Loss: 113.421875
====> Round 8: Epoch: 241 Average loss: 130.5801
Round number 8, Train Epoch: 242 [0/7803 (0%)]	Loss: 141.319946
====> Round 8: Epoch: 242 Average loss: 130.5509
Round number 8, Train Epoch: 243 [0/7803 (0%)]	Loss: 151.696265
====> Round 8: Epoch: 243 Average loss: 130.4729
Round number 8, Train Epoch: 244 [0/7803 (0%)]	Loss: 105.160352
====> Round 8: Epoch: 244 Average loss: 130.4511
Round number 8, Train Epoch: 245 [0/7803 (0%)]	Loss: 119.110767
====> Round 8: Epoch: 245 Average loss: 130.4615
Round number 8, Train Epoch: 246 [0/7803 (0%)]	Loss: 134.246582
====> Round 8: Epoch: 246 Average loss: 130.3519
Round number 8, Train Epoch: 247 [0/7803 (0%)]	Loss: 138.407056
====> Round 8: Epoch: 247 Average loss: 130.4131
Round number 8, Train Epoch: 248 [0/7803 (0%)]	Loss: 109.346692
====> Round 8: Epoch: 248 Average loss: 130.2665
Round number 8, Train Epoch: 249 [0/7803 (0%)]	Loss: 130.470862
====> Round 8: Epoch: 249 Average loss: 130.3262
Round number 8, Train Epoch: 250 [0/7803 (0%)]	Loss: 121.947388
====> Round 8: Epoch: 250 Average loss: 130.1582
Round number 8, Train Epoch: 251 [0/7803 (0%)]	Loss: 135.254248
====> Round 8: Epoch: 251 Average loss: 130.1743
Round number 8, Train Epoch: 252 [0/7803 (0%)]	Loss: 138.870325
====> Round 8: Epoch: 252 Average loss: 130.0901
Round number 8, Train Epoch: 253 [0/7803 (0%)]	Loss: 132.142041
====> Round 8: Epoch: 253 Average loss: 130.1949
Round number 8, Train Epoch: 254 [0/7803 (0%)]	Loss: 119.514661
====> Round 8: Epoch: 254 Average loss: 130.2110
Round number 8, Train Epoch: 255 [0/7803 (0%)]	Loss: 144.043726
====> Round 8: Epoch: 255 Average loss: 130.1284
2020-04-25 11:24:25.790221
====> Round 8: Epoch 255: Test set loss: 121.8231
====> Round 8: Epoch 255: Test set loss: 122.0410
2020-04-25 11:24:44.691936
Training finished