INFO:root:Training on GPU
INFO:root:2020-04-27 18:26:41.236231
INFO:root:====> Epoch: 1 Average loss: 326.2525
INFO:root:====> Test set loss: 274.1083
INFO:root:====> Epoch: 2 Average loss: 271.5228
INFO:root:====> Epoch: 3 Average loss: 260.7493
INFO:root:====> Epoch: 4 Average loss: 256.9917
INFO:root:====> Epoch: 5 Average loss: 254.9053
INFO:root:====> Epoch: 6 Average loss: 253.4973
INFO:root:====> Epoch: 7 Average loss: 252.4877
INFO:root:====> Epoch: 8 Average loss: 251.5442
INFO:root:====> Epoch: 9 Average loss: 250.8708
INFO:root:====> Epoch: 10 Average loss: 250.3555
INFO:root:====> Epoch: 11 Average loss: 249.8808
INFO:root:====> Epoch: 12 Average loss: 249.5324
INFO:root:====> Epoch: 13 Average loss: 249.2634
INFO:root:====> Epoch: 14 Average loss: 248.9059
INFO:root:====> Epoch: 15 Average loss: 248.6433
INFO:root:====> Epoch: 16 Average loss: 248.4122
INFO:root:====> Epoch: 17 Average loss: 248.2517
INFO:root:====> Epoch: 18 Average loss: 248.0081
INFO:root:====> Epoch: 19 Average loss: 247.8087
INFO:root:====> Epoch: 20 Average loss: 247.7481
INFO:root:====> Epoch: 21 Average loss: 247.5259
INFO:root:====> Test set loss: 243.7351
INFO:root:====> Epoch: 22 Average loss: 247.3004
INFO:root:====> Epoch: 23 Average loss: 247.2528
INFO:root:====> Epoch: 24 Average loss: 247.0825
INFO:root:====> Epoch: 25 Average loss: 247.0113
INFO:root:====> Epoch: 26 Average loss: 246.8488
INFO:root:====> Epoch: 27 Average loss: 246.7181
INFO:root:====> Epoch: 28 Average loss: 246.6359
INFO:root:====> Epoch: 29 Average loss: 246.5842
INFO:root:====> Epoch: 30 Average loss: 246.4773
INFO:root:====> Epoch: 31 Average loss: 246.2939
INFO:root:====> Epoch: 32 Average loss: 246.2880
INFO:root:====> Epoch: 33 Average loss: 246.2246
INFO:root:====> Epoch: 34 Average loss: 246.0767
INFO:root:====> Epoch: 35 Average loss: 246.0370
INFO:root:====> Epoch: 36 Average loss: 245.9248
INFO:root:====> Epoch: 37 Average loss: 245.8630
INFO:root:====> Epoch: 38 Average loss: 245.7559
INFO:root:====> Epoch: 39 Average loss: 245.7237
INFO:root:====> Epoch: 40 Average loss: 245.6864
INFO:root:====> Epoch: 41 Average loss: 245.6160
INFO:root:====> Test set loss: 242.2580
INFO:root:====> Epoch: 42 Average loss: 245.5273
INFO:root:====> Epoch: 43 Average loss: 245.4578
INFO:root:====> Epoch: 44 Average loss: 245.4483
INFO:root:====> Epoch: 45 Average loss: 245.3274
INFO:root:====> Epoch: 46 Average loss: 245.2918
INFO:root:====> Epoch: 47 Average loss: 245.2439
INFO:root:====> Epoch: 48 Average loss: 245.1782
INFO:root:====> Epoch: 49 Average loss: 245.1820
INFO:root:====> Epoch: 50 Average loss: 245.1434
INFO:root:====> Epoch: 51 Average loss: 245.0533
INFO:root:====> Epoch: 52 Average loss: 245.0182
INFO:root:====> Epoch: 53 Average loss: 244.9795
INFO:root:====> Epoch: 54 Average loss: 244.9279
INFO:root:====> Epoch: 55 Average loss: 244.8732
INFO:root:====> Epoch: 56 Average loss: 244.8200
INFO:root:====> Epoch: 57 Average loss: 244.8021
INFO:root:====> Epoch: 58 Average loss: 244.7141
INFO:root:====> Epoch: 59 Average loss: 244.6979
INFO:root:====> Epoch: 60 Average loss: 244.6496
INFO:root:====> Epoch: 61 Average loss: 244.6940
INFO:root:====> Test set loss: 241.4498
INFO:root:====> Epoch: 62 Average loss: 244.6007
INFO:root:====> Epoch: 63 Average loss: 244.5419
INFO:root:====> Epoch: 64 Average loss: 244.5388
INFO:root:====> Epoch: 65 Average loss: 244.4790
INFO:root:====> Epoch: 66 Average loss: 244.4845
INFO:root:====> Epoch: 67 Average loss: 244.4138
INFO:root:====> Epoch: 68 Average loss: 244.3918
INFO:root:====> Epoch: 69 Average loss: 244.3466
INFO:root:====> Epoch: 70 Average loss: 244.3235
INFO:root:====> Epoch: 71 Average loss: 244.2797
INFO:root:====> Epoch: 72 Average loss: 244.3343
INFO:root:====> Epoch: 73 Average loss: 244.2583
INFO:root:====> Epoch: 74 Average loss: 244.2285
INFO:root:====> Epoch: 75 Average loss: 244.1703
INFO:root:====> Epoch: 76 Average loss: 244.1708
INFO:root:====> Epoch: 77 Average loss: 244.1396
INFO:root:====> Epoch: 78 Average loss: 244.1044
INFO:root:====> Epoch: 79 Average loss: 244.0897
INFO:root:====> Epoch: 80 Average loss: 244.0680
INFO:root:====> Epoch: 81 Average loss: 243.9976
INFO:root:====> Test set loss: 240.9317
INFO:root:====> Epoch: 82 Average loss: 243.9859
INFO:root:====> Epoch: 83 Average loss: 243.9687
INFO:root:====> Epoch: 84 Average loss: 243.9888
INFO:root:====> Epoch: 85 Average loss: 243.9401
INFO:root:====> Epoch: 86 Average loss: 243.8990
INFO:root:====> Epoch: 87 Average loss: 243.8471
INFO:root:====> Epoch: 88 Average loss: 243.8845
INFO:root:====> Epoch: 89 Average loss: 243.8040
INFO:root:====> Epoch: 90 Average loss: 243.8070
INFO:root:====> Epoch: 91 Average loss: 243.8129
INFO:root:====> Epoch: 92 Average loss: 243.7744
INFO:root:====> Epoch: 93 Average loss: 243.7906
INFO:root:====> Epoch: 94 Average loss: 243.7310
INFO:root:====> Epoch: 95 Average loss: 243.6815
INFO:root:====> Epoch: 96 Average loss: 243.6892
INFO:root:====> Epoch: 97 Average loss: 243.6405
INFO:root:====> Epoch: 98 Average loss: 243.6017
INFO:root:====> Epoch: 99 Average loss: 243.6323
INFO:root:====> Epoch: 100 Average loss: 243.5555
INFO:root:====> Epoch: 101 Average loss: 243.6129
INFO:root:====> Test set loss: 240.2982
INFO:root:====> Epoch: 102 Average loss: 243.5574
INFO:root:====> Epoch: 103 Average loss: 243.5315
INFO:root:====> Epoch: 104 Average loss: 243.5358
INFO:root:====> Epoch: 105 Average loss: 243.4791
INFO:root:====> Epoch: 106 Average loss: 243.5254
INFO:root:====> Epoch: 107 Average loss: 243.5021
INFO:root:====> Epoch: 108 Average loss: 243.4509
INFO:root:====> Epoch: 109 Average loss: 243.4102
INFO:root:====> Epoch: 110 Average loss: 243.4342
INFO:root:====> Epoch: 111 Average loss: 243.3839
INFO:root:====> Epoch: 112 Average loss: 243.3255
INFO:root:====> Epoch: 113 Average loss: 243.3509
INFO:root:====> Epoch: 114 Average loss: 243.3652
INFO:root:====> Epoch: 115 Average loss: 243.3616
INFO:root:====> Epoch: 116 Average loss: 243.2862
INFO:root:====> Epoch: 117 Average loss: 243.3089
INFO:root:====> Epoch: 118 Average loss: 243.2462
INFO:root:====> Epoch: 119 Average loss: 243.2587
INFO:root:====> Epoch: 120 Average loss: 243.2606
INFO:root:====> Epoch: 121 Average loss: 243.2094
INFO:root:====> Test set loss: 239.9968
INFO:root:====> Epoch: 122 Average loss: 243.1692
INFO:root:====> Epoch: 123 Average loss: 243.1637
INFO:root:====> Epoch: 124 Average loss: 243.2178
INFO:root:====> Epoch: 125 Average loss: 243.2305
INFO:root:====> Epoch: 126 Average loss: 243.1500
INFO:root:====> Epoch: 127 Average loss: 243.1658
INFO:root:====> Epoch: 128 Average loss: 243.1185
INFO:root:====> Epoch: 129 Average loss: 243.0845
INFO:root:====> Epoch: 130 Average loss: 243.0771
INFO:root:====> Epoch: 131 Average loss: 243.1467
INFO:root:====> Epoch: 132 Average loss: 243.0884
INFO:root:====> Epoch: 133 Average loss: 243.0347
INFO:root:====> Epoch: 134 Average loss: 243.0508
INFO:root:====> Epoch: 135 Average loss: 243.0350
INFO:root:====> Epoch: 136 Average loss: 242.9803
INFO:root:====> Epoch: 137 Average loss: 243.0078
INFO:root:====> Epoch: 138 Average loss: 242.9783
INFO:root:====> Epoch: 139 Average loss: 243.0131
INFO:root:====> Epoch: 140 Average loss: 242.9807
INFO:root:====> Epoch: 141 Average loss: 242.9734
INFO:root:====> Test set loss: 239.8511
INFO:root:2020-04-27 18:59:55.700454
INFO:root:training finished
