INFO:root:Training on GPU
INFO:root:2020-04-25 13:41:36.190262
INFO:root:====== About to train for 1 epochs in round 0 with learning rate 0.0001========
INFO:root:====> Round 0: Epoch: 0 Average loss: 384.0889
INFO:root:2020-04-25 13:41:48.759721
INFO:root:====> Round 0: Epoch 0: Test set loss: 293.7512
INFO:root:====== About to train for 2 epochs in round 1 with learning rate 7.5e-05========
INFO:root:====> Round 1: Epoch: 0 Average loss: 279.1229
INFO:root:====> Round 1: Epoch: 1 Average loss: 248.6654
INFO:root:2020-04-25 13:42:16.208167
INFO:root:====> Round 1: Epoch 1: Test set loss: 222.7829
INFO:root:====== About to train for 4 epochs in round 2 with learning rate 5.62e-05========
INFO:root:====> Round 2: Epoch: 0 Average loss: 233.7632
INFO:root:====> Round 2: Epoch: 1 Average loss: 226.3335
INFO:root:====> Round 2: Epoch: 2 Average loss: 221.4289
INFO:root:====> Round 2: Epoch: 3 Average loss: 216.2405
INFO:root:2020-04-25 13:43:08.093871
INFO:root:====> Round 2: Epoch 3: Test set loss: 193.5554
INFO:root:====== About to train for 8 epochs in round 3 with learning rate 4.22e-05========
INFO:root:====> Round 3: Epoch: 0 Average loss: 212.1817
INFO:root:====> Round 3: Epoch: 1 Average loss: 209.4345
INFO:root:====> Round 3: Epoch: 2 Average loss: 207.0157
INFO:root:====> Round 3: Epoch: 3 Average loss: 205.4398
INFO:root:====> Round 3: Epoch: 4 Average loss: 203.9851
INFO:root:====> Round 3: Epoch: 5 Average loss: 203.0091
INFO:root:====> Round 3: Epoch: 6 Average loss: 201.4780
INFO:root:====> Round 3: Epoch: 7 Average loss: 200.0903
INFO:root:2020-04-25 13:44:48.558924
INFO:root:====> Round 3: Epoch 7: Test set loss: 176.9715
INFO:root:====== About to train for 16 epochs in round 4 with learning rate 3.16e-05========
INFO:root:====> Round 4: Epoch: 0 Average loss: 198.6750
INFO:root:====> Round 4: Epoch: 1 Average loss: 197.6019
INFO:root:====> Round 4: Epoch: 2 Average loss: 196.5612
INFO:root:====> Round 4: Epoch: 3 Average loss: 195.5131
INFO:root:====> Round 4: Epoch: 4 Average loss: 194.5064
INFO:root:====> Round 4: Epoch: 5 Average loss: 193.6127
INFO:root:====> Round 4: Epoch: 6 Average loss: 192.2742
INFO:root:====> Round 4: Epoch: 7 Average loss: 191.3185
INFO:root:====> Round 4: Epoch: 8 Average loss: 190.6159
INFO:root:====> Round 4: Epoch: 9 Average loss: 189.5300
INFO:root:====> Round 4: Epoch: 10 Average loss: 188.8224
INFO:root:====> Round 4: Epoch: 11 Average loss: 188.0391
INFO:root:====> Round 4: Epoch: 12 Average loss: 187.4309
INFO:root:====> Round 4: Epoch: 13 Average loss: 186.4180
INFO:root:====> Round 4: Epoch: 14 Average loss: 185.9494
INFO:root:====> Round 4: Epoch: 15 Average loss: 185.4355
INFO:root:2020-04-25 13:48:00.131046
INFO:root:====> Round 4: Epoch 15: Test set loss: 161.6958
INFO:root:====== About to train for 32 epochs in round 5 with learning rate 2.37e-05========
INFO:root:====> Round 5: Epoch: 0 Average loss: 184.6670
INFO:root:====> Round 5: Epoch: 1 Average loss: 184.2021
INFO:root:====> Round 5: Epoch: 2 Average loss: 183.5453
INFO:root:====> Round 5: Epoch: 3 Average loss: 183.2407
INFO:root:====> Round 5: Epoch: 4 Average loss: 182.5016
INFO:root:====> Round 5: Epoch: 5 Average loss: 182.0926
INFO:root:====> Round 5: Epoch: 6 Average loss: 181.8481
INFO:root:====> Round 5: Epoch: 7 Average loss: 181.3035
INFO:root:====> Round 5: Epoch: 8 Average loss: 181.0401
INFO:root:====> Round 5: Epoch: 9 Average loss: 180.3927
INFO:root:====> Round 5: Epoch: 10 Average loss: 179.8142
INFO:root:====> Round 5: Epoch: 11 Average loss: 179.4149
INFO:root:====> Round 5: Epoch: 12 Average loss: 179.1531
INFO:root:====> Round 5: Epoch: 13 Average loss: 178.3526
INFO:root:====> Round 5: Epoch: 14 Average loss: 178.1500
INFO:root:====> Round 5: Epoch: 15 Average loss: 177.8113
INFO:root:====> Round 5: Epoch: 16 Average loss: 177.4175
INFO:root:====> Round 5: Epoch: 17 Average loss: 177.0563
INFO:root:====> Round 5: Epoch: 18 Average loss: 176.4541
INFO:root:====> Round 5: Epoch: 19 Average loss: 176.1802
INFO:root:====> Round 5: Epoch: 20 Average loss: 175.9227
INFO:root:====> Round 5: Epoch: 21 Average loss: 175.6616
INFO:root:====> Round 5: Epoch: 22 Average loss: 175.3336
INFO:root:====> Round 5: Epoch: 23 Average loss: 174.9102
INFO:root:====> Round 5: Epoch: 24 Average loss: 174.6696
INFO:root:====> Round 5: Epoch: 25 Average loss: 174.2877
INFO:root:====> Round 5: Epoch: 26 Average loss: 173.7788
INFO:root:====> Round 5: Epoch: 27 Average loss: 173.5329
INFO:root:====> Round 5: Epoch: 28 Average loss: 173.0638
INFO:root:====> Round 5: Epoch: 29 Average loss: 172.7802
INFO:root:====> Round 5: Epoch: 30 Average loss: 172.5779
INFO:root:====> Round 5: Epoch: 31 Average loss: 172.2232
INFO:root:2020-04-25 13:54:19.819079
INFO:root:====> Round 5: Epoch 31: Test set loss: 149.4464
INFO:root:====== About to train for 64 epochs in round 6 with learning rate 1.78e-05========
INFO:root:====> Round 6: Epoch: 0 Average loss: 171.7311
INFO:root:====> Round 6: Epoch: 1 Average loss: 171.5003
INFO:root:====> Round 6: Epoch: 2 Average loss: 170.9983
INFO:root:====> Round 6: Epoch: 3 Average loss: 170.9985
INFO:root:====> Round 6: Epoch: 4 Average loss: 170.8276
INFO:root:====> Round 6: Epoch: 5 Average loss: 170.7237
INFO:root:====> Round 6: Epoch: 6 Average loss: 170.4041
INFO:root:====> Round 6: Epoch: 7 Average loss: 169.9235
INFO:root:====> Round 6: Epoch: 8 Average loss: 170.1198
INFO:root:====> Round 6: Epoch: 9 Average loss: 169.6390
INFO:root:====> Round 6: Epoch: 10 Average loss: 169.3344
INFO:root:====> Round 6: Epoch: 11 Average loss: 169.5535
INFO:root:====> Round 6: Epoch: 12 Average loss: 169.0959
INFO:root:====> Round 6: Epoch: 13 Average loss: 168.6822
INFO:root:====> Round 6: Epoch: 14 Average loss: 168.6727
INFO:root:====> Round 6: Epoch: 15 Average loss: 168.4390
INFO:root:====> Round 6: Epoch: 16 Average loss: 168.0468
INFO:root:====> Round 6: Epoch: 17 Average loss: 167.9784
INFO:root:====> Round 6: Epoch: 18 Average loss: 167.7864
INFO:root:====> Round 6: Epoch: 19 Average loss: 167.4098
INFO:root:====> Round 6: Epoch: 20 Average loss: 166.9949
INFO:root:====> Round 6: Epoch: 21 Average loss: 167.1108
INFO:root:====> Round 6: Epoch: 22 Average loss: 166.7363
INFO:root:====> Round 6: Epoch: 23 Average loss: 166.5294
INFO:root:====> Round 6: Epoch: 24 Average loss: 166.4950
INFO:root:====> Round 6: Epoch: 25 Average loss: 166.3103
INFO:root:====> Round 6: Epoch: 26 Average loss: 165.8500
INFO:root:====> Round 6: Epoch: 27 Average loss: 165.7605
INFO:root:====> Round 6: Epoch: 28 Average loss: 165.6209
INFO:root:====> Round 6: Epoch: 29 Average loss: 165.4800
INFO:root:====> Round 6: Epoch: 30 Average loss: 165.0831
INFO:root:====> Round 6: Epoch: 31 Average loss: 165.0970
INFO:root:====> Round 6: Epoch: 32 Average loss: 164.7434
INFO:root:====> Round 6: Epoch: 33 Average loss: 164.5138
INFO:root:====> Round 6: Epoch: 34 Average loss: 164.5304
INFO:root:====> Round 6: Epoch: 35 Average loss: 164.3579
INFO:root:====> Round 6: Epoch: 36 Average loss: 164.1739
INFO:root:====> Round 6: Epoch: 37 Average loss: 163.8134
INFO:root:====> Round 6: Epoch: 38 Average loss: 163.7075
INFO:root:====> Round 6: Epoch: 39 Average loss: 163.5593
INFO:root:====> Round 6: Epoch: 40 Average loss: 163.2677
INFO:root:====> Round 6: Epoch: 41 Average loss: 163.0995
INFO:root:====> Round 6: Epoch: 42 Average loss: 162.9242
INFO:root:====> Round 6: Epoch: 43 Average loss: 162.8203
INFO:root:====> Round 6: Epoch: 44 Average loss: 162.7251
INFO:root:====> Round 6: Epoch: 45 Average loss: 162.5711
INFO:root:====> Round 6: Epoch: 46 Average loss: 162.2698
INFO:root:====> Round 6: Epoch: 47 Average loss: 162.0587
INFO:root:====> Round 6: Epoch: 48 Average loss: 161.9746
INFO:root:====> Round 6: Epoch: 49 Average loss: 161.6758
INFO:root:====> Round 6: Epoch: 50 Average loss: 161.6726
INFO:root:====> Round 6: Epoch: 51 Average loss: 161.4437
INFO:root:====> Round 6: Epoch: 52 Average loss: 161.1025
INFO:root:====> Round 6: Epoch: 53 Average loss: 161.1159
INFO:root:====> Round 6: Epoch: 54 Average loss: 160.8194
INFO:root:====> Round 6: Epoch: 55 Average loss: 160.3683
INFO:root:====> Round 6: Epoch: 56 Average loss: 160.4232
INFO:root:====> Round 6: Epoch: 57 Average loss: 160.1888
INFO:root:====> Round 6: Epoch: 58 Average loss: 160.0740
INFO:root:====> Round 6: Epoch: 59 Average loss: 160.1040
INFO:root:====> Round 6: Epoch: 60 Average loss: 159.7443
INFO:root:====> Round 6: Epoch: 61 Average loss: 159.5736
INFO:root:====> Round 6: Epoch: 62 Average loss: 159.5050
INFO:root:====> Round 6: Epoch: 63 Average loss: 159.2332
INFO:root:2020-04-25 14:07:01.783868
INFO:root:====> Round 6: Epoch 63: Test set loss: 139.0972
INFO:root:====== About to train for 128 epochs in round 7 with learning rate 1.33e-05========
INFO:root:====> Round 7: Epoch: 0 Average loss: 158.7201
INFO:root:====> Round 7: Epoch: 1 Average loss: 158.8139
INFO:root:====> Round 7: Epoch: 2 Average loss: 158.4975
INFO:root:====> Round 7: Epoch: 3 Average loss: 158.4361
INFO:root:====> Round 7: Epoch: 4 Average loss: 158.0984
INFO:root:====> Round 7: Epoch: 5 Average loss: 158.1482
INFO:root:====> Round 7: Epoch: 6 Average loss: 158.1176
INFO:root:====> Round 7: Epoch: 7 Average loss: 157.9685
INFO:root:====> Round 7: Epoch: 8 Average loss: 157.6777
INFO:root:====> Round 7: Epoch: 9 Average loss: 157.6136
INFO:root:====> Round 7: Epoch: 10 Average loss: 157.5479
INFO:root:====> Round 7: Epoch: 11 Average loss: 157.1237
INFO:root:====> Round 7: Epoch: 12 Average loss: 157.2964
INFO:root:====> Round 7: Epoch: 13 Average loss: 157.0211
INFO:root:====> Round 7: Epoch: 14 Average loss: 156.8332
INFO:root:====> Round 7: Epoch: 15 Average loss: 156.8442
INFO:root:====> Round 7: Epoch: 16 Average loss: 156.7461
INFO:root:====> Round 7: Epoch: 17 Average loss: 156.4514
INFO:root:====> Round 7: Epoch: 18 Average loss: 156.3576
INFO:root:====> Round 7: Epoch: 19 Average loss: 156.1304
INFO:root:====> Round 7: Epoch: 20 Average loss: 156.1430
INFO:root:====> Round 7: Epoch: 21 Average loss: 155.9873
INFO:root:====> Round 7: Epoch: 22 Average loss: 155.9061
INFO:root:====> Round 7: Epoch: 23 Average loss: 155.6815
INFO:root:====> Round 7: Epoch: 24 Average loss: 155.5995
INFO:root:====> Round 7: Epoch: 25 Average loss: 155.3659
INFO:root:====> Round 7: Epoch: 26 Average loss: 155.2096
INFO:root:====> Round 7: Epoch: 27 Average loss: 155.1259
INFO:root:====> Round 7: Epoch: 28 Average loss: 155.0327
INFO:root:====> Round 7: Epoch: 29 Average loss: 154.8264
INFO:root:====> Round 7: Epoch: 30 Average loss: 154.6437
INFO:root:====> Round 7: Epoch: 31 Average loss: 154.5202
INFO:root:====> Round 7: Epoch: 32 Average loss: 154.5774
INFO:root:====> Round 7: Epoch: 33 Average loss: 154.3511
INFO:root:====> Round 7: Epoch: 34 Average loss: 154.2265
INFO:root:====> Round 7: Epoch: 35 Average loss: 154.0946
INFO:root:====> Round 7: Epoch: 36 Average loss: 153.9434
INFO:root:====> Round 7: Epoch: 37 Average loss: 153.8189
INFO:root:====> Round 7: Epoch: 38 Average loss: 153.5122
INFO:root:====> Round 7: Epoch: 39 Average loss: 153.6980
INFO:root:====> Round 7: Epoch: 40 Average loss: 153.3091
INFO:root:====> Round 7: Epoch: 41 Average loss: 153.3038
INFO:root:====> Round 7: Epoch: 42 Average loss: 153.0236
INFO:root:====> Round 7: Epoch: 43 Average loss: 153.0129
INFO:root:====> Round 7: Epoch: 44 Average loss: 152.7335
INFO:root:====> Round 7: Epoch: 45 Average loss: 152.5832
INFO:root:====> Round 7: Epoch: 46 Average loss: 152.5754
INFO:root:====> Round 7: Epoch: 47 Average loss: 152.4640
INFO:root:====> Round 7: Epoch: 48 Average loss: 152.4569
INFO:root:====> Round 7: Epoch: 49 Average loss: 152.2862
INFO:root:====> Round 7: Epoch: 50 Average loss: 151.9539
INFO:root:====> Round 7: Epoch: 51 Average loss: 151.9124
INFO:root:====> Round 7: Epoch: 52 Average loss: 151.7693
INFO:root:====> Round 7: Epoch: 53 Average loss: 151.7071
INFO:root:====> Round 7: Epoch: 54 Average loss: 151.2763
INFO:root:====> Round 7: Epoch: 55 Average loss: 151.3328
INFO:root:====> Round 7: Epoch: 56 Average loss: 151.3433
INFO:root:====> Round 7: Epoch: 57 Average loss: 151.1532
INFO:root:====> Round 7: Epoch: 58 Average loss: 150.8772
INFO:root:====> Round 7: Epoch: 59 Average loss: 150.8849
INFO:root:====> Round 7: Epoch: 60 Average loss: 150.6840
INFO:root:====> Round 7: Epoch: 61 Average loss: 150.6024
INFO:root:====> Round 7: Epoch: 62 Average loss: 150.4956
INFO:root:====> Round 7: Epoch: 63 Average loss: 150.4393
INFO:root:====> Round 7: Epoch: 64 Average loss: 150.2639
INFO:root:====> Round 7: Epoch: 65 Average loss: 150.0511
INFO:root:====> Round 7: Epoch: 66 Average loss: 150.0280
INFO:root:====> Round 7: Epoch: 67 Average loss: 149.7484
INFO:root:====> Round 7: Epoch: 68 Average loss: 149.5500
INFO:root:====> Round 7: Epoch: 69 Average loss: 149.6322
INFO:root:====> Round 7: Epoch: 70 Average loss: 149.6281
INFO:root:====> Round 7: Epoch: 71 Average loss: 149.2465
INFO:root:====> Round 7: Epoch: 72 Average loss: 148.9886
INFO:root:====> Round 7: Epoch: 73 Average loss: 149.0931
INFO:root:====> Round 7: Epoch: 74 Average loss: 148.8989
INFO:root:====> Round 7: Epoch: 75 Average loss: 148.7661
INFO:root:====> Round 7: Epoch: 76 Average loss: 148.7626
INFO:root:====> Round 7: Epoch: 77 Average loss: 148.5305
INFO:root:====> Round 7: Epoch: 78 Average loss: 148.3747
INFO:root:====> Round 7: Epoch: 79 Average loss: 148.3148
INFO:root:====> Round 7: Epoch: 80 Average loss: 148.2117
INFO:root:====> Round 7: Epoch: 81 Average loss: 147.9978
INFO:root:====> Round 7: Epoch: 82 Average loss: 147.8310
INFO:root:====> Round 7: Epoch: 83 Average loss: 147.9278
INFO:root:====> Round 7: Epoch: 84 Average loss: 147.6614
INFO:root:====> Round 7: Epoch: 85 Average loss: 147.7021
INFO:root:====> Round 7: Epoch: 86 Average loss: 147.4474
INFO:root:====> Round 7: Epoch: 87 Average loss: 147.3570
INFO:root:====> Round 7: Epoch: 88 Average loss: 147.1631
INFO:root:====> Round 7: Epoch: 89 Average loss: 147.1350
INFO:root:====> Round 7: Epoch: 90 Average loss: 146.9437
INFO:root:====> Round 7: Epoch: 91 Average loss: 146.7663
INFO:root:====> Round 7: Epoch: 92 Average loss: 146.7220
INFO:root:====> Round 7: Epoch: 93 Average loss: 146.6734
INFO:root:====> Round 7: Epoch: 94 Average loss: 146.3595
INFO:root:====> Round 7: Epoch: 95 Average loss: 146.3964
INFO:root:====> Round 7: Epoch: 96 Average loss: 146.2110
INFO:root:====> Round 7: Epoch: 97 Average loss: 146.2517
INFO:root:====> Round 7: Epoch: 98 Average loss: 145.9760
INFO:root:====> Round 7: Epoch: 99 Average loss: 145.7742
INFO:root:====> Round 7: Epoch: 100 Average loss: 145.6747
INFO:root:====> Round 7: Epoch: 101 Average loss: 145.6662
INFO:root:====> Round 7: Epoch: 102 Average loss: 145.5490
INFO:root:====> Round 7: Epoch: 103 Average loss: 145.4380
INFO:root:====> Round 7: Epoch: 104 Average loss: 145.2603
INFO:root:====> Round 7: Epoch: 105 Average loss: 145.1879
INFO:root:====> Round 7: Epoch: 106 Average loss: 144.9737
INFO:root:====> Round 7: Epoch: 107 Average loss: 144.9329
INFO:root:====> Round 7: Epoch: 108 Average loss: 144.7264
INFO:root:====> Round 7: Epoch: 109 Average loss: 144.7835
INFO:root:====> Round 7: Epoch: 110 Average loss: 144.4710
INFO:root:====> Round 7: Epoch: 111 Average loss: 144.5260
INFO:root:====> Round 7: Epoch: 112 Average loss: 144.3061
INFO:root:====> Round 7: Epoch: 113 Average loss: 144.2174
INFO:root:====> Round 7: Epoch: 114 Average loss: 144.0264
INFO:root:====> Round 7: Epoch: 115 Average loss: 143.8955
INFO:root:====> Round 7: Epoch: 116 Average loss: 143.9885
INFO:root:====> Round 7: Epoch: 117 Average loss: 143.8011
INFO:root:====> Round 7: Epoch: 118 Average loss: 143.5172
INFO:root:====> Round 7: Epoch: 119 Average loss: 143.4885
INFO:root:====> Round 7: Epoch: 120 Average loss: 143.5174
INFO:root:====> Round 7: Epoch: 121 Average loss: 143.2807
INFO:root:====> Round 7: Epoch: 122 Average loss: 143.2062
INFO:root:====> Round 7: Epoch: 123 Average loss: 143.1139
INFO:root:====> Round 7: Epoch: 124 Average loss: 142.9862
INFO:root:====> Round 7: Epoch: 125 Average loss: 142.9043
INFO:root:====> Round 7: Epoch: 126 Average loss: 142.7493
INFO:root:====> Round 7: Epoch: 127 Average loss: 142.5403
INFO:root:2020-04-25 14:32:11.091077
INFO:root:====> Round 7: Epoch 127: Test set loss: 128.0499
INFO:root:====== About to train for 256 epochs in round 8 with learning rate 1e-05========
INFO:root:====> Round 8: Epoch: 0 Average loss: 142.5094
INFO:root:====> Round 8: Epoch: 1 Average loss: 142.1979
INFO:root:====> Round 8: Epoch: 2 Average loss: 142.3564
INFO:root:====> Round 8: Epoch: 3 Average loss: 142.1768
INFO:root:====> Round 8: Epoch: 4 Average loss: 142.1235
INFO:root:====> Round 8: Epoch: 5 Average loss: 141.9379
INFO:root:====> Round 8: Epoch: 6 Average loss: 142.0184
INFO:root:====> Round 8: Epoch: 7 Average loss: 141.9051
INFO:root:====> Round 8: Epoch: 8 Average loss: 141.7611
INFO:root:====> Round 8: Epoch: 9 Average loss: 141.8124
INFO:root:====> Round 8: Epoch: 10 Average loss: 141.5299
INFO:root:====> Round 8: Epoch: 11 Average loss: 141.4783
INFO:root:====> Round 8: Epoch: 12 Average loss: 141.5571
INFO:root:====> Round 8: Epoch: 13 Average loss: 141.4423
INFO:root:====> Round 8: Epoch: 14 Average loss: 141.0641
INFO:root:====> Round 8: Epoch: 15 Average loss: 141.2263
INFO:root:====> Round 8: Epoch: 16 Average loss: 141.1527
INFO:root:====> Round 8: Epoch: 17 Average loss: 141.0617
INFO:root:====> Round 8: Epoch: 18 Average loss: 141.0960
INFO:root:====> Round 8: Epoch: 19 Average loss: 140.9382
INFO:root:====> Round 8: Epoch: 20 Average loss: 140.7394
INFO:root:====> Round 8: Epoch: 21 Average loss: 140.7061
INFO:root:====> Round 8: Epoch: 22 Average loss: 140.6381
INFO:root:====> Round 8: Epoch: 23 Average loss: 140.5404
INFO:root:====> Round 8: Epoch: 24 Average loss: 140.4153
INFO:root:====> Round 8: Epoch: 25 Average loss: 140.3995
INFO:root:====> Round 8: Epoch: 26 Average loss: 140.4409
INFO:root:====> Round 8: Epoch: 27 Average loss: 140.1214
INFO:root:====> Round 8: Epoch: 28 Average loss: 140.0380
INFO:root:====> Round 8: Epoch: 29 Average loss: 140.2104
INFO:root:====> Round 8: Epoch: 30 Average loss: 139.9625
INFO:root:====> Round 8: Epoch: 31 Average loss: 139.8725
INFO:root:====> Round 8: Epoch: 32 Average loss: 139.8310
INFO:root:====> Round 8: Epoch: 33 Average loss: 139.5858
INFO:root:====> Round 8: Epoch: 34 Average loss: 139.6271
INFO:root:====> Round 8: Epoch: 35 Average loss: 139.5278
INFO:root:====> Round 8: Epoch: 36 Average loss: 139.5402
INFO:root:====> Round 8: Epoch: 37 Average loss: 139.5306
INFO:root:====> Round 8: Epoch: 38 Average loss: 139.3783
INFO:root:====> Round 8: Epoch: 39 Average loss: 139.3708
INFO:root:====> Round 8: Epoch: 40 Average loss: 139.2986
INFO:root:====> Round 8: Epoch: 41 Average loss: 139.1630
INFO:root:====> Round 8: Epoch: 42 Average loss: 139.2513
INFO:root:====> Round 8: Epoch: 43 Average loss: 138.9387
INFO:root:====> Round 8: Epoch: 44 Average loss: 138.9568
INFO:root:====> Round 8: Epoch: 45 Average loss: 138.8397
INFO:root:====> Round 8: Epoch: 46 Average loss: 138.7910
INFO:root:====> Round 8: Epoch: 47 Average loss: 138.7108
INFO:root:====> Round 8: Epoch: 48 Average loss: 138.6686
INFO:root:====> Round 8: Epoch: 49 Average loss: 138.4680
INFO:root:====> Round 8: Epoch: 50 Average loss: 138.4618
INFO:root:====> Round 8: Epoch: 51 Average loss: 138.4498
INFO:root:====> Round 8: Epoch: 52 Average loss: 138.3268
INFO:root:====> Round 8: Epoch: 53 Average loss: 138.2614
INFO:root:====> Round 8: Epoch: 54 Average loss: 138.1833
INFO:root:====> Round 8: Epoch: 55 Average loss: 138.1345
INFO:root:====> Round 8: Epoch: 56 Average loss: 138.0339
INFO:root:====> Round 8: Epoch: 57 Average loss: 137.9222
INFO:root:====> Round 8: Epoch: 58 Average loss: 137.7924
INFO:root:====> Round 8: Epoch: 59 Average loss: 137.8640
INFO:root:====> Round 8: Epoch: 60 Average loss: 137.7120
INFO:root:====> Round 8: Epoch: 61 Average loss: 137.5851
INFO:root:====> Round 8: Epoch: 62 Average loss: 137.6713
INFO:root:====> Round 8: Epoch: 63 Average loss: 137.5103
INFO:root:====> Round 8: Epoch: 64 Average loss: 137.5216
INFO:root:====> Round 8: Epoch: 65 Average loss: 137.4856
INFO:root:====> Round 8: Epoch: 66 Average loss: 137.3110
INFO:root:====> Round 8: Epoch: 67 Average loss: 137.2418
INFO:root:====> Round 8: Epoch: 68 Average loss: 137.0734
INFO:root:====> Round 8: Epoch: 69 Average loss: 137.2881
INFO:root:====> Round 8: Epoch: 70 Average loss: 136.8865
INFO:root:====> Round 8: Epoch: 71 Average loss: 137.0163
INFO:root:====> Round 8: Epoch: 72 Average loss: 136.7865
INFO:root:====> Round 8: Epoch: 73 Average loss: 136.9015
INFO:root:====> Round 8: Epoch: 74 Average loss: 136.8473
INFO:root:====> Round 8: Epoch: 75 Average loss: 136.6078
INFO:root:====> Round 8: Epoch: 76 Average loss: 136.5629
INFO:root:====> Round 8: Epoch: 77 Average loss: 136.5550
INFO:root:====> Round 8: Epoch: 78 Average loss: 136.5455
INFO:root:====> Round 8: Epoch: 79 Average loss: 136.5105
INFO:root:====> Round 8: Epoch: 80 Average loss: 136.4712
INFO:root:====> Round 8: Epoch: 81 Average loss: 136.3028
INFO:root:====> Round 8: Epoch: 82 Average loss: 136.2914
INFO:root:====> Round 8: Epoch: 83 Average loss: 136.2344
INFO:root:====> Round 8: Epoch: 84 Average loss: 136.0460
INFO:root:====> Round 8: Epoch: 85 Average loss: 135.9702
INFO:root:====> Round 8: Epoch: 86 Average loss: 135.9327
INFO:root:====> Round 8: Epoch: 87 Average loss: 135.8599
INFO:root:====> Round 8: Epoch: 88 Average loss: 135.8232
INFO:root:====> Round 8: Epoch: 89 Average loss: 135.8098
INFO:root:====> Round 8: Epoch: 90 Average loss: 135.7596
INFO:root:====> Round 8: Epoch: 91 Average loss: 135.5940
INFO:root:====> Round 8: Epoch: 92 Average loss: 135.5405
INFO:root:====> Round 8: Epoch: 93 Average loss: 135.5297
INFO:root:====> Round 8: Epoch: 94 Average loss: 135.4676
INFO:root:====> Round 8: Epoch: 95 Average loss: 135.4223
INFO:root:====> Round 8: Epoch: 96 Average loss: 135.3498
INFO:root:====> Round 8: Epoch: 97 Average loss: 135.1788
INFO:root:====> Round 8: Epoch: 98 Average loss: 135.1671
INFO:root:====> Round 8: Epoch: 99 Average loss: 135.2158
INFO:root:====> Round 8: Epoch: 100 Average loss: 135.0914
INFO:root:====> Round 8: Epoch: 101 Average loss: 134.9813
INFO:root:====> Round 8: Epoch: 102 Average loss: 134.8517
INFO:root:====> Round 8: Epoch: 103 Average loss: 134.8852
INFO:root:====> Round 8: Epoch: 104 Average loss: 134.8920
INFO:root:====> Round 8: Epoch: 105 Average loss: 134.7283
INFO:root:====> Round 8: Epoch: 106 Average loss: 134.6621
INFO:root:====> Round 8: Epoch: 107 Average loss: 134.7132
INFO:root:====> Round 8: Epoch: 108 Average loss: 134.5495
INFO:root:====> Round 8: Epoch: 109 Average loss: 134.4921
INFO:root:====> Round 8: Epoch: 110 Average loss: 134.3243
INFO:root:====> Round 8: Epoch: 111 Average loss: 134.3919
INFO:root:====> Round 8: Epoch: 112 Average loss: 134.3824
INFO:root:====> Round 8: Epoch: 113 Average loss: 134.2605
INFO:root:====> Round 8: Epoch: 114 Average loss: 134.1831
INFO:root:====> Round 8: Epoch: 115 Average loss: 134.1392
INFO:root:====> Round 8: Epoch: 116 Average loss: 134.1665
INFO:root:====> Round 8: Epoch: 117 Average loss: 133.9227
INFO:root:====> Round 8: Epoch: 118 Average loss: 133.9600
INFO:root:====> Round 8: Epoch: 119 Average loss: 133.8860
INFO:root:====> Round 8: Epoch: 120 Average loss: 133.8407
INFO:root:====> Round 8: Epoch: 121 Average loss: 133.8010
INFO:root:====> Round 8: Epoch: 122 Average loss: 133.7247
INFO:root:====> Round 8: Epoch: 123 Average loss: 133.6575
INFO:root:====> Round 8: Epoch: 124 Average loss: 133.5049
INFO:root:====> Round 8: Epoch: 125 Average loss: 133.5154
INFO:root:====> Round 8: Epoch: 126 Average loss: 133.4657
INFO:root:====> Round 8: Epoch: 127 Average loss: 133.3355
INFO:root:====> Round 8: Epoch: 128 Average loss: 133.3681
INFO:root:====> Round 8: Epoch: 129 Average loss: 133.2281
INFO:root:====> Round 8: Epoch: 130 Average loss: 133.3532
INFO:root:====> Round 8: Epoch: 131 Average loss: 133.0570
INFO:root:====> Round 8: Epoch: 132 Average loss: 133.1651
INFO:root:====> Round 8: Epoch: 133 Average loss: 133.1678
INFO:root:====> Round 8: Epoch: 134 Average loss: 133.0734
INFO:root:====> Round 8: Epoch: 135 Average loss: 133.0117
INFO:root:====> Round 8: Epoch: 136 Average loss: 133.0317
INFO:root:====> Round 8: Epoch: 137 Average loss: 132.9192
INFO:root:====> Round 8: Epoch: 138 Average loss: 132.7898
INFO:root:====> Round 8: Epoch: 139 Average loss: 132.8993
INFO:root:====> Round 8: Epoch: 140 Average loss: 132.6256
INFO:root:====> Round 8: Epoch: 141 Average loss: 132.6842
INFO:root:====> Round 8: Epoch: 142 Average loss: 132.5489
INFO:root:====> Round 8: Epoch: 143 Average loss: 132.6063
INFO:root:====> Round 8: Epoch: 144 Average loss: 132.4795
INFO:root:====> Round 8: Epoch: 145 Average loss: 132.3275
INFO:root:====> Round 8: Epoch: 146 Average loss: 132.3577
INFO:root:====> Round 8: Epoch: 147 Average loss: 132.3159
INFO:root:====> Round 8: Epoch: 148 Average loss: 132.1444
INFO:root:====> Round 8: Epoch: 149 Average loss: 132.2554
INFO:root:====> Round 8: Epoch: 150 Average loss: 132.1426
INFO:root:====> Round 8: Epoch: 151 Average loss: 132.0803
INFO:root:====> Round 8: Epoch: 152 Average loss: 132.1381
INFO:root:====> Round 8: Epoch: 153 Average loss: 132.0682
INFO:root:====> Round 8: Epoch: 154 Average loss: 131.9432
INFO:root:====> Round 8: Epoch: 155 Average loss: 131.9380
INFO:root:====> Round 8: Epoch: 156 Average loss: 131.8288
INFO:root:====> Round 8: Epoch: 157 Average loss: 131.9004
INFO:root:====> Round 8: Epoch: 158 Average loss: 131.7708
INFO:root:====> Round 8: Epoch: 159 Average loss: 131.6845
INFO:root:====> Round 8: Epoch: 160 Average loss: 131.6518
INFO:root:====> Round 8: Epoch: 161 Average loss: 131.5979
INFO:root:====> Round 8: Epoch: 162 Average loss: 131.5311
INFO:root:====> Round 8: Epoch: 163 Average loss: 131.5518
INFO:root:====> Round 8: Epoch: 164 Average loss: 131.4555
INFO:root:====> Round 8: Epoch: 165 Average loss: 131.3578
INFO:root:====> Round 8: Epoch: 166 Average loss: 131.3024
INFO:root:====> Round 8: Epoch: 167 Average loss: 131.2996
INFO:root:====> Round 8: Epoch: 168 Average loss: 131.3419
INFO:root:====> Round 8: Epoch: 169 Average loss: 131.2389
INFO:root:====> Round 8: Epoch: 170 Average loss: 131.2145
INFO:root:====> Round 8: Epoch: 171 Average loss: 131.1542
INFO:root:====> Round 8: Epoch: 172 Average loss: 131.0393
INFO:root:====> Round 8: Epoch: 173 Average loss: 131.0763
INFO:root:====> Round 8: Epoch: 174 Average loss: 130.9265
INFO:root:====> Round 8: Epoch: 175 Average loss: 130.8907
INFO:root:====> Round 8: Epoch: 176 Average loss: 130.8582
INFO:root:====> Round 8: Epoch: 177 Average loss: 130.8868
INFO:root:====> Round 8: Epoch: 178 Average loss: 130.8609
INFO:root:====> Round 8: Epoch: 179 Average loss: 130.7140
INFO:root:====> Round 8: Epoch: 180 Average loss: 130.7562
INFO:root:====> Round 8: Epoch: 181 Average loss: 130.6385
INFO:root:====> Round 8: Epoch: 182 Average loss: 130.5138
INFO:root:====> Round 8: Epoch: 183 Average loss: 130.5468
INFO:root:====> Round 8: Epoch: 184 Average loss: 130.4485
INFO:root:====> Round 8: Epoch: 185 Average loss: 130.5189
INFO:root:====> Round 8: Epoch: 186 Average loss: 130.3501
INFO:root:====> Round 8: Epoch: 187 Average loss: 130.3516
INFO:root:====> Round 8: Epoch: 188 Average loss: 130.3165
INFO:root:====> Round 8: Epoch: 189 Average loss: 130.2546
INFO:root:====> Round 8: Epoch: 190 Average loss: 130.2277
INFO:root:====> Round 8: Epoch: 191 Average loss: 130.1305
INFO:root:====> Round 8: Epoch: 192 Average loss: 130.1589
INFO:root:====> Round 8: Epoch: 193 Average loss: 130.1266
INFO:root:====> Round 8: Epoch: 194 Average loss: 130.0768
INFO:root:====> Round 8: Epoch: 195 Average loss: 130.0994
INFO:root:====> Round 8: Epoch: 196 Average loss: 129.9201
INFO:root:====> Round 8: Epoch: 197 Average loss: 129.9165
INFO:root:====> Round 8: Epoch: 198 Average loss: 130.0606
INFO:root:====> Round 8: Epoch: 199 Average loss: 129.8737
INFO:root:====> Round 8: Epoch: 200 Average loss: 129.7665
INFO:root:====> Round 8: Epoch: 201 Average loss: 129.7859
INFO:root:====> Round 8: Epoch: 202 Average loss: 129.7274
INFO:root:====> Round 8: Epoch: 203 Average loss: 129.6303
INFO:root:====> Round 8: Epoch: 204 Average loss: 129.5356
INFO:root:====> Round 8: Epoch: 205 Average loss: 129.7281
INFO:root:====> Round 8: Epoch: 206 Average loss: 129.5305
INFO:root:====> Round 8: Epoch: 207 Average loss: 129.5863
INFO:root:====> Round 8: Epoch: 208 Average loss: 129.5055
INFO:root:====> Round 8: Epoch: 209 Average loss: 129.5264
INFO:root:====> Round 8: Epoch: 210 Average loss: 129.3915
INFO:root:====> Round 8: Epoch: 211 Average loss: 129.4105
INFO:root:====> Round 8: Epoch: 212 Average loss: 129.2732
INFO:root:====> Round 8: Epoch: 213 Average loss: 129.1635
INFO:root:====> Round 8: Epoch: 214 Average loss: 129.1749
INFO:root:====> Round 8: Epoch: 215 Average loss: 129.1547
INFO:root:====> Round 8: Epoch: 216 Average loss: 129.1105
INFO:root:====> Round 8: Epoch: 217 Average loss: 129.0778
INFO:root:====> Round 8: Epoch: 218 Average loss: 129.1335
INFO:root:====> Round 8: Epoch: 219 Average loss: 129.0447
INFO:root:====> Round 8: Epoch: 220 Average loss: 129.0084
INFO:root:====> Round 8: Epoch: 221 Average loss: 129.0342
INFO:root:====> Round 8: Epoch: 222 Average loss: 128.9225
INFO:root:====> Round 8: Epoch: 223 Average loss: 128.7548
INFO:root:====> Round 8: Epoch: 224 Average loss: 128.7123
INFO:root:====> Round 8: Epoch: 225 Average loss: 128.7419
INFO:root:====> Round 8: Epoch: 226 Average loss: 128.7651
INFO:root:====> Round 8: Epoch: 227 Average loss: 128.5424
INFO:root:====> Round 8: Epoch: 228 Average loss: 128.6773
INFO:root:====> Round 8: Epoch: 229 Average loss: 128.6853
INFO:root:====> Round 8: Epoch: 230 Average loss: 128.6242
INFO:root:====> Round 8: Epoch: 231 Average loss: 128.5994
INFO:root:====> Round 8: Epoch: 232 Average loss: 128.5788
INFO:root:====> Round 8: Epoch: 233 Average loss: 128.5070
INFO:root:====> Round 8: Epoch: 234 Average loss: 128.4135
INFO:root:====> Round 8: Epoch: 235 Average loss: 128.4186
INFO:root:====> Round 8: Epoch: 236 Average loss: 128.3415
INFO:root:====> Round 8: Epoch: 237 Average loss: 128.2916
INFO:root:====> Round 8: Epoch: 238 Average loss: 128.2766
INFO:root:====> Round 8: Epoch: 239 Average loss: 128.3863
INFO:root:====> Round 8: Epoch: 240 Average loss: 128.2063
INFO:root:====> Round 8: Epoch: 241 Average loss: 128.1468
INFO:root:====> Round 8: Epoch: 242 Average loss: 128.2109
INFO:root:====> Round 8: Epoch: 243 Average loss: 127.9513
INFO:root:====> Round 8: Epoch: 244 Average loss: 128.0321
INFO:root:====> Round 8: Epoch: 245 Average loss: 128.0559
INFO:root:====> Round 8: Epoch: 246 Average loss: 128.1198
INFO:root:====> Round 8: Epoch: 247 Average loss: 128.0173
INFO:root:====> Round 8: Epoch: 248 Average loss: 127.9551
INFO:root:====> Round 8: Epoch: 249 Average loss: 127.9525
INFO:root:====> Round 8: Epoch: 250 Average loss: 127.8197
INFO:root:====> Round 8: Epoch: 251 Average loss: 127.7660
INFO:root:====> Round 8: Epoch: 252 Average loss: 127.7338
INFO:root:====> Round 8: Epoch: 253 Average loss: 127.7859
INFO:root:====> Round 8: Epoch: 254 Average loss: 127.7202
INFO:root:====> Round 8: Epoch: 255 Average loss: 127.7918
INFO:root:2020-04-25 15:23:01.663142
INFO:root:====> Round 8: Epoch 255: Test set loss: 117.3697
INFO:root:====> Round 8: Epoch 255: Test set loss: 117.4516
INFO:root:2020-04-25 15:23:08.344790
INFO:root:Training finished
