Drive already mounted at /content/drive; to attempt to forcibly remount, call drive.mount("/content/drive", force_remount=True).
Training on GPU
2020-04-24 16:14:35.474967
====> Epoch: 1 Average loss: 307.7751
====> Test set loss: 262.8250
====> Epoch: 2 Average loss: 259.7799
====> Epoch: 3 Average loss: 252.3704
====> Epoch: 4 Average loss: 249.0341
====> Epoch: 5 Average loss: 247.3352
====> Epoch: 6 Average loss: 246.2503
====> Epoch: 7 Average loss: 245.2584
====> Epoch: 8 Average loss: 244.6630
====> Epoch: 9 Average loss: 244.0701
====> Epoch: 10 Average loss: 243.5841
====> Epoch: 11 Average loss: 243.2152
====> Epoch: 12 Average loss: 242.9031
====> Epoch: 13 Average loss: 242.5392
====> Epoch: 14 Average loss: 242.2201
====> Epoch: 15 Average loss: 241.9626
====> Epoch: 16 Average loss: 241.7892
====> Epoch: 17 Average loss: 241.5088
====> Epoch: 18 Average loss: 241.3831
====> Epoch: 19 Average loss: 241.1554
====> Epoch: 20 Average loss: 240.9489
====> Epoch: 21 Average loss: 240.8576
====> Test set loss: 238.5824
====> Epoch: 22 Average loss: 240.7360
====> Epoch: 23 Average loss: 240.5300
====> Epoch: 24 Average loss: 240.4434
====> Epoch: 25 Average loss: 240.2874
====> Epoch: 26 Average loss: 240.1928
====> Epoch: 27 Average loss: 240.1014
====> Epoch: 28 Average loss: 240.0143
====> Epoch: 29 Average loss: 239.8958
====> Epoch: 30 Average loss: 239.8492
====> Epoch: 31 Average loss: 239.7044
====> Epoch: 32 Average loss: 239.6400
====> Epoch: 33 Average loss: 239.5624
====> Epoch: 34 Average loss: 239.4930
====> Epoch: 35 Average loss: 239.4360
====> Epoch: 36 Average loss: 239.3465
====> Epoch: 37 Average loss: 239.2784
====> Epoch: 38 Average loss: 239.2473
====> Epoch: 39 Average loss: 239.1219
====> Epoch: 40 Average loss: 239.1148
====> Epoch: 41 Average loss: 239.0396
====> Test set loss: 237.1917
====> Epoch: 42 Average loss: 239.0268
====> Epoch: 43 Average loss: 238.9427
====> Epoch: 44 Average loss: 238.8629
====> Epoch: 45 Average loss: 238.8376
====> Epoch: 46 Average loss: 238.7617
====> Epoch: 47 Average loss: 238.7493
====> Epoch: 48 Average loss: 238.7274
====> Epoch: 49 Average loss: 238.6681
====> Epoch: 50 Average loss: 238.6549
====> Epoch: 51 Average loss: 238.5455
====> Epoch: 52 Average loss: 238.5178
====> Epoch: 53 Average loss: 238.4934
====> Epoch: 54 Average loss: 238.4562
====> Epoch: 55 Average loss: 238.3864
====> Epoch: 56 Average loss: 238.3766
====> Epoch: 57 Average loss: 238.3527
====> Epoch: 58 Average loss: 238.2960
====> Epoch: 59 Average loss: 238.3159
====> Epoch: 60 Average loss: 238.2631
====> Epoch: 61 Average loss: 238.2313
====> Test set loss: 236.5105
====> Epoch: 62 Average loss: 238.1899
====> Epoch: 63 Average loss: 238.1300
====> Epoch: 64 Average loss: 238.1135
====> Epoch: 65 Average loss: 238.1150
====> Epoch: 66 Average loss: 238.0274
====> Epoch: 67 Average loss: 238.0462
====> Epoch: 68 Average loss: 238.0184
====> Epoch: 69 Average loss: 237.9861
====> Epoch: 70 Average loss: 237.9300
====> Epoch: 71 Average loss: 237.9409
====> Epoch: 72 Average loss: 237.8747
====> Epoch: 73 Average loss: 237.8505
====> Epoch: 74 Average loss: 237.8540
====> Epoch: 75 Average loss: 237.8243
====> Epoch: 76 Average loss: 237.7954
====> Epoch: 77 Average loss: 237.8199
====> Epoch: 78 Average loss: 237.7351
====> Epoch: 79 Average loss: 237.7204
====> Epoch: 80 Average loss: 237.6968
====> Epoch: 81 Average loss: 237.7046
====> Test set loss: 235.7624
====> Epoch: 82 Average loss: 237.6792
====> Epoch: 83 Average loss: 237.6270
====> Epoch: 84 Average loss: 237.6319
====> Epoch: 85 Average loss: 237.5856
====> Epoch: 86 Average loss: 237.5840
====> Epoch: 87 Average loss: 237.5926
====> Epoch: 88 Average loss: 237.5167
====> Epoch: 89 Average loss: 237.4981
====> Epoch: 90 Average loss: 237.5018
====> Epoch: 91 Average loss: 237.4700
====> Epoch: 92 Average loss: 237.4822
====> Epoch: 93 Average loss: 237.4443
====> Epoch: 94 Average loss: 237.4331
====> Epoch: 95 Average loss: 237.4223
====> Epoch: 96 Average loss: 237.3913
====> Epoch: 97 Average loss: 237.3847
====> Epoch: 98 Average loss: 237.3753
====> Epoch: 99 Average loss: 237.3639
====> Epoch: 100 Average loss: 237.3481
====> Epoch: 101 Average loss: 237.3000
====> Test set loss: 235.6339
====> Epoch: 102 Average loss: 237.2739
====> Epoch: 103 Average loss: 237.2894
====> Epoch: 104 Average loss: 237.2563
====> Epoch: 105 Average loss: 237.2330
====> Epoch: 106 Average loss: 237.2508
====> Epoch: 107 Average loss: 237.2778
====> Epoch: 108 Average loss: 237.1599
====> Epoch: 109 Average loss: 237.1922
====> Epoch: 110 Average loss: 237.1890
====> Epoch: 111 Average loss: 237.1672
====> Epoch: 112 Average loss: 237.1442
====> Epoch: 113 Average loss: 237.1350
====> Epoch: 114 Average loss: 237.1605
====> Epoch: 115 Average loss: 237.0995
====> Epoch: 116 Average loss: 237.1047
====> Epoch: 117 Average loss: 237.0841
====> Epoch: 118 Average loss: 237.0699
====> Epoch: 119 Average loss: 237.0628
====> Epoch: 120 Average loss: 237.0556
====> Epoch: 121 Average loss: 237.0270
====> Test set loss: 235.2895
====> Epoch: 122 Average loss: 237.0304
====> Epoch: 123 Average loss: 237.0532
====> Epoch: 124 Average loss: 236.9974
====> Epoch: 125 Average loss: 236.9796
====> Epoch: 126 Average loss: 236.9632
====> Epoch: 127 Average loss: 236.9567
====> Epoch: 128 Average loss: 236.9726
====> Epoch: 129 Average loss: 236.9544
====> Epoch: 130 Average loss: 236.9137
====> Epoch: 131 Average loss: 236.9434
====> Epoch: 132 Average loss: 236.9048
====> Epoch: 133 Average loss: 236.9080
====> Epoch: 134 Average loss: 236.9036
====> Epoch: 135 Average loss: 236.8837
====> Epoch: 136 Average loss: 236.8514
====> Epoch: 137 Average loss: 236.8780
====> Epoch: 138 Average loss: 236.8634
====> Epoch: 139 Average loss: 236.8552
====> Epoch: 140 Average loss: 236.8697
====> Epoch: 141 Average loss: 236.7859
====> Test set loss: 235.0723
====> Epoch: 142 Average loss: 236.8364
====> Epoch: 143 Average loss: 236.7902
====> Epoch: 144 Average loss: 236.8133
====> Epoch: 145 Average loss: 236.7692
====> Epoch: 146 Average loss: 236.7688
====> Epoch: 147 Average loss: 236.7631
====> Epoch: 148 Average loss: 236.7907
====> Epoch: 149 Average loss: 236.7365
====> Epoch: 150 Average loss: 236.7572
====> Epoch: 151 Average loss: 236.7369
2020-04-24 16:45:37.432618
Training finished