Drive already mounted at /content/drive; to attempt to forcibly remount, call drive.mount("/content/drive", force_remount=True).
Training on GPU
2020-04-21 17:22:40.212026
====== About to train for 1 epochs in round 0 with learning rate 0.0001========
====> Round 0, Epoch: 0 Average loss: 197.8223
2020-04-21 17:22:46.077526
/usr/local/lib/python3.6/dist-packages/torch/serialization.py:360: UserWarning: Couldn't retrieve source code for container of type omniglot1_model. It won't be checked for correctness upon loading.
  "type " + obj.__name__ + ". It won't be checked "
====> Round 0 Test set loss: 168.5402
====== About to train for 3 epochs in round 1 with learning rate 7.2e-05========
====> Round 1, Epoch: 0 Average loss: 169.5109
====> Round 1, Epoch: 1 Average loss: 167.9858
====> Round 1, Epoch: 2 Average loss: 165.4432
2020-04-21 17:23:18.531471
====> Round 1 Test set loss: 159.6861
====== About to train for 9 epochs in round 2 with learning rate 5.18e-05========
====> Round 2, Epoch: 0 Average loss: 161.5970
====> Round 2, Epoch: 1 Average loss: 159.7456
====> Round 2, Epoch: 2 Average loss: 157.9744
====> Round 2, Epoch: 3 Average loss: 157.0256
====> Round 2, Epoch: 4 Average loss: 155.7431
====> Round 2, Epoch: 5 Average loss: 154.1213
====> Round 2, Epoch: 6 Average loss: 152.5043
====> Round 2, Epoch: 7 Average loss: 151.4529
====> Round 2, Epoch: 8 Average loss: 150.4376
2020-04-21 17:24:25.457453
====> Round 2 Test set loss: 145.8121
====== About to train for 27 epochs in round 3 with learning rate 3.73e-05========
====> Round 3, Epoch: 0 Average loss: 149.5759
====> Round 3, Epoch: 1 Average loss: 148.8660
====> Round 3, Epoch: 2 Average loss: 148.3135
====> Round 3, Epoch: 3 Average loss: 147.9391
====> Round 3, Epoch: 4 Average loss: 147.5907
====> Round 3, Epoch: 5 Average loss: 147.2301
====> Round 3, Epoch: 6 Average loss: 146.9146
====> Round 3, Epoch: 7 Average loss: 146.5743
====> Round 3, Epoch: 8 Average loss: 146.2767
====> Round 3, Epoch: 9 Average loss: 145.9352
====> Round 3, Epoch: 10 Average loss: 145.5697
====> Round 3, Epoch: 11 Average loss: 145.2132
====> Round 3, Epoch: 12 Average loss: 144.9029
====> Round 3, Epoch: 13 Average loss: 144.6224
====> Round 3, Epoch: 14 Average loss: 144.3557
====> Round 3, Epoch: 15 Average loss: 144.0979
====> Round 3, Epoch: 16 Average loss: 143.8163
====> Round 3, Epoch: 17 Average loss: 143.5464
====> Round 3, Epoch: 18 Average loss: 143.2461
====> Round 3, Epoch: 19 Average loss: 142.9378
====> Round 3, Epoch: 20 Average loss: 142.7175
====> Round 3, Epoch: 21 Average loss: 142.4696
====> Round 3, Epoch: 22 Average loss: 142.2251
====> Round 3, Epoch: 23 Average loss: 142.0530
====> Round 3, Epoch: 24 Average loss: 141.7687
====> Round 3, Epoch: 25 Average loss: 141.5316
====> Round 3, Epoch: 26 Average loss: 141.2736
2020-04-21 17:27:16.703980
====> Round 3 Test set loss: 136.5077
====== About to train for 81 epochs in round 4 with learning rate 2.68e-05========
====> Round 4, Epoch: 0 Average loss: 141.0463
====> Round 4, Epoch: 1 Average loss: 140.8356
====> Round 4, Epoch: 2 Average loss: 140.6979
====> Round 4, Epoch: 3 Average loss: 140.5552
====> Round 4, Epoch: 4 Average loss: 140.3783
====> Round 4, Epoch: 5 Average loss: 140.2616
====> Round 4, Epoch: 6 Average loss: 140.0779
====> Round 4, Epoch: 7 Average loss: 139.9261
====> Round 4, Epoch: 8 Average loss: 139.7696
====> Round 4, Epoch: 9 Average loss: 139.6177
====> Round 4, Epoch: 10 Average loss: 139.4796
====> Round 4, Epoch: 11 Average loss: 139.3535
====> Round 4, Epoch: 12 Average loss: 139.2067
====> Round 4, Epoch: 13 Average loss: 139.0997
====> Round 4, Epoch: 14 Average loss: 138.9888
====> Round 4, Epoch: 15 Average loss: 138.8549
====> Round 4, Epoch: 16 Average loss: 138.7690
====> Round 4, Epoch: 17 Average loss: 138.6966
====> Round 4, Epoch: 18 Average loss: 138.5460
====> Round 4, Epoch: 19 Average loss: 138.4402
====> Round 4, Epoch: 20 Average loss: 138.3430
====> Round 4, Epoch: 21 Average loss: 138.2531
====> Round 4, Epoch: 22 Average loss: 138.1417
====> Round 4, Epoch: 23 Average loss: 138.0261
====> Round 4, Epoch: 24 Average loss: 137.9617
====> Round 4, Epoch: 25 Average loss: 137.8508
====> Round 4, Epoch: 26 Average loss: 137.7518
====> Round 4, Epoch: 27 Average loss: 137.6360
====> Round 4, Epoch: 28 Average loss: 137.5492
====> Round 4, Epoch: 29 Average loss: 137.4470
====> Round 4, Epoch: 30 Average loss: 137.3564
====> Round 4, Epoch: 31 Average loss: 137.2541
====> Round 4, Epoch: 32 Average loss: 137.1168
====> Round 4, Epoch: 33 Average loss: 137.0394
====> Round 4, Epoch: 34 Average loss: 136.9235
====> Round 4, Epoch: 35 Average loss: 136.8457
====> Round 4, Epoch: 36 Average loss: 136.7401
====> Round 4, Epoch: 37 Average loss: 136.6207
====> Round 4, Epoch: 38 Average loss: 136.5271
====> Round 4, Epoch: 39 Average loss: 136.3994
====> Round 4, Epoch: 40 Average loss: 136.3447
====> Round 4, Epoch: 41 Average loss: 136.1998
====> Round 4, Epoch: 42 Average loss: 136.0949
====> Round 4, Epoch: 43 Average loss: 135.9967
====> Round 4, Epoch: 44 Average loss: 135.9133
====> Round 4, Epoch: 45 Average loss: 135.7946
====> Round 4, Epoch: 46 Average loss: 135.6951
====> Round 4, Epoch: 47 Average loss: 135.6134
====> Round 4, Epoch: 48 Average loss: 135.5192
====> Round 4, Epoch: 49 Average loss: 135.4234
====> Round 4, Epoch: 50 Average loss: 135.3577
====> Round 4, Epoch: 51 Average loss: 135.2585
====> Round 4, Epoch: 52 Average loss: 135.1710
====> Round 4, Epoch: 53 Average loss: 135.0431
====> Round 4, Epoch: 54 Average loss: 134.9543
====> Round 4, Epoch: 55 Average loss: 134.8844
====> Round 4, Epoch: 56 Average loss: 134.7707
====> Round 4, Epoch: 57 Average loss: 134.6815
====> Round 4, Epoch: 58 Average loss: 134.6189
====> Round 4, Epoch: 59 Average loss: 134.4574
====> Round 4, Epoch: 60 Average loss: 134.3760
====> Round 4, Epoch: 61 Average loss: 134.2952
====> Round 4, Epoch: 62 Average loss: 134.1886
====> Round 4, Epoch: 63 Average loss: 134.0629
====> Round 4, Epoch: 64 Average loss: 134.0030
====> Round 4, Epoch: 65 Average loss: 133.8927
====> Round 4, Epoch: 66 Average loss: 133.7873
====> Round 4, Epoch: 67 Average loss: 133.6590
====> Round 4, Epoch: 68 Average loss: 133.5617
====> Round 4, Epoch: 69 Average loss: 133.4792
====> Round 4, Epoch: 70 Average loss: 133.4068
====> Round 4, Epoch: 71 Average loss: 133.3088
====> Round 4, Epoch: 72 Average loss: 133.1753
====> Round 4, Epoch: 73 Average loss: 133.0907
====> Round 4, Epoch: 74 Average loss: 132.9801
====> Round 4, Epoch: 75 Average loss: 132.8872
====> Round 4, Epoch: 76 Average loss: 132.7767
====> Round 4, Epoch: 77 Average loss: 132.6541
====> Round 4, Epoch: 78 Average loss: 132.5924
====> Round 4, Epoch: 79 Average loss: 132.4591
====> Round 4, Epoch: 80 Average loss: 132.3359
2020-04-21 17:35:17.917166
====> Round 4 Test set loss: 127.5260
====== About to train for 243 epochs in round 5 with learning rate 1.93e-05========
====> Round 5, Epoch: 0 Average loss: 132.2327
====> Round 5, Epoch: 1 Average loss: 132.1888
====> Round 5, Epoch: 2 Average loss: 132.0706
====> Round 5, Epoch: 3 Average loss: 131.9994
====> Round 5, Epoch: 4 Average loss: 131.9537
====> Round 5, Epoch: 5 Average loss: 131.8546
====> Round 5, Epoch: 6 Average loss: 131.8226
====> Round 5, Epoch: 7 Average loss: 131.7206
====> Round 5, Epoch: 8 Average loss: 131.6253
====> Round 5, Epoch: 9 Average loss: 131.5853
====> Round 5, Epoch: 10 Average loss: 131.5067
====> Round 5, Epoch: 11 Average loss: 131.4331
====> Round 5, Epoch: 12 Average loss: 131.3812
====> Round 5, Epoch: 13 Average loss: 131.2969
====> Round 5, Epoch: 14 Average loss: 131.2527
====> Round 5, Epoch: 15 Average loss: 131.1665
====> Round 5, Epoch: 16 Average loss: 131.1028
====> Round 5, Epoch: 17 Average loss: 131.0450
====> Round 5, Epoch: 18 Average loss: 130.9663
====> Round 5, Epoch: 19 Average loss: 130.9237
====> Round 5, Epoch: 20 Average loss: 130.8479
====> Round 5, Epoch: 21 Average loss: 130.8111
====> Round 5, Epoch: 22 Average loss: 130.7349
====> Round 5, Epoch: 23 Average loss: 130.6701
====> Round 5, Epoch: 24 Average loss: 130.6110
====> Round 5, Epoch: 25 Average loss: 130.5649
====> Round 5, Epoch: 26 Average loss: 130.5182
====> Round 5, Epoch: 27 Average loss: 130.4119
====> Round 5, Epoch: 28 Average loss: 130.3577
====> Round 5, Epoch: 29 Average loss: 130.2865
====> Round 5, Epoch: 30 Average loss: 130.2234
====> Round 5, Epoch: 31 Average loss: 130.1692
====> Round 5, Epoch: 32 Average loss: 130.1202
====> Round 5, Epoch: 33 Average loss: 130.0767
====> Round 5, Epoch: 34 Average loss: 129.9966
====> Round 5, Epoch: 35 Average loss: 129.9638
====> Round 5, Epoch: 36 Average loss: 129.9012
====> Round 5, Epoch: 37 Average loss: 129.8546
====> Round 5, Epoch: 38 Average loss: 129.7807
====> Round 5, Epoch: 39 Average loss: 129.7377
====> Round 5, Epoch: 40 Average loss: 129.6708
====> Round 5, Epoch: 41 Average loss: 129.6134
====> Round 5, Epoch: 42 Average loss: 129.5629
====> Round 5, Epoch: 43 Average loss: 129.4968
====> Round 5, Epoch: 44 Average loss: 129.4447
====> Round 5, Epoch: 45 Average loss: 129.3837
====> Round 5, Epoch: 46 Average loss: 129.3275
====> Round 5, Epoch: 47 Average loss: 129.2832
====> Round 5, Epoch: 48 Average loss: 129.2367
====> Round 5, Epoch: 49 Average loss: 129.1338
====> Round 5, Epoch: 50 Average loss: 129.1011
====> Round 5, Epoch: 51 Average loss: 129.0419
====> Round 5, Epoch: 52 Average loss: 128.9900
====> Round 5, Epoch: 53 Average loss: 128.9678
====> Round 5, Epoch: 54 Average loss: 128.9002
====> Round 5, Epoch: 55 Average loss: 128.8248
====> Round 5, Epoch: 56 Average loss: 128.7996
====> Round 5, Epoch: 57 Average loss: 128.7193
====> Round 5, Epoch: 58 Average loss: 128.6888
====> Round 5, Epoch: 59 Average loss: 128.6486
====> Round 5, Epoch: 60 Average loss: 128.5519
====> Round 5, Epoch: 61 Average loss: 128.5403
====> Round 5, Epoch: 62 Average loss: 128.5011
====> Round 5, Epoch: 63 Average loss: 128.4301
====> Round 5, Epoch: 64 Average loss: 128.3977
====> Round 5, Epoch: 65 Average loss: 128.3517
====> Round 5, Epoch: 66 Average loss: 128.3238
====> Round 5, Epoch: 67 Average loss: 128.2047
====> Round 5, Epoch: 68 Average loss: 128.1907
====> Round 5, Epoch: 69 Average loss: 128.1764
====> Round 5, Epoch: 70 Average loss: 128.1367
====> Round 5, Epoch: 71 Average loss: 128.0738
====> Round 5, Epoch: 72 Average loss: 128.0322
====> Round 5, Epoch: 73 Average loss: 127.9830
====> Round 5, Epoch: 74 Average loss: 127.8931
====> Round 5, Epoch: 75 Average loss: 127.9075
====> Round 5, Epoch: 76 Average loss: 127.8575
====> Round 5, Epoch: 77 Average loss: 127.8224
====> Round 5, Epoch: 78 Average loss: 127.7616
====> Round 5, Epoch: 79 Average loss: 127.6960
====> Round 5, Epoch: 80 Average loss: 127.6786
====> Round 5, Epoch: 81 Average loss: 127.6256
====> Round 5, Epoch: 82 Average loss: 127.6112
====> Round 5, Epoch: 83 Average loss: 127.5389
====> Round 5, Epoch: 84 Average loss: 127.4882
====> Round 5, Epoch: 85 Average loss: 127.4414
====> Round 5, Epoch: 86 Average loss: 127.4077
====> Round 5, Epoch: 87 Average loss: 127.3555
====> Round 5, Epoch: 88 Average loss: 127.3488
====> Round 5, Epoch: 89 Average loss: 127.2890
====> Round 5, Epoch: 90 Average loss: 127.2151
====> Round 5, Epoch: 91 Average loss: 127.2116
====> Round 5, Epoch: 92 Average loss: 127.1553
====> Round 5, Epoch: 93 Average loss: 127.0976
====> Round 5, Epoch: 94 Average loss: 127.0890
====> Round 5, Epoch: 95 Average loss: 127.0424
====> Round 5, Epoch: 96 Average loss: 126.9896
====> Round 5, Epoch: 97 Average loss: 126.9681
====> Round 5, Epoch: 98 Average loss: 126.9188
====> Round 5, Epoch: 99 Average loss: 126.8377
====> Round 5, Epoch: 100 Average loss: 126.8107
====> Round 5, Epoch: 101 Average loss: 126.7626
====> Round 5, Epoch: 102 Average loss: 126.7402
====> Round 5, Epoch: 103 Average loss: 126.6816
====> Round 5, Epoch: 104 Average loss: 126.6320
====> Round 5, Epoch: 105 Average loss: 126.6098
====> Round 5, Epoch: 106 Average loss: 126.5700
====> Round 5, Epoch: 107 Average loss: 126.5193
====> Round 5, Epoch: 108 Average loss: 126.4919
====> Round 5, Epoch: 109 Average loss: 126.4165
====> Round 5, Epoch: 110 Average loss: 126.4121
====> Round 5, Epoch: 111 Average loss: 126.3649
====> Round 5, Epoch: 112 Average loss: 126.3194
====> Round 5, Epoch: 113 Average loss: 126.2934
====> Round 5, Epoch: 114 Average loss: 126.2433
====> Round 5, Epoch: 115 Average loss: 126.1619
====> Round 5, Epoch: 116 Average loss: 126.1390
====> Round 5, Epoch: 117 Average loss: 126.0827
====> Round 5, Epoch: 118 Average loss: 126.0499
====> Round 5, Epoch: 119 Average loss: 126.0251
====> Round 5, Epoch: 120 Average loss: 125.9832
====> Round 5, Epoch: 121 Average loss: 125.9514
====> Round 5, Epoch: 122 Average loss: 125.9194
====> Round 5, Epoch: 123 Average loss: 125.8778
====> Round 5, Epoch: 124 Average loss: 125.7964
====> Round 5, Epoch: 125 Average loss: 125.7825
====> Round 5, Epoch: 126 Average loss: 125.7433
====> Round 5, Epoch: 127 Average loss: 125.7115
====> Round 5, Epoch: 128 Average loss: 125.6350
====> Round 5, Epoch: 129 Average loss: 125.6252
====> Round 5, Epoch: 130 Average loss: 125.6038
====> Round 5, Epoch: 131 Average loss: 125.5374
====> Round 5, Epoch: 132 Average loss: 125.4839
====> Round 5, Epoch: 133 Average loss: 125.4253
====> Round 5, Epoch: 134 Average loss: 125.4360
====> Round 5, Epoch: 135 Average loss: 125.3954
====> Round 5, Epoch: 136 Average loss: 125.3551
====> Round 5, Epoch: 137 Average loss: 125.2962
====> Round 5, Epoch: 138 Average loss: 125.2508
====> Round 5, Epoch: 139 Average loss: 125.2328
====> Round 5, Epoch: 140 Average loss: 125.1870
====> Round 5, Epoch: 141 Average loss: 125.1298
====> Round 5, Epoch: 142 Average loss: 125.0888
====> Round 5, Epoch: 143 Average loss: 125.0851
====> Round 5, Epoch: 144 Average loss: 125.0275
====> Round 5, Epoch: 145 Average loss: 125.0143
====> Round 5, Epoch: 146 Average loss: 124.9552
====> Round 5, Epoch: 147 Average loss: 124.9295
====> Round 5, Epoch: 148 Average loss: 124.8730
====> Round 5, Epoch: 149 Average loss: 124.8506
====> Round 5, Epoch: 150 Average loss: 124.8325
====> Round 5, Epoch: 151 Average loss: 124.7635
====> Round 5, Epoch: 152 Average loss: 124.7484
====> Round 5, Epoch: 153 Average loss: 124.6933
====> Round 5, Epoch: 154 Average loss: 124.6535
====> Round 5, Epoch: 155 Average loss: 124.6178
====> Round 5, Epoch: 156 Average loss: 124.6096
====> Round 5, Epoch: 157 Average loss: 124.5647
====> Round 5, Epoch: 158 Average loss: 124.5231
====> Round 5, Epoch: 159 Average loss: 124.5068
====> Round 5, Epoch: 160 Average loss: 124.4522
====> Round 5, Epoch: 161 Average loss: 124.4116
====> Round 5, Epoch: 162 Average loss: 124.3912
====> Round 5, Epoch: 163 Average loss: 124.3774
====> Round 5, Epoch: 164 Average loss: 124.3165
====> Round 5, Epoch: 165 Average loss: 124.3099
====> Round 5, Epoch: 166 Average loss: 124.2849
====> Round 5, Epoch: 167 Average loss: 124.2304
====> Round 5, Epoch: 168 Average loss: 124.2271
====> Round 5, Epoch: 169 Average loss: 124.1666
====> Round 5, Epoch: 170 Average loss: 124.1339
====> Round 5, Epoch: 171 Average loss: 124.1186
====> Round 5, Epoch: 172 Average loss: 124.0659
====> Round 5, Epoch: 173 Average loss: 124.0550
====> Round 5, Epoch: 174 Average loss: 124.0005
====> Round 5, Epoch: 175 Average loss: 123.9977
====> Round 5, Epoch: 176 Average loss: 123.9467
====> Round 5, Epoch: 177 Average loss: 123.9094
====> Round 5, Epoch: 178 Average loss: 123.8799
====> Round 5, Epoch: 179 Average loss: 123.8524
====> Round 5, Epoch: 180 Average loss: 123.8125
====> Round 5, Epoch: 181 Average loss: 123.7863
====> Round 5, Epoch: 182 Average loss: 123.7590
====> Round 5, Epoch: 183 Average loss: 123.7429
====> Round 5, Epoch: 184 Average loss: 123.6963
====> Round 5, Epoch: 185 Average loss: 123.6749
====> Round 5, Epoch: 186 Average loss: 123.6483
====> Round 5, Epoch: 187 Average loss: 123.5832
====> Round 5, Epoch: 188 Average loss: 123.5953
====> Round 5, Epoch: 189 Average loss: 123.5682
====> Round 5, Epoch: 190 Average loss: 123.5308
====> Round 5, Epoch: 191 Average loss: 123.5002
====> Round 5, Epoch: 192 Average loss: 123.4763
====> Round 5, Epoch: 193 Average loss: 123.4326
====> Round 5, Epoch: 194 Average loss: 123.4071
====> Round 5, Epoch: 195 Average loss: 123.3693
====> Round 5, Epoch: 196 Average loss: 123.3636
====> Round 5, Epoch: 197 Average loss: 123.3231
====> Round 5, Epoch: 198 Average loss: 123.2662
====> Round 5, Epoch: 199 Average loss: 123.2491
====> Round 5, Epoch: 200 Average loss: 123.2269
====> Round 5, Epoch: 201 Average loss: 123.2286
====> Round 5, Epoch: 202 Average loss: 123.1670
====> Round 5, Epoch: 203 Average loss: 123.1332
====> Round 5, Epoch: 204 Average loss: 123.1322
====> Round 5, Epoch: 205 Average loss: 123.0991
====> Round 5, Epoch: 206 Average loss: 123.0761
====> Round 5, Epoch: 207 Average loss: 123.0179
====> Round 5, Epoch: 208 Average loss: 123.0070
====> Round 5, Epoch: 209 Average loss: 122.9668
====> Round 5, Epoch: 210 Average loss: 122.9430
====> Round 5, Epoch: 211 Average loss: 122.9058
====> Round 5, Epoch: 212 Average loss: 122.8915
====> Round 5, Epoch: 213 Average loss: 122.8632
====> Round 5, Epoch: 214 Average loss: 122.8261
====> Round 5, Epoch: 215 Average loss: 122.8062
====> Round 5, Epoch: 216 Average loss: 122.7787
====> Round 5, Epoch: 217 Average loss: 122.7672
====> Round 5, Epoch: 218 Average loss: 122.7241
====> Round 5, Epoch: 219 Average loss: 122.7190
====> Round 5, Epoch: 220 Average loss: 122.6960
====> Round 5, Epoch: 221 Average loss: 122.6570
====> Round 5, Epoch: 222 Average loss: 122.6129
====> Round 5, Epoch: 223 Average loss: 122.6103
====> Round 5, Epoch: 224 Average loss: 122.5717
====> Round 5, Epoch: 225 Average loss: 122.5417
====> Round 5, Epoch: 226 Average loss: 122.5484
====> Round 5, Epoch: 227 Average loss: 122.4864
====> Round 5, Epoch: 228 Average loss: 122.4507
====> Round 5, Epoch: 229 Average loss: 122.4485
====> Round 5, Epoch: 230 Average loss: 122.4028
====> Round 5, Epoch: 231 Average loss: 122.4136
====> Round 5, Epoch: 232 Average loss: 122.3900
====> Round 5, Epoch: 233 Average loss: 122.3261
====> Round 5, Epoch: 234 Average loss: 122.3042
====> Round 5, Epoch: 235 Average loss: 122.2875
====> Round 5, Epoch: 236 Average loss: 122.2793
====> Round 5, Epoch: 237 Average loss: 122.2497
====> Round 5, Epoch: 238 Average loss: 122.2475
====> Round 5, Epoch: 239 Average loss: 122.2283
====> Round 5, Epoch: 240 Average loss: 122.1800
====> Round 5, Epoch: 241 Average loss: 122.1424
====> Round 5, Epoch: 242 Average loss: 122.1268
2020-04-21 17:58:53.827832
====> Round 5 Test set loss: 118.0246