Training on GPU
2020-04-22 08:14:30.962582
Train Epoch: 1 [0/24345 (0%)]	Loss: 542.409473
====> Epoch: 1 Average loss: 185.3769
====> Test set loss: 165.9135
Train Epoch: 2 [0/24345 (0%)]	Loss: 189.718994
====> Epoch: 2 Average loss: 167.9199
Train Epoch: 3 [0/24345 (0%)]	Loss: 179.048438
====> Epoch: 3 Average loss: 161.3358
Train Epoch: 4 [0/24345 (0%)]	Loss: 181.985938
====> Epoch: 4 Average loss: 157.4362
Train Epoch: 5 [0/24345 (0%)]	Loss: 158.164844
====> Epoch: 5 Average loss: 153.2415
Train Epoch: 6 [0/24345 (0%)]	Loss: 126.494287
====> Epoch: 6 Average loss: 150.3269
Train Epoch: 7 [0/24345 (0%)]	Loss: 140.495654
====> Epoch: 7 Average loss: 148.4995
Train Epoch: 8 [0/24345 (0%)]	Loss: 147.000867
====> Epoch: 8 Average loss: 146.7259
Train Epoch: 9 [0/24345 (0%)]	Loss: 139.635181
====> Epoch: 9 Average loss: 145.2823
Train Epoch: 10 [0/24345 (0%)]	Loss: 135.133948
====> Epoch: 10 Average loss: 144.0934
Train Epoch: 11 [0/24345 (0%)]	Loss: 148.305029
====> Epoch: 11 Average loss: 143.1281
Train Epoch: 12 [0/24345 (0%)]	Loss: 143.095557
====> Epoch: 12 Average loss: 142.2691
Train Epoch: 13 [0/24345 (0%)]	Loss: 149.900671
====> Epoch: 13 Average loss: 141.4439
Train Epoch: 14 [0/24345 (0%)]	Loss: 130.606665
====> Epoch: 14 Average loss: 140.6917
Train Epoch: 15 [0/24345 (0%)]	Loss: 153.645288
====> Epoch: 15 Average loss: 139.9161
Train Epoch: 16 [0/24345 (0%)]	Loss: 126.752783
====> Epoch: 16 Average loss: 139.2441
Train Epoch: 17 [0/24345 (0%)]	Loss: 139.384802
====> Epoch: 17 Average loss: 138.5628
Train Epoch: 18 [0/24345 (0%)]	Loss: 165.049597
====> Epoch: 18 Average loss: 137.7984
Train Epoch: 19 [0/24345 (0%)]	Loss: 131.873047
====> Epoch: 19 Average loss: 137.0903
Train Epoch: 20 [0/24345 (0%)]	Loss: 142.367896
====> Epoch: 20 Average loss: 136.3497
Train Epoch: 21 [0/24345 (0%)]	Loss: 127.945142
====> Epoch: 21 Average loss: 135.5989
Train Epoch: 22 [0/24345 (0%)]	Loss: 137.571655
====> Epoch: 22 Average loss: 134.9134
Train Epoch: 23 [0/24345 (0%)]	Loss: 124.081189
====> Epoch: 23 Average loss: 134.2314
Train Epoch: 24 [0/24345 (0%)]	Loss: 137.880713
====> Epoch: 24 Average loss: 133.5979
Train Epoch: 25 [0/24345 (0%)]	Loss: 147.894495
====> Epoch: 25 Average loss: 132.9537
Train Epoch: 26 [0/24345 (0%)]	Loss: 121.403430
====> Epoch: 26 Average loss: 132.3947
Train Epoch: 27 [0/24345 (0%)]	Loss: 137.710217
====> Epoch: 27 Average loss: 131.8027
Train Epoch: 28 [0/24345 (0%)]	Loss: 117.781592
====> Epoch: 28 Average loss: 131.2683
Train Epoch: 29 [0/24345 (0%)]	Loss: 135.516162
====> Epoch: 29 Average loss: 130.8181
Train Epoch: 30 [0/24345 (0%)]	Loss: 138.637793
====> Epoch: 30 Average loss: 130.3216
Train Epoch: 31 [0/24345 (0%)]	Loss: 132.473291
====> Epoch: 31 Average loss: 129.8872
Train Epoch: 32 [0/24345 (0%)]	Loss: 117.158545
====> Epoch: 32 Average loss: 129.4549
Train Epoch: 33 [0/24345 (0%)]	Loss: 109.542712
====> Epoch: 33 Average loss: 129.0637
Train Epoch: 34 [0/24345 (0%)]	Loss: 131.420142
====> Epoch: 34 Average loss: 128.7017
Train Epoch: 35 [0/24345 (0%)]	Loss: 142.034973
====> Epoch: 35 Average loss: 128.3570
Train Epoch: 36 [0/24345 (0%)]	Loss: 119.806226
====> Epoch: 36 Average loss: 128.0368
Train Epoch: 37 [0/24345 (0%)]	Loss: 132.801245
====> Epoch: 37 Average loss: 127.7314
Train Epoch: 38 [0/24345 (0%)]	Loss: 133.737549
====> Epoch: 38 Average loss: 127.3971
Train Epoch: 39 [0/24345 (0%)]	Loss: 128.914233
====> Epoch: 39 Average loss: 127.1426
Train Epoch: 40 [0/24345 (0%)]	Loss: 131.277124
====> Epoch: 40 Average loss: 126.8626
Train Epoch: 41 [0/24345 (0%)]	Loss: 124.925012
====> Epoch: 41 Average loss: 126.5660
Train Epoch: 42 [0/24345 (0%)]	Loss: 134.272302
====> Epoch: 42 Average loss: 126.3074
Train Epoch: 43 [0/24345 (0%)]	Loss: 144.669897
====> Epoch: 43 Average loss: 126.0486
Train Epoch: 44 [0/24345 (0%)]	Loss: 127.847534
====> Epoch: 44 Average loss: 125.8223
Train Epoch: 45 [0/24345 (0%)]	Loss: 126.888525
====> Epoch: 45 Average loss: 125.5766
Train Epoch: 46 [0/24345 (0%)]	Loss: 126.849109
====> Epoch: 46 Average loss: 125.3428
Train Epoch: 47 [0/24345 (0%)]	Loss: 124.269604
====> Epoch: 47 Average loss: 125.1096
Train Epoch: 48 [0/24345 (0%)]	Loss: 121.778479
====> Epoch: 48 Average loss: 124.8661
Train Epoch: 49 [0/24345 (0%)]	Loss: 124.498047
====> Epoch: 49 Average loss: 124.6279
Train Epoch: 50 [0/24345 (0%)]	Loss: 125.987244
====> Epoch: 50 Average loss: 124.4556
Train Epoch: 51 [0/24345 (0%)]	Loss: 125.184692
====> Epoch: 51 Average loss: 124.2528
====> Test set loss: 118.9966
Train Epoch: 52 [0/24345 (0%)]	Loss: 112.806274
====> Epoch: 52 Average loss: 124.0138
Train Epoch: 53 [0/24345 (0%)]	Loss: 126.457861
====> Epoch: 53 Average loss: 123.8213
Train Epoch: 54 [0/24345 (0%)]	Loss: 133.589917
====> Epoch: 54 Average loss: 123.6508
Train Epoch: 55 [0/24345 (0%)]	Loss: 127.088684
====> Epoch: 55 Average loss: 123.4716
Train Epoch: 56 [0/24345 (0%)]	Loss: 120.391174
====> Epoch: 56 Average loss: 123.2527
Train Epoch: 57 [0/24345 (0%)]	Loss: 114.555359
====> Epoch: 57 Average loss: 123.0575
Train Epoch: 58 [0/24345 (0%)]	Loss: 127.881714
====> Epoch: 58 Average loss: 122.8685
Train Epoch: 59 [0/24345 (0%)]	Loss: 118.105896
====> Epoch: 59 Average loss: 122.7147
Train Epoch: 60 [0/24345 (0%)]	Loss: 119.900488
====> Epoch: 60 Average loss: 122.5181
Train Epoch: 61 [0/24345 (0%)]	Loss: 134.833813
====> Epoch: 61 Average loss: 122.3735
Train Epoch: 62 [0/24345 (0%)]	Loss: 107.338733
====> Epoch: 62 Average loss: 122.2216
Train Epoch: 63 [0/24345 (0%)]	Loss: 109.204395
====> Epoch: 63 Average loss: 122.0560
Train Epoch: 64 [0/24345 (0%)]	Loss: 128.711206
====> Epoch: 64 Average loss: 121.8889
Train Epoch: 65 [0/24345 (0%)]	Loss: 138.643945
====> Epoch: 65 Average loss: 121.7193
Train Epoch: 66 [0/24345 (0%)]	Loss: 115.143530
====> Epoch: 66 Average loss: 121.5697
Train Epoch: 67 [0/24345 (0%)]	Loss: 123.451233
====> Epoch: 67 Average loss: 121.4725
Train Epoch: 68 [0/24345 (0%)]	Loss: 114.739441
====> Epoch: 68 Average loss: 121.3376
Train Epoch: 69 [0/24345 (0%)]	Loss: 127.810645
====> Epoch: 69 Average loss: 121.1894
Train Epoch: 70 [0/24345 (0%)]	Loss: 141.235742
====> Epoch: 70 Average loss: 121.0178
Train Epoch: 71 [0/24345 (0%)]	Loss: 133.775330
====> Epoch: 71 Average loss: 120.8947
Train Epoch: 72 [0/24345 (0%)]	Loss: 123.496252
====> Epoch: 72 Average loss: 120.8009
Train Epoch: 73 [0/24345 (0%)]	Loss: 118.151562
====> Epoch: 73 Average loss: 120.6256
Train Epoch: 74 [0/24345 (0%)]	Loss: 112.665186
====> Epoch: 74 Average loss: 120.5525
Train Epoch: 75 [0/24345 (0%)]	Loss: 105.553198
====> Epoch: 75 Average loss: 120.3815
Train Epoch: 76 [0/24345 (0%)]	Loss: 122.142456
====> Epoch: 76 Average loss: 120.2586
Train Epoch: 77 [0/24345 (0%)]	Loss: 118.880188
====> Epoch: 77 Average loss: 120.1601
Train Epoch: 78 [0/24345 (0%)]	Loss: 141.241016
====> Epoch: 78 Average loss: 120.0601
Train Epoch: 79 [0/24345 (0%)]	Loss: 120.922546
====> Epoch: 79 Average loss: 119.9276
Train Epoch: 80 [0/24345 (0%)]	Loss: 101.728564
====> Epoch: 80 Average loss: 119.8321
Train Epoch: 81 [0/24345 (0%)]	Loss: 142.047461
====> Epoch: 81 Average loss: 119.7096
Train Epoch: 82 [0/24345 (0%)]	Loss: 128.183594
====> Epoch: 82 Average loss: 119.6091
Train Epoch: 83 [0/24345 (0%)]	Loss: 122.506274
====> Epoch: 83 Average loss: 119.4965
Train Epoch: 84 [0/24345 (0%)]	Loss: 113.351941
====> Epoch: 84 Average loss: 119.4056
Train Epoch: 85 [0/24345 (0%)]	Loss: 108.749463
====> Epoch: 85 Average loss: 119.3247
Train Epoch: 86 [0/24345 (0%)]	Loss: 104.676660
====> Epoch: 86 Average loss: 119.2106
Train Epoch: 87 [0/24345 (0%)]	Loss: 112.009546
====> Epoch: 87 Average loss: 119.1025
Train Epoch: 88 [0/24345 (0%)]	Loss: 128.010681
====> Epoch: 88 Average loss: 119.0414
Train Epoch: 89 [0/24345 (0%)]	Loss: 130.348755
====> Epoch: 89 Average loss: 118.9284
Train Epoch: 90 [0/24345 (0%)]	Loss: 133.528882
====> Epoch: 90 Average loss: 118.8587
Train Epoch: 91 [0/24345 (0%)]	Loss: 114.948364
====> Epoch: 91 Average loss: 118.7676
Train Epoch: 92 [0/24345 (0%)]	Loss: 125.937915
====> Epoch: 92 Average loss: 118.6719
Train Epoch: 93 [0/24345 (0%)]	Loss: 114.835107
====> Epoch: 93 Average loss: 118.5834
Train Epoch: 94 [0/24345 (0%)]	Loss: 119.610742
====> Epoch: 94 Average loss: 118.4846
Train Epoch: 95 [0/24345 (0%)]	Loss: 126.748596
====> Epoch: 95 Average loss: 118.4321
Train Epoch: 96 [0/24345 (0%)]	Loss: 109.546851
====> Epoch: 96 Average loss: 118.3385
Train Epoch: 97 [0/24345 (0%)]	Loss: 125.692407
====> Epoch: 97 Average loss: 118.2389
Train Epoch: 98 [0/24345 (0%)]	Loss: 124.323987
====> Epoch: 98 Average loss: 118.1998
Train Epoch: 99 [0/24345 (0%)]	Loss: 118.117529
====> Epoch: 99 Average loss: 118.1143
Train Epoch: 100 [0/24345 (0%)]	Loss: 119.707837
====> Epoch: 100 Average loss: 118.0221
Train Epoch: 101 [0/24345 (0%)]	Loss: 105.933594
====> Epoch: 101 Average loss: 117.9598
====> Test set loss: 113.2581
Train Epoch: 102 [0/24345 (0%)]	Loss: 104.296033
====> Epoch: 102 Average loss: 117.9046
Train Epoch: 103 [0/24345 (0%)]	Loss: 110.093884
====> Epoch: 103 Average loss: 117.8084
Train Epoch: 104 [0/24345 (0%)]	Loss: 117.127991
====> Epoch: 104 Average loss: 117.7439
Train Epoch: 105 [0/24345 (0%)]	Loss: 111.921289
====> Epoch: 105 Average loss: 117.6750
Train Epoch: 106 [0/24345 (0%)]	Loss: 121.213574
====> Epoch: 106 Average loss: 117.6342
Train Epoch: 107 [0/24345 (0%)]	Loss: 100.053400
====> Epoch: 107 Average loss: 117.5390
Train Epoch: 108 [0/24345 (0%)]	Loss: 115.870215
====> Epoch: 108 Average loss: 117.4619
Train Epoch: 109 [0/24345 (0%)]	Loss: 125.315466
====> Epoch: 109 Average loss: 117.4085
Train Epoch: 110 [0/24345 (0%)]	Loss: 112.116125
====> Epoch: 110 Average loss: 117.3314
Train Epoch: 111 [0/24345 (0%)]	Loss: 122.058789
====> Epoch: 111 Average loss: 117.3102
Train Epoch: 112 [0/24345 (0%)]	Loss: 112.844946
====> Epoch: 112 Average loss: 117.2284
Train Epoch: 113 [0/24345 (0%)]	Loss: 112.328589
====> Epoch: 113 Average loss: 117.1491
Train Epoch: 114 [0/24345 (0%)]	Loss: 128.287158
====> Epoch: 114 Average loss: 117.0971
Train Epoch: 115 [0/24345 (0%)]	Loss: 117.584668
====> Epoch: 115 Average loss: 117.0844
Train Epoch: 116 [0/24345 (0%)]	Loss: 120.203052
====> Epoch: 116 Average loss: 117.0100
Train Epoch: 117 [0/24345 (0%)]	Loss: 111.471265
====> Epoch: 117 Average loss: 116.9127
Train Epoch: 118 [0/24345 (0%)]	Loss: 113.792114
====> Epoch: 118 Average loss: 116.9093
Train Epoch: 119 [0/24345 (0%)]	Loss: 114.345605
====> Epoch: 119 Average loss: 116.8332
Train Epoch: 120 [0/24345 (0%)]	Loss: 114.711450
====> Epoch: 120 Average loss: 116.7357
Train Epoch: 121 [0/24345 (0%)]	Loss: 101.396729
====> Epoch: 121 Average loss: 116.7232
Train Epoch: 122 [0/24345 (0%)]	Loss: 95.541003
====> Epoch: 122 Average loss: 116.6474
Train Epoch: 123 [0/24345 (0%)]	Loss: 118.392517
====> Epoch: 123 Average loss: 116.5769
Train Epoch: 124 [0/24345 (0%)]	Loss: 117.852051
====> Epoch: 124 Average loss: 116.5590
Train Epoch: 125 [0/24345 (0%)]	Loss: 109.170288
====> Epoch: 125 Average loss: 116.4773
Train Epoch: 126 [0/24345 (0%)]	Loss: 115.169141
====> Epoch: 126 Average loss: 116.4585
Train Epoch: 127 [0/24345 (0%)]	Loss: 124.363367
====> Epoch: 127 Average loss: 116.3634
Train Epoch: 128 [0/24345 (0%)]	Loss: 124.655859
====> Epoch: 128 Average loss: 116.3863
Train Epoch: 129 [0/24345 (0%)]	Loss: 114.730835
====> Epoch: 129 Average loss: 116.3294
Train Epoch: 130 [0/24345 (0%)]	Loss: 113.305359
====> Epoch: 130 Average loss: 116.2727
Train Epoch: 131 [0/24345 (0%)]	Loss: 126.332288
====> Epoch: 131 Average loss: 116.1843
Train Epoch: 132 [0/24345 (0%)]	Loss: 129.910937
====> Epoch: 132 Average loss: 116.1466
Train Epoch: 133 [0/24345 (0%)]	Loss: 108.238159
====> Epoch: 133 Average loss: 116.1103
Train Epoch: 134 [0/24345 (0%)]	Loss: 115.968970
====> Epoch: 134 Average loss: 116.0705
Train Epoch: 135 [0/24345 (0%)]	Loss: 104.728406
====> Epoch: 135 Average loss: 116.0430
Train Epoch: 136 [0/24345 (0%)]	Loss: 125.789941
====> Epoch: 136 Average loss: 115.9746
Train Epoch: 137 [0/24345 (0%)]	Loss: 112.702942
====> Epoch: 137 Average loss: 115.9390
Train Epoch: 138 [0/24345 (0%)]	Loss: 131.832715
====> Epoch: 138 Average loss: 115.8633
Train Epoch: 139 [0/24345 (0%)]	Loss: 133.502490
====> Epoch: 139 Average loss: 115.8562
Train Epoch: 140 [0/24345 (0%)]	Loss: 102.037817
====> Epoch: 140 Average loss: 115.8242
Train Epoch: 141 [0/24345 (0%)]	Loss: 136.273071
====> Epoch: 141 Average loss: 115.7706
Train Epoch: 142 [0/24345 (0%)]	Loss: 125.496863
====> Epoch: 142 Average loss: 115.6958
Train Epoch: 143 [0/24345 (0%)]	Loss: 122.145581
====> Epoch: 143 Average loss: 115.6586
Train Epoch: 144 [0/24345 (0%)]	Loss: 105.854468
====> Epoch: 144 Average loss: 115.6358
Train Epoch: 145 [0/24345 (0%)]	Loss: 121.605444
====> Epoch: 145 Average loss: 115.5835
Train Epoch: 146 [0/24345 (0%)]	Loss: 126.212109
====> Epoch: 146 Average loss: 115.5571
Train Epoch: 147 [0/24345 (0%)]	Loss: 112.992468
====> Epoch: 147 Average loss: 115.5400
Train Epoch: 148 [0/24345 (0%)]	Loss: 125.902441
====> Epoch: 148 Average loss: 115.5374
Train Epoch: 149 [0/24345 (0%)]	Loss: 112.621631
====> Epoch: 149 Average loss: 115.4365
Train Epoch: 150 [0/24345 (0%)]	Loss: 110.764160
====> Epoch: 150 Average loss: 115.3933
Train Epoch: 151 [0/24345 (0%)]	Loss: 106.956946
====> Epoch: 151 Average loss: 115.3509
====> Test set loss: 110.9548
Train Epoch: 152 [0/24345 (0%)]	Loss: 115.044763
====> Epoch: 152 Average loss: 115.3284
Train Epoch: 153 [0/24345 (0%)]	Loss: 126.718262
====> Epoch: 153 Average loss: 115.3098
Train Epoch: 154 [0/24345 (0%)]	Loss: 109.707544
====> Epoch: 154 Average loss: 115.2326
Train Epoch: 155 [0/24345 (0%)]	Loss: 123.507202
====> Epoch: 155 Average loss: 115.2174
Train Epoch: 156 [0/24345 (0%)]	Loss: 109.234448
====> Epoch: 156 Average loss: 115.1636
Train Epoch: 157 [0/24345 (0%)]	Loss: 100.612439
====> Epoch: 157 Average loss: 115.1213
Train Epoch: 158 [0/24345 (0%)]	Loss: 110.550354
====> Epoch: 158 Average loss: 115.1127
Train Epoch: 159 [0/24345 (0%)]	Loss: 105.547778
====> Epoch: 159 Average loss: 115.0474
Train Epoch: 160 [0/24345 (0%)]	Loss: 89.971924
====> Epoch: 160 Average loss: 115.0394
Train Epoch: 161 [0/24345 (0%)]	Loss: 117.300928
====> Epoch: 161 Average loss: 115.0519
Train Epoch: 162 [0/24345 (0%)]	Loss: 114.275366
====> Epoch: 162 Average loss: 114.9923
Train Epoch: 163 [0/24345 (0%)]	Loss: 121.192822
====> Epoch: 163 Average loss: 114.9277
Train Epoch: 164 [0/24345 (0%)]	Loss: 114.501416
====> Epoch: 164 Average loss: 114.9135
Train Epoch: 165 [0/24345 (0%)]	Loss: 108.460828
====> Epoch: 165 Average loss: 114.8929
Train Epoch: 166 [0/24345 (0%)]	Loss: 122.927197
====> Epoch: 166 Average loss: 114.8247
Train Epoch: 167 [0/24345 (0%)]	Loss: 97.589380
====> Epoch: 167 Average loss: 114.8370
Train Epoch: 168 [0/24345 (0%)]	Loss: 127.238843
====> Epoch: 168 Average loss: 114.7911
Train Epoch: 169 [0/24345 (0%)]	Loss: 109.086096
====> Epoch: 169 Average loss: 114.7571
Train Epoch: 170 [0/24345 (0%)]	Loss: 120.228345
====> Epoch: 170 Average loss: 114.7401
Train Epoch: 171 [0/24345 (0%)]	Loss: 107.420532
====> Epoch: 171 Average loss: 114.6930
Train Epoch: 172 [0/24345 (0%)]	Loss: 106.563025
====> Epoch: 172 Average loss: 114.6901
Train Epoch: 173 [0/24345 (0%)]	Loss: 102.601685
====> Epoch: 173 Average loss: 114.6720
Train Epoch: 174 [0/24345 (0%)]	Loss: 101.407013
====> Epoch: 174 Average loss: 114.5703
Train Epoch: 175 [0/24345 (0%)]	Loss: 115.932458
====> Epoch: 175 Average loss: 114.5899
Train Epoch: 176 [0/24345 (0%)]	Loss: 105.904712
====> Epoch: 176 Average loss: 114.5761
Train Epoch: 177 [0/24345 (0%)]	Loss: 111.229956
====> Epoch: 177 Average loss: 114.5319
Train Epoch: 178 [0/24345 (0%)]	Loss: 109.260181
====> Epoch: 178 Average loss: 114.5026
Train Epoch: 179 [0/24345 (0%)]	Loss: 110.609497
====> Epoch: 179 Average loss: 114.4819
Train Epoch: 180 [0/24345 (0%)]	Loss: 102.822131
====> Epoch: 180 Average loss: 114.4519
Train Epoch: 181 [0/24345 (0%)]	Loss: 100.572559
====> Epoch: 181 Average loss: 114.4106
Train Epoch: 182 [0/24345 (0%)]	Loss: 117.489209
====> Epoch: 182 Average loss: 114.4155
Train Epoch: 183 [0/24345 (0%)]	Loss: 102.822266
====> Epoch: 183 Average loss: 114.3465
Train Epoch: 184 [0/24345 (0%)]	Loss: 124.766553
====> Epoch: 184 Average loss: 114.3526
Train Epoch: 185 [0/24345 (0%)]	Loss: 119.410583
====> Epoch: 185 Average loss: 114.3064
Train Epoch: 186 [0/24345 (0%)]	Loss: 130.869373
====> Epoch: 186 Average loss: 114.3107
Train Epoch: 187 [0/24345 (0%)]	Loss: 109.266675
====> Epoch: 187 Average loss: 114.2815
Train Epoch: 188 [0/24345 (0%)]	Loss: 114.022363
====> Epoch: 188 Average loss: 114.2286
Train Epoch: 189 [0/24345 (0%)]	Loss: 106.622974
====> Epoch: 189 Average loss: 114.2152
Train Epoch: 190 [0/24345 (0%)]	Loss: 120.849438
====> Epoch: 190 Average loss: 114.1863
Train Epoch: 191 [0/24345 (0%)]	Loss: 102.045416
====> Epoch: 191 Average loss: 114.1645
Train Epoch: 192 [0/24345 (0%)]	Loss: 122.012305
====> Epoch: 192 Average loss: 114.1626
Train Epoch: 193 [0/24345 (0%)]	Loss: 103.310022
====> Epoch: 193 Average loss: 114.0830
Train Epoch: 194 [0/24345 (0%)]	Loss: 106.774170
====> Epoch: 194 Average loss: 114.1042
Train Epoch: 195 [0/24345 (0%)]	Loss: 110.374023
====> Epoch: 195 Average loss: 114.0634
Train Epoch: 196 [0/24345 (0%)]	Loss: 121.606384
====> Epoch: 196 Average loss: 114.0541
Train Epoch: 197 [0/24345 (0%)]	Loss: 106.595410
====> Epoch: 197 Average loss: 114.0169
Train Epoch: 198 [0/24345 (0%)]	Loss: 109.209912
====> Epoch: 198 Average loss: 114.0002
Train Epoch: 199 [0/24345 (0%)]	Loss: 127.760278
====> Epoch: 199 Average loss: 114.0039
Train Epoch: 200 [0/24345 (0%)]	Loss: 116.510986
====> Epoch: 200 Average loss: 113.9629
Train Epoch: 201 [0/24345 (0%)]	Loss: 124.299658
====> Epoch: 201 Average loss: 113.9395
====> Test set loss: 109.7637
Train Epoch: 202 [0/24345 (0%)]	Loss: 110.337756
====> Epoch: 202 Average loss: 113.9222
Train Epoch: 203 [0/24345 (0%)]	Loss: 108.410034
====> Epoch: 203 Average loss: 113.8746
Train Epoch: 204 [0/24345 (0%)]	Loss: 112.637195
====> Epoch: 204 Average loss: 113.8389
Train Epoch: 205 [0/24345 (0%)]	Loss: 117.108350
====> Epoch: 205 Average loss: 113.8710
Train Epoch: 206 [0/24345 (0%)]	Loss: 113.254834
====> Epoch: 206 Average loss: 113.8363
Train Epoch: 207 [0/24345 (0%)]	Loss: 113.150000
====> Epoch: 207 Average loss: 113.7974
Train Epoch: 208 [0/24345 (0%)]	Loss: 119.555322
====> Epoch: 208 Average loss: 113.8080
Train Epoch: 209 [0/24345 (0%)]	Loss: 123.303687
====> Epoch: 209 Average loss: 113.7735
Train Epoch: 210 [0/24345 (0%)]	Loss: 135.208081
====> Epoch: 210 Average loss: 113.7508
Train Epoch: 211 [0/24345 (0%)]	Loss: 114.847546
====> Epoch: 211 Average loss: 113.7070
Train Epoch: 212 [0/24345 (0%)]	Loss: 121.482935
====> Epoch: 212 Average loss: 113.7089
Train Epoch: 213 [0/24345 (0%)]	Loss: 108.370581
====> Epoch: 213 Average loss: 113.7013
Train Epoch: 214 [0/24345 (0%)]	Loss: 115.265894
====> Epoch: 214 Average loss: 113.6447
Train Epoch: 215 [0/24345 (0%)]	Loss: 104.813452
====> Epoch: 215 Average loss: 113.6141
Train Epoch: 216 [0/24345 (0%)]	Loss: 118.134753
====> Epoch: 216 Average loss: 113.6008
Train Epoch: 217 [0/24345 (0%)]	Loss: 102.354572
====> Epoch: 217 Average loss: 113.6213
Train Epoch: 218 [0/24345 (0%)]	Loss: 100.499963
====> Epoch: 218 Average loss: 113.5926
Train Epoch: 219 [0/24345 (0%)]	Loss: 113.039673
====> Epoch: 219 Average loss: 113.5884
Train Epoch: 220 [0/24345 (0%)]	Loss: 116.305652
====> Epoch: 220 Average loss: 113.5712
Train Epoch: 221 [0/24345 (0%)]	Loss: 103.207788
====> Epoch: 221 Average loss: 113.5172
Train Epoch: 222 [0/24345 (0%)]	Loss: 91.745056
====> Epoch: 222 Average loss: 113.5315
Train Epoch: 223 [0/24345 (0%)]	Loss: 102.976904
====> Epoch: 223 Average loss: 113.4644
Train Epoch: 224 [0/24345 (0%)]	Loss: 111.480859
====> Epoch: 224 Average loss: 113.4493
Train Epoch: 225 [0/24345 (0%)]	Loss: 110.623999
====> Epoch: 225 Average loss: 113.4565
Train Epoch: 226 [0/24345 (0%)]	Loss: 115.585120
====> Epoch: 226 Average loss: 113.4283
Train Epoch: 227 [0/24345 (0%)]	Loss: 113.209094
====> Epoch: 227 Average loss: 113.4277
Train Epoch: 228 [0/24345 (0%)]	Loss: 103.422668
====> Epoch: 228 Average loss: 113.3917
Train Epoch: 229 [0/24345 (0%)]	Loss: 101.898901
====> Epoch: 229 Average loss: 113.3891
Train Epoch: 230 [0/24345 (0%)]	Loss: 117.467261
====> Epoch: 230 Average loss: 113.3771
Train Epoch: 231 [0/24345 (0%)]	Loss: 105.274146
====> Epoch: 231 Average loss: 113.3410
Train Epoch: 232 [0/24345 (0%)]	Loss: 125.742920
====> Epoch: 232 Average loss: 113.3485
Train Epoch: 233 [0/24345 (0%)]	Loss: 120.751636
====> Epoch: 233 Average loss: 113.2834
Train Epoch: 234 [0/24345 (0%)]	Loss: 107.959741
====> Epoch: 234 Average loss: 113.2684
Train Epoch: 235 [0/24345 (0%)]	Loss: 111.592896
====> Epoch: 235 Average loss: 113.2847
Train Epoch: 236 [0/24345 (0%)]	Loss: 112.837598
====> Epoch: 236 Average loss: 113.2338
Train Epoch: 237 [0/24345 (0%)]	Loss: 96.087469
====> Epoch: 237 Average loss: 113.2489
Train Epoch: 238 [0/24345 (0%)]	Loss: 111.660925
====> Epoch: 238 Average loss: 113.2448
Train Epoch: 239 [0/24345 (0%)]	Loss: 115.953906
====> Epoch: 239 Average loss: 113.1771
Train Epoch: 240 [0/24345 (0%)]	Loss: 111.200854
====> Epoch: 240 Average loss: 113.1677
Train Epoch: 241 [0/24345 (0%)]	Loss: 95.907208
====> Epoch: 241 Average loss: 113.1505
Train Epoch: 242 [0/24345 (0%)]	Loss: 124.074463
====> Epoch: 242 Average loss: 113.1173
Train Epoch: 243 [0/24345 (0%)]	Loss: 107.784106
====> Epoch: 243 Average loss: 113.1108
Train Epoch: 244 [0/24345 (0%)]	Loss: 103.125574
====> Epoch: 244 Average loss: 113.1006
Train Epoch: 245 [0/24345 (0%)]	Loss: 108.878247
====> Epoch: 245 Average loss: 113.0836
Train Epoch: 246 [0/24345 (0%)]	Loss: 119.015283
====> Epoch: 246 Average loss: 113.0883
Train Epoch: 247 [0/24345 (0%)]	Loss: 122.342212
====> Epoch: 247 Average loss: 113.0639
Train Epoch: 248 [0/24345 (0%)]	Loss: 101.059430
====> Epoch: 248 Average loss: 113.0427
Train Epoch: 249 [0/24345 (0%)]	Loss: 124.743469
====> Epoch: 249 Average loss: 113.0283
Train Epoch: 250 [0/24345 (0%)]	Loss: 109.523730
====> Epoch: 250 Average loss: 112.9974
Train Epoch: 251 [0/24345 (0%)]	Loss: 108.669934
====> Epoch: 251 Average loss: 112.9775
====> Test set loss: 109.0693
Train Epoch: 252 [0/24345 (0%)]	Loss: 140.455420
====> Epoch: 252 Average loss: 112.9651
Train Epoch: 253 [0/24345 (0%)]	Loss: 113.813098
====> Epoch: 253 Average loss: 112.9564
Train Epoch: 254 [0/24345 (0%)]	Loss: 112.607507
====> Epoch: 254 Average loss: 112.9315
Train Epoch: 255 [0/24345 (0%)]	Loss: 106.428516
====> Epoch: 255 Average loss: 112.9198
Train Epoch: 256 [0/24345 (0%)]	Loss: 129.167334
====> Epoch: 256 Average loss: 112.8840
Train Epoch: 257 [0/24345 (0%)]	Loss: 127.522131
====> Epoch: 257 Average loss: 112.9351
Train Epoch: 258 [0/24345 (0%)]	Loss: 114.087732
====> Epoch: 258 Average loss: 112.8756
Train Epoch: 259 [0/24345 (0%)]	Loss: 99.145569
====> Epoch: 259 Average loss: 112.8621
Train Epoch: 260 [0/24345 (0%)]	Loss: 106.206396
====> Epoch: 260 Average loss: 112.8621
Train Epoch: 261 [0/24345 (0%)]	Loss: 113.981042
====> Epoch: 261 Average loss: 112.8314
Train Epoch: 262 [0/24345 (0%)]	Loss: 109.975867
====> Epoch: 262 Average loss: 112.8119
Train Epoch: 263 [0/24345 (0%)]	Loss: 105.380664
====> Epoch: 263 Average loss: 112.8446
Train Epoch: 264 [0/24345 (0%)]	Loss: 118.730481
====> Epoch: 264 Average loss: 112.7779
Train Epoch: 265 [0/24345 (0%)]	Loss: 121.368726
====> Epoch: 265 Average loss: 112.7724
Train Epoch: 266 [0/24345 (0%)]	Loss: 105.755591
====> Epoch: 266 Average loss: 112.7560
Train Epoch: 267 [0/24345 (0%)]	Loss: 123.785999
====> Epoch: 267 Average loss: 112.7583
Train Epoch: 268 [0/24345 (0%)]	Loss: 116.448376
====> Epoch: 268 Average loss: 112.7459
Train Epoch: 269 [0/24345 (0%)]	Loss: 103.296204
====> Epoch: 269 Average loss: 112.7085
Train Epoch: 270 [0/24345 (0%)]	Loss: 115.408545
====> Epoch: 270 Average loss: 112.6987
Train Epoch: 271 [0/24345 (0%)]	Loss: 117.561255
====> Epoch: 271 Average loss: 112.6783
Train Epoch: 272 [0/24345 (0%)]	Loss: 113.929163
====> Epoch: 272 Average loss: 112.6833
Train Epoch: 273 [0/24345 (0%)]	Loss: 129.702429
====> Epoch: 273 Average loss: 112.6637
Train Epoch: 274 [0/24345 (0%)]	Loss: 121.342664
====> Epoch: 274 Average loss: 112.6288
Train Epoch: 275 [0/24345 (0%)]	Loss: 109.731763
====> Epoch: 275 Average loss: 112.6355
Train Epoch: 276 [0/24345 (0%)]	Loss: 103.966748
====> Epoch: 276 Average loss: 112.5907
Train Epoch: 277 [0/24345 (0%)]	Loss: 126.366162
====> Epoch: 277 Average loss: 112.6170
Train Epoch: 278 [0/24345 (0%)]	Loss: 113.858032
====> Epoch: 278 Average loss: 112.6104
Train Epoch: 279 [0/24345 (0%)]	Loss: 127.113147
====> Epoch: 279 Average loss: 112.5625
Train Epoch: 280 [0/24345 (0%)]	Loss: 114.803259
====> Epoch: 280 Average loss: 112.5585
Train Epoch: 281 [0/24345 (0%)]	Loss: 141.176099
====> Epoch: 281 Average loss: 112.5769
Train Epoch: 282 [0/24345 (0%)]	Loss: 107.973901
====> Epoch: 282 Average loss: 112.5211
Train Epoch: 283 [0/24345 (0%)]	Loss: 121.436096
====> Epoch: 283 Average loss: 112.5371
Train Epoch: 284 [0/24345 (0%)]	Loss: 111.094531
====> Epoch: 284 Average loss: 112.5127
Train Epoch: 285 [0/24345 (0%)]	Loss: 107.454761
====> Epoch: 285 Average loss: 112.5021
Train Epoch: 286 [0/24345 (0%)]	Loss: 112.911877
====> Epoch: 286 Average loss: 112.5058
Train Epoch: 287 [0/24345 (0%)]	Loss: 108.462903
====> Epoch: 287 Average loss: 112.4850
Train Epoch: 288 [0/24345 (0%)]	Loss: 102.215735
====> Epoch: 288 Average loss: 112.4644
Train Epoch: 289 [0/24345 (0%)]	Loss: 109.644324
====> Epoch: 289 Average loss: 112.4885
Train Epoch: 290 [0/24345 (0%)]	Loss: 104.124475
====> Epoch: 290 Average loss: 112.4169
Train Epoch: 291 [0/24345 (0%)]	Loss: 101.147595
====> Epoch: 291 Average loss: 112.4548
Train Epoch: 292 [0/24345 (0%)]	Loss: 117.667395
====> Epoch: 292 Average loss: 112.4389
Train Epoch: 293 [0/24345 (0%)]	Loss: 114.690051
====> Epoch: 293 Average loss: 112.4195
Train Epoch: 294 [0/24345 (0%)]	Loss: 124.099207
====> Epoch: 294 Average loss: 112.3800
Train Epoch: 295 [0/24345 (0%)]	Loss: 118.015601
====> Epoch: 295 Average loss: 112.3714
Train Epoch: 296 [0/24345 (0%)]	Loss: 118.584009
====> Epoch: 296 Average loss: 112.3875
Train Epoch: 297 [0/24345 (0%)]	Loss: 118.667261
====> Epoch: 297 Average loss: 112.3782
Train Epoch: 298 [0/24345 (0%)]	Loss: 107.168811
====> Epoch: 298 Average loss: 112.3500
Train Epoch: 299 [0/24345 (0%)]	Loss: 111.277002
====> Epoch: 299 Average loss: 112.3327
Train Epoch: 300 [0/24345 (0%)]	Loss: 108.473975
====> Epoch: 300 Average loss: 112.3026
Train Epoch: 301 [0/24345 (0%)]	Loss: 107.907178
====> Epoch: 301 Average loss: 112.3248
====> Test set loss: 108.6108
Train Epoch: 302 [0/24345 (0%)]	Loss: 112.686914
====> Epoch: 302 Average loss: 112.2893
Train Epoch: 303 [0/24345 (0%)]	Loss: 95.232599
====> Epoch: 303 Average loss: 112.3091
Train Epoch: 304 [0/24345 (0%)]	Loss: 122.182019
====> Epoch: 304 Average loss: 112.2835
Train Epoch: 305 [0/24345 (0%)]	Loss: 102.445312
====> Epoch: 305 Average loss: 112.2553
Train Epoch: 306 [0/24345 (0%)]	Loss: 112.901819
====> Epoch: 306 Average loss: 112.2823
Train Epoch: 307 [0/24345 (0%)]	Loss: 112.010937
====> Epoch: 307 Average loss: 112.2234
Train Epoch: 308 [0/24345 (0%)]	Loss: 117.831812
====> Epoch: 308 Average loss: 112.2634
Train Epoch: 309 [0/24345 (0%)]	Loss: 117.706128
====> Epoch: 309 Average loss: 112.2122
Train Epoch: 310 [0/24345 (0%)]	Loss: 112.601978
====> Epoch: 310 Average loss: 112.2066
Train Epoch: 311 [0/24345 (0%)]	Loss: 120.479712
====> Epoch: 311 Average loss: 112.1980
Train Epoch: 312 [0/24345 (0%)]	Loss: 101.263965
====> Epoch: 312 Average loss: 112.1884
Train Epoch: 313 [0/24345 (0%)]	Loss: 107.360229
====> Epoch: 313 Average loss: 112.1929
Train Epoch: 314 [0/24345 (0%)]	Loss: 112.443604
====> Epoch: 314 Average loss: 112.1578
Train Epoch: 315 [0/24345 (0%)]	Loss: 124.118726
====> Epoch: 315 Average loss: 112.1764
Train Epoch: 316 [0/24345 (0%)]	Loss: 99.059930
====> Epoch: 316 Average loss: 112.1581
Train Epoch: 317 [0/24345 (0%)]	Loss: 101.701752
====> Epoch: 317 Average loss: 112.0956
Train Epoch: 318 [0/24345 (0%)]	Loss: 99.892273
====> Epoch: 318 Average loss: 112.1513
Train Epoch: 319 [0/24345 (0%)]	Loss: 111.700952
====> Epoch: 319 Average loss: 112.1251
Train Epoch: 320 [0/24345 (0%)]	Loss: 128.801099
====> Epoch: 320 Average loss: 112.0827
Train Epoch: 321 [0/24345 (0%)]	Loss: 95.216211
====> Epoch: 321 Average loss: 112.1043
Train Epoch: 322 [0/24345 (0%)]	Loss: 109.118994
====> Epoch: 322 Average loss: 112.1123
Train Epoch: 323 [0/24345 (0%)]	Loss: 111.280981
====> Epoch: 323 Average loss: 112.1042
Train Epoch: 324 [0/24345 (0%)]	Loss: 108.125903
====> Epoch: 324 Average loss: 112.0608
Train Epoch: 325 [0/24345 (0%)]	Loss: 106.515942
====> Epoch: 325 Average loss: 112.0620
Train Epoch: 326 [0/24345 (0%)]	Loss: 130.229224
====> Epoch: 326 Average loss: 112.0886
Train Epoch: 327 [0/24345 (0%)]	Loss: 107.731628
====> Epoch: 327 Average loss: 112.0445
Train Epoch: 328 [0/24345 (0%)]	Loss: 115.871082
====> Epoch: 328 Average loss: 112.0539
Train Epoch: 329 [0/24345 (0%)]	Loss: 109.697742
====> Epoch: 329 Average loss: 112.0275
Train Epoch: 330 [0/24345 (0%)]	Loss: 100.800952
====> Epoch: 330 Average loss: 112.0138
Train Epoch: 331 [0/24345 (0%)]	Loss: 124.806592
====> Epoch: 331 Average loss: 111.9996
Train Epoch: 332 [0/24345 (0%)]	Loss: 110.823218
====> Epoch: 332 Average loss: 111.9987
Train Epoch: 333 [0/24345 (0%)]	Loss: 115.041052
====> Epoch: 333 Average loss: 111.9688
Train Epoch: 334 [0/24345 (0%)]	Loss: 111.426538
====> Epoch: 334 Average loss: 111.9705
Train Epoch: 335 [0/24345 (0%)]	Loss: 106.497388
====> Epoch: 335 Average loss: 111.9378
Train Epoch: 336 [0/24345 (0%)]	Loss: 112.700537
====> Epoch: 336 Average loss: 111.9357
Train Epoch: 337 [0/24345 (0%)]	Loss: 101.274084
====> Epoch: 337 Average loss: 111.9270
Train Epoch: 338 [0/24345 (0%)]	Loss: 107.272156
====> Epoch: 338 Average loss: 111.9752
Train Epoch: 339 [0/24345 (0%)]	Loss: 127.591565
====> Epoch: 339 Average loss: 111.9530
Train Epoch: 340 [0/24345 (0%)]	Loss: 112.905920
====> Epoch: 340 Average loss: 111.9290
Train Epoch: 341 [0/24345 (0%)]	Loss: 109.242407
====> Epoch: 341 Average loss: 111.9145
Train Epoch: 342 [0/24345 (0%)]	Loss: 125.027637
====> Epoch: 342 Average loss: 111.9177
Train Epoch: 343 [0/24345 (0%)]	Loss: 109.146777
====> Epoch: 343 Average loss: 111.9138
Train Epoch: 344 [0/24345 (0%)]	Loss: 110.162854
====> Epoch: 344 Average loss: 111.8459
Train Epoch: 345 [0/24345 (0%)]	Loss: 104.266309
====> Epoch: 345 Average loss: 111.8793
Train Epoch: 346 [0/24345 (0%)]	Loss: 101.767950
====> Epoch: 346 Average loss: 111.8939
Train Epoch: 347 [0/24345 (0%)]	Loss: 107.787549
====> Epoch: 347 Average loss: 111.8767
Train Epoch: 348 [0/24345 (0%)]	Loss: 114.284668
====> Epoch: 348 Average loss: 111.8680
Train Epoch: 349 [0/24345 (0%)]	Loss: 132.437451
====> Epoch: 349 Average loss: 111.8462
Train Epoch: 350 [0/24345 (0%)]	Loss: 105.448279
====> Epoch: 350 Average loss: 111.8543
Train Epoch: 351 [0/24345 (0%)]	Loss: 112.579321
====> Epoch: 351 Average loss: 111.8296
====> Test set loss: 108.2024
Train Epoch: 352 [0/24345 (0%)]	Loss: 108.560693
====> Epoch: 352 Average loss: 111.8239
Train Epoch: 353 [0/24345 (0%)]	Loss: 115.550012
====> Epoch: 353 Average loss: 111.8050
Train Epoch: 354 [0/24345 (0%)]	Loss: 102.579321
====> Epoch: 354 Average loss: 111.8205
Train Epoch: 355 [0/24345 (0%)]	Loss: 117.323608
====> Epoch: 355 Average loss: 111.8042
Train Epoch: 356 [0/24345 (0%)]	Loss: 99.940088
====> Epoch: 356 Average loss: 111.7906
Train Epoch: 357 [0/24345 (0%)]	Loss: 112.440698
====> Epoch: 357 Average loss: 111.8158
Train Epoch: 358 [0/24345 (0%)]	Loss: 116.986279
====> Epoch: 358 Average loss: 111.7980
Train Epoch: 359 [0/24345 (0%)]	Loss: 114.418567
====> Epoch: 359 Average loss: 111.7703
Train Epoch: 360 [0/24345 (0%)]	Loss: 124.351123
====> Epoch: 360 Average loss: 111.7695
Train Epoch: 361 [0/24345 (0%)]	Loss: 112.792017
====> Epoch: 361 Average loss: 111.7782
Train Epoch: 362 [0/24345 (0%)]	Loss: 115.256519
====> Epoch: 362 Average loss: 111.7541
Train Epoch: 363 [0/24345 (0%)]	Loss: 123.170947
====> Epoch: 363 Average loss: 111.7369
Train Epoch: 364 [0/24345 (0%)]	Loss: 115.450269
====> Epoch: 364 Average loss: 111.7211
Train Epoch: 365 [0/24345 (0%)]	Loss: 125.209131
====> Epoch: 365 Average loss: 111.6820
Train Epoch: 366 [0/24345 (0%)]	Loss: 131.814514
====> Epoch: 366 Average loss: 111.7259
Train Epoch: 367 [0/24345 (0%)]	Loss: 111.169348
====> Epoch: 367 Average loss: 111.7319
Train Epoch: 368 [0/24345 (0%)]	Loss: 105.752832
====> Epoch: 368 Average loss: 111.6987
Train Epoch: 369 [0/24345 (0%)]	Loss: 97.870874
====> Epoch: 369 Average loss: 111.7081
Train Epoch: 370 [0/24345 (0%)]	Loss: 101.050629
====> Epoch: 370 Average loss: 111.7030
Train Epoch: 371 [0/24345 (0%)]	Loss: 121.200354
====> Epoch: 371 Average loss: 111.6807
Train Epoch: 372 [0/24345 (0%)]	Loss: 110.147852
====> Epoch: 372 Average loss: 111.6669
Train Epoch: 373 [0/24345 (0%)]	Loss: 106.197217
====> Epoch: 373 Average loss: 111.6841
Train Epoch: 374 [0/24345 (0%)]	Loss: 110.524658
====> Epoch: 374 Average loss: 111.6578
Train Epoch: 375 [0/24345 (0%)]	Loss: 114.169153
====> Epoch: 375 Average loss: 111.5939
Train Epoch: 376 [0/24345 (0%)]	Loss: 107.000891
====> Epoch: 376 Average loss: 111.6036
Train Epoch: 377 [0/24345 (0%)]	Loss: 102.622949
====> Epoch: 377 Average loss: 111.6337
Train Epoch: 378 [0/24345 (0%)]	Loss: 101.761621
====> Epoch: 378 Average loss: 111.6398
Train Epoch: 379 [0/24345 (0%)]	Loss: 115.491260
====> Epoch: 379 Average loss: 111.6272
Train Epoch: 380 [0/24345 (0%)]	Loss: 100.751611
====> Epoch: 380 Average loss: 111.6009
Train Epoch: 381 [0/24345 (0%)]	Loss: 90.285254
====> Epoch: 381 Average loss: 111.6199
Train Epoch: 382 [0/24345 (0%)]	Loss: 102.696021
====> Epoch: 382 Average loss: 111.5749
Train Epoch: 383 [0/24345 (0%)]	Loss: 118.823804
====> Epoch: 383 Average loss: 111.5907
Train Epoch: 384 [0/24345 (0%)]	Loss: 108.338013
====> Epoch: 384 Average loss: 111.5954
Train Epoch: 385 [0/24345 (0%)]	Loss: 116.788770
====> Epoch: 385 Average loss: 111.5901
Train Epoch: 386 [0/24345 (0%)]	Loss: 112.522461
====> Epoch: 386 Average loss: 111.5763
Train Epoch: 387 [0/24345 (0%)]	Loss: 106.852759
====> Epoch: 387 Average loss: 111.5655
Train Epoch: 388 [0/24345 (0%)]	Loss: 101.356262
====> Epoch: 388 Average loss: 111.5644
Train Epoch: 389 [0/24345 (0%)]	Loss: 124.831567
====> Epoch: 389 Average loss: 111.5682
Train Epoch: 390 [0/24345 (0%)]	Loss: 120.730334
====> Epoch: 390 Average loss: 111.5099
Train Epoch: 391 [0/24345 (0%)]	Loss: 124.008032
====> Epoch: 391 Average loss: 111.5183
Train Epoch: 392 [0/24345 (0%)]	Loss: 108.545605
====> Epoch: 392 Average loss: 111.5230
Train Epoch: 393 [0/24345 (0%)]	Loss: 116.638550
====> Epoch: 393 Average loss: 111.5302
Train Epoch: 394 [0/24345 (0%)]	Loss: 101.252985
====> Epoch: 394 Average loss: 111.5055
Train Epoch: 395 [0/24345 (0%)]	Loss: 101.733630
====> Epoch: 395 Average loss: 111.5095
Train Epoch: 396 [0/24345 (0%)]	Loss: 127.927368
====> Epoch: 396 Average loss: 111.5011
Train Epoch: 397 [0/24345 (0%)]	Loss: 102.343506
====> Epoch: 397 Average loss: 111.4918
Train Epoch: 398 [0/24345 (0%)]	Loss: 106.053528
====> Epoch: 398 Average loss: 111.4733
Train Epoch: 399 [0/24345 (0%)]	Loss: 109.440002
====> Epoch: 399 Average loss: 111.5091
Train Epoch: 400 [0/24345 (0%)]	Loss: 108.986816
====> Epoch: 400 Average loss: 111.4701
Train Epoch: 401 [0/24345 (0%)]	Loss: 105.704810
====> Epoch: 401 Average loss: 111.4654
====> Test set loss: 108.0024
Train Epoch: 402 [0/24345 (0%)]	Loss: 115.378027
====> Epoch: 402 Average loss: 111.4817
Train Epoch: 403 [0/24345 (0%)]	Loss: 99.445526
====> Epoch: 403 Average loss: 111.4363
Train Epoch: 404 [0/24345 (0%)]	Loss: 128.721582
====> Epoch: 404 Average loss: 111.4446
Train Epoch: 405 [0/24345 (0%)]	Loss: 110.788513
====> Epoch: 405 Average loss: 111.4664
Train Epoch: 406 [0/24345 (0%)]	Loss: 102.576562
====> Epoch: 406 Average loss: 111.4125
Train Epoch: 407 [0/24345 (0%)]	Loss: 106.780420
====> Epoch: 407 Average loss: 111.4264
Train Epoch: 408 [0/24345 (0%)]	Loss: 115.941931
====> Epoch: 408 Average loss: 111.4219
Train Epoch: 409 [0/24345 (0%)]	Loss: 102.630505
====> Epoch: 409 Average loss: 111.4186
Train Epoch: 410 [0/24345 (0%)]	Loss: 110.391223
====> Epoch: 410 Average loss: 111.3938
Train Epoch: 411 [0/24345 (0%)]	Loss: 120.759131
====> Epoch: 411 Average loss: 111.4446
Train Epoch: 412 [0/24345 (0%)]	Loss: 117.641699
====> Epoch: 412 Average loss: 111.3807
Train Epoch: 413 [0/24345 (0%)]	Loss: 108.108606
====> Epoch: 413 Average loss: 111.3913
Train Epoch: 414 [0/24345 (0%)]	Loss: 112.043945
====> Epoch: 414 Average loss: 111.3784
Train Epoch: 415 [0/24345 (0%)]	Loss: 116.479675
====> Epoch: 415 Average loss: 111.3884
Train Epoch: 416 [0/24345 (0%)]	Loss: 113.485571
====> Epoch: 416 Average loss: 111.3716
Train Epoch: 417 [0/24345 (0%)]	Loss: 109.968054
====> Epoch: 417 Average loss: 111.3800
Train Epoch: 418 [0/24345 (0%)]	Loss: 108.603308
====> Epoch: 418 Average loss: 111.3665
Train Epoch: 419 [0/24345 (0%)]	Loss: 124.926685
====> Epoch: 419 Average loss: 111.3715
Train Epoch: 420 [0/24345 (0%)]	Loss: 114.651880
====> Epoch: 420 Average loss: 111.3755
Train Epoch: 421 [0/24345 (0%)]	Loss: 104.766284
====> Epoch: 421 Average loss: 111.3465
Train Epoch: 422 [0/24345 (0%)]	Loss: 97.739001
====> Epoch: 422 Average loss: 111.3319
Train Epoch: 423 [0/24345 (0%)]	Loss: 109.951904
====> Epoch: 423 Average loss: 111.3280
Train Epoch: 424 [0/24345 (0%)]	Loss: 109.740637
====> Epoch: 424 Average loss: 111.3205
Train Epoch: 425 [0/24345 (0%)]	Loss: 97.290869
====> Epoch: 425 Average loss: 111.3121
Train Epoch: 426 [0/24345 (0%)]	Loss: 102.770972
====> Epoch: 426 Average loss: 111.2980
Train Epoch: 427 [0/24345 (0%)]	Loss: 104.194897
====> Epoch: 427 Average loss: 111.3515
Train Epoch: 428 [0/24345 (0%)]	Loss: 113.931885
====> Epoch: 428 Average loss: 111.2726
Train Epoch: 429 [0/24345 (0%)]	Loss: 108.851294
====> Epoch: 429 Average loss: 111.2695
Train Epoch: 430 [0/24345 (0%)]	Loss: 120.851526
====> Epoch: 430 Average loss: 111.2743
Train Epoch: 431 [0/24345 (0%)]	Loss: 104.092456
====> Epoch: 431 Average loss: 111.2860
Train Epoch: 432 [0/24345 (0%)]	Loss: 120.393018
====> Epoch: 432 Average loss: 111.2779
Train Epoch: 433 [0/24345 (0%)]	Loss: 100.828766
====> Epoch: 433 Average loss: 111.2615
Train Epoch: 434 [0/24345 (0%)]	Loss: 106.008667
====> Epoch: 434 Average loss: 111.2953
Train Epoch: 435 [0/24345 (0%)]	Loss: 108.038403
====> Epoch: 435 Average loss: 111.2647
Train Epoch: 436 [0/24345 (0%)]	Loss: 111.940295
====> Epoch: 436 Average loss: 111.2605
Train Epoch: 437 [0/24345 (0%)]	Loss: 104.719897
====> Epoch: 437 Average loss: 111.2700
Train Epoch: 438 [0/24345 (0%)]	Loss: 116.076538
====> Epoch: 438 Average loss: 111.2030
Train Epoch: 439 [0/24345 (0%)]	Loss: 117.871387
====> Epoch: 439 Average loss: 111.2259
Train Epoch: 440 [0/24345 (0%)]	Loss: 109.089795
====> Epoch: 440 Average loss: 111.2325
Train Epoch: 441 [0/24345 (0%)]	Loss: 115.985791
====> Epoch: 441 Average loss: 111.2211
Train Epoch: 442 [0/24345 (0%)]	Loss: 113.249585
====> Epoch: 442 Average loss: 111.2492
Train Epoch: 443 [0/24345 (0%)]	Loss: 105.555566
====> Epoch: 443 Average loss: 111.2183
Train Epoch: 444 [0/24345 (0%)]	Loss: 124.634912
====> Epoch: 444 Average loss: 111.2109
Train Epoch: 445 [0/24345 (0%)]	Loss: 113.202087
====> Epoch: 445 Average loss: 111.2031
Train Epoch: 446 [0/24345 (0%)]	Loss: 111.753992
====> Epoch: 446 Average loss: 111.1976
Train Epoch: 447 [0/24345 (0%)]	Loss: 109.870679
====> Epoch: 447 Average loss: 111.1823
Train Epoch: 448 [0/24345 (0%)]	Loss: 104.927002
====> Epoch: 448 Average loss: 111.2145
Train Epoch: 449 [0/24345 (0%)]	Loss: 113.856348
====> Epoch: 449 Average loss: 111.1872
Train Epoch: 450 [0/24345 (0%)]	Loss: 109.997998
====> Epoch: 450 Average loss: 111.1924
Train Epoch: 451 [0/24345 (0%)]	Loss: 118.086279
====> Epoch: 451 Average loss: 111.2070
====> Test set loss: 107.7738
Train Epoch: 452 [0/24345 (0%)]	Loss: 121.144165
====> Epoch: 452 Average loss: 111.1640
Train Epoch: 453 [0/24345 (0%)]	Loss: 120.867041
====> Epoch: 453 Average loss: 111.1498
Train Epoch: 454 [0/24345 (0%)]	Loss: 124.576428
====> Epoch: 454 Average loss: 111.1380
Train Epoch: 455 [0/24345 (0%)]	Loss: 106.712268
====> Epoch: 455 Average loss: 111.1728
Train Epoch: 456 [0/24345 (0%)]	Loss: 112.159766
====> Epoch: 456 Average loss: 111.1693
Train Epoch: 457 [0/24345 (0%)]	Loss: 124.940894
====> Epoch: 457 Average loss: 111.1616
Train Epoch: 458 [0/24345 (0%)]	Loss: 96.816620
====> Epoch: 458 Average loss: 111.1332
Train Epoch: 459 [0/24345 (0%)]	Loss: 113.214087
====> Epoch: 459 Average loss: 111.1326
Train Epoch: 460 [0/24345 (0%)]	Loss: 128.728931
====> Epoch: 460 Average loss: 111.1671
Train Epoch: 461 [0/24345 (0%)]	Loss: 115.340698
====> Epoch: 461 Average loss: 111.1197
Train Epoch: 462 [0/24345 (0%)]	Loss: 110.655481
====> Epoch: 462 Average loss: 111.0940
Train Epoch: 463 [0/24345 (0%)]	Loss: 103.294800
====> Epoch: 463 Average loss: 111.1385
Train Epoch: 464 [0/24345 (0%)]	Loss: 118.086145
====> Epoch: 464 Average loss: 111.1056
Train Epoch: 465 [0/24345 (0%)]	Loss: 98.863269
====> Epoch: 465 Average loss: 111.0603
Train Epoch: 466 [0/24345 (0%)]	Loss: 94.846765
====> Epoch: 466 Average loss: 111.0820
Train Epoch: 467 [0/24345 (0%)]	Loss: 106.560937
====> Epoch: 467 Average loss: 111.1350
Train Epoch: 468 [0/24345 (0%)]	Loss: 100.311432
====> Epoch: 468 Average loss: 111.1038
Train Epoch: 469 [0/24345 (0%)]	Loss: 114.958643
====> Epoch: 469 Average loss: 111.0856
Train Epoch: 470 [0/24345 (0%)]	Loss: 99.668256
====> Epoch: 470 Average loss: 111.0699
Train Epoch: 471 [0/24345 (0%)]	Loss: 96.168573
====> Epoch: 471 Average loss: 111.0670
Train Epoch: 472 [0/24345 (0%)]	Loss: 116.634949
====> Epoch: 472 Average loss: 111.0454
Train Epoch: 473 [0/24345 (0%)]	Loss: 113.700757
====> Epoch: 473 Average loss: 111.0814
Train Epoch: 474 [0/24345 (0%)]	Loss: 127.705200
====> Epoch: 474 Average loss: 111.0571
Train Epoch: 475 [0/24345 (0%)]	Loss: 110.267407
====> Epoch: 475 Average loss: 111.0133
Train Epoch: 476 [0/24345 (0%)]	Loss: 108.586938
====> Epoch: 476 Average loss: 111.0139
Train Epoch: 477 [0/24345 (0%)]	Loss: 119.757593
====> Epoch: 477 Average loss: 111.0239
Train Epoch: 478 [0/24345 (0%)]	Loss: 123.300366
====> Epoch: 478 Average loss: 111.0059
Train Epoch: 479 [0/24345 (0%)]	Loss: 113.868750
====> Epoch: 479 Average loss: 111.0201
Train Epoch: 480 [0/24345 (0%)]	Loss: 126.515942
====> Epoch: 480 Average loss: 111.0421
Train Epoch: 481 [0/24345 (0%)]	Loss: 122.970752
====> Epoch: 481 Average loss: 111.0239
Train Epoch: 482 [0/24345 (0%)]	Loss: 118.538184
====> Epoch: 482 Average loss: 110.9926
Train Epoch: 483 [0/24345 (0%)]	Loss: 108.794141
====> Epoch: 483 Average loss: 111.0190
Train Epoch: 484 [0/24345 (0%)]	Loss: 113.212646
====> Epoch: 484 Average loss: 111.0093
Train Epoch: 485 [0/24345 (0%)]	Loss: 101.680945
====> Epoch: 485 Average loss: 111.0435
Train Epoch: 486 [0/24345 (0%)]	Loss: 113.804529
====> Epoch: 486 Average loss: 110.9782
Train Epoch: 487 [0/24345 (0%)]	Loss: 123.161304
====> Epoch: 487 Average loss: 110.9867
Train Epoch: 488 [0/24345 (0%)]	Loss: 103.022839
====> Epoch: 488 Average loss: 111.0016
Train Epoch: 489 [0/24345 (0%)]	Loss: 93.221631
====> Epoch: 489 Average loss: 111.0002
Train Epoch: 490 [0/24345 (0%)]	Loss: 113.810474
====> Epoch: 490 Average loss: 110.9677
Train Epoch: 491 [0/24345 (0%)]	Loss: 104.918555
====> Epoch: 491 Average loss: 110.9684
Train Epoch: 492 [0/24345 (0%)]	Loss: 115.044153
====> Epoch: 492 Average loss: 110.9780
Train Epoch: 493 [0/24345 (0%)]	Loss: 109.795532
====> Epoch: 493 Average loss: 110.9554
Train Epoch: 494 [0/24345 (0%)]	Loss: 108.048083
====> Epoch: 494 Average loss: 110.9850
Train Epoch: 495 [0/24345 (0%)]	Loss: 127.689673
====> Epoch: 495 Average loss: 110.9641
Train Epoch: 496 [0/24345 (0%)]	Loss: 101.228076
====> Epoch: 496 Average loss: 110.9382
Train Epoch: 497 [0/24345 (0%)]	Loss: 100.643793
====> Epoch: 497 Average loss: 110.9467
Train Epoch: 498 [0/24345 (0%)]	Loss: 105.177686
====> Epoch: 498 Average loss: 110.9434
Train Epoch: 499 [0/24345 (0%)]	Loss: 105.981897
====> Epoch: 499 Average loss: 110.9316
Train Epoch: 500 [0/24345 (0%)]	Loss: 110.140430
====> Epoch: 500 Average loss: 110.9332
Train Epoch: 501 [0/24345 (0%)]	Loss: 108.125183
====> Epoch: 501 Average loss: 110.9377
====> Test set loss: 107.6738
2020-04-22 11:08:38.095317
Training finished