Drive already mounted at /content/drive; to attempt to forcibly remount, call drive.mount("/content/drive", force_remount=True).
Training on GPU
2020-04-25 11:40:23.617497
====== About to train for 1 epochs in round 0 with learning rate 0.0001========
Round number 0, Train Epoch: 0 [0/7803 (0%)]	Loss: 563.540527
====> Round 0: Epoch: 0 Average loss: 376.5236
2020-04-25 11:40:29.564023
/usr/local/lib/python3.6/dist-packages/torch/serialization.py:360: UserWarning: Couldn't retrieve source code for container of type silhouettes_model. It won't be checked for correctness upon loading.
  "type " + obj.__name__ + ". It won't be checked "
====> Round 0: Epoch 0: Test set loss: 281.1297
====== About to train for 2 epochs in round 1 with learning rate 7.5e-05========
Round number 1, Train Epoch: 0 [0/7803 (0%)]	Loss: 295.173804
====> Round 1: Epoch: 0 Average loss: 281.6833
Round number 1, Train Epoch: 1 [0/7803 (0%)]	Loss: 257.300146
====> Round 1: Epoch: 1 Average loss: 254.8602
2020-04-25 11:40:50.737343
====> Round 1: Epoch 1: Test set loss: 218.7940
====== About to train for 4 epochs in round 2 with learning rate 5.62e-05========
Round number 2, Train Epoch: 0 [0/7803 (0%)]	Loss: 235.070728
====> Round 2: Epoch: 0 Average loss: 242.9973
Round number 2, Train Epoch: 1 [0/7803 (0%)]	Loss: 215.105542
====> Round 2: Epoch: 1 Average loss: 235.4422
Round number 2, Train Epoch: 2 [0/7803 (0%)]	Loss: 207.566113
====> Round 2: Epoch: 2 Average loss: 229.6069
Round number 2, Train Epoch: 3 [0/7803 (0%)]	Loss: 217.005762
====> Round 2: Epoch: 3 Average loss: 225.1641
2020-04-25 11:41:22.616792
====> Round 2: Epoch 3: Test set loss: 192.2325
====== About to train for 8 epochs in round 3 with learning rate 4.22e-05========
Round number 3, Train Epoch: 0 [0/7803 (0%)]	Loss: 224.948560
====> Round 3: Epoch: 0 Average loss: 222.3057
Round number 3, Train Epoch: 1 [0/7803 (0%)]	Loss: 199.963574
====> Round 3: Epoch: 1 Average loss: 220.1683
Round number 3, Train Epoch: 2 [0/7803 (0%)]	Loss: 200.549585
====> Round 3: Epoch: 2 Average loss: 218.2786
Round number 3, Train Epoch: 3 [0/7803 (0%)]	Loss: 207.277832
====> Round 3: Epoch: 3 Average loss: 216.2681
Round number 3, Train Epoch: 4 [0/7803 (0%)]	Loss: 218.636694
====> Round 3: Epoch: 4 Average loss: 214.1037
Round number 3, Train Epoch: 5 [0/7803 (0%)]	Loss: 221.136719
====> Round 3: Epoch: 5 Average loss: 211.9545
Round number 3, Train Epoch: 6 [0/7803 (0%)]	Loss: 211.288013
====> Round 3: Epoch: 6 Average loss: 209.5318
Round number 3, Train Epoch: 7 [0/7803 (0%)]	Loss: 190.643872
====> Round 3: Epoch: 7 Average loss: 206.8817
2020-04-25 11:42:18.673842
====> Round 3: Epoch 7: Test set loss: 175.0698
====== About to train for 16 epochs in round 4 with learning rate 3.16e-05========
Round number 4, Train Epoch: 0 [0/7803 (0%)]	Loss: 206.000537
====> Round 4: Epoch: 0 Average loss: 204.6480
Round number 4, Train Epoch: 1 [0/7803 (0%)]	Loss: 193.570398
====> Round 4: Epoch: 1 Average loss: 202.9130
Round number 4, Train Epoch: 2 [0/7803 (0%)]	Loss: 226.478564
====> Round 4: Epoch: 2 Average loss: 201.3545
Round number 4, Train Epoch: 3 [0/7803 (0%)]	Loss: 240.978345
====> Round 4: Epoch: 3 Average loss: 199.7846
Round number 4, Train Epoch: 4 [0/7803 (0%)]	Loss: 195.920093
====> Round 4: Epoch: 4 Average loss: 198.0249
Round number 4, Train Epoch: 5 [0/7803 (0%)]	Loss: 190.765918
====> Round 4: Epoch: 5 Average loss: 196.5509
Round number 4, Train Epoch: 6 [0/7803 (0%)]	Loss: 215.734521
====> Round 4: Epoch: 6 Average loss: 194.9581
Round number 4, Train Epoch: 7 [0/7803 (0%)]	Loss: 188.340112
====> Round 4: Epoch: 7 Average loss: 193.2559
Round number 4, Train Epoch: 8 [0/7803 (0%)]	Loss: 189.431128
====> Round 4: Epoch: 8 Average loss: 191.6693
Round number 4, Train Epoch: 9 [0/7803 (0%)]	Loss: 200.613855
====> Round 4: Epoch: 9 Average loss: 190.2209
Round number 4, Train Epoch: 10 [0/7803 (0%)]	Loss: 180.120044
====> Round 4: Epoch: 10 Average loss: 188.8025
Round number 4, Train Epoch: 11 [0/7803 (0%)]	Loss: 162.824817
====> Round 4: Epoch: 11 Average loss: 187.5031
Round number 4, Train Epoch: 12 [0/7803 (0%)]	Loss: 194.288623
====> Round 4: Epoch: 12 Average loss: 186.0299
Round number 4, Train Epoch: 13 [0/7803 (0%)]	Loss: 159.458398
====> Round 4: Epoch: 13 Average loss: 184.6753
Round number 4, Train Epoch: 14 [0/7803 (0%)]	Loss: 192.442676
====> Round 4: Epoch: 14 Average loss: 183.4000
Round number 4, Train Epoch: 15 [0/7803 (0%)]	Loss: 171.475281
====> Round 4: Epoch: 15 Average loss: 182.0801
2020-04-25 11:44:01.643751
====> Round 4: Epoch 15: Test set loss: 156.5830
====== About to train for 32 epochs in round 5 with learning rate 2.37e-05========
Round number 5, Train Epoch: 0 [0/7803 (0%)]	Loss: 176.060498
====> Round 5: Epoch: 0 Average loss: 180.8580
Round number 5, Train Epoch: 1 [0/7803 (0%)]	Loss: 180.629395
====> Round 5: Epoch: 1 Average loss: 179.8275
Round number 5, Train Epoch: 2 [0/7803 (0%)]	Loss: 171.223596
====> Round 5: Epoch: 2 Average loss: 179.1347
Round number 5, Train Epoch: 3 [0/7803 (0%)]	Loss: 166.885681
====> Round 5: Epoch: 3 Average loss: 178.0951
Round number 5, Train Epoch: 4 [0/7803 (0%)]	Loss: 180.634741
====> Round 5: Epoch: 4 Average loss: 177.1099
Round number 5, Train Epoch: 5 [0/7803 (0%)]	Loss: 170.577014
====> Round 5: Epoch: 5 Average loss: 176.2946
Round number 5, Train Epoch: 6 [0/7803 (0%)]	Loss: 181.667017
====> Round 5: Epoch: 6 Average loss: 175.3023
Round number 5, Train Epoch: 7 [0/7803 (0%)]	Loss: 175.300098
====> Round 5: Epoch: 7 Average loss: 174.5870
Round number 5, Train Epoch: 8 [0/7803 (0%)]	Loss: 181.130762
====> Round 5: Epoch: 8 Average loss: 173.8043
Round number 5, Train Epoch: 9 [0/7803 (0%)]	Loss: 162.749878
====> Round 5: Epoch: 9 Average loss: 172.9238
Round number 5, Train Epoch: 10 [0/7803 (0%)]	Loss: 174.414331
====> Round 5: Epoch: 10 Average loss: 172.2816
Round number 5, Train Epoch: 11 [0/7803 (0%)]	Loss: 162.800671
====> Round 5: Epoch: 11 Average loss: 171.5064
Round number 5, Train Epoch: 12 [0/7803 (0%)]	Loss: 174.939746
====> Round 5: Epoch: 12 Average loss: 170.7754
Round number 5, Train Epoch: 13 [0/7803 (0%)]	Loss: 146.023730
====> Round 5: Epoch: 13 Average loss: 170.0186
Round number 5, Train Epoch: 14 [0/7803 (0%)]	Loss: 152.534497
====> Round 5: Epoch: 14 Average loss: 169.3021
Round number 5, Train Epoch: 15 [0/7803 (0%)]	Loss: 172.509888
====> Round 5: Epoch: 15 Average loss: 168.7209
Round number 5, Train Epoch: 16 [0/7803 (0%)]	Loss: 154.669885
====> Round 5: Epoch: 16 Average loss: 167.9800
Round number 5, Train Epoch: 17 [0/7803 (0%)]	Loss: 147.753430
====> Round 5: Epoch: 17 Average loss: 167.3936
Round number 5, Train Epoch: 18 [0/7803 (0%)]	Loss: 157.035229
====> Round 5: Epoch: 18 Average loss: 166.7547
Round number 5, Train Epoch: 19 [0/7803 (0%)]	Loss: 179.263574
====> Round 5: Epoch: 19 Average loss: 166.1275
Round number 5, Train Epoch: 20 [0/7803 (0%)]	Loss: 170.015796
====> Round 5: Epoch: 20 Average loss: 165.5868
Round number 5, Train Epoch: 21 [0/7803 (0%)]	Loss: 165.593994
====> Round 5: Epoch: 21 Average loss: 164.9316
Round number 5, Train Epoch: 22 [0/7803 (0%)]	Loss: 173.100757
====> Round 5: Epoch: 22 Average loss: 164.3445
Round number 5, Train Epoch: 23 [0/7803 (0%)]	Loss: 145.194653
====> Round 5: Epoch: 23 Average loss: 163.8472
Round number 5, Train Epoch: 24 [0/7803 (0%)]	Loss: 170.012585
====> Round 5: Epoch: 24 Average loss: 163.2665
Round number 5, Train Epoch: 25 [0/7803 (0%)]	Loss: 183.196924
====> Round 5: Epoch: 25 Average loss: 162.7154
Round number 5, Train Epoch: 26 [0/7803 (0%)]	Loss: 172.981628
====> Round 5: Epoch: 26 Average loss: 162.1699
Round number 5, Train Epoch: 27 [0/7803 (0%)]	Loss: 168.036035
====> Round 5: Epoch: 27 Average loss: 161.7636
Round number 5, Train Epoch: 28 [0/7803 (0%)]	Loss: 164.971094
====> Round 5: Epoch: 28 Average loss: 161.2051
Round number 5, Train Epoch: 29 [0/7803 (0%)]	Loss: 182.483020
====> Round 5: Epoch: 29 Average loss: 160.7111
Round number 5, Train Epoch: 30 [0/7803 (0%)]	Loss: 157.259070
====> Round 5: Epoch: 30 Average loss: 160.2237
Round number 5, Train Epoch: 31 [0/7803 (0%)]	Loss: 161.436060
====> Round 5: Epoch: 31 Average loss: 159.6757
2020-04-25 11:47:20.809978
====> Round 5: Epoch 31: Test set loss: 140.1430
====== About to train for 64 epochs in round 6 with learning rate 1.78e-05========
Round number 6, Train Epoch: 0 [0/7803 (0%)]	Loss: 171.331494
====> Round 6: Epoch: 0 Average loss: 159.2788
Round number 6, Train Epoch: 1 [0/7803 (0%)]	Loss: 179.739453
====> Round 6: Epoch: 1 Average loss: 158.8049
Round number 6, Train Epoch: 2 [0/7803 (0%)]	Loss: 173.788623
====> Round 6: Epoch: 2 Average loss: 158.4686
Round number 6, Train Epoch: 3 [0/7803 (0%)]	Loss: 183.736768
====> Round 6: Epoch: 3 Average loss: 158.1229
Round number 6, Train Epoch: 4 [0/7803 (0%)]	Loss: 159.658472
====> Round 6: Epoch: 4 Average loss: 157.7877
Round number 6, Train Epoch: 5 [0/7803 (0%)]	Loss: 161.390820
====> Round 6: Epoch: 5 Average loss: 157.4733
Round number 6, Train Epoch: 6 [0/7803 (0%)]	Loss: 164.647095
====> Round 6: Epoch: 6 Average loss: 157.0529
Round number 6, Train Epoch: 7 [0/7803 (0%)]	Loss: 152.068384
====> Round 6: Epoch: 7 Average loss: 156.7151
Round number 6, Train Epoch: 8 [0/7803 (0%)]	Loss: 145.627881
====> Round 6: Epoch: 8 Average loss: 156.4371
Round number 6, Train Epoch: 9 [0/7803 (0%)]	Loss: 129.916223
====> Round 6: Epoch: 9 Average loss: 156.0467
Round number 6, Train Epoch: 10 [0/7803 (0%)]	Loss: 177.851343
====> Round 6: Epoch: 10 Average loss: 155.7325
Round number 6, Train Epoch: 11 [0/7803 (0%)]	Loss: 158.175525
====> Round 6: Epoch: 11 Average loss: 155.4312
Round number 6, Train Epoch: 12 [0/7803 (0%)]	Loss: 156.604871
====> Round 6: Epoch: 12 Average loss: 155.1013
Round number 6, Train Epoch: 13 [0/7803 (0%)]	Loss: 131.776782
====> Round 6: Epoch: 13 Average loss: 154.8944
Round number 6, Train Epoch: 14 [0/7803 (0%)]	Loss: 177.868726
====> Round 6: Epoch: 14 Average loss: 154.4901
Round number 6, Train Epoch: 15 [0/7803 (0%)]	Loss: 143.897717
====> Round 6: Epoch: 15 Average loss: 154.1751
Round number 6, Train Epoch: 16 [0/7803 (0%)]	Loss: 140.062097
====> Round 6: Epoch: 16 Average loss: 153.8520
Round number 6, Train Epoch: 17 [0/7803 (0%)]	Loss: 132.289746
====> Round 6: Epoch: 17 Average loss: 153.6051
Round number 6, Train Epoch: 18 [0/7803 (0%)]	Loss: 144.434375
====> Round 6: Epoch: 18 Average loss: 153.2668
Round number 6, Train Epoch: 19 [0/7803 (0%)]	Loss: 139.015930
====> Round 6: Epoch: 19 Average loss: 152.9770
Round number 6, Train Epoch: 20 [0/7803 (0%)]	Loss: 155.814966
====> Round 6: Epoch: 20 Average loss: 152.7005
Round number 6, Train Epoch: 21 [0/7803 (0%)]	Loss: 145.956226
====> Round 6: Epoch: 21 Average loss: 152.4168
Round number 6, Train Epoch: 22 [0/7803 (0%)]	Loss: 162.722510
====> Round 6: Epoch: 22 Average loss: 152.0717
Round number 6, Train Epoch: 23 [0/7803 (0%)]	Loss: 134.049609
====> Round 6: Epoch: 23 Average loss: 151.8778
Round number 6, Train Epoch: 24 [0/7803 (0%)]	Loss: 162.866797
====> Round 6: Epoch: 24 Average loss: 151.5689
Round number 6, Train Epoch: 25 [0/7803 (0%)]	Loss: 151.608813
====> Round 6: Epoch: 25 Average loss: 151.3209
Round number 6, Train Epoch: 26 [0/7803 (0%)]	Loss: 154.896362
====> Round 6: Epoch: 26 Average loss: 151.0898
Round number 6, Train Epoch: 27 [0/7803 (0%)]	Loss: 142.718445
====> Round 6: Epoch: 27 Average loss: 150.8083
Round number 6, Train Epoch: 28 [0/7803 (0%)]	Loss: 151.371887
====> Round 6: Epoch: 28 Average loss: 150.5839
Round number 6, Train Epoch: 29 [0/7803 (0%)]	Loss: 166.046924
====> Round 6: Epoch: 29 Average loss: 150.2926
Round number 6, Train Epoch: 30 [0/7803 (0%)]	Loss: 161.509253
====> Round 6: Epoch: 30 Average loss: 149.9825
Round number 6, Train Epoch: 31 [0/7803 (0%)]	Loss: 146.186975
====> Round 6: Epoch: 31 Average loss: 149.8210
Round number 6, Train Epoch: 32 [0/7803 (0%)]	Loss: 165.750439
====> Round 6: Epoch: 32 Average loss: 149.5559
Round number 6, Train Epoch: 33 [0/7803 (0%)]	Loss: 143.781262
====> Round 6: Epoch: 33 Average loss: 149.2956
Round number 6, Train Epoch: 34 [0/7803 (0%)]	Loss: 149.517920
====> Round 6: Epoch: 34 Average loss: 149.0557
Round number 6, Train Epoch: 35 [0/7803 (0%)]	Loss: 165.862476
====> Round 6: Epoch: 35 Average loss: 148.8423
Round number 6, Train Epoch: 36 [0/7803 (0%)]	Loss: 130.969434
====> Round 6: Epoch: 36 Average loss: 148.5682
Round number 6, Train Epoch: 37 [0/7803 (0%)]	Loss: 168.831372
====> Round 6: Epoch: 37 Average loss: 148.3849
Round number 6, Train Epoch: 38 [0/7803 (0%)]	Loss: 132.180115
====> Round 6: Epoch: 38 Average loss: 148.1183
Round number 6, Train Epoch: 39 [0/7803 (0%)]	Loss: 149.459888
====> Round 6: Epoch: 39 Average loss: 147.9028
Round number 6, Train Epoch: 40 [0/7803 (0%)]	Loss: 129.832666
====> Round 6: Epoch: 40 Average loss: 147.7029
Round number 6, Train Epoch: 41 [0/7803 (0%)]	Loss: 142.537720
====> Round 6: Epoch: 41 Average loss: 147.4043
Round number 6, Train Epoch: 42 [0/7803 (0%)]	Loss: 152.192773
====> Round 6: Epoch: 42 Average loss: 147.2125
Round number 6, Train Epoch: 43 [0/7803 (0%)]	Loss: 147.658704
====> Round 6: Epoch: 43 Average loss: 146.9715
Round number 6, Train Epoch: 44 [0/7803 (0%)]	Loss: 140.395410
====> Round 6: Epoch: 44 Average loss: 146.8458
Round number 6, Train Epoch: 45 [0/7803 (0%)]	Loss: 149.402954
====> Round 6: Epoch: 45 Average loss: 146.5377
Round number 6, Train Epoch: 46 [0/7803 (0%)]	Loss: 144.339258
====> Round 6: Epoch: 46 Average loss: 146.3651
Round number 6, Train Epoch: 47 [0/7803 (0%)]	Loss: 139.889771
====> Round 6: Epoch: 47 Average loss: 146.1167
Round number 6, Train Epoch: 48 [0/7803 (0%)]	Loss: 143.163208
====> Round 6: Epoch: 48 Average loss: 145.9420
Round number 6, Train Epoch: 49 [0/7803 (0%)]	Loss: 162.316040
====> Round 6: Epoch: 49 Average loss: 145.7518
Round number 6, Train Epoch: 50 [0/7803 (0%)]	Loss: 154.196191
====> Round 6: Epoch: 50 Average loss: 145.5506
Round number 6, Train Epoch: 51 [0/7803 (0%)]	Loss: 163.085120
====> Round 6: Epoch: 51 Average loss: 145.3426
Round number 6, Train Epoch: 52 [0/7803 (0%)]	Loss: 148.718066
====> Round 6: Epoch: 52 Average loss: 145.1775
Round number 6, Train Epoch: 53 [0/7803 (0%)]	Loss: 147.980933
====> Round 6: Epoch: 53 Average loss: 144.8983
Round number 6, Train Epoch: 54 [0/7803 (0%)]	Loss: 135.487488
====> Round 6: Epoch: 54 Average loss: 144.6990
Round number 6, Train Epoch: 55 [0/7803 (0%)]	Loss: 118.345654
====> Round 6: Epoch: 55 Average loss: 144.4985
Round number 6, Train Epoch: 56 [0/7803 (0%)]	Loss: 149.058423
====> Round 6: Epoch: 56 Average loss: 144.2991
Round number 6, Train Epoch: 57 [0/7803 (0%)]	Loss: 156.780957
====> Round 6: Epoch: 57 Average loss: 144.1453
Round number 6, Train Epoch: 58 [0/7803 (0%)]	Loss: 147.072021
====> Round 6: Epoch: 58 Average loss: 143.9324
Round number 6, Train Epoch: 59 [0/7803 (0%)]	Loss: 142.719226
====> Round 6: Epoch: 59 Average loss: 143.8060
Round number 6, Train Epoch: 60 [0/7803 (0%)]	Loss: 159.799719
====> Round 6: Epoch: 60 Average loss: 143.5813
Round number 6, Train Epoch: 61 [0/7803 (0%)]	Loss: 177.029199
====> Round 6: Epoch: 61 Average loss: 143.3318
Round number 6, Train Epoch: 62 [0/7803 (0%)]	Loss: 136.958118
====> Round 6: Epoch: 62 Average loss: 143.1021
Round number 6, Train Epoch: 63 [0/7803 (0%)]	Loss: 157.580872
====> Round 6: Epoch: 63 Average loss: 143.0123
2020-04-25 11:53:46.672151
====> Round 6: Epoch 63: Test set loss: 128.2036
====== About to train for 128 epochs in round 7 with learning rate 1.33e-05========
Round number 7, Train Epoch: 0 [0/7803 (0%)]	Loss: 154.453125
====> Round 7: Epoch: 0 Average loss: 142.7222
Round number 7, Train Epoch: 1 [0/7803 (0%)]	Loss: 133.753406
====> Round 7: Epoch: 1 Average loss: 142.6347
Round number 7, Train Epoch: 2 [0/7803 (0%)]	Loss: 137.114697
====> Round 7: Epoch: 2 Average loss: 142.4855
Round number 7, Train Epoch: 3 [0/7803 (0%)]	Loss: 126.115991
====> Round 7: Epoch: 3 Average loss: 142.3609
Round number 7, Train Epoch: 4 [0/7803 (0%)]	Loss: 128.275000
====> Round 7: Epoch: 4 Average loss: 142.2045
Round number 7, Train Epoch: 5 [0/7803 (0%)]	Loss: 129.231274
====> Round 7: Epoch: 5 Average loss: 142.0798
Round number 7, Train Epoch: 6 [0/7803 (0%)]	Loss: 140.640649
====> Round 7: Epoch: 6 Average loss: 141.9316
Round number 7, Train Epoch: 7 [0/7803 (0%)]	Loss: 148.088416
====> Round 7: Epoch: 7 Average loss: 141.8602
Round number 7, Train Epoch: 8 [0/7803 (0%)]	Loss: 151.401013
====> Round 7: Epoch: 8 Average loss: 141.6885
Round number 7, Train Epoch: 9 [0/7803 (0%)]	Loss: 136.203650
====> Round 7: Epoch: 9 Average loss: 141.6834
Round number 7, Train Epoch: 10 [0/7803 (0%)]	Loss: 140.206592
====> Round 7: Epoch: 10 Average loss: 141.3978
Round number 7, Train Epoch: 11 [0/7803 (0%)]	Loss: 139.980933
====> Round 7: Epoch: 11 Average loss: 141.2462
Round number 7, Train Epoch: 12 [0/7803 (0%)]	Loss: 155.846362
====> Round 7: Epoch: 12 Average loss: 141.2242
Round number 7, Train Epoch: 13 [0/7803 (0%)]	Loss: 151.841736
====> Round 7: Epoch: 13 Average loss: 141.0186
Round number 7, Train Epoch: 14 [0/7803 (0%)]	Loss: 145.329517
====> Round 7: Epoch: 14 Average loss: 140.9399
Round number 7, Train Epoch: 15 [0/7803 (0%)]	Loss: 148.835889
====> Round 7: Epoch: 15 Average loss: 140.7609
Round number 7, Train Epoch: 16 [0/7803 (0%)]	Loss: 120.859448
====> Round 7: Epoch: 16 Average loss: 140.6481
Round number 7, Train Epoch: 17 [0/7803 (0%)]	Loss: 140.155518
====> Round 7: Epoch: 17 Average loss: 140.5589
Round number 7, Train Epoch: 18 [0/7803 (0%)]	Loss: 122.617993
====> Round 7: Epoch: 18 Average loss: 140.5209
Round number 7, Train Epoch: 19 [0/7803 (0%)]	Loss: 154.340405
====> Round 7: Epoch: 19 Average loss: 140.2926
Round number 7, Train Epoch: 20 [0/7803 (0%)]	Loss: 131.268750
====> Round 7: Epoch: 20 Average loss: 140.1699
Round number 7, Train Epoch: 21 [0/7803 (0%)]	Loss: 130.895850
====> Round 7: Epoch: 21 Average loss: 140.1340
Round number 7, Train Epoch: 22 [0/7803 (0%)]	Loss: 149.964478
====> Round 7: Epoch: 22 Average loss: 139.9557
Round number 7, Train Epoch: 23 [0/7803 (0%)]	Loss: 144.461328
====> Round 7: Epoch: 23 Average loss: 139.8324
Round number 7, Train Epoch: 24 [0/7803 (0%)]	Loss: 140.590454
====> Round 7: Epoch: 24 Average loss: 139.6757
Round number 7, Train Epoch: 25 [0/7803 (0%)]	Loss: 146.255383
====> Round 7: Epoch: 25 Average loss: 139.6388
Round number 7, Train Epoch: 26 [0/7803 (0%)]	Loss: 137.454150
====> Round 7: Epoch: 26 Average loss: 139.4757
Round number 7, Train Epoch: 27 [0/7803 (0%)]	Loss: 141.253711
====> Round 7: Epoch: 27 Average loss: 139.3659
Round number 7, Train Epoch: 28 [0/7803 (0%)]	Loss: 136.948755
====> Round 7: Epoch: 28 Average loss: 139.2569
Round number 7, Train Epoch: 29 [0/7803 (0%)]	Loss: 147.175244
====> Round 7: Epoch: 29 Average loss: 139.1849
Round number 7, Train Epoch: 30 [0/7803 (0%)]	Loss: 125.581812
====> Round 7: Epoch: 30 Average loss: 139.0364
Round number 7, Train Epoch: 31 [0/7803 (0%)]	Loss: 143.077271
====> Round 7: Epoch: 31 Average loss: 138.9926
Round number 7, Train Epoch: 32 [0/7803 (0%)]	Loss: 134.179053
====> Round 7: Epoch: 32 Average loss: 138.8645
Round number 7, Train Epoch: 33 [0/7803 (0%)]	Loss: 140.286584
====> Round 7: Epoch: 33 Average loss: 138.7171
Round number 7, Train Epoch: 34 [0/7803 (0%)]	Loss: 134.230762
====> Round 7: Epoch: 34 Average loss: 138.6156
Round number 7, Train Epoch: 35 [0/7803 (0%)]	Loss: 123.511304
====> Round 7: Epoch: 35 Average loss: 138.4920
Round number 7, Train Epoch: 36 [0/7803 (0%)]	Loss: 147.326025
====> Round 7: Epoch: 36 Average loss: 138.4289
Round number 7, Train Epoch: 37 [0/7803 (0%)]	Loss: 139.380066
====> Round 7: Epoch: 37 Average loss: 138.2993
Round number 7, Train Epoch: 38 [0/7803 (0%)]	Loss: 113.844653
====> Round 7: Epoch: 38 Average loss: 138.2326
Round number 7, Train Epoch: 39 [0/7803 (0%)]	Loss: 113.154199
====> Round 7: Epoch: 39 Average loss: 138.0943
Round number 7, Train Epoch: 40 [0/7803 (0%)]	Loss: 122.513940
====> Round 7: Epoch: 40 Average loss: 137.9482
Round number 7, Train Epoch: 41 [0/7803 (0%)]	Loss: 144.486621
====> Round 7: Epoch: 41 Average loss: 137.8230
Round number 7, Train Epoch: 42 [0/7803 (0%)]	Loss: 147.080896
====> Round 7: Epoch: 42 Average loss: 137.7385
Round number 7, Train Epoch: 43 [0/7803 (0%)]	Loss: 130.943579
====> Round 7: Epoch: 43 Average loss: 137.7492
Round number 7, Train Epoch: 44 [0/7803 (0%)]	Loss: 134.103735
====> Round 7: Epoch: 44 Average loss: 137.5953
Round number 7, Train Epoch: 45 [0/7803 (0%)]	Loss: 128.224329
====> Round 7: Epoch: 45 Average loss: 137.4523
Round number 7, Train Epoch: 46 [0/7803 (0%)]	Loss: 133.122620
====> Round 7: Epoch: 46 Average loss: 137.3526
Round number 7, Train Epoch: 47 [0/7803 (0%)]	Loss: 138.210352
====> Round 7: Epoch: 47 Average loss: 137.3185
Round number 7, Train Epoch: 48 [0/7803 (0%)]	Loss: 148.616064
====> Round 7: Epoch: 48 Average loss: 137.2138
Round number 7, Train Epoch: 49 [0/7803 (0%)]	Loss: 127.163867
====> Round 7: Epoch: 49 Average loss: 137.0292
Round number 7, Train Epoch: 50 [0/7803 (0%)]	Loss: 121.573242
====> Round 7: Epoch: 50 Average loss: 136.9983
Round number 7, Train Epoch: 51 [0/7803 (0%)]	Loss: 129.792358
====> Round 7: Epoch: 51 Average loss: 136.8822
Round number 7, Train Epoch: 52 [0/7803 (0%)]	Loss: 149.824622
====> Round 7: Epoch: 52 Average loss: 136.7673
Round number 7, Train Epoch: 53 [0/7803 (0%)]	Loss: 145.033313
====> Round 7: Epoch: 53 Average loss: 136.6544
Round number 7, Train Epoch: 54 [0/7803 (0%)]	Loss: 160.401001
====> Round 7: Epoch: 54 Average loss: 136.5958
Round number 7, Train Epoch: 55 [0/7803 (0%)]	Loss: 176.066431
====> Round 7: Epoch: 55 Average loss: 136.5152
Round number 7, Train Epoch: 56 [0/7803 (0%)]	Loss: 130.406030
====> Round 7: Epoch: 56 Average loss: 136.4367
Round number 7, Train Epoch: 57 [0/7803 (0%)]	Loss: 123.010095
====> Round 7: Epoch: 57 Average loss: 136.3247
Round number 7, Train Epoch: 58 [0/7803 (0%)]	Loss: 124.801221
====> Round 7: Epoch: 58 Average loss: 136.2235
Round number 7, Train Epoch: 59 [0/7803 (0%)]	Loss: 133.113379
====> Round 7: Epoch: 59 Average loss: 136.1440
Round number 7, Train Epoch: 60 [0/7803 (0%)]	Loss: 120.474524
====> Round 7: Epoch: 60 Average loss: 136.0042
Round number 7, Train Epoch: 61 [0/7803 (0%)]	Loss: 122.829761
====> Round 7: Epoch: 61 Average loss: 135.9022
Round number 7, Train Epoch: 62 [0/7803 (0%)]	Loss: 156.865161
====> Round 7: Epoch: 62 Average loss: 135.8316
Round number 7, Train Epoch: 63 [0/7803 (0%)]	Loss: 135.454236
====> Round 7: Epoch: 63 Average loss: 135.7588
Round number 7, Train Epoch: 64 [0/7803 (0%)]	Loss: 134.150195
====> Round 7: Epoch: 64 Average loss: 135.7009
Round number 7, Train Epoch: 65 [0/7803 (0%)]	Loss: 135.681421
====> Round 7: Epoch: 65 Average loss: 135.5384
Round number 7, Train Epoch: 66 [0/7803 (0%)]	Loss: 134.245947
====> Round 7: Epoch: 66 Average loss: 135.5050
Round number 7, Train Epoch: 67 [0/7803 (0%)]	Loss: 125.549963
====> Round 7: Epoch: 67 Average loss: 135.4435
Round number 7, Train Epoch: 68 [0/7803 (0%)]	Loss: 134.825415
====> Round 7: Epoch: 68 Average loss: 135.3350
Round number 7, Train Epoch: 69 [0/7803 (0%)]	Loss: 119.899036
====> Round 7: Epoch: 69 Average loss: 135.2016
Round number 7, Train Epoch: 70 [0/7803 (0%)]	Loss: 136.060278
====> Round 7: Epoch: 70 Average loss: 135.1430
Round number 7, Train Epoch: 71 [0/7803 (0%)]	Loss: 142.812256
====> Round 7: Epoch: 71 Average loss: 135.0678
Round number 7, Train Epoch: 72 [0/7803 (0%)]	Loss: 104.447290
====> Round 7: Epoch: 72 Average loss: 134.9832
Round number 7, Train Epoch: 73 [0/7803 (0%)]	Loss: 144.351111
====> Round 7: Epoch: 73 Average loss: 134.9134
Round number 7, Train Epoch: 74 [0/7803 (0%)]	Loss: 116.703223
====> Round 7: Epoch: 74 Average loss: 134.8527
Round number 7, Train Epoch: 75 [0/7803 (0%)]	Loss: 137.036292
====> Round 7: Epoch: 75 Average loss: 134.6946
Round number 7, Train Epoch: 76 [0/7803 (0%)]	Loss: 116.606140
====> Round 7: Epoch: 76 Average loss: 134.6637
Round number 7, Train Epoch: 77 [0/7803 (0%)]	Loss: 123.399194
====> Round 7: Epoch: 77 Average loss: 134.5527
Round number 7, Train Epoch: 78 [0/7803 (0%)]	Loss: 139.899548
====> Round 7: Epoch: 78 Average loss: 134.5158
Round number 7, Train Epoch: 79 [0/7803 (0%)]	Loss: 155.543604
====> Round 7: Epoch: 79 Average loss: 134.3909
Round number 7, Train Epoch: 80 [0/7803 (0%)]	Loss: 124.885474
====> Round 7: Epoch: 80 Average loss: 134.2831
Round number 7, Train Epoch: 81 [0/7803 (0%)]	Loss: 152.207446
====> Round 7: Epoch: 81 Average loss: 134.2225
Round number 7, Train Epoch: 82 [0/7803 (0%)]	Loss: 131.313965
====> Round 7: Epoch: 82 Average loss: 134.2322
Round number 7, Train Epoch: 83 [0/7803 (0%)]	Loss: 134.226562
====> Round 7: Epoch: 83 Average loss: 134.0913
Round number 7, Train Epoch: 84 [0/7803 (0%)]	Loss: 132.029443
====> Round 7: Epoch: 84 Average loss: 133.9214
Round number 7, Train Epoch: 85 [0/7803 (0%)]	Loss: 125.006494
====> Round 7: Epoch: 85 Average loss: 133.9298
Round number 7, Train Epoch: 86 [0/7803 (0%)]	Loss: 139.214185
====> Round 7: Epoch: 86 Average loss: 133.8491
Round number 7, Train Epoch: 87 [0/7803 (0%)]	Loss: 120.737988
====> Round 7: Epoch: 87 Average loss: 133.7972
Round number 7, Train Epoch: 88 [0/7803 (0%)]	Loss: 139.860449
====> Round 7: Epoch: 88 Average loss: 133.6929
Round number 7, Train Epoch: 89 [0/7803 (0%)]	Loss: 121.796680
====> Round 7: Epoch: 89 Average loss: 133.6435
Round number 7, Train Epoch: 90 [0/7803 (0%)]	Loss: 127.508472
====> Round 7: Epoch: 90 Average loss: 133.5044
Round number 7, Train Epoch: 91 [0/7803 (0%)]	Loss: 123.888013
====> Round 7: Epoch: 91 Average loss: 133.4624
Round number 7, Train Epoch: 92 [0/7803 (0%)]	Loss: 144.680408
====> Round 7: Epoch: 92 Average loss: 133.4455
Round number 7, Train Epoch: 93 [0/7803 (0%)]	Loss: 145.465210
====> Round 7: Epoch: 93 Average loss: 133.3528
Round number 7, Train Epoch: 94 [0/7803 (0%)]	Loss: 111.865149
====> Round 7: Epoch: 94 Average loss: 133.2486
Round number 7, Train Epoch: 95 [0/7803 (0%)]	Loss: 167.322034
====> Round 7: Epoch: 95 Average loss: 133.1972
Round number 7, Train Epoch: 96 [0/7803 (0%)]	Loss: 136.238342
====> Round 7: Epoch: 96 Average loss: 133.1281
Round number 7, Train Epoch: 97 [0/7803 (0%)]	Loss: 118.670068
====> Round 7: Epoch: 97 Average loss: 133.0132
Round number 7, Train Epoch: 98 [0/7803 (0%)]	Loss: 141.203784
====> Round 7: Epoch: 98 Average loss: 133.0486
Round number 7, Train Epoch: 99 [0/7803 (0%)]	Loss: 131.190820
====> Round 7: Epoch: 99 Average loss: 132.9200
Round number 7, Train Epoch: 100 [0/7803 (0%)]	Loss: 142.881665
====> Round 7: Epoch: 100 Average loss: 132.8512
Round number 7, Train Epoch: 101 [0/7803 (0%)]	Loss: 123.891772
====> Round 7: Epoch: 101 Average loss: 132.7508
Round number 7, Train Epoch: 102 [0/7803 (0%)]	Loss: 121.092700
====> Round 7: Epoch: 102 Average loss: 132.7174
Round number 7, Train Epoch: 103 [0/7803 (0%)]	Loss: 134.494165
====> Round 7: Epoch: 103 Average loss: 132.6072
Round number 7, Train Epoch: 104 [0/7803 (0%)]	Loss: 130.185913
====> Round 7: Epoch: 104 Average loss: 132.5497
Round number 7, Train Epoch: 105 [0/7803 (0%)]	Loss: 118.896313
====> Round 7: Epoch: 105 Average loss: 132.4741
Round number 7, Train Epoch: 106 [0/7803 (0%)]	Loss: 121.225171
====> Round 7: Epoch: 106 Average loss: 132.3385
Round number 7, Train Epoch: 107 [0/7803 (0%)]	Loss: 122.220068
====> Round 7: Epoch: 107 Average loss: 132.3412
Round number 7, Train Epoch: 108 [0/7803 (0%)]	Loss: 125.513196
====> Round 7: Epoch: 108 Average loss: 132.2270
Round number 7, Train Epoch: 109 [0/7803 (0%)]	Loss: 137.574878
====> Round 7: Epoch: 109 Average loss: 132.1116
Round number 7, Train Epoch: 110 [0/7803 (0%)]	Loss: 127.961938
====> Round 7: Epoch: 110 Average loss: 132.1346
Round number 7, Train Epoch: 111 [0/7803 (0%)]	Loss: 137.469714
====> Round 7: Epoch: 111 Average loss: 132.0792
Round number 7, Train Epoch: 112 [0/7803 (0%)]	Loss: 130.621948
====> Round 7: Epoch: 112 Average loss: 132.0380
Round number 7, Train Epoch: 113 [0/7803 (0%)]	Loss: 146.702759
====> Round 7: Epoch: 113 Average loss: 131.9516
Round number 7, Train Epoch: 114 [0/7803 (0%)]	Loss: 145.113184
====> Round 7: Epoch: 114 Average loss: 131.8509
Round number 7, Train Epoch: 115 [0/7803 (0%)]	Loss: 129.098755
====> Round 7: Epoch: 115 Average loss: 131.8141
Round number 7, Train Epoch: 116 [0/7803 (0%)]	Loss: 132.794666
====> Round 7: Epoch: 116 Average loss: 131.7675
Round number 7, Train Epoch: 117 [0/7803 (0%)]	Loss: 127.010864
====> Round 7: Epoch: 117 Average loss: 131.5749
Round number 7, Train Epoch: 118 [0/7803 (0%)]	Loss: 116.580493
====> Round 7: Epoch: 118 Average loss: 131.6007
Round number 7, Train Epoch: 119 [0/7803 (0%)]	Loss: 139.742578
====> Round 7: Epoch: 119 Average loss: 131.5550
Round number 7, Train Epoch: 120 [0/7803 (0%)]	Loss: 153.312378
====> Round 7: Epoch: 120 Average loss: 131.4839
Round number 7, Train Epoch: 121 [0/7803 (0%)]	Loss: 135.366968
====> Round 7: Epoch: 121 Average loss: 131.4094
Round number 7, Train Epoch: 122 [0/7803 (0%)]	Loss: 125.290723
====> Round 7: Epoch: 122 Average loss: 131.3600
Round number 7, Train Epoch: 123 [0/7803 (0%)]	Loss: 142.968433
====> Round 7: Epoch: 123 Average loss: 131.3125
Round number 7, Train Epoch: 124 [0/7803 (0%)]	Loss: 121.190942
====> Round 7: Epoch: 124 Average loss: 131.2004
Round number 7, Train Epoch: 125 [0/7803 (0%)]	Loss: 127.420056
====> Round 7: Epoch: 125 Average loss: 131.1602
Round number 7, Train Epoch: 126 [0/7803 (0%)]	Loss: 144.497095
====> Round 7: Epoch: 126 Average loss: 131.1125
Round number 7, Train Epoch: 127 [0/7803 (0%)]	Loss: 139.956470
====> Round 7: Epoch: 127 Average loss: 131.0978
2020-04-25 12:06:31.488367
====> Round 7: Epoch 127: Test set loss: 119.2388
====== About to train for 256 epochs in round 8 with learning rate 1e-05========
Round number 8, Train Epoch: 0 [0/7803 (0%)]	Loss: 151.212354
====> Round 8: Epoch: 0 Average loss: 130.8802
Round number 8, Train Epoch: 1 [0/7803 (0%)]	Loss: 135.898694
====> Round 8: Epoch: 1 Average loss: 130.8643
Round number 8, Train Epoch: 2 [0/7803 (0%)]	Loss: 136.262061
====> Round 8: Epoch: 2 Average loss: 130.8212
Round number 8, Train Epoch: 3 [0/7803 (0%)]	Loss: 123.633777
====> Round 8: Epoch: 3 Average loss: 130.8023
Round number 8, Train Epoch: 4 [0/7803 (0%)]	Loss: 139.125464
====> Round 8: Epoch: 4 Average loss: 130.7440
Round number 8, Train Epoch: 5 [0/7803 (0%)]	Loss: 157.011023
====> Round 8: Epoch: 5 Average loss: 130.6952
Round number 8, Train Epoch: 6 [0/7803 (0%)]	Loss: 117.480176
====> Round 8: Epoch: 6 Average loss: 130.6478
Round number 8, Train Epoch: 7 [0/7803 (0%)]	Loss: 143.403503
====> Round 8: Epoch: 7 Average loss: 130.5959
Round number 8, Train Epoch: 8 [0/7803 (0%)]	Loss: 154.098071
====> Round 8: Epoch: 8 Average loss: 130.5409
Round number 8, Train Epoch: 9 [0/7803 (0%)]	Loss: 120.782727
====> Round 8: Epoch: 9 Average loss: 130.5222
Round number 8, Train Epoch: 10 [0/7803 (0%)]	Loss: 133.370581
====> Round 8: Epoch: 10 Average loss: 130.4568
Round number 8, Train Epoch: 11 [0/7803 (0%)]	Loss: 118.707495
====> Round 8: Epoch: 11 Average loss: 130.4783
Round number 8, Train Epoch: 12 [0/7803 (0%)]	Loss: 123.584155
====> Round 8: Epoch: 12 Average loss: 130.3880
Round number 8, Train Epoch: 13 [0/7803 (0%)]	Loss: 147.460254
====> Round 8: Epoch: 13 Average loss: 130.3251
Round number 8, Train Epoch: 14 [0/7803 (0%)]	Loss: 125.295654
====> Round 8: Epoch: 14 Average loss: 130.4106
Round number 8, Train Epoch: 15 [0/7803 (0%)]	Loss: 147.175806
====> Round 8: Epoch: 15 Average loss: 130.2659
Round number 8, Train Epoch: 16 [0/7803 (0%)]	Loss: 130.466370
====> Round 8: Epoch: 16 Average loss: 130.2652
Round number 8, Train Epoch: 17 [0/7803 (0%)]	Loss: 117.603809
====> Round 8: Epoch: 17 Average loss: 130.1370
Round number 8, Train Epoch: 18 [0/7803 (0%)]	Loss: 142.564111
====> Round 8: Epoch: 18 Average loss: 130.0785
Round number 8, Train Epoch: 19 [0/7803 (0%)]	Loss: 140.009021
====> Round 8: Epoch: 19 Average loss: 130.0686
Round number 8, Train Epoch: 20 [0/7803 (0%)]	Loss: 114.330078
====> Round 8: Epoch: 20 Average loss: 129.9920
Round number 8, Train Epoch: 21 [0/7803 (0%)]	Loss: 117.846619
====> Round 8: Epoch: 21 Average loss: 129.9726
Round number 8, Train Epoch: 22 [0/7803 (0%)]	Loss: 133.432788
====> Round 8: Epoch: 22 Average loss: 129.9325
Round number 8, Train Epoch: 23 [0/7803 (0%)]	Loss: 150.341833
====> Round 8: Epoch: 23 Average loss: 129.9180
Round number 8, Train Epoch: 24 [0/7803 (0%)]	Loss: 133.781885
====> Round 8: Epoch: 24 Average loss: 129.8274
Round number 8, Train Epoch: 25 [0/7803 (0%)]	Loss: 125.846375
====> Round 8: Epoch: 25 Average loss: 129.8421
Round number 8, Train Epoch: 26 [0/7803 (0%)]	Loss: 124.395459
====> Round 8: Epoch: 26 Average loss: 129.8008
Round number 8, Train Epoch: 27 [0/7803 (0%)]	Loss: 124.646143
====> Round 8: Epoch: 27 Average loss: 129.7291
Round number 8, Train Epoch: 28 [0/7803 (0%)]	Loss: 135.597681
====> Round 8: Epoch: 28 Average loss: 129.6802
Round number 8, Train Epoch: 29 [0/7803 (0%)]	Loss: 110.872925
====> Round 8: Epoch: 29 Average loss: 129.6236
Round number 8, Train Epoch: 30 [0/7803 (0%)]	Loss: 156.175183
====> Round 8: Epoch: 30 Average loss: 129.5649
Round number 8, Train Epoch: 31 [0/7803 (0%)]	Loss: 122.433765
====> Round 8: Epoch: 31 Average loss: 129.5317
Round number 8, Train Epoch: 32 [0/7803 (0%)]	Loss: 147.257385
====> Round 8: Epoch: 32 Average loss: 129.4875
Round number 8, Train Epoch: 33 [0/7803 (0%)]	Loss: 136.846863
====> Round 8: Epoch: 33 Average loss: 129.4451
Round number 8, Train Epoch: 34 [0/7803 (0%)]	Loss: 122.951953
====> Round 8: Epoch: 34 Average loss: 129.4418
Round number 8, Train Epoch: 35 [0/7803 (0%)]	Loss: 138.640576
====> Round 8: Epoch: 35 Average loss: 129.4107
Round number 8, Train Epoch: 36 [0/7803 (0%)]	Loss: 143.435010
====> Round 8: Epoch: 36 Average loss: 129.3302
Round number 8, Train Epoch: 37 [0/7803 (0%)]	Loss: 118.232373
====> Round 8: Epoch: 37 Average loss: 129.4063
Round number 8, Train Epoch: 38 [0/7803 (0%)]	Loss: 125.165430
====> Round 8: Epoch: 38 Average loss: 129.2977
Round number 8, Train Epoch: 39 [0/7803 (0%)]	Loss: 111.728784
====> Round 8: Epoch: 39 Average loss: 129.2083
Round number 8, Train Epoch: 40 [0/7803 (0%)]	Loss: 132.994995
====> Round 8: Epoch: 40 Average loss: 129.1863
Round number 8, Train Epoch: 41 [0/7803 (0%)]	Loss: 135.171704
====> Round 8: Epoch: 41 Average loss: 129.1192
Round number 8, Train Epoch: 42 [0/7803 (0%)]	Loss: 128.471313
====> Round 8: Epoch: 42 Average loss: 129.1114
Round number 8, Train Epoch: 43 [0/7803 (0%)]	Loss: 135.922058
====> Round 8: Epoch: 43 Average loss: 129.0820
Round number 8, Train Epoch: 44 [0/7803 (0%)]	Loss: 113.656653
====> Round 8: Epoch: 44 Average loss: 129.0795
Round number 8, Train Epoch: 45 [0/7803 (0%)]	Loss: 115.442529
====> Round 8: Epoch: 45 Average loss: 129.0352
Round number 8, Train Epoch: 46 [0/7803 (0%)]	Loss: 117.865039
====> Round 8: Epoch: 46 Average loss: 129.0045
Round number 8, Train Epoch: 47 [0/7803 (0%)]	Loss: 144.036902
====> Round 8: Epoch: 47 Average loss: 128.9518
Round number 8, Train Epoch: 48 [0/7803 (0%)]	Loss: 122.249194
====> Round 8: Epoch: 48 Average loss: 128.9287
Round number 8, Train Epoch: 49 [0/7803 (0%)]	Loss: 125.439099
====> Round 8: Epoch: 49 Average loss: 128.8483
Round number 8, Train Epoch: 50 [0/7803 (0%)]	Loss: 134.463452
====> Round 8: Epoch: 50 Average loss: 128.7549
Round number 8, Train Epoch: 51 [0/7803 (0%)]	Loss: 110.929883
====> Round 8: Epoch: 51 Average loss: 128.7528
Round number 8, Train Epoch: 52 [0/7803 (0%)]	Loss: 120.058728
====> Round 8: Epoch: 52 Average loss: 128.7481
Round number 8, Train Epoch: 53 [0/7803 (0%)]	Loss: 130.358447
====> Round 8: Epoch: 53 Average loss: 128.6803
Round number 8, Train Epoch: 54 [0/7803 (0%)]	Loss: 135.780823
====> Round 8: Epoch: 54 Average loss: 128.6308
Round number 8, Train Epoch: 55 [0/7803 (0%)]	Loss: 128.338977
====> Round 8: Epoch: 55 Average loss: 128.6032
Round number 8, Train Epoch: 56 [0/7803 (0%)]	Loss: 126.503394
====> Round 8: Epoch: 56 Average loss: 128.5737
Round number 8, Train Epoch: 57 [0/7803 (0%)]	Loss: 143.727612
====> Round 8: Epoch: 57 Average loss: 128.5138
Round number 8, Train Epoch: 58 [0/7803 (0%)]	Loss: 149.803931
====> Round 8: Epoch: 58 Average loss: 128.4942
Round number 8, Train Epoch: 59 [0/7803 (0%)]	Loss: 136.852722
====> Round 8: Epoch: 59 Average loss: 128.4711
Round number 8, Train Epoch: 60 [0/7803 (0%)]	Loss: 114.995911
====> Round 8: Epoch: 60 Average loss: 128.4450
Round number 8, Train Epoch: 61 [0/7803 (0%)]	Loss: 150.729919
====> Round 8: Epoch: 61 Average loss: 128.3080
Round number 8, Train Epoch: 62 [0/7803 (0%)]	Loss: 128.253857
====> Round 8: Epoch: 62 Average loss: 128.3069
Round number 8, Train Epoch: 63 [0/7803 (0%)]	Loss: 110.877222
====> Round 8: Epoch: 63 Average loss: 128.3002
Round number 8, Train Epoch: 64 [0/7803 (0%)]	Loss: 153.356567
====> Round 8: Epoch: 64 Average loss: 128.2837
Round number 8, Train Epoch: 65 [0/7803 (0%)]	Loss: 145.391553
====> Round 8: Epoch: 65 Average loss: 128.2434
Round number 8, Train Epoch: 66 [0/7803 (0%)]	Loss: 125.741956
====> Round 8: Epoch: 66 Average loss: 128.1931
Round number 8, Train Epoch: 67 [0/7803 (0%)]	Loss: 129.391431
====> Round 8: Epoch: 67 Average loss: 128.1441
Round number 8, Train Epoch: 68 [0/7803 (0%)]	Loss: 135.046509
====> Round 8: Epoch: 68 Average loss: 128.1158
Round number 8, Train Epoch: 69 [0/7803 (0%)]	Loss: 117.207910
====> Round 8: Epoch: 69 Average loss: 128.0571
Round number 8, Train Epoch: 70 [0/7803 (0%)]	Loss: 124.270605
====> Round 8: Epoch: 70 Average loss: 128.0454
Round number 8, Train Epoch: 71 [0/7803 (0%)]	Loss: 130.986462
====> Round 8: Epoch: 71 Average loss: 128.0209
Round number 8, Train Epoch: 72 [0/7803 (0%)]	Loss: 116.927563
====> Round 8: Epoch: 72 Average loss: 127.9603
Round number 8, Train Epoch: 73 [0/7803 (0%)]	Loss: 125.470056
====> Round 8: Epoch: 73 Average loss: 127.9149
Round number 8, Train Epoch: 74 [0/7803 (0%)]	Loss: 112.946472
====> Round 8: Epoch: 74 Average loss: 127.8798
Round number 8, Train Epoch: 75 [0/7803 (0%)]	Loss: 116.453113
====> Round 8: Epoch: 75 Average loss: 127.8578
Round number 8, Train Epoch: 76 [0/7803 (0%)]	Loss: 113.449451
====> Round 8: Epoch: 76 Average loss: 127.7911
Round number 8, Train Epoch: 77 [0/7803 (0%)]	Loss: 145.074048
====> Round 8: Epoch: 77 Average loss: 127.8203
Round number 8, Train Epoch: 78 [0/7803 (0%)]	Loss: 116.877222
====> Round 8: Epoch: 78 Average loss: 127.7407
Round number 8, Train Epoch: 79 [0/7803 (0%)]	Loss: 132.438928
====> Round 8: Epoch: 79 Average loss: 127.7345
Round number 8, Train Epoch: 80 [0/7803 (0%)]	Loss: 116.506982
====> Round 8: Epoch: 80 Average loss: 127.7084
Round number 8, Train Epoch: 81 [0/7803 (0%)]	Loss: 136.604688
====> Round 8: Epoch: 81 Average loss: 127.6696
Round number 8, Train Epoch: 82 [0/7803 (0%)]	Loss: 122.166943
====> Round 8: Epoch: 82 Average loss: 127.5828
Round number 8, Train Epoch: 83 [0/7803 (0%)]	Loss: 118.609644
====> Round 8: Epoch: 83 Average loss: 127.5652
Round number 8, Train Epoch: 84 [0/7803 (0%)]	Loss: 125.813953
====> Round 8: Epoch: 84 Average loss: 127.5548
Round number 8, Train Epoch: 85 [0/7803 (0%)]	Loss: 139.497192
====> Round 8: Epoch: 85 Average loss: 127.4885
Round number 8, Train Epoch: 86 [0/7803 (0%)]	Loss: 130.854419
====> Round 8: Epoch: 86 Average loss: 127.5000
Round number 8, Train Epoch: 87 [0/7803 (0%)]	Loss: 121.905591
====> Round 8: Epoch: 87 Average loss: 127.3679
Round number 8, Train Epoch: 88 [0/7803 (0%)]	Loss: 137.085168
====> Round 8: Epoch: 88 Average loss: 127.3820
Round number 8, Train Epoch: 89 [0/7803 (0%)]	Loss: 124.252246
====> Round 8: Epoch: 89 Average loss: 127.3552
Round number 8, Train Epoch: 90 [0/7803 (0%)]	Loss: 122.138501
====> Round 8: Epoch: 90 Average loss: 127.3159
Round number 8, Train Epoch: 91 [0/7803 (0%)]	Loss: 123.418848
====> Round 8: Epoch: 91 Average loss: 127.3170
Round number 8, Train Epoch: 92 [0/7803 (0%)]	Loss: 119.109863
====> Round 8: Epoch: 92 Average loss: 127.2634
Round number 8, Train Epoch: 93 [0/7803 (0%)]	Loss: 111.539380
====> Round 8: Epoch: 93 Average loss: 127.2123
Round number 8, Train Epoch: 94 [0/7803 (0%)]	Loss: 111.973755
====> Round 8: Epoch: 94 Average loss: 127.2293
Round number 8, Train Epoch: 95 [0/7803 (0%)]	Loss: 114.934790
====> Round 8: Epoch: 95 Average loss: 127.1628
Round number 8, Train Epoch: 96 [0/7803 (0%)]	Loss: 113.554517
====> Round 8: Epoch: 96 Average loss: 127.0994
Round number 8, Train Epoch: 97 [0/7803 (0%)]	Loss: 119.684106
====> Round 8: Epoch: 97 Average loss: 127.0627
Round number 8, Train Epoch: 98 [0/7803 (0%)]	Loss: 129.994458
====> Round 8: Epoch: 98 Average loss: 127.0195
Round number 8, Train Epoch: 99 [0/7803 (0%)]	Loss: 124.555554
====> Round 8: Epoch: 99 Average loss: 127.0066
Round number 8, Train Epoch: 100 [0/7803 (0%)]	Loss: 118.634399
====> Round 8: Epoch: 100 Average loss: 126.9735
Round number 8, Train Epoch: 101 [0/7803 (0%)]	Loss: 114.569629
====> Round 8: Epoch: 101 Average loss: 126.9346
Round number 8, Train Epoch: 102 [0/7803 (0%)]	Loss: 123.373767
====> Round 8: Epoch: 102 Average loss: 126.8967
Round number 8, Train Epoch: 103 [0/7803 (0%)]	Loss: 119.319958
====> Round 8: Epoch: 103 Average loss: 126.8612
Round number 8, Train Epoch: 104 [0/7803 (0%)]	Loss: 113.882581
====> Round 8: Epoch: 104 Average loss: 126.8629
Round number 8, Train Epoch: 105 [0/7803 (0%)]	Loss: 139.720776
====> Round 8: Epoch: 105 Average loss: 126.8046
Round number 8, Train Epoch: 106 [0/7803 (0%)]	Loss: 130.800732
====> Round 8: Epoch: 106 Average loss: 126.7622
Round number 8, Train Epoch: 107 [0/7803 (0%)]	Loss: 127.808838
====> Round 8: Epoch: 107 Average loss: 126.7478
Round number 8, Train Epoch: 108 [0/7803 (0%)]	Loss: 128.891736
====> Round 8: Epoch: 108 Average loss: 126.6974
Round number 8, Train Epoch: 109 [0/7803 (0%)]	Loss: 128.989136
====> Round 8: Epoch: 109 Average loss: 126.5945
Round number 8, Train Epoch: 110 [0/7803 (0%)]	Loss: 110.684167
====> Round 8: Epoch: 110 Average loss: 126.6608
Round number 8, Train Epoch: 111 [0/7803 (0%)]	Loss: 113.957410
====> Round 8: Epoch: 111 Average loss: 126.5776
Round number 8, Train Epoch: 112 [0/7803 (0%)]	Loss: 138.443945
====> Round 8: Epoch: 112 Average loss: 126.5644
Round number 8, Train Epoch: 113 [0/7803 (0%)]	Loss: 117.198804
====> Round 8: Epoch: 113 Average loss: 126.5806
Round number 8, Train Epoch: 114 [0/7803 (0%)]	Loss: 114.108838
====> Round 8: Epoch: 114 Average loss: 126.5363
Round number 8, Train Epoch: 115 [0/7803 (0%)]	Loss: 126.352295
====> Round 8: Epoch: 115 Average loss: 126.4462
Round number 8, Train Epoch: 116 [0/7803 (0%)]	Loss: 125.412280
====> Round 8: Epoch: 116 Average loss: 126.4208
Round number 8, Train Epoch: 117 [0/7803 (0%)]	Loss: 140.750098
====> Round 8: Epoch: 117 Average loss: 126.3986
Round number 8, Train Epoch: 118 [0/7803 (0%)]	Loss: 111.760034
====> Round 8: Epoch: 118 Average loss: 126.3701
Round number 8, Train Epoch: 119 [0/7803 (0%)]	Loss: 129.589233
====> Round 8: Epoch: 119 Average loss: 126.3347
Round number 8, Train Epoch: 120 [0/7803 (0%)]	Loss: 134.018176
====> Round 8: Epoch: 120 Average loss: 126.3294
Round number 8, Train Epoch: 121 [0/7803 (0%)]	Loss: 129.502527
====> Round 8: Epoch: 121 Average loss: 126.2473
Round number 8, Train Epoch: 122 [0/7803 (0%)]	Loss: 118.755054
====> Round 8: Epoch: 122 Average loss: 126.3247
Round number 8, Train Epoch: 123 [0/7803 (0%)]	Loss: 137.969116
====> Round 8: Epoch: 123 Average loss: 126.2643
Round number 8, Train Epoch: 124 [0/7803 (0%)]	Loss: 126.112109
====> Round 8: Epoch: 124 Average loss: 126.1817
Round number 8, Train Epoch: 125 [0/7803 (0%)]	Loss: 130.960132
====> Round 8: Epoch: 125 Average loss: 126.1450
Round number 8, Train Epoch: 126 [0/7803 (0%)]	Loss: 119.518628
====> Round 8: Epoch: 126 Average loss: 126.1351
Round number 8, Train Epoch: 127 [0/7803 (0%)]	Loss: 115.396216
====> Round 8: Epoch: 127 Average loss: 126.0339
Round number 8, Train Epoch: 128 [0/7803 (0%)]	Loss: 123.503857
====> Round 8: Epoch: 128 Average loss: 126.0972
Round number 8, Train Epoch: 129 [0/7803 (0%)]	Loss: 119.603662
====> Round 8: Epoch: 129 Average loss: 126.0042
Round number 8, Train Epoch: 130 [0/7803 (0%)]	Loss: 130.183374
====> Round 8: Epoch: 130 Average loss: 125.9847
Round number 8, Train Epoch: 131 [0/7803 (0%)]	Loss: 147.216138
====> Round 8: Epoch: 131 Average loss: 125.9671
Round number 8, Train Epoch: 132 [0/7803 (0%)]	Loss: 136.526807
====> Round 8: Epoch: 132 Average loss: 125.9753
Round number 8, Train Epoch: 133 [0/7803 (0%)]	Loss: 114.409216
====> Round 8: Epoch: 133 Average loss: 125.8949
Round number 8, Train Epoch: 134 [0/7803 (0%)]	Loss: 117.788904
====> Round 8: Epoch: 134 Average loss: 125.8855
Round number 8, Train Epoch: 135 [0/7803 (0%)]	Loss: 106.296399
====> Round 8: Epoch: 135 Average loss: 125.8009
Round number 8, Train Epoch: 136 [0/7803 (0%)]	Loss: 123.983179
====> Round 8: Epoch: 136 Average loss: 125.8270
Round number 8, Train Epoch: 137 [0/7803 (0%)]	Loss: 147.630884
====> Round 8: Epoch: 137 Average loss: 125.7795
Round number 8, Train Epoch: 138 [0/7803 (0%)]	Loss: 116.383752
====> Round 8: Epoch: 138 Average loss: 125.8172
Round number 8, Train Epoch: 139 [0/7803 (0%)]	Loss: 143.781750
====> Round 8: Epoch: 139 Average loss: 125.7167
Round number 8, Train Epoch: 140 [0/7803 (0%)]	Loss: 111.468250
====> Round 8: Epoch: 140 Average loss: 125.7243
Round number 8, Train Epoch: 141 [0/7803 (0%)]	Loss: 131.785486
====> Round 8: Epoch: 141 Average loss: 125.6627
Round number 8, Train Epoch: 142 [0/7803 (0%)]	Loss: 114.279687
====> Round 8: Epoch: 142 Average loss: 125.6092
Round number 8, Train Epoch: 143 [0/7803 (0%)]	Loss: 128.468311
====> Round 8: Epoch: 143 Average loss: 125.6373
Round number 8, Train Epoch: 144 [0/7803 (0%)]	Loss: 100.996539
====> Round 8: Epoch: 144 Average loss: 125.5076
Round number 8, Train Epoch: 145 [0/7803 (0%)]	Loss: 121.914355
====> Round 8: Epoch: 145 Average loss: 125.5034
Round number 8, Train Epoch: 146 [0/7803 (0%)]	Loss: 121.770813
====> Round 8: Epoch: 146 Average loss: 125.5410
Round number 8, Train Epoch: 147 [0/7803 (0%)]	Loss: 118.584534
====> Round 8: Epoch: 147 Average loss: 125.4591
Round number 8, Train Epoch: 148 [0/7803 (0%)]	Loss: 123.777087
====> Round 8: Epoch: 148 Average loss: 125.4062
Round number 8, Train Epoch: 149 [0/7803 (0%)]	Loss: 141.639111
====> Round 8: Epoch: 149 Average loss: 125.3631
Round number 8, Train Epoch: 150 [0/7803 (0%)]	Loss: 133.779175
====> Round 8: Epoch: 150 Average loss: 125.4294
Round number 8, Train Epoch: 151 [0/7803 (0%)]	Loss: 117.161731
====> Round 8: Epoch: 151 Average loss: 125.3693
Round number 8, Train Epoch: 152 [0/7803 (0%)]	Loss: 112.713623
====> Round 8: Epoch: 152 Average loss: 125.3310
Round number 8, Train Epoch: 153 [0/7803 (0%)]	Loss: 115.347510
====> Round 8: Epoch: 153 Average loss: 125.3037
Round number 8, Train Epoch: 154 [0/7803 (0%)]	Loss: 121.545825
====> Round 8: Epoch: 154 Average loss: 125.2781
Round number 8, Train Epoch: 155 [0/7803 (0%)]	Loss: 127.637598
====> Round 8: Epoch: 155 Average loss: 125.2280
Round number 8, Train Epoch: 156 [0/7803 (0%)]	Loss: 126.989746
====> Round 8: Epoch: 156 Average loss: 125.1799
Round number 8, Train Epoch: 157 [0/7803 (0%)]	Loss: 135.477759
====> Round 8: Epoch: 157 Average loss: 125.2279
Round number 8, Train Epoch: 158 [0/7803 (0%)]	Loss: 137.128735
====> Round 8: Epoch: 158 Average loss: 125.1655
Round number 8, Train Epoch: 159 [0/7803 (0%)]	Loss: 111.305872
====> Round 8: Epoch: 159 Average loss: 125.0858
Round number 8, Train Epoch: 160 [0/7803 (0%)]	Loss: 111.689844
====> Round 8: Epoch: 160 Average loss: 125.0915
Round number 8, Train Epoch: 161 [0/7803 (0%)]	Loss: 126.185205
====> Round 8: Epoch: 161 Average loss: 125.0626
Round number 8, Train Epoch: 162 [0/7803 (0%)]	Loss: 134.719031
====> Round 8: Epoch: 162 Average loss: 125.0085
Round number 8, Train Epoch: 163 [0/7803 (0%)]	Loss: 111.930542
====> Round 8: Epoch: 163 Average loss: 125.0230
Round number 8, Train Epoch: 164 [0/7803 (0%)]	Loss: 135.778735
====> Round 8: Epoch: 164 Average loss: 124.9977
Round number 8, Train Epoch: 165 [0/7803 (0%)]	Loss: 121.079419
====> Round 8: Epoch: 165 Average loss: 124.9241
Round number 8, Train Epoch: 166 [0/7803 (0%)]	Loss: 112.058496
====> Round 8: Epoch: 166 Average loss: 124.8851
Round number 8, Train Epoch: 167 [0/7803 (0%)]	Loss: 129.950732
====> Round 8: Epoch: 167 Average loss: 124.9125
Round number 8, Train Epoch: 168 [0/7803 (0%)]	Loss: 126.937451
====> Round 8: Epoch: 168 Average loss: 124.8277
Round number 8, Train Epoch: 169 [0/7803 (0%)]	Loss: 132.794849
====> Round 8: Epoch: 169 Average loss: 124.8320
Round number 8, Train Epoch: 170 [0/7803 (0%)]	Loss: 131.815625
====> Round 8: Epoch: 170 Average loss: 124.7596
Round number 8, Train Epoch: 171 [0/7803 (0%)]	Loss: 132.376001
====> Round 8: Epoch: 171 Average loss: 124.7910
Round number 8, Train Epoch: 172 [0/7803 (0%)]	Loss: 121.207068
====> Round 8: Epoch: 172 Average loss: 124.7128
Round number 8, Train Epoch: 173 [0/7803 (0%)]	Loss: 136.057581
====> Round 8: Epoch: 173 Average loss: 124.7966
Round number 8, Train Epoch: 174 [0/7803 (0%)]	Loss: 128.057910
====> Round 8: Epoch: 174 Average loss: 124.6623
Round number 8, Train Epoch: 175 [0/7803 (0%)]	Loss: 119.087817
====> Round 8: Epoch: 175 Average loss: 124.6708
Round number 8, Train Epoch: 176 [0/7803 (0%)]	Loss: 117.963318
====> Round 8: Epoch: 176 Average loss: 124.6235
Round number 8, Train Epoch: 177 [0/7803 (0%)]	Loss: 138.473950
====> Round 8: Epoch: 177 Average loss: 124.6619
Round number 8, Train Epoch: 178 [0/7803 (0%)]	Loss: 139.724365
====> Round 8: Epoch: 178 Average loss: 124.6123
Round number 8, Train Epoch: 179 [0/7803 (0%)]	Loss: 132.259106
====> Round 8: Epoch: 179 Average loss: 124.5705
Round number 8, Train Epoch: 180 [0/7803 (0%)]	Loss: 102.365686
====> Round 8: Epoch: 180 Average loss: 124.5223
Round number 8, Train Epoch: 181 [0/7803 (0%)]	Loss: 145.974036
====> Round 8: Epoch: 181 Average loss: 124.5104
Round number 8, Train Epoch: 182 [0/7803 (0%)]	Loss: 131.463623
====> Round 8: Epoch: 182 Average loss: 124.4916
Round number 8, Train Epoch: 183 [0/7803 (0%)]	Loss: 124.666089
====> Round 8: Epoch: 183 Average loss: 124.4490
Round number 8, Train Epoch: 184 [0/7803 (0%)]	Loss: 121.093018
====> Round 8: Epoch: 184 Average loss: 124.4276
Round number 8, Train Epoch: 185 [0/7803 (0%)]	Loss: 131.142554
====> Round 8: Epoch: 185 Average loss: 124.3906
Round number 8, Train Epoch: 186 [0/7803 (0%)]	Loss: 94.921570
====> Round 8: Epoch: 186 Average loss: 124.3638
Round number 8, Train Epoch: 187 [0/7803 (0%)]	Loss: 106.538562
====> Round 8: Epoch: 187 Average loss: 124.3343
Round number 8, Train Epoch: 188 [0/7803 (0%)]	Loss: 117.773999
====> Round 8: Epoch: 188 Average loss: 124.2777
Round number 8, Train Epoch: 189 [0/7803 (0%)]	Loss: 111.004736
====> Round 8: Epoch: 189 Average loss: 124.3049
Round number 8, Train Epoch: 190 [0/7803 (0%)]	Loss: 126.787610
====> Round 8: Epoch: 190 Average loss: 124.2719
Round number 8, Train Epoch: 191 [0/7803 (0%)]	Loss: 129.913208
====> Round 8: Epoch: 191 Average loss: 124.2530
Round number 8, Train Epoch: 192 [0/7803 (0%)]	Loss: 136.368896
====> Round 8: Epoch: 192 Average loss: 124.2134
Round number 8, Train Epoch: 193 [0/7803 (0%)]	Loss: 127.262854
====> Round 8: Epoch: 193 Average loss: 124.1661
Round number 8, Train Epoch: 194 [0/7803 (0%)]	Loss: 141.238818
====> Round 8: Epoch: 194 Average loss: 124.1478
Round number 8, Train Epoch: 195 [0/7803 (0%)]	Loss: 123.440088
====> Round 8: Epoch: 195 Average loss: 124.1515
Round number 8, Train Epoch: 196 [0/7803 (0%)]	Loss: 138.533301
====> Round 8: Epoch: 196 Average loss: 124.1179
Round number 8, Train Epoch: 197 [0/7803 (0%)]	Loss: 131.625940
====> Round 8: Epoch: 197 Average loss: 124.0960
Round number 8, Train Epoch: 198 [0/7803 (0%)]	Loss: 152.483618
====> Round 8: Epoch: 198 Average loss: 124.0983
Round number 8, Train Epoch: 199 [0/7803 (0%)]	Loss: 122.048352
====> Round 8: Epoch: 199 Average loss: 124.0533
Round number 8, Train Epoch: 200 [0/7803 (0%)]	Loss: 110.799707
====> Round 8: Epoch: 200 Average loss: 124.0359
Round number 8, Train Epoch: 201 [0/7803 (0%)]	Loss: 104.487671
====> Round 8: Epoch: 201 Average loss: 123.9797
Round number 8, Train Epoch: 202 [0/7803 (0%)]	Loss: 106.994385
====> Round 8: Epoch: 202 Average loss: 123.9280
Round number 8, Train Epoch: 203 [0/7803 (0%)]	Loss: 124.334851
====> Round 8: Epoch: 203 Average loss: 123.9328
Round number 8, Train Epoch: 204 [0/7803 (0%)]	Loss: 111.230505
====> Round 8: Epoch: 204 Average loss: 123.9113
Round number 8, Train Epoch: 205 [0/7803 (0%)]	Loss: 142.504785
====> Round 8: Epoch: 205 Average loss: 123.8872
Round number 8, Train Epoch: 206 [0/7803 (0%)]	Loss: 114.208130
====> Round 8: Epoch: 206 Average loss: 123.8254
Round number 8, Train Epoch: 207 [0/7803 (0%)]	Loss: 105.341492
====> Round 8: Epoch: 207 Average loss: 123.8162
Round number 8, Train Epoch: 208 [0/7803 (0%)]	Loss: 109.244250
====> Round 8: Epoch: 208 Average loss: 123.8076
Round number 8, Train Epoch: 209 [0/7803 (0%)]	Loss: 114.069385
====> Round 8: Epoch: 209 Average loss: 123.7690
Round number 8, Train Epoch: 210 [0/7803 (0%)]	Loss: 129.324890
====> Round 8: Epoch: 210 Average loss: 123.7275
Round number 8, Train Epoch: 211 [0/7803 (0%)]	Loss: 97.962927
====> Round 8: Epoch: 211 Average loss: 123.6966
Round number 8, Train Epoch: 212 [0/7803 (0%)]	Loss: 116.258765
====> Round 8: Epoch: 212 Average loss: 123.6473
Round number 8, Train Epoch: 213 [0/7803 (0%)]	Loss: 150.527966
====> Round 8: Epoch: 213 Average loss: 123.6296
Round number 8, Train Epoch: 214 [0/7803 (0%)]	Loss: 110.593115
====> Round 8: Epoch: 214 Average loss: 123.6543
Round number 8, Train Epoch: 215 [0/7803 (0%)]	Loss: 115.373743
====> Round 8: Epoch: 215 Average loss: 123.5903
Round number 8, Train Epoch: 216 [0/7803 (0%)]	Loss: 126.600732
====> Round 8: Epoch: 216 Average loss: 123.5813
Round number 8, Train Epoch: 217 [0/7803 (0%)]	Loss: 101.788391
====> Round 8: Epoch: 217 Average loss: 123.5532
Round number 8, Train Epoch: 218 [0/7803 (0%)]	Loss: 119.676880
====> Round 8: Epoch: 218 Average loss: 123.5537
Round number 8, Train Epoch: 219 [0/7803 (0%)]	Loss: 109.360852
====> Round 8: Epoch: 219 Average loss: 123.5128
Round number 8, Train Epoch: 220 [0/7803 (0%)]	Loss: 144.210156
====> Round 8: Epoch: 220 Average loss: 123.4846
Round number 8, Train Epoch: 221 [0/7803 (0%)]	Loss: 121.458936
====> Round 8: Epoch: 221 Average loss: 123.4367
Round number 8, Train Epoch: 222 [0/7803 (0%)]	Loss: 143.266394
====> Round 8: Epoch: 222 Average loss: 123.4602
Round number 8, Train Epoch: 223 [0/7803 (0%)]	Loss: 119.929053
====> Round 8: Epoch: 223 Average loss: 123.3865
Round number 8, Train Epoch: 224 [0/7803 (0%)]	Loss: 102.950415
====> Round 8: Epoch: 224 Average loss: 123.3638
Round number 8, Train Epoch: 225 [0/7803 (0%)]	Loss: 118.546057
====> Round 8: Epoch: 225 Average loss: 123.3593
Round number 8, Train Epoch: 226 [0/7803 (0%)]	Loss: 136.032556
====> Round 8: Epoch: 226 Average loss: 123.2966
Round number 8, Train Epoch: 227 [0/7803 (0%)]	Loss: 143.827344
====> Round 8: Epoch: 227 Average loss: 123.2812
Round number 8, Train Epoch: 228 [0/7803 (0%)]	Loss: 125.396045
====> Round 8: Epoch: 228 Average loss: 123.2637
Round number 8, Train Epoch: 229 [0/7803 (0%)]	Loss: 108.273926
====> Round 8: Epoch: 229 Average loss: 123.2399
Round number 8, Train Epoch: 230 [0/7803 (0%)]	Loss: 135.121094
====> Round 8: Epoch: 230 Average loss: 123.2400
Round number 8, Train Epoch: 231 [0/7803 (0%)]	Loss: 131.079175
====> Round 8: Epoch: 231 Average loss: 123.1847
Round number 8, Train Epoch: 232 [0/7803 (0%)]	Loss: 132.306323
====> Round 8: Epoch: 232 Average loss: 123.2019
Round number 8, Train Epoch: 233 [0/7803 (0%)]	Loss: 131.715564
====> Round 8: Epoch: 233 Average loss: 123.1610
Round number 8, Train Epoch: 234 [0/7803 (0%)]	Loss: 120.984937
====> Round 8: Epoch: 234 Average loss: 123.1804
Round number 8, Train Epoch: 235 [0/7803 (0%)]	Loss: 140.333203
====> Round 8: Epoch: 235 Average loss: 123.1118
Round number 8, Train Epoch: 236 [0/7803 (0%)]	Loss: 117.203894
====> Round 8: Epoch: 236 Average loss: 123.1347
Round number 8, Train Epoch: 237 [0/7803 (0%)]	Loss: 105.006909
====> Round 8: Epoch: 237 Average loss: 123.0781
Round number 8, Train Epoch: 238 [0/7803 (0%)]	Loss: 122.600513
====> Round 8: Epoch: 238 Average loss: 123.0201
Round number 8, Train Epoch: 239 [0/7803 (0%)]	Loss: 98.744861
====> Round 8: Epoch: 239 Average loss: 123.0155
Round number 8, Train Epoch: 240 [0/7803 (0%)]	Loss: 130.954736
====> Round 8: Epoch: 240 Average loss: 122.9532
Round number 8, Train Epoch: 241 [0/7803 (0%)]	Loss: 104.753955
====> Round 8: Epoch: 241 Average loss: 122.9823
Round number 8, Train Epoch: 242 [0/7803 (0%)]	Loss: 129.726392
====> Round 8: Epoch: 242 Average loss: 122.9630
Round number 8, Train Epoch: 243 [0/7803 (0%)]	Loss: 143.628333
====> Round 8: Epoch: 243 Average loss: 122.8879
Round number 8, Train Epoch: 244 [0/7803 (0%)]	Loss: 99.804553
====> Round 8: Epoch: 244 Average loss: 122.8429
Round number 8, Train Epoch: 245 [0/7803 (0%)]	Loss: 112.044568
====> Round 8: Epoch: 245 Average loss: 122.8310
Round number 8, Train Epoch: 246 [0/7803 (0%)]	Loss: 128.850269
====> Round 8: Epoch: 246 Average loss: 122.8026
Round number 8, Train Epoch: 247 [0/7803 (0%)]	Loss: 130.631494
====> Round 8: Epoch: 247 Average loss: 122.7925
Round number 8, Train Epoch: 248 [0/7803 (0%)]	Loss: 104.073694
====> Round 8: Epoch: 248 Average loss: 122.7567
Round number 8, Train Epoch: 249 [0/7803 (0%)]	Loss: 124.717346
====> Round 8: Epoch: 249 Average loss: 122.7190
Round number 8, Train Epoch: 250 [0/7803 (0%)]	Loss: 114.907617
====> Round 8: Epoch: 250 Average loss: 122.7021
Round number 8, Train Epoch: 251 [0/7803 (0%)]	Loss: 126.676123
====> Round 8: Epoch: 251 Average loss: 122.7143
Round number 8, Train Epoch: 252 [0/7803 (0%)]	Loss: 131.605164
====> Round 8: Epoch: 252 Average loss: 122.7453
Round number 8, Train Epoch: 253 [0/7803 (0%)]	Loss: 125.891418
====> Round 8: Epoch: 253 Average loss: 122.6896
Round number 8, Train Epoch: 254 [0/7803 (0%)]	Loss: 115.829968
====> Round 8: Epoch: 254 Average loss: 122.6248
Round number 8, Train Epoch: 255 [0/7803 (0%)]	Loss: 133.719434
====> Round 8: Epoch: 255 Average loss: 122.5971
2020-04-25 12:31:45.577763
====> Round 8: Epoch 255: Test set loss: 114.0578
====> Round 8: Epoch 255: Test set loss: 113.9924
2020-04-25 12:32:04.626307
Training finished