Drive already mounted at /content/drive; to attempt to forcibly remount, call drive.mount("/content/drive", force_remount=True).
Training on GPU
2020-04-24 10:24:21.503914
====> Epoch: 1 Average loss: 300.3223
====> Test set loss: 260.3663
====> Epoch: 2 Average loss: 262.1026
====> Epoch: 3 Average loss: 253.6628
====> Epoch: 4 Average loss: 249.6347
====> Epoch: 5 Average loss: 247.2214
====> Epoch: 6 Average loss: 245.6860
====> Epoch: 7 Average loss: 244.6079
====> Epoch: 8 Average loss: 243.8093
====> Epoch: 9 Average loss: 243.0425
====> Epoch: 10 Average loss: 242.3897
====> Epoch: 11 Average loss: 241.9662
====> Epoch: 12 Average loss: 241.5496
====> Epoch: 13 Average loss: 241.1770
====> Epoch: 14 Average loss: 240.7628
====> Epoch: 15 Average loss: 240.4814
====> Epoch: 16 Average loss: 240.2337
====> Epoch: 17 Average loss: 240.0044
====> Epoch: 18 Average loss: 239.7166
====> Epoch: 19 Average loss: 239.5215
====> Epoch: 20 Average loss: 239.3523
====> Epoch: 21 Average loss: 239.1129
====> Test set loss: 236.6159
====> Epoch: 22 Average loss: 238.9665
====> Epoch: 23 Average loss: 238.7581
====> Epoch: 24 Average loss: 238.5957
====> Epoch: 25 Average loss: 238.5292
====> Epoch: 26 Average loss: 238.3863
====> Epoch: 27 Average loss: 238.1839
====> Epoch: 28 Average loss: 238.1640
====> Epoch: 29 Average loss: 237.9836
====> Epoch: 30 Average loss: 237.8680
====> Epoch: 31 Average loss: 237.8342
====> Epoch: 32 Average loss: 237.7171
====> Epoch: 33 Average loss: 237.6663
====> Epoch: 34 Average loss: 237.5361
====> Epoch: 35 Average loss: 237.5120
====> Epoch: 36 Average loss: 237.3512
====> Epoch: 37 Average loss: 237.2819
====> Epoch: 38 Average loss: 237.2497
====> Epoch: 39 Average loss: 237.1648
====> Epoch: 40 Average loss: 237.1240
====> Epoch: 41 Average loss: 237.0289
====> Test set loss: 235.0862
====> Epoch: 42 Average loss: 236.9750
====> Epoch: 43 Average loss: 236.8740
====> Epoch: 44 Average loss: 236.8935
====> Epoch: 45 Average loss: 236.8097
====> Epoch: 46 Average loss: 236.7359
====> Epoch: 47 Average loss: 236.7235
====> Epoch: 48 Average loss: 236.6414
====> Epoch: 49 Average loss: 236.6458
====> Epoch: 50 Average loss: 236.5683
====> Epoch: 51 Average loss: 236.5593
====> Epoch: 52 Average loss: 236.5097
====> Epoch: 53 Average loss: 236.4175
====> Epoch: 54 Average loss: 236.3809
====> Epoch: 55 Average loss: 236.4165
====> Epoch: 56 Average loss: 236.2978
====> Epoch: 57 Average loss: 236.2588
====> Epoch: 58 Average loss: 236.2528
====> Epoch: 59 Average loss: 236.1956
====> Epoch: 60 Average loss: 236.2245
====> Epoch: 61 Average loss: 236.1309
====> Test set loss: 234.1492
====> Epoch: 62 Average loss: 236.1520
====> Epoch: 63 Average loss: 236.0545
====> Epoch: 64 Average loss: 236.0877
====> Epoch: 65 Average loss: 236.0558
====> Epoch: 66 Average loss: 236.0112
====> Epoch: 67 Average loss: 235.9827
====> Epoch: 68 Average loss: 235.9002
====> Epoch: 69 Average loss: 235.9254
====> Epoch: 70 Average loss: 235.8776
====> Epoch: 71 Average loss: 235.8810
====> Epoch: 72 Average loss: 235.8101
====> Epoch: 73 Average loss: 235.7963
====> Epoch: 74 Average loss: 235.8128
====> Epoch: 75 Average loss: 235.7748
====> Epoch: 76 Average loss: 235.7473
====> Epoch: 77 Average loss: 235.6869
====> Epoch: 78 Average loss: 235.6783
====> Epoch: 79 Average loss: 235.6858
====> Epoch: 80 Average loss: 235.6333
====> Epoch: 81 Average loss: 235.6171
====> Test set loss: 233.7658
====> Epoch: 82 Average loss: 235.6736
====> Epoch: 83 Average loss: 235.5700
====> Epoch: 84 Average loss: 235.5618
====> Epoch: 85 Average loss: 235.5708
====> Epoch: 86 Average loss: 235.5303
====> Epoch: 87 Average loss: 235.5360
====> Epoch: 88 Average loss: 235.5129
====> Epoch: 89 Average loss: 235.4535
====> Epoch: 90 Average loss: 235.4741
====> Epoch: 91 Average loss: 235.4608
====> Epoch: 92 Average loss: 235.4115
====> Epoch: 93 Average loss: 235.3913
====> Epoch: 94 Average loss: 235.3929
====> Epoch: 95 Average loss: 235.3463
====> Epoch: 96 Average loss: 235.3469
====> Epoch: 97 Average loss: 235.3661
====> Epoch: 98 Average loss: 235.3317
====> Epoch: 99 Average loss: 235.3108
====> Epoch: 100 Average loss: 235.2989
====> Epoch: 101 Average loss: 235.3020
====> Test set loss: 233.5306
====> Epoch: 102 Average loss: 235.2360
====> Epoch: 103 Average loss: 235.2551
====> Epoch: 104 Average loss: 235.2688
====> Epoch: 105 Average loss: 235.1963
====> Epoch: 106 Average loss: 235.2218
====> Epoch: 107 Average loss: 235.1883
====> Epoch: 108 Average loss: 235.1639
====> Epoch: 109 Average loss: 235.1946
====> Epoch: 110 Average loss: 235.1321
====> Epoch: 111 Average loss: 235.1129
====> Epoch: 112 Average loss: 235.0988
====> Epoch: 113 Average loss: 235.0918
====> Epoch: 114 Average loss: 235.1078
====> Epoch: 115 Average loss: 235.1113
====> Epoch: 116 Average loss: 235.0418
====> Epoch: 117 Average loss: 235.0712
====> Epoch: 118 Average loss: 235.0277
====> Epoch: 119 Average loss: 235.0133
====> Epoch: 120 Average loss: 235.0362
====> Epoch: 121 Average loss: 235.0611
====> Test set loss: 233.0963
====> Epoch: 122 Average loss: 235.0256
====> Epoch: 123 Average loss: 234.9848
====> Epoch: 124 Average loss: 234.9519
====> Epoch: 125 Average loss: 234.9778
====> Epoch: 126 Average loss: 234.9305
====> Epoch: 127 Average loss: 234.9842
====> Epoch: 128 Average loss: 234.9150
====> Epoch: 129 Average loss: 234.9466
====> Epoch: 130 Average loss: 234.9241
====> Epoch: 131 Average loss: 234.9036
====> Epoch: 132 Average loss: 234.8684
====> Epoch: 133 Average loss: 234.8979
====> Epoch: 134 Average loss: 234.8610
====> Epoch: 135 Average loss: 234.8728
====> Epoch: 136 Average loss: 234.8833
====> Epoch: 137 Average loss: 234.8358
====> Epoch: 138 Average loss: 234.8846
====> Epoch: 139 Average loss: 234.8345
====> Epoch: 140 Average loss: 234.8009
====> Epoch: 141 Average loss: 234.7821
====> Test set loss: 232.9210
====> Epoch: 142 Average loss: 234.8037
====> Epoch: 143 Average loss: 234.7970
====> Epoch: 144 Average loss: 234.7902
====> Epoch: 145 Average loss: 234.7191
====> Epoch: 146 Average loss: 234.7466
====> Epoch: 147 Average loss: 234.7838
====> Epoch: 148 Average loss: 234.7196
====> Epoch: 149 Average loss: 234.7779
====> Epoch: 150 Average loss: 234.7139
====> Epoch: 151 Average loss: 234.7424
2020-04-24 10:53:10.403086
Training finished