INFO:root:Training on GPU
INFO:root:2020-04-22 13:53:31.603801
INFO:root:Train Epoch: 1 [0/60000 (0%)]	Loss: 544.601196
INFO:root:====> Epoch: 1 Average loss: 195.8724
INFO:root:====> Test set loss: 159.1928
INFO:root:Train Epoch: 2 [0/60000 (0%)]	Loss: 164.819641
INFO:root:====> Epoch: 2 Average loss: 147.6068
INFO:root:Train Epoch: 3 [0/60000 (0%)]	Loss: 133.974915
INFO:root:====> Epoch: 3 Average loss: 132.1359
INFO:root:Train Epoch: 4 [0/60000 (0%)]	Loss: 131.537018
INFO:root:====> Epoch: 4 Average loss: 124.6004
INFO:root:Train Epoch: 5 [0/60000 (0%)]	Loss: 124.059616
INFO:root:====> Epoch: 5 Average loss: 120.0116
INFO:root:Train Epoch: 6 [0/60000 (0%)]	Loss: 115.039940
INFO:root:====> Epoch: 6 Average loss: 116.6010
INFO:root:Train Epoch: 7 [0/60000 (0%)]	Loss: 116.370041
INFO:root:====> Epoch: 7 Average loss: 113.8401
INFO:root:Train Epoch: 8 [0/60000 (0%)]	Loss: 111.439499
INFO:root:====> Epoch: 8 Average loss: 111.6143
INFO:root:Train Epoch: 9 [0/60000 (0%)]	Loss: 110.271606
INFO:root:====> Epoch: 9 Average loss: 109.7703
INFO:root:Train Epoch: 10 [0/60000 (0%)]	Loss: 106.707947
INFO:root:====> Epoch: 10 Average loss: 108.3062
INFO:root:Train Epoch: 11 [0/60000 (0%)]	Loss: 107.404465
INFO:root:====> Epoch: 11 Average loss: 106.9777
INFO:root:Train Epoch: 12 [0/60000 (0%)]	Loss: 106.280525
INFO:root:====> Epoch: 12 Average loss: 105.9173
INFO:root:Train Epoch: 13 [0/60000 (0%)]	Loss: 102.584579
INFO:root:====> Epoch: 13 Average loss: 105.0457
INFO:root:Train Epoch: 14 [0/60000 (0%)]	Loss: 105.942474
INFO:root:====> Epoch: 14 Average loss: 104.1866
INFO:root:Train Epoch: 15 [0/60000 (0%)]	Loss: 106.509628
INFO:root:====> Epoch: 15 Average loss: 103.4583
INFO:root:Train Epoch: 16 [0/60000 (0%)]	Loss: 100.983910
INFO:root:====> Epoch: 16 Average loss: 102.8488
INFO:root:Train Epoch: 17 [0/60000 (0%)]	Loss: 103.951576
INFO:root:====> Epoch: 17 Average loss: 102.3004
INFO:root:Train Epoch: 18 [0/60000 (0%)]	Loss: 106.933792
INFO:root:====> Epoch: 18 Average loss: 101.7801
INFO:root:Train Epoch: 19 [0/60000 (0%)]	Loss: 100.950653
INFO:root:====> Epoch: 19 Average loss: 101.3034
INFO:root:Train Epoch: 20 [0/60000 (0%)]	Loss: 99.945343
INFO:root:====> Epoch: 20 Average loss: 100.9856
INFO:root:Train Epoch: 21 [0/60000 (0%)]	Loss: 97.853004
INFO:root:====> Epoch: 21 Average loss: 100.5629
INFO:root:====> Test set loss: 93.4973
INFO:root:Train Epoch: 22 [0/60000 (0%)]	Loss: 100.477364
INFO:root:====> Epoch: 22 Average loss: 100.2713
INFO:root:Train Epoch: 23 [0/60000 (0%)]	Loss: 106.999619
INFO:root:====> Epoch: 23 Average loss: 99.9364
INFO:root:Train Epoch: 24 [0/60000 (0%)]	Loss: 97.482346
INFO:root:====> Epoch: 24 Average loss: 99.6289
INFO:root:Train Epoch: 25 [0/60000 (0%)]	Loss: 97.075165
INFO:root:====> Epoch: 25 Average loss: 99.4325
INFO:root:Train Epoch: 26 [0/60000 (0%)]	Loss: 96.543175
INFO:root:====> Epoch: 26 Average loss: 99.1791
INFO:root:Train Epoch: 27 [0/60000 (0%)]	Loss: 100.234146
INFO:root:====> Epoch: 27 Average loss: 98.9458
INFO:root:Train Epoch: 28 [0/60000 (0%)]	Loss: 100.788559
INFO:root:====> Epoch: 28 Average loss: 98.7500
INFO:root:Train Epoch: 29 [0/60000 (0%)]	Loss: 96.205826
INFO:root:====> Epoch: 29 Average loss: 98.5043
INFO:root:Train Epoch: 30 [0/60000 (0%)]	Loss: 96.732185
INFO:root:====> Epoch: 30 Average loss: 98.3334
INFO:root:Train Epoch: 31 [0/60000 (0%)]	Loss: 99.427132
INFO:root:====> Epoch: 31 Average loss: 98.1193
INFO:root:Train Epoch: 32 [0/60000 (0%)]	Loss: 98.732399
INFO:root:====> Epoch: 32 Average loss: 97.9895
INFO:root:Train Epoch: 33 [0/60000 (0%)]	Loss: 99.719727
INFO:root:====> Epoch: 33 Average loss: 97.8228
INFO:root:Train Epoch: 34 [0/60000 (0%)]	Loss: 96.611031
INFO:root:====> Epoch: 34 Average loss: 97.6864
INFO:root:Train Epoch: 35 [0/60000 (0%)]	Loss: 95.051361
INFO:root:====> Epoch: 35 Average loss: 97.5192
INFO:root:Train Epoch: 36 [0/60000 (0%)]	Loss: 92.535263
INFO:root:====> Epoch: 36 Average loss: 97.4190
INFO:root:Train Epoch: 37 [0/60000 (0%)]	Loss: 98.151566
INFO:root:====> Epoch: 37 Average loss: 97.2841
INFO:root:Train Epoch: 38 [0/60000 (0%)]	Loss: 92.377121
INFO:root:====> Epoch: 38 Average loss: 97.1523
INFO:root:Train Epoch: 39 [0/60000 (0%)]	Loss: 98.613022
INFO:root:====> Epoch: 39 Average loss: 97.0213
INFO:root:Train Epoch: 40 [0/60000 (0%)]	Loss: 97.548859
INFO:root:====> Epoch: 40 Average loss: 96.9945
INFO:root:Train Epoch: 41 [0/60000 (0%)]	Loss: 93.355484
INFO:root:====> Epoch: 41 Average loss: 96.8251
INFO:root:====> Test set loss: 90.4289
INFO:root:Train Epoch: 42 [0/60000 (0%)]	Loss: 97.417770
INFO:root:====> Epoch: 42 Average loss: 96.7364
INFO:root:Train Epoch: 43 [0/60000 (0%)]	Loss: 97.738968
INFO:root:====> Epoch: 43 Average loss: 96.6587
INFO:root:Train Epoch: 44 [0/60000 (0%)]	Loss: 93.978149
INFO:root:====> Epoch: 44 Average loss: 96.5730
INFO:root:Train Epoch: 45 [0/60000 (0%)]	Loss: 98.280914
INFO:root:====> Epoch: 45 Average loss: 96.4744
INFO:root:Train Epoch: 46 [0/60000 (0%)]	Loss: 99.571663
INFO:root:====> Epoch: 46 Average loss: 96.3740
INFO:root:Train Epoch: 47 [0/60000 (0%)]	Loss: 94.182617
INFO:root:====> Epoch: 47 Average loss: 96.3291
INFO:root:Train Epoch: 48 [0/60000 (0%)]	Loss: 95.775925
INFO:root:====> Epoch: 48 Average loss: 96.2553
INFO:root:Train Epoch: 49 [0/60000 (0%)]	Loss: 96.786003
INFO:root:====> Epoch: 49 Average loss: 96.1763
INFO:root:Train Epoch: 50 [0/60000 (0%)]	Loss: 94.883743
INFO:root:====> Epoch: 50 Average loss: 96.0709
INFO:root:Train Epoch: 51 [0/60000 (0%)]	Loss: 90.909882
INFO:root:====> Epoch: 51 Average loss: 96.0149
INFO:root:Train Epoch: 52 [0/60000 (0%)]	Loss: 96.597977
INFO:root:====> Epoch: 52 Average loss: 95.9783
INFO:root:Train Epoch: 53 [0/60000 (0%)]	Loss: 96.776031
INFO:root:====> Epoch: 53 Average loss: 95.8985
INFO:root:Train Epoch: 54 [0/60000 (0%)]	Loss: 93.983078
INFO:root:====> Epoch: 54 Average loss: 95.8002
INFO:root:Train Epoch: 55 [0/60000 (0%)]	Loss: 96.555473
INFO:root:====> Epoch: 55 Average loss: 95.7916
INFO:root:Train Epoch: 56 [0/60000 (0%)]	Loss: 95.438171
INFO:root:====> Epoch: 56 Average loss: 95.7115
INFO:root:Train Epoch: 57 [0/60000 (0%)]	Loss: 99.461563
INFO:root:====> Epoch: 57 Average loss: 95.6564
INFO:root:Train Epoch: 58 [0/60000 (0%)]	Loss: 93.281204
INFO:root:====> Epoch: 58 Average loss: 95.6365
INFO:root:Train Epoch: 59 [0/60000 (0%)]	Loss: 95.424896
INFO:root:====> Epoch: 59 Average loss: 95.5535
INFO:root:Train Epoch: 60 [0/60000 (0%)]	Loss: 98.062798
INFO:root:====> Epoch: 60 Average loss: 95.5178
INFO:root:Train Epoch: 61 [0/60000 (0%)]	Loss: 92.742874
INFO:root:====> Epoch: 61 Average loss: 95.4752
INFO:root:====> Test set loss: 89.2533
INFO:root:Train Epoch: 62 [0/60000 (0%)]	Loss: 95.816010
INFO:root:====> Epoch: 62 Average loss: 95.4123
INFO:root:Train Epoch: 63 [0/60000 (0%)]	Loss: 95.931396
INFO:root:====> Epoch: 63 Average loss: 95.3687
INFO:root:Train Epoch: 64 [0/60000 (0%)]	Loss: 93.603180
INFO:root:====> Epoch: 64 Average loss: 95.3298
INFO:root:Train Epoch: 65 [0/60000 (0%)]	Loss: 95.974075
INFO:root:====> Epoch: 65 Average loss: 95.3103
INFO:root:Train Epoch: 66 [0/60000 (0%)]	Loss: 95.731689
INFO:root:====> Epoch: 66 Average loss: 95.2293
INFO:root:Train Epoch: 67 [0/60000 (0%)]	Loss: 99.887985
INFO:root:====> Epoch: 67 Average loss: 95.2157
INFO:root:Train Epoch: 68 [0/60000 (0%)]	Loss: 96.897041
INFO:root:====> Epoch: 68 Average loss: 95.1698
INFO:root:Train Epoch: 69 [0/60000 (0%)]	Loss: 89.898361
INFO:root:====> Epoch: 69 Average loss: 95.1813
INFO:root:Train Epoch: 70 [0/60000 (0%)]	Loss: 94.168373
INFO:root:====> Epoch: 70 Average loss: 95.0934
INFO:root:Train Epoch: 71 [0/60000 (0%)]	Loss: 95.977463
INFO:root:====> Epoch: 71 Average loss: 95.0235
INFO:root:Train Epoch: 72 [0/60000 (0%)]	Loss: 97.549118
INFO:root:====> Epoch: 72 Average loss: 95.0120
INFO:root:Train Epoch: 73 [0/60000 (0%)]	Loss: 94.993309
INFO:root:====> Epoch: 73 Average loss: 94.9700
INFO:root:Train Epoch: 74 [0/60000 (0%)]	Loss: 93.061302
INFO:root:====> Epoch: 74 Average loss: 94.9234
INFO:root:Train Epoch: 75 [0/60000 (0%)]	Loss: 94.562149
INFO:root:====> Epoch: 75 Average loss: 94.9264
INFO:root:Train Epoch: 76 [0/60000 (0%)]	Loss: 94.468391
INFO:root:====> Epoch: 76 Average loss: 94.8496
INFO:root:Train Epoch: 77 [0/60000 (0%)]	Loss: 96.470734
INFO:root:====> Epoch: 77 Average loss: 94.8271
INFO:root:Train Epoch: 78 [0/60000 (0%)]	Loss: 96.609459
INFO:root:====> Epoch: 78 Average loss: 94.7660
INFO:root:Train Epoch: 79 [0/60000 (0%)]	Loss: 98.245232
INFO:root:====> Epoch: 79 Average loss: 94.7559
INFO:root:Train Epoch: 80 [0/60000 (0%)]	Loss: 92.978836
INFO:root:====> Epoch: 80 Average loss: 94.7543
INFO:root:Train Epoch: 81 [0/60000 (0%)]	Loss: 95.904945
INFO:root:====> Epoch: 81 Average loss: 94.6938
INFO:root:====> Test set loss: 88.5860
INFO:root:Train Epoch: 82 [0/60000 (0%)]	Loss: 94.587837
INFO:root:====> Epoch: 82 Average loss: 94.6778
INFO:root:Train Epoch: 83 [0/60000 (0%)]	Loss: 97.195412
INFO:root:====> Epoch: 83 Average loss: 94.6384
INFO:root:Train Epoch: 84 [0/60000 (0%)]	Loss: 96.406601
INFO:root:====> Epoch: 84 Average loss: 94.6639
INFO:root:Train Epoch: 85 [0/60000 (0%)]	Loss: 94.042061
INFO:root:====> Epoch: 85 Average loss: 94.5804
INFO:root:Train Epoch: 86 [0/60000 (0%)]	Loss: 90.357643
INFO:root:====> Epoch: 86 Average loss: 94.5479
INFO:root:Train Epoch: 87 [0/60000 (0%)]	Loss: 94.209686
INFO:root:====> Epoch: 87 Average loss: 94.5563
INFO:root:Train Epoch: 88 [0/60000 (0%)]	Loss: 92.729889
INFO:root:====> Epoch: 88 Average loss: 94.5087
INFO:root:Train Epoch: 89 [0/60000 (0%)]	Loss: 94.897408
INFO:root:====> Epoch: 89 Average loss: 94.4992
INFO:root:Train Epoch: 90 [0/60000 (0%)]	Loss: 94.546532
INFO:root:====> Epoch: 90 Average loss: 94.4886
INFO:root:Train Epoch: 91 [0/60000 (0%)]	Loss: 93.699448
INFO:root:====> Epoch: 91 Average loss: 94.4532
INFO:root:Train Epoch: 92 [0/60000 (0%)]	Loss: 94.712280
INFO:root:====> Epoch: 92 Average loss: 94.4224
INFO:root:Train Epoch: 93 [0/60000 (0%)]	Loss: 94.540840
INFO:root:====> Epoch: 93 Average loss: 94.3947
INFO:root:Train Epoch: 94 [0/60000 (0%)]	Loss: 91.605682
INFO:root:====> Epoch: 94 Average loss: 94.4116
INFO:root:Train Epoch: 95 [0/60000 (0%)]	Loss: 94.133286
INFO:root:====> Epoch: 95 Average loss: 94.3962
INFO:root:Train Epoch: 96 [0/60000 (0%)]	Loss: 94.775253
INFO:root:====> Epoch: 96 Average loss: 94.3409
INFO:root:Train Epoch: 97 [0/60000 (0%)]	Loss: 94.617912
INFO:root:====> Epoch: 97 Average loss: 94.2997
INFO:root:Train Epoch: 98 [0/60000 (0%)]	Loss: 97.432037
INFO:root:====> Epoch: 98 Average loss: 94.3109
INFO:root:Train Epoch: 99 [0/60000 (0%)]	Loss: 96.010712
INFO:root:====> Epoch: 99 Average loss: 94.2481
INFO:root:Train Epoch: 100 [0/60000 (0%)]	Loss: 97.194832
INFO:root:====> Epoch: 100 Average loss: 94.2247
INFO:root:Train Epoch: 101 [0/60000 (0%)]	Loss: 91.647720
INFO:root:====> Epoch: 101 Average loss: 94.2003
INFO:root:====> Test set loss: 88.2308
INFO:root:Train Epoch: 102 [0/60000 (0%)]	Loss: 91.158699
INFO:root:====> Epoch: 102 Average loss: 94.2012
INFO:root:Train Epoch: 103 [0/60000 (0%)]	Loss: 91.696136
INFO:root:====> Epoch: 103 Average loss: 94.1701
INFO:root:Train Epoch: 104 [0/60000 (0%)]	Loss: 95.771118
INFO:root:====> Epoch: 104 Average loss: 94.1772
INFO:root:Train Epoch: 105 [0/60000 (0%)]	Loss: 91.933029
INFO:root:====> Epoch: 105 Average loss: 94.1102
INFO:root:Train Epoch: 106 [0/60000 (0%)]	Loss: 90.997795
INFO:root:====> Epoch: 106 Average loss: 94.1699
INFO:root:Train Epoch: 107 [0/60000 (0%)]	Loss: 96.635910
INFO:root:====> Epoch: 107 Average loss: 94.1277
INFO:root:Train Epoch: 108 [0/60000 (0%)]	Loss: 94.922226
INFO:root:====> Epoch: 108 Average loss: 94.0877
INFO:root:Train Epoch: 109 [0/60000 (0%)]	Loss: 94.964569
INFO:root:====> Epoch: 109 Average loss: 94.0627
INFO:root:Train Epoch: 110 [0/60000 (0%)]	Loss: 98.618988
INFO:root:====> Epoch: 110 Average loss: 94.0536
INFO:root:Train Epoch: 111 [0/60000 (0%)]	Loss: 94.125061
INFO:root:====> Epoch: 111 Average loss: 94.0154
INFO:root:Train Epoch: 112 [0/60000 (0%)]	Loss: 93.444618
INFO:root:====> Epoch: 112 Average loss: 94.0185
INFO:root:Train Epoch: 113 [0/60000 (0%)]	Loss: 96.096985
INFO:root:====> Epoch: 113 Average loss: 93.9809
INFO:root:Train Epoch: 114 [0/60000 (0%)]	Loss: 93.476418
INFO:root:====> Epoch: 114 Average loss: 93.9957
INFO:root:Train Epoch: 115 [0/60000 (0%)]	Loss: 94.817062
INFO:root:====> Epoch: 115 Average loss: 93.9507
INFO:root:Train Epoch: 116 [0/60000 (0%)]	Loss: 93.576904
INFO:root:====> Epoch: 116 Average loss: 93.9853
INFO:root:Train Epoch: 117 [0/60000 (0%)]	Loss: 99.026749
INFO:root:====> Epoch: 117 Average loss: 93.9675
INFO:root:Train Epoch: 118 [0/60000 (0%)]	Loss: 93.032265
INFO:root:====> Epoch: 118 Average loss: 93.9187
INFO:root:Train Epoch: 119 [0/60000 (0%)]	Loss: 96.947525
INFO:root:====> Epoch: 119 Average loss: 93.9035
INFO:root:Train Epoch: 120 [0/60000 (0%)]	Loss: 100.147156
INFO:root:====> Epoch: 120 Average loss: 93.8820
INFO:root:Train Epoch: 121 [0/60000 (0%)]	Loss: 90.156784
INFO:root:====> Epoch: 121 Average loss: 93.8194
INFO:root:====> Test set loss: 87.9302
INFO:root:Train Epoch: 122 [0/60000 (0%)]	Loss: 91.630280
INFO:root:====> Epoch: 122 Average loss: 93.8899
INFO:root:Train Epoch: 123 [0/60000 (0%)]	Loss: 93.888565
INFO:root:====> Epoch: 123 Average loss: 93.8588
INFO:root:Train Epoch: 124 [0/60000 (0%)]	Loss: 96.794678
INFO:root:====> Epoch: 124 Average loss: 93.8023
INFO:root:Train Epoch: 125 [0/60000 (0%)]	Loss: 95.936508
INFO:root:====> Epoch: 125 Average loss: 93.8026
INFO:root:Train Epoch: 126 [0/60000 (0%)]	Loss: 91.296265
INFO:root:====> Epoch: 126 Average loss: 93.7434
INFO:root:Train Epoch: 127 [0/60000 (0%)]	Loss: 94.644516
INFO:root:====> Epoch: 127 Average loss: 93.7647
INFO:root:Train Epoch: 128 [0/60000 (0%)]	Loss: 90.978439
INFO:root:====> Epoch: 128 Average loss: 93.8027
INFO:root:Train Epoch: 129 [0/60000 (0%)]	Loss: 93.456116
INFO:root:====> Epoch: 129 Average loss: 93.7378
INFO:root:Train Epoch: 130 [0/60000 (0%)]	Loss: 94.342484
INFO:root:====> Epoch: 130 Average loss: 93.7401
INFO:root:Train Epoch: 131 [0/60000 (0%)]	Loss: 95.346863
INFO:root:====> Epoch: 131 Average loss: 93.6873
INFO:root:Train Epoch: 132 [0/60000 (0%)]	Loss: 90.693130
INFO:root:====> Epoch: 132 Average loss: 93.7125
INFO:root:Train Epoch: 133 [0/60000 (0%)]	Loss: 95.812714
INFO:root:====> Epoch: 133 Average loss: 93.6710
INFO:root:Train Epoch: 134 [0/60000 (0%)]	Loss: 88.197525
INFO:root:====> Epoch: 134 Average loss: 93.7028
INFO:root:Train Epoch: 135 [0/60000 (0%)]	Loss: 95.268547
INFO:root:====> Epoch: 135 Average loss: 93.6507
INFO:root:Train Epoch: 136 [0/60000 (0%)]	Loss: 91.757195
INFO:root:====> Epoch: 136 Average loss: 93.6369
INFO:root:Train Epoch: 137 [0/60000 (0%)]	Loss: 95.042542
INFO:root:====> Epoch: 137 Average loss: 93.6596
INFO:root:Train Epoch: 138 [0/60000 (0%)]	Loss: 95.649124
INFO:root:====> Epoch: 138 Average loss: 93.6197
INFO:root:Train Epoch: 139 [0/60000 (0%)]	Loss: 96.416801
INFO:root:====> Epoch: 139 Average loss: 93.6326
INFO:root:Train Epoch: 140 [0/60000 (0%)]	Loss: 95.577698
INFO:root:====> Epoch: 140 Average loss: 93.5904
INFO:root:Train Epoch: 141 [0/60000 (0%)]	Loss: 92.108315
INFO:root:====> Epoch: 141 Average loss: 93.5808
INFO:root:====> Test set loss: 87.6570
INFO:root:Train Epoch: 142 [0/60000 (0%)]	Loss: 92.727371
INFO:root:====> Epoch: 142 Average loss: 93.5712
INFO:root:Train Epoch: 143 [0/60000 (0%)]	Loss: 88.562180
INFO:root:====> Epoch: 143 Average loss: 93.5583
INFO:root:Train Epoch: 144 [0/60000 (0%)]	Loss: 90.188461
INFO:root:====> Epoch: 144 Average loss: 93.5427
INFO:root:Train Epoch: 145 [0/60000 (0%)]	Loss: 97.451874
INFO:root:====> Epoch: 145 Average loss: 93.5384
INFO:root:Train Epoch: 146 [0/60000 (0%)]	Loss: 96.961365
INFO:root:====> Epoch: 146 Average loss: 93.5236
INFO:root:Train Epoch: 147 [0/60000 (0%)]	Loss: 95.308281
INFO:root:====> Epoch: 147 Average loss: 93.5066
INFO:root:Train Epoch: 148 [0/60000 (0%)]	Loss: 94.641510
INFO:root:====> Epoch: 148 Average loss: 93.4732
INFO:root:Train Epoch: 149 [0/60000 (0%)]	Loss: 96.713791
INFO:root:====> Epoch: 149 Average loss: 93.4844
INFO:root:Train Epoch: 150 [0/60000 (0%)]	Loss: 91.649506
INFO:root:====> Epoch: 150 Average loss: 93.4935
INFO:root:Train Epoch: 151 [0/60000 (0%)]	Loss: 92.462524
INFO:root:====> Epoch: 151 Average loss: 93.4738
INFO:root:Train Epoch: 152 [0/60000 (0%)]	Loss: 95.623619
INFO:root:====> Epoch: 152 Average loss: 93.4475
INFO:root:Train Epoch: 153 [0/60000 (0%)]	Loss: 92.042854
INFO:root:====> Epoch: 153 Average loss: 93.4511
INFO:root:Train Epoch: 154 [0/60000 (0%)]	Loss: 94.897560
INFO:root:====> Epoch: 154 Average loss: 93.4207
INFO:root:Train Epoch: 155 [0/60000 (0%)]	Loss: 92.745430
INFO:root:====> Epoch: 155 Average loss: 93.4300
INFO:root:Train Epoch: 156 [0/60000 (0%)]	Loss: 93.713806
INFO:root:====> Epoch: 156 Average loss: 93.3837
INFO:root:Train Epoch: 157 [0/60000 (0%)]	Loss: 95.381104
INFO:root:====> Epoch: 157 Average loss: 93.4164
INFO:root:Train Epoch: 158 [0/60000 (0%)]	Loss: 90.217476
INFO:root:====> Epoch: 158 Average loss: 93.4253
INFO:root:Train Epoch: 159 [0/60000 (0%)]	Loss: 91.907433
INFO:root:====> Epoch: 159 Average loss: 93.3756
INFO:root:Train Epoch: 160 [0/60000 (0%)]	Loss: 93.473053
INFO:root:====> Epoch: 160 Average loss: 93.3385
INFO:root:Train Epoch: 161 [0/60000 (0%)]	Loss: 94.106705
INFO:root:====> Epoch: 161 Average loss: 93.3251
INFO:root:====> Test set loss: 87.5540
INFO:root:Train Epoch: 162 [0/60000 (0%)]	Loss: 93.168060
INFO:root:====> Epoch: 162 Average loss: 93.3776
INFO:root:Train Epoch: 163 [0/60000 (0%)]	Loss: 94.968536
INFO:root:====> Epoch: 163 Average loss: 93.3227
INFO:root:Train Epoch: 164 [0/60000 (0%)]	Loss: 91.986481
INFO:root:====> Epoch: 164 Average loss: 93.3383
INFO:root:Train Epoch: 165 [0/60000 (0%)]	Loss: 93.075363
INFO:root:====> Epoch: 165 Average loss: 93.3322
INFO:root:Train Epoch: 166 [0/60000 (0%)]	Loss: 91.973595
INFO:root:====> Epoch: 166 Average loss: 93.2651
INFO:root:Train Epoch: 167 [0/60000 (0%)]	Loss: 94.818726
INFO:root:====> Epoch: 167 Average loss: 93.2844
INFO:root:Train Epoch: 168 [0/60000 (0%)]	Loss: 88.601501
INFO:root:====> Epoch: 168 Average loss: 93.2825
INFO:root:Train Epoch: 169 [0/60000 (0%)]	Loss: 91.616028
INFO:root:====> Epoch: 169 Average loss: 93.2931
INFO:root:Train Epoch: 170 [0/60000 (0%)]	Loss: 89.307968
INFO:root:====> Epoch: 170 Average loss: 93.2784
INFO:root:Train Epoch: 171 [0/60000 (0%)]	Loss: 89.355293
INFO:root:====> Epoch: 171 Average loss: 93.2508
INFO:root:Train Epoch: 172 [0/60000 (0%)]	Loss: 93.578514
INFO:root:====> Epoch: 172 Average loss: 93.2478
INFO:root:Train Epoch: 173 [0/60000 (0%)]	Loss: 93.804100
INFO:root:====> Epoch: 173 Average loss: 93.2450
INFO:root:Train Epoch: 174 [0/60000 (0%)]	Loss: 93.939362
INFO:root:====> Epoch: 174 Average loss: 93.2359
INFO:root:Train Epoch: 175 [0/60000 (0%)]	Loss: 93.160347
INFO:root:====> Epoch: 175 Average loss: 93.1950
INFO:root:Train Epoch: 176 [0/60000 (0%)]	Loss: 93.167282
INFO:root:====> Epoch: 176 Average loss: 93.1766
INFO:root:Train Epoch: 177 [0/60000 (0%)]	Loss: 94.993797
INFO:root:====> Epoch: 177 Average loss: 93.1798
INFO:root:Train Epoch: 178 [0/60000 (0%)]	Loss: 91.722214
INFO:root:====> Epoch: 178 Average loss: 93.1723
INFO:root:Train Epoch: 179 [0/60000 (0%)]	Loss: 93.407822
INFO:root:====> Epoch: 179 Average loss: 93.2196
INFO:root:Train Epoch: 180 [0/60000 (0%)]	Loss: 96.652542
INFO:root:====> Epoch: 180 Average loss: 93.1618
INFO:root:Train Epoch: 181 [0/60000 (0%)]	Loss: 94.360237
INFO:root:====> Epoch: 181 Average loss: 93.1639
INFO:root:====> Test set loss: 87.5687
INFO:root:Train Epoch: 182 [0/60000 (0%)]	Loss: 93.004791
INFO:root:====> Epoch: 182 Average loss: 93.1524
INFO:root:Train Epoch: 183 [0/60000 (0%)]	Loss: 91.861267
INFO:root:====> Epoch: 183 Average loss: 93.1414
INFO:root:Train Epoch: 184 [0/60000 (0%)]	Loss: 91.708694
INFO:root:====> Epoch: 184 Average loss: 93.1466
INFO:root:Train Epoch: 185 [0/60000 (0%)]	Loss: 95.105705
INFO:root:====> Epoch: 185 Average loss: 93.1189
INFO:root:Train Epoch: 186 [0/60000 (0%)]	Loss: 90.541931
INFO:root:====> Epoch: 186 Average loss: 93.1206
INFO:root:Train Epoch: 187 [0/60000 (0%)]	Loss: 90.783264
INFO:root:====> Epoch: 187 Average loss: 93.0923
INFO:root:Train Epoch: 188 [0/60000 (0%)]	Loss: 96.381271
INFO:root:====> Epoch: 188 Average loss: 93.0782
INFO:root:Train Epoch: 189 [0/60000 (0%)]	Loss: 88.985680
INFO:root:====> Epoch: 189 Average loss: 93.0744
INFO:root:Train Epoch: 190 [0/60000 (0%)]	Loss: 92.569351
INFO:root:====> Epoch: 190 Average loss: 93.1030
INFO:root:Train Epoch: 191 [0/60000 (0%)]	Loss: 94.358368
INFO:root:====> Epoch: 191 Average loss: 93.0662
INFO:root:Train Epoch: 192 [0/60000 (0%)]	Loss: 92.324844
INFO:root:====> Epoch: 192 Average loss: 93.0634
INFO:root:Train Epoch: 193 [0/60000 (0%)]	Loss: 92.866196
INFO:root:====> Epoch: 193 Average loss: 93.0458
INFO:root:Train Epoch: 194 [0/60000 (0%)]	Loss: 89.205551
INFO:root:====> Epoch: 194 Average loss: 93.0211
INFO:root:Train Epoch: 195 [0/60000 (0%)]	Loss: 90.914574
INFO:root:====> Epoch: 195 Average loss: 93.0479
INFO:root:Train Epoch: 196 [0/60000 (0%)]	Loss: 92.973152
INFO:root:====> Epoch: 196 Average loss: 93.0571
INFO:root:Train Epoch: 197 [0/60000 (0%)]	Loss: 90.390495
INFO:root:====> Epoch: 197 Average loss: 93.0119
INFO:root:Train Epoch: 198 [0/60000 (0%)]	Loss: 94.825592
INFO:root:====> Epoch: 198 Average loss: 93.0227
INFO:root:Train Epoch: 199 [0/60000 (0%)]	Loss: 92.709732
INFO:root:====> Epoch: 199 Average loss: 93.0188
INFO:root:Train Epoch: 200 [0/60000 (0%)]	Loss: 90.044525
INFO:root:====> Epoch: 200 Average loss: 92.9805
INFO:root:Train Epoch: 201 [0/60000 (0%)]	Loss: 92.388756
INFO:root:====> Epoch: 201 Average loss: 92.9859
INFO:root:====> Test set loss: 87.3461
INFO:root:Train Epoch: 202 [0/60000 (0%)]	Loss: 92.349976
INFO:root:====> Epoch: 202 Average loss: 92.9788
INFO:root:Train Epoch: 203 [0/60000 (0%)]	Loss: 93.422623
INFO:root:====> Epoch: 203 Average loss: 93.0267
INFO:root:Train Epoch: 204 [0/60000 (0%)]	Loss: 94.379478
INFO:root:====> Epoch: 204 Average loss: 92.9408
INFO:root:Train Epoch: 205 [0/60000 (0%)]	Loss: 91.136368
INFO:root:====> Epoch: 205 Average loss: 92.9391
INFO:root:Train Epoch: 206 [0/60000 (0%)]	Loss: 92.999725
INFO:root:====> Epoch: 206 Average loss: 92.9096
INFO:root:Train Epoch: 207 [0/60000 (0%)]	Loss: 92.180305
INFO:root:====> Epoch: 207 Average loss: 92.9454
INFO:root:Train Epoch: 208 [0/60000 (0%)]	Loss: 88.963425
INFO:root:====> Epoch: 208 Average loss: 92.9503
INFO:root:Train Epoch: 209 [0/60000 (0%)]	Loss: 90.928741
INFO:root:====> Epoch: 209 Average loss: 92.9067
INFO:root:Train Epoch: 210 [0/60000 (0%)]	Loss: 92.716949
INFO:root:====> Epoch: 210 Average loss: 92.9359
INFO:root:Train Epoch: 211 [0/60000 (0%)]	Loss: 93.599899
INFO:root:====> Epoch: 211 Average loss: 92.9279
INFO:root:Train Epoch: 212 [0/60000 (0%)]	Loss: 94.491440
INFO:root:====> Epoch: 212 Average loss: 92.9160
INFO:root:Train Epoch: 213 [0/60000 (0%)]	Loss: 92.013199
INFO:root:====> Epoch: 213 Average loss: 92.8848
INFO:root:Train Epoch: 214 [0/60000 (0%)]	Loss: 96.638474
INFO:root:====> Epoch: 214 Average loss: 92.8831
INFO:root:Train Epoch: 215 [0/60000 (0%)]	Loss: 96.194077
INFO:root:====> Epoch: 215 Average loss: 92.8971
INFO:root:Train Epoch: 216 [0/60000 (0%)]	Loss: 94.615036
INFO:root:====> Epoch: 216 Average loss: 92.8865
INFO:root:Train Epoch: 217 [0/60000 (0%)]	Loss: 87.555908
INFO:root:====> Epoch: 217 Average loss: 92.8869
INFO:root:Train Epoch: 218 [0/60000 (0%)]	Loss: 97.553650
INFO:root:====> Epoch: 218 Average loss: 92.8894
INFO:root:Train Epoch: 219 [0/60000 (0%)]	Loss: 91.008057
INFO:root:====> Epoch: 219 Average loss: 92.8630
INFO:root:Train Epoch: 220 [0/60000 (0%)]	Loss: 95.714867
INFO:root:====> Epoch: 220 Average loss: 92.8438
INFO:root:Train Epoch: 221 [0/60000 (0%)]	Loss: 93.625053
INFO:root:====> Epoch: 221 Average loss: 92.8892
INFO:root:====> Test set loss: 87.3202
INFO:root:Train Epoch: 222 [0/60000 (0%)]	Loss: 92.193726
INFO:root:====> Epoch: 222 Average loss: 92.8355
INFO:root:Train Epoch: 223 [0/60000 (0%)]	Loss: 91.072662
INFO:root:====> Epoch: 223 Average loss: 92.8186
INFO:root:Train Epoch: 224 [0/60000 (0%)]	Loss: 89.978691
INFO:root:====> Epoch: 224 Average loss: 92.8223
INFO:root:Train Epoch: 225 [0/60000 (0%)]	Loss: 92.458054
INFO:root:====> Epoch: 225 Average loss: 92.7885
INFO:root:Train Epoch: 226 [0/60000 (0%)]	Loss: 93.091606
INFO:root:====> Epoch: 226 Average loss: 92.8171
INFO:root:Train Epoch: 227 [0/60000 (0%)]	Loss: 93.096115
INFO:root:====> Epoch: 227 Average loss: 92.7917
INFO:root:Train Epoch: 228 [0/60000 (0%)]	Loss: 91.079811
INFO:root:====> Epoch: 228 Average loss: 92.8089
INFO:root:Train Epoch: 229 [0/60000 (0%)]	Loss: 93.975037
INFO:root:====> Epoch: 229 Average loss: 92.7687
INFO:root:Train Epoch: 230 [0/60000 (0%)]	Loss: 93.071404
INFO:root:====> Epoch: 230 Average loss: 92.7716
INFO:root:Train Epoch: 231 [0/60000 (0%)]	Loss: 92.569000
INFO:root:====> Epoch: 231 Average loss: 92.7568
INFO:root:Train Epoch: 232 [0/60000 (0%)]	Loss: 93.449753
INFO:root:====> Epoch: 232 Average loss: 92.7917
INFO:root:Train Epoch: 233 [0/60000 (0%)]	Loss: 93.220879
INFO:root:====> Epoch: 233 Average loss: 92.7712
INFO:root:Train Epoch: 234 [0/60000 (0%)]	Loss: 95.928795
INFO:root:====> Epoch: 234 Average loss: 92.7668
INFO:root:Train Epoch: 235 [0/60000 (0%)]	Loss: 94.693245
INFO:root:====> Epoch: 235 Average loss: 92.7584
INFO:root:Train Epoch: 236 [0/60000 (0%)]	Loss: 92.362183
INFO:root:====> Epoch: 236 Average loss: 92.7907
INFO:root:Train Epoch: 237 [0/60000 (0%)]	Loss: 95.847801
INFO:root:====> Epoch: 237 Average loss: 92.7540
INFO:root:Train Epoch: 238 [0/60000 (0%)]	Loss: 92.550842
INFO:root:====> Epoch: 238 Average loss: 92.7120
INFO:root:Train Epoch: 239 [0/60000 (0%)]	Loss: 90.171471
INFO:root:====> Epoch: 239 Average loss: 92.7278
INFO:root:Train Epoch: 240 [0/60000 (0%)]	Loss: 94.683640
INFO:root:====> Epoch: 240 Average loss: 92.7259
INFO:root:Train Epoch: 241 [0/60000 (0%)]	Loss: 90.719254
INFO:root:====> Epoch: 241 Average loss: 92.7353
INFO:root:====> Test set loss: 87.1218
INFO:root:Train Epoch: 242 [0/60000 (0%)]	Loss: 96.162804
INFO:root:====> Epoch: 242 Average loss: 92.7182
INFO:root:Train Epoch: 243 [0/60000 (0%)]	Loss: 90.039978
INFO:root:====> Epoch: 243 Average loss: 92.6968
INFO:root:Train Epoch: 244 [0/60000 (0%)]	Loss: 89.922882
INFO:root:====> Epoch: 244 Average loss: 92.7115
INFO:root:Train Epoch: 245 [0/60000 (0%)]	Loss: 92.170761
INFO:root:====> Epoch: 245 Average loss: 92.6962
INFO:root:Train Epoch: 246 [0/60000 (0%)]	Loss: 93.005440
INFO:root:====> Epoch: 246 Average loss: 92.6969
INFO:root:Train Epoch: 247 [0/60000 (0%)]	Loss: 91.863945
INFO:root:====> Epoch: 247 Average loss: 92.6496
INFO:root:Train Epoch: 248 [0/60000 (0%)]	Loss: 92.282249
INFO:root:====> Epoch: 248 Average loss: 92.6909
INFO:root:Train Epoch: 249 [0/60000 (0%)]	Loss: 91.948792
INFO:root:====> Epoch: 249 Average loss: 92.6405
INFO:root:Train Epoch: 250 [0/60000 (0%)]	Loss: 93.409943
INFO:root:====> Epoch: 250 Average loss: 92.6224
INFO:root:Train Epoch: 251 [0/60000 (0%)]	Loss: 94.382042
INFO:root:====> Epoch: 251 Average loss: 92.6202
INFO:root:Train Epoch: 252 [0/60000 (0%)]	Loss: 89.123993
INFO:root:====> Epoch: 252 Average loss: 92.6565
INFO:root:Train Epoch: 253 [0/60000 (0%)]	Loss: 87.889656
INFO:root:====> Epoch: 253 Average loss: 92.6207
INFO:root:Train Epoch: 254 [0/60000 (0%)]	Loss: 95.239212
INFO:root:====> Epoch: 254 Average loss: 92.6310
INFO:root:Train Epoch: 255 [0/60000 (0%)]	Loss: 91.842415
INFO:root:====> Epoch: 255 Average loss: 92.6381
INFO:root:Train Epoch: 256 [0/60000 (0%)]	Loss: 92.051918
INFO:root:====> Epoch: 256 Average loss: 92.5925
INFO:root:Train Epoch: 257 [0/60000 (0%)]	Loss: 94.093903
INFO:root:====> Epoch: 257 Average loss: 92.6244
INFO:root:Train Epoch: 258 [0/60000 (0%)]	Loss: 93.306694
INFO:root:====> Epoch: 258 Average loss: 92.6287
INFO:root:Train Epoch: 259 [0/60000 (0%)]	Loss: 89.587456
INFO:root:====> Epoch: 259 Average loss: 92.5755
INFO:root:Train Epoch: 260 [0/60000 (0%)]	Loss: 90.791962
INFO:root:====> Epoch: 260 Average loss: 92.6240
INFO:root:Train Epoch: 261 [0/60000 (0%)]	Loss: 95.129196
INFO:root:====> Epoch: 261 Average loss: 92.5809
INFO:root:====> Test set loss: 87.0142
INFO:root:Train Epoch: 262 [0/60000 (0%)]	Loss: 91.018600
INFO:root:====> Epoch: 262 Average loss: 92.5878
INFO:root:Train Epoch: 263 [0/60000 (0%)]	Loss: 93.418037
INFO:root:====> Epoch: 263 Average loss: 92.5992
INFO:root:Train Epoch: 264 [0/60000 (0%)]	Loss: 94.721329
INFO:root:====> Epoch: 264 Average loss: 92.5707
INFO:root:Train Epoch: 265 [0/60000 (0%)]	Loss: 93.598999
INFO:root:====> Epoch: 265 Average loss: 92.5709
INFO:root:Train Epoch: 266 [0/60000 (0%)]	Loss: 87.640823
INFO:root:====> Epoch: 266 Average loss: 92.5296
INFO:root:Train Epoch: 267 [0/60000 (0%)]	Loss: 92.672554
INFO:root:====> Epoch: 267 Average loss: 92.5437
INFO:root:Train Epoch: 268 [0/60000 (0%)]	Loss: 90.772934
INFO:root:====> Epoch: 268 Average loss: 92.5636
INFO:root:Train Epoch: 269 [0/60000 (0%)]	Loss: 94.160866
INFO:root:====> Epoch: 269 Average loss: 92.5385
INFO:root:Train Epoch: 270 [0/60000 (0%)]	Loss: 93.971634
INFO:root:====> Epoch: 270 Average loss: 92.5195
INFO:root:Train Epoch: 271 [0/60000 (0%)]	Loss: 93.893723
INFO:root:====> Epoch: 271 Average loss: 92.4812
INFO:root:Train Epoch: 272 [0/60000 (0%)]	Loss: 93.160049
INFO:root:====> Epoch: 272 Average loss: 92.5414
INFO:root:Train Epoch: 273 [0/60000 (0%)]	Loss: 91.586212
INFO:root:====> Epoch: 273 Average loss: 92.5241
INFO:root:Train Epoch: 274 [0/60000 (0%)]	Loss: 92.580353
INFO:root:====> Epoch: 274 Average loss: 92.5287
INFO:root:Train Epoch: 275 [0/60000 (0%)]	Loss: 91.372192
INFO:root:====> Epoch: 275 Average loss: 92.5007
INFO:root:Train Epoch: 276 [0/60000 (0%)]	Loss: 90.780640
INFO:root:====> Epoch: 276 Average loss: 92.5116
INFO:root:Train Epoch: 277 [0/60000 (0%)]	Loss: 88.835938
INFO:root:====> Epoch: 277 Average loss: 92.5261
INFO:root:Train Epoch: 278 [0/60000 (0%)]	Loss: 92.664635
INFO:root:====> Epoch: 278 Average loss: 92.4947
INFO:root:Train Epoch: 279 [0/60000 (0%)]	Loss: 95.786087
INFO:root:====> Epoch: 279 Average loss: 92.4834
INFO:root:Train Epoch: 280 [0/60000 (0%)]	Loss: 92.112602
INFO:root:====> Epoch: 280 Average loss: 92.4792
INFO:root:Train Epoch: 281 [0/60000 (0%)]	Loss: 95.024055
INFO:root:====> Epoch: 281 Average loss: 92.4905
INFO:root:====> Test set loss: 86.8919
INFO:root:Train Epoch: 282 [0/60000 (0%)]	Loss: 90.767899
INFO:root:====> Epoch: 282 Average loss: 92.4390
INFO:root:Train Epoch: 283 [0/60000 (0%)]	Loss: 93.257225
INFO:root:====> Epoch: 283 Average loss: 92.4962
INFO:root:Train Epoch: 284 [0/60000 (0%)]	Loss: 93.315834
INFO:root:====> Epoch: 284 Average loss: 92.4898
INFO:root:Train Epoch: 285 [0/60000 (0%)]	Loss: 93.371704
INFO:root:====> Epoch: 285 Average loss: 92.4499
INFO:root:Train Epoch: 286 [0/60000 (0%)]	Loss: 86.922089
INFO:root:====> Epoch: 286 Average loss: 92.4366
INFO:root:Train Epoch: 287 [0/60000 (0%)]	Loss: 91.080978
INFO:root:====> Epoch: 287 Average loss: 92.4441
INFO:root:Train Epoch: 288 [0/60000 (0%)]	Loss: 92.765015
INFO:root:====> Epoch: 288 Average loss: 92.4340
INFO:root:Train Epoch: 289 [0/60000 (0%)]	Loss: 91.886414
INFO:root:====> Epoch: 289 Average loss: 92.4202
INFO:root:Train Epoch: 290 [0/60000 (0%)]	Loss: 93.074753
INFO:root:====> Epoch: 290 Average loss: 92.4428
INFO:root:Train Epoch: 291 [0/60000 (0%)]	Loss: 91.597305
INFO:root:====> Epoch: 291 Average loss: 92.4202
INFO:root:Train Epoch: 292 [0/60000 (0%)]	Loss: 93.843628
INFO:root:====> Epoch: 292 Average loss: 92.4127
INFO:root:Train Epoch: 293 [0/60000 (0%)]	Loss: 91.912384
INFO:root:====> Epoch: 293 Average loss: 92.4047
INFO:root:Train Epoch: 294 [0/60000 (0%)]	Loss: 95.094940
INFO:root:====> Epoch: 294 Average loss: 92.4282
INFO:root:Train Epoch: 295 [0/60000 (0%)]	Loss: 93.385132
INFO:root:====> Epoch: 295 Average loss: 92.3907
INFO:root:Train Epoch: 296 [0/60000 (0%)]	Loss: 91.068779
INFO:root:====> Epoch: 296 Average loss: 92.3837
INFO:root:Train Epoch: 297 [0/60000 (0%)]	Loss: 95.034439
INFO:root:====> Epoch: 297 Average loss: 92.3955
INFO:root:Train Epoch: 298 [0/60000 (0%)]	Loss: 92.691605
INFO:root:====> Epoch: 298 Average loss: 92.4213
INFO:root:Train Epoch: 299 [0/60000 (0%)]	Loss: 92.215836
INFO:root:====> Epoch: 299 Average loss: 92.3512
INFO:root:Train Epoch: 300 [0/60000 (0%)]	Loss: 92.573006
INFO:root:====> Epoch: 300 Average loss: 92.3514
INFO:root:Train Epoch: 301 [0/60000 (0%)]	Loss: 96.982361
INFO:root:====> Epoch: 301 Average loss: 92.3513
INFO:root:====> Test set loss: 86.7932
INFO:root:Train Epoch: 302 [0/60000 (0%)]	Loss: 93.038719
INFO:root:====> Epoch: 302 Average loss: 92.3672
INFO:root:Train Epoch: 303 [0/60000 (0%)]	Loss: 96.446304
INFO:root:====> Epoch: 303 Average loss: 92.3781
INFO:root:Train Epoch: 304 [0/60000 (0%)]	Loss: 89.728806
INFO:root:====> Epoch: 304 Average loss: 92.3659
INFO:root:Train Epoch: 305 [0/60000 (0%)]	Loss: 91.617722
INFO:root:====> Epoch: 305 Average loss: 92.3803
INFO:root:Train Epoch: 306 [0/60000 (0%)]	Loss: 94.980560
INFO:root:====> Epoch: 306 Average loss: 92.3627
INFO:root:Train Epoch: 307 [0/60000 (0%)]	Loss: 91.742493
INFO:root:====> Epoch: 307 Average loss: 92.3576
INFO:root:Train Epoch: 308 [0/60000 (0%)]	Loss: 89.762512
INFO:root:====> Epoch: 308 Average loss: 92.3349
INFO:root:Train Epoch: 309 [0/60000 (0%)]	Loss: 90.480743
INFO:root:====> Epoch: 309 Average loss: 92.3545
INFO:root:Train Epoch: 310 [0/60000 (0%)]	Loss: 94.381973
INFO:root:====> Epoch: 310 Average loss: 92.3088
INFO:root:Train Epoch: 311 [0/60000 (0%)]	Loss: 95.118492
INFO:root:====> Epoch: 311 Average loss: 92.3417
INFO:root:Train Epoch: 312 [0/60000 (0%)]	Loss: 92.275551
INFO:root:====> Epoch: 312 Average loss: 92.3428
INFO:root:Train Epoch: 313 [0/60000 (0%)]	Loss: 90.703667
INFO:root:====> Epoch: 313 Average loss: 92.2793
INFO:root:Train Epoch: 314 [0/60000 (0%)]	Loss: 92.233955
INFO:root:====> Epoch: 314 Average loss: 92.3395
INFO:root:Train Epoch: 315 [0/60000 (0%)]	Loss: 93.630356
INFO:root:====> Epoch: 315 Average loss: 92.3112
INFO:root:Train Epoch: 316 [0/60000 (0%)]	Loss: 92.419212
INFO:root:====> Epoch: 316 Average loss: 92.2837
INFO:root:Train Epoch: 317 [0/60000 (0%)]	Loss: 89.438293
INFO:root:====> Epoch: 317 Average loss: 92.2987
INFO:root:Train Epoch: 318 [0/60000 (0%)]	Loss: 88.531586
INFO:root:====> Epoch: 318 Average loss: 92.3151
INFO:root:Train Epoch: 319 [0/60000 (0%)]	Loss: 88.614876
INFO:root:====> Epoch: 319 Average loss: 92.2656
INFO:root:Train Epoch: 320 [0/60000 (0%)]	Loss: 92.381638
INFO:root:====> Epoch: 320 Average loss: 92.2724
INFO:root:Train Epoch: 321 [0/60000 (0%)]	Loss: 88.975128
INFO:root:====> Epoch: 321 Average loss: 92.2665
INFO:root:====> Test set loss: 86.8041
INFO:root:Train Epoch: 322 [0/60000 (0%)]	Loss: 91.581604
INFO:root:====> Epoch: 322 Average loss: 92.2786
INFO:root:Train Epoch: 323 [0/60000 (0%)]	Loss: 95.934685
INFO:root:====> Epoch: 323 Average loss: 92.2399
INFO:root:Train Epoch: 324 [0/60000 (0%)]	Loss: 91.707603
INFO:root:====> Epoch: 324 Average loss: 92.2652
INFO:root:Train Epoch: 325 [0/60000 (0%)]	Loss: 92.392517
INFO:root:====> Epoch: 325 Average loss: 92.2605
INFO:root:Train Epoch: 326 [0/60000 (0%)]	Loss: 90.763916
INFO:root:====> Epoch: 326 Average loss: 92.2544
INFO:root:Train Epoch: 327 [0/60000 (0%)]	Loss: 91.702812
INFO:root:====> Epoch: 327 Average loss: 92.2485
INFO:root:Train Epoch: 328 [0/60000 (0%)]	Loss: 92.328522
INFO:root:====> Epoch: 328 Average loss: 92.2570
INFO:root:Train Epoch: 329 [0/60000 (0%)]	Loss: 92.647186
INFO:root:====> Epoch: 329 Average loss: 92.2523
INFO:root:Train Epoch: 330 [0/60000 (0%)]	Loss: 91.950371
INFO:root:====> Epoch: 330 Average loss: 92.2197
INFO:root:Train Epoch: 331 [0/60000 (0%)]	Loss: 92.786728
INFO:root:====> Epoch: 331 Average loss: 92.2430
INFO:root:Train Epoch: 332 [0/60000 (0%)]	Loss: 92.560814
INFO:root:====> Epoch: 332 Average loss: 92.2208
INFO:root:Train Epoch: 333 [0/60000 (0%)]	Loss: 92.026855
INFO:root:====> Epoch: 333 Average loss: 92.1887
INFO:root:Train Epoch: 334 [0/60000 (0%)]	Loss: 89.249046
INFO:root:====> Epoch: 334 Average loss: 92.2199
INFO:root:Train Epoch: 335 [0/60000 (0%)]	Loss: 90.597763
INFO:root:====> Epoch: 335 Average loss: 92.2335
INFO:root:Train Epoch: 336 [0/60000 (0%)]	Loss: 93.523727
INFO:root:====> Epoch: 336 Average loss: 92.2455
INFO:root:Train Epoch: 337 [0/60000 (0%)]	Loss: 92.980278
INFO:root:====> Epoch: 337 Average loss: 92.2007
INFO:root:Train Epoch: 338 [0/60000 (0%)]	Loss: 89.611519
INFO:root:====> Epoch: 338 Average loss: 92.2164
INFO:root:Train Epoch: 339 [0/60000 (0%)]	Loss: 90.864426
INFO:root:====> Epoch: 339 Average loss: 92.2215
INFO:root:Train Epoch: 340 [0/60000 (0%)]	Loss: 91.905487
INFO:root:====> Epoch: 340 Average loss: 92.2061
INFO:root:Train Epoch: 341 [0/60000 (0%)]	Loss: 92.260178
INFO:root:====> Epoch: 341 Average loss: 92.2062
INFO:root:====> Test set loss: 86.7522
INFO:root:Train Epoch: 342 [0/60000 (0%)]	Loss: 94.540421
INFO:root:====> Epoch: 342 Average loss: 92.1881
INFO:root:Train Epoch: 343 [0/60000 (0%)]	Loss: 95.432938
INFO:root:====> Epoch: 343 Average loss: 92.2020
INFO:root:Train Epoch: 344 [0/60000 (0%)]	Loss: 88.191879
INFO:root:====> Epoch: 344 Average loss: 92.1603
INFO:root:Train Epoch: 345 [0/60000 (0%)]	Loss: 91.402710
INFO:root:====> Epoch: 345 Average loss: 92.1798
INFO:root:Train Epoch: 346 [0/60000 (0%)]	Loss: 93.604721
INFO:root:====> Epoch: 346 Average loss: 92.1601
INFO:root:Train Epoch: 347 [0/60000 (0%)]	Loss: 85.837166
INFO:root:====> Epoch: 347 Average loss: 92.2187
INFO:root:Train Epoch: 348 [0/60000 (0%)]	Loss: 89.821503
INFO:root:====> Epoch: 348 Average loss: 92.1644
INFO:root:Train Epoch: 349 [0/60000 (0%)]	Loss: 91.917755
INFO:root:====> Epoch: 349 Average loss: 92.1904
INFO:root:Train Epoch: 350 [0/60000 (0%)]	Loss: 90.699173
INFO:root:====> Epoch: 350 Average loss: 92.1789
INFO:root:Train Epoch: 351 [0/60000 (0%)]	Loss: 91.757355
INFO:root:====> Epoch: 351 Average loss: 92.1662
INFO:root:Train Epoch: 352 [0/60000 (0%)]	Loss: 91.624939
INFO:root:====> Epoch: 352 Average loss: 92.1590
INFO:root:Train Epoch: 353 [0/60000 (0%)]	Loss: 93.131142
INFO:root:====> Epoch: 353 Average loss: 92.1971
INFO:root:Train Epoch: 354 [0/60000 (0%)]	Loss: 93.049706
INFO:root:====> Epoch: 354 Average loss: 92.1474
INFO:root:Train Epoch: 355 [0/60000 (0%)]	Loss: 90.057701
INFO:root:====> Epoch: 355 Average loss: 92.1741
INFO:root:Train Epoch: 356 [0/60000 (0%)]	Loss: 94.751915
INFO:root:====> Epoch: 356 Average loss: 92.1137
INFO:root:Train Epoch: 357 [0/60000 (0%)]	Loss: 94.598343
INFO:root:====> Epoch: 357 Average loss: 92.1388
INFO:root:Train Epoch: 358 [0/60000 (0%)]	Loss: 90.294662
INFO:root:====> Epoch: 358 Average loss: 92.1525
INFO:root:Train Epoch: 359 [0/60000 (0%)]	Loss: 94.409096
INFO:root:====> Epoch: 359 Average loss: 92.0916
INFO:root:Train Epoch: 360 [0/60000 (0%)]	Loss: 90.964981
INFO:root:====> Epoch: 360 Average loss: 92.1111
INFO:root:Train Epoch: 361 [0/60000 (0%)]	Loss: 92.318115
INFO:root:====> Epoch: 361 Average loss: 92.1449
INFO:root:====> Test set loss: 86.7532
INFO:root:Train Epoch: 362 [0/60000 (0%)]	Loss: 92.592041
INFO:root:====> Epoch: 362 Average loss: 92.1248
INFO:root:Train Epoch: 363 [0/60000 (0%)]	Loss: 95.044334
INFO:root:====> Epoch: 363 Average loss: 92.1443
INFO:root:Train Epoch: 364 [0/60000 (0%)]	Loss: 92.891266
INFO:root:====> Epoch: 364 Average loss: 92.1347
INFO:root:Train Epoch: 365 [0/60000 (0%)]	Loss: 92.253700
INFO:root:====> Epoch: 365 Average loss: 92.1298
INFO:root:Train Epoch: 366 [0/60000 (0%)]	Loss: 92.488060
INFO:root:====> Epoch: 366 Average loss: 92.0873
INFO:root:Train Epoch: 367 [0/60000 (0%)]	Loss: 93.500298
INFO:root:====> Epoch: 367 Average loss: 92.0772
INFO:root:Train Epoch: 368 [0/60000 (0%)]	Loss: 93.896782
INFO:root:====> Epoch: 368 Average loss: 92.1091
INFO:root:Train Epoch: 369 [0/60000 (0%)]	Loss: 92.966110
INFO:root:====> Epoch: 369 Average loss: 92.1146
INFO:root:Train Epoch: 370 [0/60000 (0%)]	Loss: 90.408325
INFO:root:====> Epoch: 370 Average loss: 92.1398
INFO:root:Train Epoch: 371 [0/60000 (0%)]	Loss: 87.891106
INFO:root:====> Epoch: 371 Average loss: 92.1187
INFO:root:Train Epoch: 372 [0/60000 (0%)]	Loss: 89.454445
INFO:root:====> Epoch: 372 Average loss: 92.1045
INFO:root:Train Epoch: 373 [0/60000 (0%)]	Loss: 93.277466
INFO:root:====> Epoch: 373 Average loss: 92.1068
INFO:root:Train Epoch: 374 [0/60000 (0%)]	Loss: 90.895691
INFO:root:====> Epoch: 374 Average loss: 92.0815
INFO:root:Train Epoch: 375 [0/60000 (0%)]	Loss: 91.065643
INFO:root:====> Epoch: 375 Average loss: 92.0884
INFO:root:Train Epoch: 376 [0/60000 (0%)]	Loss: 95.256424
INFO:root:====> Epoch: 376 Average loss: 92.0770
INFO:root:Train Epoch: 377 [0/60000 (0%)]	Loss: 89.498932
INFO:root:====> Epoch: 377 Average loss: 92.0987
INFO:root:Train Epoch: 378 [0/60000 (0%)]	Loss: 93.049789
INFO:root:====> Epoch: 378 Average loss: 92.0890
INFO:root:Train Epoch: 379 [0/60000 (0%)]	Loss: 92.772141
INFO:root:====> Epoch: 379 Average loss: 92.0651
INFO:root:Train Epoch: 380 [0/60000 (0%)]	Loss: 92.591675
INFO:root:====> Epoch: 380 Average loss: 92.0788
INFO:root:Train Epoch: 381 [0/60000 (0%)]	Loss: 92.636856
INFO:root:====> Epoch: 381 Average loss: 92.0605
INFO:root:====> Test set loss: 86.6193
INFO:root:Train Epoch: 382 [0/60000 (0%)]	Loss: 90.865013
INFO:root:====> Epoch: 382 Average loss: 92.0520
INFO:root:Train Epoch: 383 [0/60000 (0%)]	Loss: 92.017448
INFO:root:====> Epoch: 383 Average loss: 92.0684
INFO:root:Train Epoch: 384 [0/60000 (0%)]	Loss: 94.773422
INFO:root:====> Epoch: 384 Average loss: 92.0527
INFO:root:Train Epoch: 385 [0/60000 (0%)]	Loss: 94.739761
INFO:root:====> Epoch: 385 Average loss: 92.0661
INFO:root:Train Epoch: 386 [0/60000 (0%)]	Loss: 92.099113
INFO:root:====> Epoch: 386 Average loss: 92.0823
INFO:root:Train Epoch: 387 [0/60000 (0%)]	Loss: 92.013992
INFO:root:====> Epoch: 387 Average loss: 92.0449
INFO:root:Train Epoch: 388 [0/60000 (0%)]	Loss: 90.341576
INFO:root:====> Epoch: 388 Average loss: 92.0654
INFO:root:Train Epoch: 389 [0/60000 (0%)]	Loss: 92.876648
INFO:root:====> Epoch: 389 Average loss: 92.0607
INFO:root:Train Epoch: 390 [0/60000 (0%)]	Loss: 89.646301
INFO:root:====> Epoch: 390 Average loss: 92.0272
INFO:root:Train Epoch: 391 [0/60000 (0%)]	Loss: 89.253235
INFO:root:====> Epoch: 391 Average loss: 92.0560
INFO:root:Train Epoch: 392 [0/60000 (0%)]	Loss: 88.968079
INFO:root:====> Epoch: 392 Average loss: 92.0776
INFO:root:Train Epoch: 393 [0/60000 (0%)]	Loss: 91.938622
INFO:root:====> Epoch: 393 Average loss: 92.0174
INFO:root:Train Epoch: 394 [0/60000 (0%)]	Loss: 91.951012
INFO:root:====> Epoch: 394 Average loss: 91.9948
INFO:root:Train Epoch: 395 [0/60000 (0%)]	Loss: 90.185173
INFO:root:====> Epoch: 395 Average loss: 91.9794
INFO:root:Train Epoch: 396 [0/60000 (0%)]	Loss: 93.742752
INFO:root:====> Epoch: 396 Average loss: 91.9935
INFO:root:Train Epoch: 397 [0/60000 (0%)]	Loss: 88.938362
INFO:root:====> Epoch: 397 Average loss: 91.9919
INFO:root:Train Epoch: 398 [0/60000 (0%)]	Loss: 90.674652
INFO:root:====> Epoch: 398 Average loss: 91.9862
INFO:root:Train Epoch: 399 [0/60000 (0%)]	Loss: 90.231934
INFO:root:====> Epoch: 399 Average loss: 91.9774
INFO:root:Train Epoch: 400 [0/60000 (0%)]	Loss: 91.410431
INFO:root:====> Epoch: 400 Average loss: 91.9895
INFO:root:Train Epoch: 401 [0/60000 (0%)]	Loss: 92.866287
INFO:root:====> Epoch: 401 Average loss: 92.0050
INFO:root:====> Test set loss: 86.5581
INFO:root:Train Epoch: 402 [0/60000 (0%)]	Loss: 92.152916
INFO:root:====> Epoch: 402 Average loss: 91.9993
INFO:root:Train Epoch: 403 [0/60000 (0%)]	Loss: 91.985497
INFO:root:====> Epoch: 403 Average loss: 91.9918
INFO:root:Train Epoch: 404 [0/60000 (0%)]	Loss: 90.226044
INFO:root:====> Epoch: 404 Average loss: 92.0191
INFO:root:Train Epoch: 405 [0/60000 (0%)]	Loss: 91.742546
INFO:root:====> Epoch: 405 Average loss: 91.9987
INFO:root:Train Epoch: 406 [0/60000 (0%)]	Loss: 88.983360
INFO:root:====> Epoch: 406 Average loss: 92.0039
INFO:root:Train Epoch: 407 [0/60000 (0%)]	Loss: 89.485519
INFO:root:====> Epoch: 407 Average loss: 92.0074
INFO:root:Train Epoch: 408 [0/60000 (0%)]	Loss: 95.348953
INFO:root:====> Epoch: 408 Average loss: 91.9703
INFO:root:Train Epoch: 409 [0/60000 (0%)]	Loss: 90.004044
INFO:root:====> Epoch: 409 Average loss: 91.9701
INFO:root:Train Epoch: 410 [0/60000 (0%)]	Loss: 99.221085
INFO:root:====> Epoch: 410 Average loss: 91.9940
INFO:root:Train Epoch: 411 [0/60000 (0%)]	Loss: 96.018974
INFO:root:====> Epoch: 411 Average loss: 91.9626
INFO:root:Train Epoch: 412 [0/60000 (0%)]	Loss: 96.787308
INFO:root:====> Epoch: 412 Average loss: 91.9938
INFO:root:Train Epoch: 413 [0/60000 (0%)]	Loss: 91.366730
INFO:root:====> Epoch: 413 Average loss: 91.9810
INFO:root:Train Epoch: 414 [0/60000 (0%)]	Loss: 97.200760
INFO:root:====> Epoch: 414 Average loss: 91.9763
INFO:root:Train Epoch: 415 [0/60000 (0%)]	Loss: 89.581413
INFO:root:====> Epoch: 415 Average loss: 91.9572
INFO:root:Train Epoch: 416 [0/60000 (0%)]	Loss: 93.932823
INFO:root:====> Epoch: 416 Average loss: 91.9740
INFO:root:Train Epoch: 417 [0/60000 (0%)]	Loss: 86.005089
INFO:root:====> Epoch: 417 Average loss: 91.9544
INFO:root:Train Epoch: 418 [0/60000 (0%)]	Loss: 89.841019
INFO:root:====> Epoch: 418 Average loss: 91.9526
INFO:root:Train Epoch: 419 [0/60000 (0%)]	Loss: 90.298477
INFO:root:====> Epoch: 419 Average loss: 91.9554
INFO:root:Train Epoch: 420 [0/60000 (0%)]	Loss: 92.869476
INFO:root:====> Epoch: 420 Average loss: 91.9503
INFO:root:Train Epoch: 421 [0/60000 (0%)]	Loss: 89.436447
INFO:root:====> Epoch: 421 Average loss: 91.9299
INFO:root:====> Test set loss: 86.6042
INFO:root:Train Epoch: 422 [0/60000 (0%)]	Loss: 92.906342
INFO:root:====> Epoch: 422 Average loss: 91.9337
INFO:root:Train Epoch: 423 [0/60000 (0%)]	Loss: 88.970016
INFO:root:====> Epoch: 423 Average loss: 91.9245
INFO:root:Train Epoch: 424 [0/60000 (0%)]	Loss: 91.554459
INFO:root:====> Epoch: 424 Average loss: 91.9694
INFO:root:Train Epoch: 425 [0/60000 (0%)]	Loss: 91.999313
INFO:root:====> Epoch: 425 Average loss: 91.9391
INFO:root:Train Epoch: 426 [0/60000 (0%)]	Loss: 91.693710
INFO:root:====> Epoch: 426 Average loss: 91.9319
INFO:root:Train Epoch: 427 [0/60000 (0%)]	Loss: 95.078415
INFO:root:====> Epoch: 427 Average loss: 91.9041
INFO:root:Train Epoch: 428 [0/60000 (0%)]	Loss: 93.457558
INFO:root:====> Epoch: 428 Average loss: 91.9607
INFO:root:Train Epoch: 429 [0/60000 (0%)]	Loss: 90.382828
INFO:root:====> Epoch: 429 Average loss: 91.9403
INFO:root:Train Epoch: 430 [0/60000 (0%)]	Loss: 89.546799
INFO:root:====> Epoch: 430 Average loss: 91.9110
INFO:root:Train Epoch: 431 [0/60000 (0%)]	Loss: 91.848778
INFO:root:====> Epoch: 431 Average loss: 91.9152
INFO:root:Train Epoch: 432 [0/60000 (0%)]	Loss: 94.348709
INFO:root:====> Epoch: 432 Average loss: 91.9374
INFO:root:Train Epoch: 433 [0/60000 (0%)]	Loss: 89.112045
INFO:root:====> Epoch: 433 Average loss: 91.9232
INFO:root:Train Epoch: 434 [0/60000 (0%)]	Loss: 90.247993
INFO:root:====> Epoch: 434 Average loss: 91.9149
INFO:root:Train Epoch: 435 [0/60000 (0%)]	Loss: 93.431793
INFO:root:====> Epoch: 435 Average loss: 91.9009
INFO:root:Train Epoch: 436 [0/60000 (0%)]	Loss: 93.083221
INFO:root:====> Epoch: 436 Average loss: 91.9018
INFO:root:Train Epoch: 437 [0/60000 (0%)]	Loss: 89.576263
INFO:root:====> Epoch: 437 Average loss: 91.8883
INFO:root:Train Epoch: 438 [0/60000 (0%)]	Loss: 95.411163
INFO:root:====> Epoch: 438 Average loss: 91.8920
INFO:root:Train Epoch: 439 [0/60000 (0%)]	Loss: 92.991463
INFO:root:====> Epoch: 439 Average loss: 91.9116
INFO:root:Train Epoch: 440 [0/60000 (0%)]	Loss: 89.748840
INFO:root:====> Epoch: 440 Average loss: 91.8996
INFO:root:Train Epoch: 441 [0/60000 (0%)]	Loss: 88.661453
INFO:root:====> Epoch: 441 Average loss: 91.9165
INFO:root:====> Test set loss: 86.5795
INFO:root:Train Epoch: 442 [0/60000 (0%)]	Loss: 93.286156
INFO:root:====> Epoch: 442 Average loss: 91.9169
INFO:root:Train Epoch: 443 [0/60000 (0%)]	Loss: 92.684708
INFO:root:====> Epoch: 443 Average loss: 91.8785
INFO:root:Train Epoch: 444 [0/60000 (0%)]	Loss: 93.104370
INFO:root:====> Epoch: 444 Average loss: 91.9182
INFO:root:Train Epoch: 445 [0/60000 (0%)]	Loss: 91.381943
INFO:root:====> Epoch: 445 Average loss: 91.8830
INFO:root:Train Epoch: 446 [0/60000 (0%)]	Loss: 92.742027
INFO:root:====> Epoch: 446 Average loss: 91.8871
INFO:root:Train Epoch: 447 [0/60000 (0%)]	Loss: 89.060242
INFO:root:====> Epoch: 447 Average loss: 91.8584
INFO:root:Train Epoch: 448 [0/60000 (0%)]	Loss: 93.539467
INFO:root:====> Epoch: 448 Average loss: 91.9080
INFO:root:Train Epoch: 449 [0/60000 (0%)]	Loss: 91.798569
INFO:root:====> Epoch: 449 Average loss: 91.8705
INFO:root:Train Epoch: 450 [0/60000 (0%)]	Loss: 93.499802
INFO:root:====> Epoch: 450 Average loss: 91.8645
INFO:root:Train Epoch: 451 [0/60000 (0%)]	Loss: 93.892670
INFO:root:====> Epoch: 451 Average loss: 91.8781
INFO:root:Train Epoch: 452 [0/60000 (0%)]	Loss: 90.726662
INFO:root:====> Epoch: 452 Average loss: 91.8913
INFO:root:Train Epoch: 453 [0/60000 (0%)]	Loss: 93.997833
INFO:root:====> Epoch: 453 Average loss: 91.8445
INFO:root:Train Epoch: 454 [0/60000 (0%)]	Loss: 93.039215
INFO:root:====> Epoch: 454 Average loss: 91.8833
INFO:root:Train Epoch: 455 [0/60000 (0%)]	Loss: 92.879028
INFO:root:====> Epoch: 455 Average loss: 91.8877
INFO:root:Train Epoch: 456 [0/60000 (0%)]	Loss: 88.441696
INFO:root:====> Epoch: 456 Average loss: 91.8637
INFO:root:Train Epoch: 457 [0/60000 (0%)]	Loss: 92.148872
INFO:root:====> Epoch: 457 Average loss: 91.8270
INFO:root:Train Epoch: 458 [0/60000 (0%)]	Loss: 94.555939
INFO:root:====> Epoch: 458 Average loss: 91.8686
INFO:root:Train Epoch: 459 [0/60000 (0%)]	Loss: 88.065567
INFO:root:====> Epoch: 459 Average loss: 91.8423
INFO:root:Train Epoch: 460 [0/60000 (0%)]	Loss: 94.290359
INFO:root:====> Epoch: 460 Average loss: 91.8866
INFO:root:Train Epoch: 461 [0/60000 (0%)]	Loss: 90.803764
INFO:root:====> Epoch: 461 Average loss: 91.8668
INFO:root:====> Test set loss: 86.4768
INFO:root:Train Epoch: 462 [0/60000 (0%)]	Loss: 90.957657
INFO:root:====> Epoch: 462 Average loss: 91.8349
INFO:root:Train Epoch: 463 [0/60000 (0%)]	Loss: 92.797607
INFO:root:====> Epoch: 463 Average loss: 91.8309
INFO:root:Train Epoch: 464 [0/60000 (0%)]	Loss: 90.973404
INFO:root:====> Epoch: 464 Average loss: 91.8241
INFO:root:Train Epoch: 465 [0/60000 (0%)]	Loss: 91.850288
INFO:root:====> Epoch: 465 Average loss: 91.8518
INFO:root:Train Epoch: 466 [0/60000 (0%)]	Loss: 91.093262
INFO:root:====> Epoch: 466 Average loss: 91.8357
INFO:root:Train Epoch: 467 [0/60000 (0%)]	Loss: 92.264114
INFO:root:====> Epoch: 467 Average loss: 91.8345
INFO:root:Train Epoch: 468 [0/60000 (0%)]	Loss: 91.662125
INFO:root:====> Epoch: 468 Average loss: 91.8395
INFO:root:Train Epoch: 469 [0/60000 (0%)]	Loss: 87.767242
INFO:root:====> Epoch: 469 Average loss: 91.8344
INFO:root:Train Epoch: 470 [0/60000 (0%)]	Loss: 93.165207
INFO:root:====> Epoch: 470 Average loss: 91.8622
INFO:root:Train Epoch: 471 [0/60000 (0%)]	Loss: 91.633720
INFO:root:====> Epoch: 471 Average loss: 91.8474
INFO:root:Train Epoch: 472 [0/60000 (0%)]	Loss: 87.736557
INFO:root:====> Epoch: 472 Average loss: 91.8231
INFO:root:Train Epoch: 473 [0/60000 (0%)]	Loss: 91.422821
INFO:root:====> Epoch: 473 Average loss: 91.8089
INFO:root:Train Epoch: 474 [0/60000 (0%)]	Loss: 91.789108
INFO:root:====> Epoch: 474 Average loss: 91.8270
INFO:root:Train Epoch: 475 [0/60000 (0%)]	Loss: 89.200172
INFO:root:====> Epoch: 475 Average loss: 91.8372
INFO:root:Train Epoch: 476 [0/60000 (0%)]	Loss: 90.186798
INFO:root:====> Epoch: 476 Average loss: 91.8192
INFO:root:Train Epoch: 477 [0/60000 (0%)]	Loss: 93.706299
INFO:root:====> Epoch: 477 Average loss: 91.8246
INFO:root:Train Epoch: 478 [0/60000 (0%)]	Loss: 89.092964
INFO:root:====> Epoch: 478 Average loss: 91.8057
INFO:root:Train Epoch: 479 [0/60000 (0%)]	Loss: 90.343056
INFO:root:====> Epoch: 479 Average loss: 91.8087
INFO:root:Train Epoch: 480 [0/60000 (0%)]	Loss: 90.167953
INFO:root:====> Epoch: 480 Average loss: 91.7994
INFO:root:Train Epoch: 481 [0/60000 (0%)]	Loss: 91.096794
INFO:root:====> Epoch: 481 Average loss: 91.7861
INFO:root:====> Test set loss: 86.5416
INFO:root:Train Epoch: 482 [0/60000 (0%)]	Loss: 93.204346
INFO:root:====> Epoch: 482 Average loss: 91.8194
INFO:root:Train Epoch: 483 [0/60000 (0%)]	Loss: 91.614944
INFO:root:====> Epoch: 483 Average loss: 91.8113
INFO:root:Train Epoch: 484 [0/60000 (0%)]	Loss: 92.881607
INFO:root:====> Epoch: 484 Average loss: 91.8080
INFO:root:Train Epoch: 485 [0/60000 (0%)]	Loss: 92.572151
INFO:root:====> Epoch: 485 Average loss: 91.8344
INFO:root:Train Epoch: 486 [0/60000 (0%)]	Loss: 93.174255
INFO:root:====> Epoch: 486 Average loss: 91.7899
INFO:root:Train Epoch: 487 [0/60000 (0%)]	Loss: 87.092880
INFO:root:====> Epoch: 487 Average loss: 91.7805
INFO:root:Train Epoch: 488 [0/60000 (0%)]	Loss: 92.430779
INFO:root:====> Epoch: 488 Average loss: 91.7842
INFO:root:Train Epoch: 489 [0/60000 (0%)]	Loss: 93.449463
INFO:root:====> Epoch: 489 Average loss: 91.7761
INFO:root:Train Epoch: 490 [0/60000 (0%)]	Loss: 91.027390
INFO:root:====> Epoch: 490 Average loss: 91.7794
INFO:root:Train Epoch: 491 [0/60000 (0%)]	Loss: 92.070084
INFO:root:====> Epoch: 491 Average loss: 91.7701
INFO:root:Train Epoch: 492 [0/60000 (0%)]	Loss: 91.549835
INFO:root:====> Epoch: 492 Average loss: 91.8014
INFO:root:Train Epoch: 493 [0/60000 (0%)]	Loss: 91.499313
INFO:root:====> Epoch: 493 Average loss: 91.8237
INFO:root:Train Epoch: 494 [0/60000 (0%)]	Loss: 90.888000
INFO:root:====> Epoch: 494 Average loss: 91.7498
INFO:root:Train Epoch: 495 [0/60000 (0%)]	Loss: 91.773132
INFO:root:====> Epoch: 495 Average loss: 91.7466
INFO:root:Train Epoch: 496 [0/60000 (0%)]	Loss: 92.569511
INFO:root:====> Epoch: 496 Average loss: 91.7569
INFO:root:Train Epoch: 497 [0/60000 (0%)]	Loss: 93.325333
INFO:root:====> Epoch: 497 Average loss: 91.7868
INFO:root:Train Epoch: 498 [0/60000 (0%)]	Loss: 93.302475
INFO:root:====> Epoch: 498 Average loss: 91.7465
INFO:root:Train Epoch: 499 [0/60000 (0%)]	Loss: 91.313354
INFO:root:====> Epoch: 499 Average loss: 91.7573
INFO:root:Train Epoch: 500 [0/60000 (0%)]	Loss: 91.312195
INFO:root:====> Epoch: 500 Average loss: 91.7341
INFO:root:Train Epoch: 501 [0/60000 (0%)]	Loss: 95.014626
INFO:root:====> Epoch: 501 Average loss: 91.7457
INFO:root:====> Test set loss: 86.4813
INFO:root:2020-04-22 15:56:08.795265
INFO:root:training finished
