Training on GPU
2020-04-22 20:01:03.583603
========Current round LR: 0.0005=======
======== About to train for 1 epochs =========
====> Round 0, Epoch: 1 Average loss: 176.9943
====> Round 0 Test set loss: 164.3139
========Current round LR: 0.00035984283650057603=======
======== About to train for 3 epochs =========
====> Round 1, Epoch: 1 Average loss: 160.2461
====> Round 1 Test set loss: 151.8339
====> Round 1, Epoch: 2 Average loss: 153.3716
====> Round 1 Test set loss: 145.3195
====> Round 1, Epoch: 3 Average loss: 148.5734
====> Round 1 Test set loss: 140.7151
========Current round LR: 0.0002589737339615606=======
======== About to train for 9 epochs =========
====> Round 2, Epoch: 1 Average loss: 145.4599
====> Round 2 Test set loss: 138.7196
====> Round 2, Epoch: 2 Average loss: 143.8868
====> Round 2, Epoch: 3 Average loss: 142.5786
====> Round 2 Test set loss: 136.1446
====> Round 2, Epoch: 4 Average loss: 141.2758
====> Round 2, Epoch: 5 Average loss: 139.7963
====> Round 2, Epoch: 6 Average loss: 138.5649
====> Round 2 Test set loss: 132.6869
====> Round 2, Epoch: 7 Average loss: 137.4584
====> Round 2, Epoch: 8 Average loss: 136.5133
====> Round 2, Epoch: 9 Average loss: 135.5508
====> Round 2 Test set loss: 129.9928
========Current round LR: 0.00018637968601574703=======
======== About to train for 27 epochs =========
====> Round 3, Epoch: 1 Average loss: 134.5359
====> Round 3 Test set loss: 129.3030
====> Round 3, Epoch: 2 Average loss: 133.7825
====> Round 3, Epoch: 3 Average loss: 133.0864
====> Round 3, Epoch: 4 Average loss: 132.4709
====> Round 3, Epoch: 5 Average loss: 131.8994
====> Round 3, Epoch: 6 Average loss: 131.3497
====> Round 3, Epoch: 7 Average loss: 130.8938
====> Round 3, Epoch: 8 Average loss: 130.4703
====> Round 3, Epoch: 9 Average loss: 130.0643
====> Round 3 Test set loss: 124.9847
====> Round 3, Epoch: 10 Average loss: 129.7384
====> Round 3, Epoch: 11 Average loss: 129.3601
====> Round 3, Epoch: 12 Average loss: 129.0333
====> Round 3, Epoch: 13 Average loss: 128.7510
====> Round 3, Epoch: 14 Average loss: 128.4351
====> Round 3, Epoch: 15 Average loss: 128.1046
====> Round 3, Epoch: 16 Average loss: 127.8252
====> Round 3, Epoch: 17 Average loss: 127.4462
====> Round 3, Epoch: 18 Average loss: 127.2429
====> Round 3 Test set loss: 122.0452
====> Round 3, Epoch: 19 Average loss: 126.9228
====> Round 3, Epoch: 20 Average loss: 126.6517
====> Round 3, Epoch: 21 Average loss: 126.4567
====> Round 3, Epoch: 22 Average loss: 126.1578
====> Round 3, Epoch: 23 Average loss: 125.9530
====> Round 3, Epoch: 24 Average loss: 125.7100
====> Round 3, Epoch: 25 Average loss: 125.5143
====> Round 3, Epoch: 26 Average loss: 125.2580
====> Round 3, Epoch: 27 Average loss: 125.0818
====> Round 3 Test set loss: 119.9751
========Current round LR: 0.0001341347897639863=======
======== About to train for 81 epochs =========
====> Round 4, Epoch: 1 Average loss: 124.7674
====> Round 4 Test set loss: 119.7979
====> Round 4, Epoch: 2 Average loss: 124.5716
====> Round 4, Epoch: 3 Average loss: 124.4330
====> Round 4, Epoch: 4 Average loss: 124.2453
====> Round 4, Epoch: 5 Average loss: 124.1142
====> Round 4, Epoch: 6 Average loss: 123.9891
====> Round 4, Epoch: 7 Average loss: 123.8276
====> Round 4, Epoch: 8 Average loss: 123.6984
====> Round 4, Epoch: 9 Average loss: 123.5475
====> Round 4, Epoch: 10 Average loss: 123.4430
====> Round 4, Epoch: 11 Average loss: 123.2823
====> Round 4, Epoch: 12 Average loss: 123.1651
====> Round 4, Epoch: 13 Average loss: 123.0748
====> Round 4, Epoch: 14 Average loss: 122.9289
====> Round 4, Epoch: 15 Average loss: 122.8084
====> Round 4, Epoch: 16 Average loss: 122.6821
====> Round 4, Epoch: 17 Average loss: 122.6127
====> Round 4, Epoch: 18 Average loss: 122.4781
====> Round 4, Epoch: 19 Average loss: 122.3661
====> Round 4, Epoch: 20 Average loss: 122.2808
====> Round 4, Epoch: 21 Average loss: 122.1456
====> Round 4, Epoch: 22 Average loss: 122.0712
====> Round 4, Epoch: 23 Average loss: 122.0000
====> Round 4, Epoch: 24 Average loss: 121.8938
====> Round 4, Epoch: 25 Average loss: 121.7936
====> Round 4, Epoch: 26 Average loss: 121.7551
====> Round 4, Epoch: 27 Average loss: 121.6489
====> Round 4 Test set loss: 116.7517
====> Round 4, Epoch: 28 Average loss: 121.5811
====> Round 4, Epoch: 29 Average loss: 121.4403
====> Round 4, Epoch: 30 Average loss: 121.3528
====> Round 4, Epoch: 31 Average loss: 121.2811
====> Round 4, Epoch: 32 Average loss: 121.1752
====> Round 4, Epoch: 33 Average loss: 121.1470
====> Round 4, Epoch: 34 Average loss: 121.0895
====> Round 4, Epoch: 35 Average loss: 121.0169
====> Round 4, Epoch: 36 Average loss: 120.8927
====> Round 4, Epoch: 37 Average loss: 120.7881
====> Round 4, Epoch: 38 Average loss: 120.7151
====> Round 4, Epoch: 39 Average loss: 120.6486
====> Round 4, Epoch: 40 Average loss: 120.5875
====> Round 4, Epoch: 41 Average loss: 120.5140
====> Round 4, Epoch: 42 Average loss: 120.4578
====> Round 4, Epoch: 43 Average loss: 120.3843
====> Round 4, Epoch: 44 Average loss: 120.3176
====> Round 4, Epoch: 45 Average loss: 120.2373
====> Round 4, Epoch: 46 Average loss: 120.1404
====> Round 4, Epoch: 47 Average loss: 120.1169
====> Round 4, Epoch: 48 Average loss: 120.0047
====> Round 4, Epoch: 49 Average loss: 119.9468
====> Round 4, Epoch: 50 Average loss: 119.8981
====> Round 4, Epoch: 51 Average loss: 119.8255
====> Round 4, Epoch: 52 Average loss: 119.7381
====> Round 4, Epoch: 53 Average loss: 119.6818
====> Round 4, Epoch: 54 Average loss: 119.5979
====> Round 4 Test set loss: 114.8558
====> Round 4, Epoch: 55 Average loss: 119.5606
====> Round 4, Epoch: 56 Average loss: 119.5251
====> Round 4, Epoch: 57 Average loss: 119.4180
====> Round 4, Epoch: 58 Average loss: 119.3980
====> Round 4, Epoch: 59 Average loss: 119.3173
====> Round 4, Epoch: 60 Average loss: 119.1993
====> Round 4, Epoch: 61 Average loss: 119.1863
====> Round 4, Epoch: 62 Average loss: 119.1166
====> Round 4, Epoch: 63 Average loss: 119.0755
====> Round 4, Epoch: 64 Average loss: 119.0618
====> Round 4, Epoch: 65 Average loss: 118.9805
====> Round 4, Epoch: 66 Average loss: 118.9534
====> Round 4, Epoch: 67 Average loss: 118.8907
====> Round 4, Epoch: 68 Average loss: 118.8461
====> Round 4, Epoch: 69 Average loss: 118.7600
====> Round 4, Epoch: 70 Average loss: 118.7647
====> Round 4, Epoch: 71 Average loss: 118.7070
====> Round 4, Epoch: 72 Average loss: 118.6919
====> Round 4, Epoch: 73 Average loss: 118.6238
====> Round 4, Epoch: 74 Average loss: 118.5649
====> Round 4, Epoch: 75 Average loss: 118.5313
====> Round 4, Epoch: 76 Average loss: 118.5447
====> Round 4, Epoch: 77 Average loss: 118.4301
====> Round 4, Epoch: 78 Average loss: 118.3984
====> Round 4, Epoch: 79 Average loss: 118.3549
====> Round 4, Epoch: 80 Average loss: 118.2851
====> Round 4, Epoch: 81 Average loss: 118.2650
====> Round 4 Test set loss: 113.5656
========Current round LR: 9.65348864441625e-05=======
======== About to train for 243 epochs =========
====> Round 5, Epoch: 1 Average loss: 118.1008
====> Round 5 Test set loss: 113.5390
====> Round 5, Epoch: 2 Average loss: 118.0611
====> Round 5, Epoch: 3 Average loss: 118.0017
====> Round 5, Epoch: 4 Average loss: 117.9717
====> Round 5, Epoch: 5 Average loss: 117.9491
====> Round 5, Epoch: 6 Average loss: 117.9287
====> Round 5, Epoch: 7 Average loss: 117.8885
====> Round 5, Epoch: 8 Average loss: 117.8828
====> Round 5, Epoch: 9 Average loss: 117.8132
====> Round 5, Epoch: 10 Average loss: 117.8082
====> Round 5, Epoch: 11 Average loss: 117.8116
====> Round 5, Epoch: 12 Average loss: 117.7518
====> Round 5, Epoch: 13 Average loss: 117.7537
====> Round 5, Epoch: 14 Average loss: 117.7385
====> Round 5, Epoch: 15 Average loss: 117.6663
====> Round 5, Epoch: 16 Average loss: 117.6630
====> Round 5, Epoch: 17 Average loss: 117.6286
====> Round 5, Epoch: 18 Average loss: 117.5869
====> Round 5, Epoch: 19 Average loss: 117.5359
====> Round 5, Epoch: 20 Average loss: 117.5310
====> Round 5, Epoch: 21 Average loss: 117.5214
====> Round 5, Epoch: 22 Average loss: 117.5092
====> Round 5, Epoch: 23 Average loss: 117.5007
====> Round 5, Epoch: 24 Average loss: 117.4412
====> Round 5, Epoch: 25 Average loss: 117.4143
====> Round 5, Epoch: 26 Average loss: 117.3662
====> Round 5, Epoch: 27 Average loss: 117.3664
====> Round 5, Epoch: 28 Average loss: 117.3592
====> Round 5, Epoch: 29 Average loss: 117.2984
====> Round 5, Epoch: 30 Average loss: 117.3222
====> Round 5, Epoch: 31 Average loss: 117.2932
====> Round 5, Epoch: 32 Average loss: 117.2471
====> Round 5, Epoch: 33 Average loss: 117.1667
====> Round 5, Epoch: 34 Average loss: 117.1611
====> Round 5, Epoch: 35 Average loss: 117.1502
====> Round 5, Epoch: 36 Average loss: 117.1228
====> Round 5, Epoch: 37 Average loss: 117.0953
====> Round 5, Epoch: 38 Average loss: 117.0951
====> Round 5, Epoch: 39 Average loss: 117.0588
====> Round 5, Epoch: 40 Average loss: 117.0582
====> Round 5, Epoch: 41 Average loss: 117.0181
====> Round 5, Epoch: 42 Average loss: 117.0014
====> Round 5, Epoch: 43 Average loss: 116.9692
====> Round 5, Epoch: 44 Average loss: 116.9287
====> Round 5, Epoch: 45 Average loss: 116.9008
====> Round 5, Epoch: 46 Average loss: 116.8769
====> Round 5, Epoch: 47 Average loss: 116.9029
====> Round 5, Epoch: 48 Average loss: 116.8424
====> Round 5, Epoch: 49 Average loss: 116.8319
====> Round 5, Epoch: 50 Average loss: 116.7743
====> Round 5, Epoch: 51 Average loss: 116.8019
====> Round 5, Epoch: 52 Average loss: 116.7626
====> Round 5, Epoch: 53 Average loss: 116.7106
====> Round 5, Epoch: 54 Average loss: 116.7054
====> Round 5, Epoch: 55 Average loss: 116.6791
====> Round 5, Epoch: 56 Average loss: 116.6537
====> Round 5, Epoch: 57 Average loss: 116.6615
====> Round 5, Epoch: 58 Average loss: 116.6459
====> Round 5, Epoch: 59 Average loss: 116.6379
====> Round 5, Epoch: 60 Average loss: 116.6074
====> Round 5, Epoch: 61 Average loss: 116.5566
====> Round 5, Epoch: 62 Average loss: 116.5538
====> Round 5, Epoch: 63 Average loss: 116.5542
====> Round 5, Epoch: 64 Average loss: 116.5445
====> Round 5, Epoch: 65 Average loss: 116.4627
====> Round 5, Epoch: 66 Average loss: 116.4712
====> Round 5, Epoch: 67 Average loss: 116.4238
====> Round 5, Epoch: 68 Average loss: 116.4354
====> Round 5, Epoch: 69 Average loss: 116.3848
====> Round 5, Epoch: 70 Average loss: 116.3698
====> Round 5, Epoch: 71 Average loss: 116.3365
====> Round 5, Epoch: 72 Average loss: 116.3574
====> Round 5, Epoch: 73 Average loss: 116.3593
====> Round 5, Epoch: 74 Average loss: 116.3203
====> Round 5, Epoch: 75 Average loss: 116.2813
====> Round 5, Epoch: 76 Average loss: 116.2875
====> Round 5, Epoch: 77 Average loss: 116.2049
====> Round 5, Epoch: 78 Average loss: 116.2556
====> Round 5, Epoch: 79 Average loss: 116.2036
====> Round 5, Epoch: 80 Average loss: 116.2239
====> Round 5, Epoch: 81 Average loss: 116.2058
====> Round 5 Test set loss: 111.8289
====> Round 5, Epoch: 82 Average loss: 116.1653
====> Round 5, Epoch: 83 Average loss: 116.1379
====> Round 5, Epoch: 84 Average loss: 116.0956
====> Round 5, Epoch: 85 Average loss: 116.0528
====> Round 5, Epoch: 86 Average loss: 116.0791
====> Round 5, Epoch: 87 Average loss: 116.0544
====> Round 5, Epoch: 88 Average loss: 116.0464
====> Round 5, Epoch: 89 Average loss: 116.0213
====> Round 5, Epoch: 90 Average loss: 115.9962
====> Round 5, Epoch: 91 Average loss: 115.9974
====> Round 5, Epoch: 92 Average loss: 115.9621
====> Round 5, Epoch: 93 Average loss: 115.9732
====> Round 5, Epoch: 94 Average loss: 115.9638
====> Round 5, Epoch: 95 Average loss: 115.8690
====> Round 5, Epoch: 96 Average loss: 115.8536
====> Round 5, Epoch: 97 Average loss: 115.8373
====> Round 5, Epoch: 98 Average loss: 115.8624
====> Round 5, Epoch: 99 Average loss: 115.8626
====> Round 5, Epoch: 100 Average loss: 115.8335
====> Round 5, Epoch: 101 Average loss: 115.8317
====> Round 5, Epoch: 102 Average loss: 115.7738
====> Round 5, Epoch: 103 Average loss: 115.7871
====> Round 5, Epoch: 104 Average loss: 115.7786
====> Round 5, Epoch: 105 Average loss: 115.7287
====> Round 5, Epoch: 106 Average loss: 115.6656
====> Round 5, Epoch: 107 Average loss: 115.7145
====> Round 5, Epoch: 108 Average loss: 115.6713
====> Round 5, Epoch: 109 Average loss: 115.6555
====> Round 5, Epoch: 110 Average loss: 115.6535
====> Round 5, Epoch: 111 Average loss: 115.6313
====> Round 5, Epoch: 112 Average loss: 115.6621
====> Round 5, Epoch: 113 Average loss: 115.6166
====> Round 5, Epoch: 114 Average loss: 115.5683
====> Round 5, Epoch: 115 Average loss: 115.5442
====> Round 5, Epoch: 116 Average loss: 115.5370
====> Round 5, Epoch: 117 Average loss: 115.5234
====> Round 5, Epoch: 118 Average loss: 115.5276
====> Round 5, Epoch: 119 Average loss: 115.5307
====> Round 5, Epoch: 120 Average loss: 115.4979
====> Round 5, Epoch: 121 Average loss: 115.4864
====> Round 5, Epoch: 122 Average loss: 115.4729
====> Round 5, Epoch: 123 Average loss: 115.4587
====> Round 5, Epoch: 124 Average loss: 115.3928
====> Round 5, Epoch: 125 Average loss: 115.4445
====> Round 5, Epoch: 126 Average loss: 115.4430
====> Round 5, Epoch: 127 Average loss: 115.4304
====> Round 5, Epoch: 128 Average loss: 115.3666
====> Round 5, Epoch: 129 Average loss: 115.3788
====> Round 5, Epoch: 130 Average loss: 115.3564
====> Round 5, Epoch: 131 Average loss: 115.2768
====> Round 5, Epoch: 132 Average loss: 115.3218
====> Round 5, Epoch: 133 Average loss: 115.2588
====> Round 5, Epoch: 134 Average loss: 115.2623
====> Round 5, Epoch: 135 Average loss: 115.2904
====> Round 5, Epoch: 136 Average loss: 115.2684
====> Round 5, Epoch: 137 Average loss: 115.2714
====> Round 5, Epoch: 138 Average loss: 115.1938
====> Round 5, Epoch: 139 Average loss: 115.2123
====> Round 5, Epoch: 140 Average loss: 115.2267
====> Round 5, Epoch: 141 Average loss: 115.1812
====> Round 5, Epoch: 142 Average loss: 115.1846
====> Round 5, Epoch: 143 Average loss: 115.1402
====> Round 5, Epoch: 144 Average loss: 115.1917
====> Round 5, Epoch: 145 Average loss: 115.1694
====> Round 5, Epoch: 146 Average loss: 115.1386
====> Round 5, Epoch: 147 Average loss: 115.1045
====> Round 5, Epoch: 148 Average loss: 115.0475
====> Round 5, Epoch: 149 Average loss: 115.0789
====> Round 5, Epoch: 150 Average loss: 115.0355
====> Round 5, Epoch: 151 Average loss: 115.0444
====> Round 5, Epoch: 152 Average loss: 115.0608
====> Round 5, Epoch: 153 Average loss: 115.0422
====> Round 5, Epoch: 154 Average loss: 114.9867
====> Round 5, Epoch: 155 Average loss: 115.0363
====> Round 5, Epoch: 156 Average loss: 114.9894
====> Round 5, Epoch: 157 Average loss: 114.9559
====> Round 5, Epoch: 158 Average loss: 114.9505
====> Round 5, Epoch: 159 Average loss: 114.9583
====> Round 5, Epoch: 160 Average loss: 114.8894
====> Round 5, Epoch: 161 Average loss: 114.9589
====> Round 5, Epoch: 162 Average loss: 114.9376
====> Round 5 Test set loss: 110.7780
====> Round 5, Epoch: 163 Average loss: 114.9422
====> Round 5, Epoch: 164 Average loss: 114.8396
====> Round 5, Epoch: 165 Average loss: 114.8384
====> Round 5, Epoch: 166 Average loss: 114.8993
====> Round 5, Epoch: 167 Average loss: 114.9186
====> Round 5, Epoch: 168 Average loss: 114.8814
====> Round 5, Epoch: 169 Average loss: 114.8386
====> Round 5, Epoch: 170 Average loss: 114.8107
====> Round 5, Epoch: 171 Average loss: 114.8372
====> Round 5, Epoch: 172 Average loss: 114.7986
====> Round 5, Epoch: 173 Average loss: 114.7921
====> Round 5, Epoch: 174 Average loss: 114.7699
====> Round 5, Epoch: 175 Average loss: 114.7332
====> Round 5, Epoch: 176 Average loss: 114.7648
====> Round 5, Epoch: 177 Average loss: 114.7210
====> Round 5, Epoch: 178 Average loss: 114.7348
====> Round 5, Epoch: 179 Average loss: 114.7501
====> Round 5, Epoch: 180 Average loss: 114.7303
====> Round 5, Epoch: 181 Average loss: 114.7088
====> Round 5, Epoch: 182 Average loss: 114.7313
====> Round 5, Epoch: 183 Average loss: 114.6706
====> Round 5, Epoch: 184 Average loss: 114.6406
====> Round 5, Epoch: 185 Average loss: 114.6336
====> Round 5, Epoch: 186 Average loss: 114.6291
====> Round 5, Epoch: 187 Average loss: 114.6189
====> Round 5, Epoch: 188 Average loss: 114.6698
====> Round 5, Epoch: 189 Average loss: 114.5879
====> Round 5, Epoch: 190 Average loss: 114.6236
====> Round 5, Epoch: 191 Average loss: 114.6002
====> Round 5, Epoch: 192 Average loss: 114.5950
====> Round 5, Epoch: 193 Average loss: 114.6105
====> Round 5, Epoch: 194 Average loss: 114.5246
====> Round 5, Epoch: 195 Average loss: 114.5619
====> Round 5, Epoch: 196 Average loss: 114.5143
====> Round 5, Epoch: 197 Average loss: 114.5185
====> Round 5, Epoch: 198 Average loss: 114.5200
====> Round 5, Epoch: 199 Average loss: 114.5387
====> Round 5, Epoch: 200 Average loss: 114.4802
====> Round 5, Epoch: 201 Average loss: 114.4765
====> Round 5, Epoch: 202 Average loss: 114.4770
====> Round 5, Epoch: 203 Average loss: 114.5126
====> Round 5, Epoch: 204 Average loss: 114.5079
====> Round 5, Epoch: 205 Average loss: 114.4873
====> Round 5, Epoch: 206 Average loss: 114.4388
====> Round 5, Epoch: 207 Average loss: 114.3899
====> Round 5, Epoch: 208 Average loss: 114.4027
====> Round 5, Epoch: 209 Average loss: 114.4268
====> Round 5, Epoch: 210 Average loss: 114.3939
====> Round 5, Epoch: 211 Average loss: 114.3800
====> Round 5, Epoch: 212 Average loss: 114.3735
====> Round 5, Epoch: 213 Average loss: 114.3652
====> Round 5, Epoch: 214 Average loss: 114.3489
====> Round 5, Epoch: 215 Average loss: 114.3566
====> Round 5, Epoch: 216 Average loss: 114.3202
====> Round 5, Epoch: 217 Average loss: 114.3133
====> Round 5, Epoch: 218 Average loss: 114.3020
====> Round 5, Epoch: 219 Average loss: 114.3169
====> Round 5, Epoch: 220 Average loss: 114.3448
====> Round 5, Epoch: 221 Average loss: 114.2985
====> Round 5, Epoch: 222 Average loss: 114.2972
====> Round 5, Epoch: 223 Average loss: 114.2723
====> Round 5, Epoch: 224 Average loss: 114.3049
====> Round 5, Epoch: 225 Average loss: 114.2978
====> Round 5, Epoch: 226 Average loss: 114.2750
====> Round 5, Epoch: 227 Average loss: 114.2270
====> Round 5, Epoch: 228 Average loss: 114.2325
====> Round 5, Epoch: 229 Average loss: 114.1943
====> Round 5, Epoch: 230 Average loss: 114.2275
====> Round 5, Epoch: 231 Average loss: 114.1733
====> Round 5, Epoch: 232 Average loss: 114.1926
====> Round 5, Epoch: 233 Average loss: 114.1722
====> Round 5, Epoch: 234 Average loss: 114.1591
====> Round 5, Epoch: 235 Average loss: 114.1433
====> Round 5, Epoch: 236 Average loss: 114.1359
====> Round 5, Epoch: 237 Average loss: 114.1808
====> Round 5, Epoch: 238 Average loss: 114.1540
====> Round 5, Epoch: 239 Average loss: 114.1775
====> Round 5, Epoch: 240 Average loss: 114.1271
====> Round 5, Epoch: 241 Average loss: 114.0620
====> Round 5, Epoch: 242 Average loss: 114.1337
====> Round 5, Epoch: 243 Average loss: 114.0615
====> Round 5 Test set loss: 110.0209
====> Round 5 Test set loss: 110.0316
2020-04-22 20:48:59.622153
Training finished