Training on GPU
2020-04-21 19:13:29.715268
Train Epoch: 1 [0/24345 (0%)]	Loss: 545.108496
====> Epoch: 1 Average loss: 186.7757
====> Test set loss: 167.4233
Train Epoch: 2 [0/24345 (0%)]	Loss: 190.762366
====> Epoch: 2 Average loss: 169.7644
Train Epoch: 3 [0/24345 (0%)]	Loss: 182.439087
====> Epoch: 3 Average loss: 165.9957
Train Epoch: 4 [0/24345 (0%)]	Loss: 184.060266
====> Epoch: 4 Average loss: 161.7835
Train Epoch: 5 [0/24345 (0%)]	Loss: 161.265845
====> Epoch: 5 Average loss: 157.8004
Train Epoch: 6 [0/24345 (0%)]	Loss: 133.663843
====> Epoch: 6 Average loss: 154.8741
Train Epoch: 7 [0/24345 (0%)]	Loss: 143.347607
====> Epoch: 7 Average loss: 152.3753
Train Epoch: 8 [0/24345 (0%)]	Loss: 150.276147
====> Epoch: 8 Average loss: 150.1814
Train Epoch: 9 [0/24345 (0%)]	Loss: 141.376318
====> Epoch: 9 Average loss: 148.5495
Train Epoch: 10 [0/24345 (0%)]	Loss: 139.672461
====> Epoch: 10 Average loss: 147.3575
Train Epoch: 11 [0/24345 (0%)]	Loss: 153.014819
====> Epoch: 11 Average loss: 146.3837
Train Epoch: 12 [0/24345 (0%)]	Loss: 145.206653
====> Epoch: 12 Average loss: 145.3443
Train Epoch: 13 [0/24345 (0%)]	Loss: 153.020044
====> Epoch: 13 Average loss: 144.1591
Train Epoch: 14 [0/24345 (0%)]	Loss: 134.219873
====> Epoch: 14 Average loss: 143.0938
Train Epoch: 15 [0/24345 (0%)]	Loss: 154.868152
====> Epoch: 15 Average loss: 142.1603
Train Epoch: 16 [0/24345 (0%)]	Loss: 128.580249
====> Epoch: 16 Average loss: 141.3138
Train Epoch: 17 [0/24345 (0%)]	Loss: 142.273499
====> Epoch: 17 Average loss: 140.5708
Train Epoch: 18 [0/24345 (0%)]	Loss: 166.209143
====> Epoch: 18 Average loss: 139.8172
Train Epoch: 19 [0/24345 (0%)]	Loss: 133.809399
====> Epoch: 19 Average loss: 139.1744
Train Epoch: 20 [0/24345 (0%)]	Loss: 144.250635
====> Epoch: 20 Average loss: 138.5566
Train Epoch: 21 [0/24345 (0%)]	Loss: 129.168567
====> Epoch: 21 Average loss: 137.9566
Train Epoch: 22 [0/24345 (0%)]	Loss: 140.223145
====> Epoch: 22 Average loss: 137.3451
Train Epoch: 23 [0/24345 (0%)]	Loss: 127.918481
====> Epoch: 23 Average loss: 136.7361
Train Epoch: 24 [0/24345 (0%)]	Loss: 140.936572
====> Epoch: 24 Average loss: 136.1985
Train Epoch: 25 [0/24345 (0%)]	Loss: 151.231689
====> Epoch: 25 Average loss: 135.7321
Train Epoch: 26 [0/24345 (0%)]	Loss: 124.128735
====> Epoch: 26 Average loss: 135.1144
Train Epoch: 27 [0/24345 (0%)]	Loss: 141.662195
====> Epoch: 27 Average loss: 134.5600
Train Epoch: 28 [0/24345 (0%)]	Loss: 121.029077
====> Epoch: 28 Average loss: 133.9756
Train Epoch: 29 [0/24345 (0%)]	Loss: 138.046338
====> Epoch: 29 Average loss: 133.4637
Train Epoch: 30 [0/24345 (0%)]	Loss: 139.923840
====> Epoch: 30 Average loss: 133.0154
Train Epoch: 31 [0/24345 (0%)]	Loss: 135.640942
====> Epoch: 31 Average loss: 132.6185
Train Epoch: 32 [0/24345 (0%)]	Loss: 118.335950
====> Epoch: 32 Average loss: 132.1970
Train Epoch: 33 [0/24345 (0%)]	Loss: 112.129919
====> Epoch: 33 Average loss: 131.7343
Train Epoch: 34 [0/24345 (0%)]	Loss: 131.924829
====> Epoch: 34 Average loss: 131.3289
Train Epoch: 35 [0/24345 (0%)]	Loss: 143.700354
====> Epoch: 35 Average loss: 131.0369
Train Epoch: 36 [0/24345 (0%)]	Loss: 120.505249
====> Epoch: 36 Average loss: 130.6289
Train Epoch: 37 [0/24345 (0%)]	Loss: 135.544580
====> Epoch: 37 Average loss: 130.2809
Train Epoch: 38 [0/24345 (0%)]	Loss: 135.375964
====> Epoch: 38 Average loss: 129.9102
Train Epoch: 39 [0/24345 (0%)]	Loss: 133.190015
====> Epoch: 39 Average loss: 129.6397
Train Epoch: 40 [0/24345 (0%)]	Loss: 133.007056
====> Epoch: 40 Average loss: 129.3079
Train Epoch: 41 [0/24345 (0%)]	Loss: 128.916455
====> Epoch: 41 Average loss: 128.9716
Train Epoch: 42 [0/24345 (0%)]	Loss: 136.762280
====> Epoch: 42 Average loss: 128.6607
Train Epoch: 43 [0/24345 (0%)]	Loss: 146.084399
====> Epoch: 43 Average loss: 128.3453
Train Epoch: 44 [0/24345 (0%)]	Loss: 131.772803
====> Epoch: 44 Average loss: 128.0676
Train Epoch: 45 [0/24345 (0%)]	Loss: 128.840881
====> Epoch: 45 Average loss: 127.7932
Train Epoch: 46 [0/24345 (0%)]	Loss: 128.211816
====> Epoch: 46 Average loss: 127.5708
Train Epoch: 47 [0/24345 (0%)]	Loss: 125.428979
====> Epoch: 47 Average loss: 127.3179
Train Epoch: 48 [0/24345 (0%)]	Loss: 123.097144
====> Epoch: 48 Average loss: 127.0805
Train Epoch: 49 [0/24345 (0%)]	Loss: 125.708936
====> Epoch: 49 Average loss: 126.8167
Train Epoch: 50 [0/24345 (0%)]	Loss: 128.585986
====> Epoch: 50 Average loss: 126.6119
Train Epoch: 51 [0/24345 (0%)]	Loss: 126.258289
====> Epoch: 51 Average loss: 126.3367
====> Test set loss: 120.6874
Train Epoch: 52 [0/24345 (0%)]	Loss: 114.392859
====> Epoch: 52 Average loss: 126.1785
Train Epoch: 53 [0/24345 (0%)]	Loss: 130.224365
====> Epoch: 53 Average loss: 126.0212
Train Epoch: 54 [0/24345 (0%)]	Loss: 134.442285
====> Epoch: 54 Average loss: 125.7591
Train Epoch: 55 [0/24345 (0%)]	Loss: 129.817798
====> Epoch: 55 Average loss: 125.5386
Train Epoch: 56 [0/24345 (0%)]	Loss: 123.244983
====> Epoch: 56 Average loss: 125.4167
Train Epoch: 57 [0/24345 (0%)]	Loss: 116.048755
====> Epoch: 57 Average loss: 125.2455
Train Epoch: 58 [0/24345 (0%)]	Loss: 128.703967
====> Epoch: 58 Average loss: 125.0165
Train Epoch: 59 [0/24345 (0%)]	Loss: 119.537842
====> Epoch: 59 Average loss: 124.9208
Train Epoch: 60 [0/24345 (0%)]	Loss: 121.801050
====> Epoch: 60 Average loss: 124.6984
Train Epoch: 61 [0/24345 (0%)]	Loss: 137.321631
====> Epoch: 61 Average loss: 124.5044
Train Epoch: 62 [0/24345 (0%)]	Loss: 109.398474
====> Epoch: 62 Average loss: 124.3749
Train Epoch: 63 [0/24345 (0%)]	Loss: 111.831238
====> Epoch: 63 Average loss: 124.2397
Train Epoch: 64 [0/24345 (0%)]	Loss: 130.989209
====> Epoch: 64 Average loss: 124.0278
Train Epoch: 65 [0/24345 (0%)]	Loss: 143.467957
====> Epoch: 65 Average loss: 123.9046
Train Epoch: 66 [0/24345 (0%)]	Loss: 114.578833
====> Epoch: 66 Average loss: 123.7618
Train Epoch: 67 [0/24345 (0%)]	Loss: 124.484106
====> Epoch: 67 Average loss: 123.6243
Train Epoch: 68 [0/24345 (0%)]	Loss: 117.378418
====> Epoch: 68 Average loss: 123.4323
Train Epoch: 69 [0/24345 (0%)]	Loss: 130.795789
====> Epoch: 69 Average loss: 123.3161
Train Epoch: 70 [0/24345 (0%)]	Loss: 142.405774
====> Epoch: 70 Average loss: 123.2163
Train Epoch: 71 [0/24345 (0%)]	Loss: 135.685132
====> Epoch: 71 Average loss: 123.0881
Train Epoch: 72 [0/24345 (0%)]	Loss: 125.490466
====> Epoch: 72 Average loss: 122.9237
Train Epoch: 73 [0/24345 (0%)]	Loss: 123.925647
====> Epoch: 73 Average loss: 122.8401
Train Epoch: 74 [0/24345 (0%)]	Loss: 115.947925
====> Epoch: 74 Average loss: 122.6516
Train Epoch: 75 [0/24345 (0%)]	Loss: 106.611523
====> Epoch: 75 Average loss: 122.5311
Train Epoch: 76 [0/24345 (0%)]	Loss: 123.781885
====> Epoch: 76 Average loss: 122.4068
Train Epoch: 77 [0/24345 (0%)]	Loss: 121.428040
====> Epoch: 77 Average loss: 122.2672
Train Epoch: 78 [0/24345 (0%)]	Loss: 141.632190
====> Epoch: 78 Average loss: 122.1222
Train Epoch: 79 [0/24345 (0%)]	Loss: 125.242615
====> Epoch: 79 Average loss: 122.0759
Train Epoch: 80 [0/24345 (0%)]	Loss: 102.451660
====> Epoch: 80 Average loss: 121.8887
Train Epoch: 81 [0/24345 (0%)]	Loss: 145.553333
====> Epoch: 81 Average loss: 121.8402
Train Epoch: 82 [0/24345 (0%)]	Loss: 128.327417
====> Epoch: 82 Average loss: 121.7073
Train Epoch: 83 [0/24345 (0%)]	Loss: 123.695386
====> Epoch: 83 Average loss: 121.6216
Train Epoch: 84 [0/24345 (0%)]	Loss: 114.748889
====> Epoch: 84 Average loss: 121.4983
Train Epoch: 85 [0/24345 (0%)]	Loss: 108.803015
====> Epoch: 85 Average loss: 121.3829
Train Epoch: 86 [0/24345 (0%)]	Loss: 104.799243
====> Epoch: 86 Average loss: 121.2823
Train Epoch: 87 [0/24345 (0%)]	Loss: 114.158167
====> Epoch: 87 Average loss: 121.2227
Train Epoch: 88 [0/24345 (0%)]	Loss: 130.034509
====> Epoch: 88 Average loss: 121.1142
Train Epoch: 89 [0/24345 (0%)]	Loss: 132.934302
====> Epoch: 89 Average loss: 121.0539
Train Epoch: 90 [0/24345 (0%)]	Loss: 134.025854
====> Epoch: 90 Average loss: 120.9305
Train Epoch: 91 [0/24345 (0%)]	Loss: 116.551489
====> Epoch: 91 Average loss: 120.8011
Train Epoch: 92 [0/24345 (0%)]	Loss: 128.007910
====> Epoch: 92 Average loss: 120.7720
Train Epoch: 93 [0/24345 (0%)]	Loss: 116.165332
====> Epoch: 93 Average loss: 120.6436
Train Epoch: 94 [0/24345 (0%)]	Loss: 121.722339
====> Epoch: 94 Average loss: 120.6210
Train Epoch: 95 [0/24345 (0%)]	Loss: 129.642896
====> Epoch: 95 Average loss: 120.5031
Train Epoch: 96 [0/24345 (0%)]	Loss: 111.991882
====> Epoch: 96 Average loss: 120.4486
Train Epoch: 97 [0/24345 (0%)]	Loss: 128.740198
====> Epoch: 97 Average loss: 120.3419
Train Epoch: 98 [0/24345 (0%)]	Loss: 127.442712
====> Epoch: 98 Average loss: 120.2747
Train Epoch: 99 [0/24345 (0%)]	Loss: 119.241504
====> Epoch: 99 Average loss: 120.1643
Train Epoch: 100 [0/24345 (0%)]	Loss: 123.267847
====> Epoch: 100 Average loss: 120.1498
Train Epoch: 101 [0/24345 (0%)]	Loss: 109.154504
====> Epoch: 101 Average loss: 120.0357
====> Test set loss: 114.6534
Train Epoch: 102 [0/24345 (0%)]	Loss: 107.403748
====> Epoch: 102 Average loss: 119.9755
Train Epoch: 103 [0/24345 (0%)]	Loss: 110.976782
====> Epoch: 103 Average loss: 119.9389
Train Epoch: 104 [0/24345 (0%)]	Loss: 118.348438
====> Epoch: 104 Average loss: 119.8321
Train Epoch: 105 [0/24345 (0%)]	Loss: 113.192310
====> Epoch: 105 Average loss: 119.7665
Train Epoch: 106 [0/24345 (0%)]	Loss: 123.093164
====> Epoch: 106 Average loss: 119.7025
Train Epoch: 107 [0/24345 (0%)]	Loss: 103.869995
====> Epoch: 107 Average loss: 119.6359
Train Epoch: 108 [0/24345 (0%)]	Loss: 117.673547
====> Epoch: 108 Average loss: 119.5520
Train Epoch: 109 [0/24345 (0%)]	Loss: 125.860181
====> Epoch: 109 Average loss: 119.4908
Train Epoch: 110 [0/24345 (0%)]	Loss: 115.060522
====> Epoch: 110 Average loss: 119.4281
Train Epoch: 111 [0/24345 (0%)]	Loss: 123.255151
====> Epoch: 111 Average loss: 119.3343
Train Epoch: 112 [0/24345 (0%)]	Loss: 115.369995
====> Epoch: 112 Average loss: 119.3089
Train Epoch: 113 [0/24345 (0%)]	Loss: 114.987329
====> Epoch: 113 Average loss: 119.2085
Train Epoch: 114 [0/24345 (0%)]	Loss: 130.027368
====> Epoch: 114 Average loss: 119.1960
Train Epoch: 115 [0/24345 (0%)]	Loss: 121.046899
====> Epoch: 115 Average loss: 119.0774
Train Epoch: 116 [0/24345 (0%)]	Loss: 125.034546
====> Epoch: 116 Average loss: 119.0728
Train Epoch: 117 [0/24345 (0%)]	Loss: 112.517432
====> Epoch: 117 Average loss: 119.0094
Train Epoch: 118 [0/24345 (0%)]	Loss: 117.120361
====> Epoch: 118 Average loss: 118.9566
Train Epoch: 119 [0/24345 (0%)]	Loss: 116.977612
====> Epoch: 119 Average loss: 118.9082
Train Epoch: 120 [0/24345 (0%)]	Loss: 115.465735
====> Epoch: 120 Average loss: 118.8702
Train Epoch: 121 [0/24345 (0%)]	Loss: 106.110132
====> Epoch: 121 Average loss: 118.7455
Train Epoch: 122 [0/24345 (0%)]	Loss: 97.498694
====> Epoch: 122 Average loss: 118.7238
Train Epoch: 123 [0/24345 (0%)]	Loss: 118.075623
====> Epoch: 123 Average loss: 118.6443
Train Epoch: 124 [0/24345 (0%)]	Loss: 119.833594
====> Epoch: 124 Average loss: 118.5943
Train Epoch: 125 [0/24345 (0%)]	Loss: 110.109204
====> Epoch: 125 Average loss: 118.5590
Train Epoch: 126 [0/24345 (0%)]	Loss: 117.029590
====> Epoch: 126 Average loss: 118.4858
Train Epoch: 127 [0/24345 (0%)]	Loss: 126.902271
====> Epoch: 127 Average loss: 118.4434
Train Epoch: 128 [0/24345 (0%)]	Loss: 128.345459
====> Epoch: 128 Average loss: 118.3814
Train Epoch: 129 [0/24345 (0%)]	Loss: 117.272058
====> Epoch: 129 Average loss: 118.3299
Train Epoch: 130 [0/24345 (0%)]	Loss: 116.652490
====> Epoch: 130 Average loss: 118.2663
Train Epoch: 131 [0/24345 (0%)]	Loss: 126.398926
====> Epoch: 131 Average loss: 118.2514
Train Epoch: 132 [0/24345 (0%)]	Loss: 131.486584
====> Epoch: 132 Average loss: 118.1764
Train Epoch: 133 [0/24345 (0%)]	Loss: 108.246313
====> Epoch: 133 Average loss: 118.1475
Train Epoch: 134 [0/24345 (0%)]	Loss: 116.690674
====> Epoch: 134 Average loss: 118.0812
Train Epoch: 135 [0/24345 (0%)]	Loss: 107.593457
====> Epoch: 135 Average loss: 118.0346
Train Epoch: 136 [0/24345 (0%)]	Loss: 128.150488
====> Epoch: 136 Average loss: 117.9920
Train Epoch: 137 [0/24345 (0%)]	Loss: 114.422253
====> Epoch: 137 Average loss: 117.9287
Train Epoch: 138 [0/24345 (0%)]	Loss: 134.492053
====> Epoch: 138 Average loss: 117.9294
Train Epoch: 139 [0/24345 (0%)]	Loss: 136.998145
====> Epoch: 139 Average loss: 117.8230
Train Epoch: 140 [0/24345 (0%)]	Loss: 103.772693
====> Epoch: 140 Average loss: 117.7722
Train Epoch: 141 [0/24345 (0%)]	Loss: 137.210474
====> Epoch: 141 Average loss: 117.7760
Train Epoch: 142 [0/24345 (0%)]	Loss: 129.025012
====> Epoch: 142 Average loss: 117.6934
Train Epoch: 143 [0/24345 (0%)]	Loss: 125.034180
====> Epoch: 143 Average loss: 117.6563
Train Epoch: 144 [0/24345 (0%)]	Loss: 107.662024
====> Epoch: 144 Average loss: 117.6625
Train Epoch: 145 [0/24345 (0%)]	Loss: 125.331909
====> Epoch: 145 Average loss: 117.5531
Train Epoch: 146 [0/24345 (0%)]	Loss: 127.331067
====> Epoch: 146 Average loss: 117.4581
Train Epoch: 147 [0/24345 (0%)]	Loss: 114.541736
====> Epoch: 147 Average loss: 117.4865
Train Epoch: 148 [0/24345 (0%)]	Loss: 129.238367
====> Epoch: 148 Average loss: 117.3871
Train Epoch: 149 [0/24345 (0%)]	Loss: 115.997095
====> Epoch: 149 Average loss: 117.3832
Train Epoch: 150 [0/24345 (0%)]	Loss: 112.574829
====> Epoch: 150 Average loss: 117.3334
Train Epoch: 151 [0/24345 (0%)]	Loss: 107.250195
====> Epoch: 151 Average loss: 117.2901
====> Test set loss: 112.2294
Train Epoch: 152 [0/24345 (0%)]	Loss: 118.859619
====> Epoch: 152 Average loss: 117.2563
Train Epoch: 153 [0/24345 (0%)]	Loss: 128.542603
====> Epoch: 153 Average loss: 117.2065
Train Epoch: 154 [0/24345 (0%)]	Loss: 109.872510
====> Epoch: 154 Average loss: 117.1982
Train Epoch: 155 [0/24345 (0%)]	Loss: 127.349512
====> Epoch: 155 Average loss: 117.1188
Train Epoch: 156 [0/24345 (0%)]	Loss: 109.408789
====> Epoch: 156 Average loss: 117.0777
Train Epoch: 157 [0/24345 (0%)]	Loss: 103.415540
====> Epoch: 157 Average loss: 117.1081
Train Epoch: 158 [0/24345 (0%)]	Loss: 112.562793
====> Epoch: 158 Average loss: 117.0071
Train Epoch: 159 [0/24345 (0%)]	Loss: 109.522498
====> Epoch: 159 Average loss: 116.9812
Train Epoch: 160 [0/24345 (0%)]	Loss: 92.045850
====> Epoch: 160 Average loss: 116.9470
Train Epoch: 161 [0/24345 (0%)]	Loss: 120.002563
====> Epoch: 161 Average loss: 116.8486
Train Epoch: 162 [0/24345 (0%)]	Loss: 115.011279
====> Epoch: 162 Average loss: 116.8847
Train Epoch: 163 [0/24345 (0%)]	Loss: 122.954126
====> Epoch: 163 Average loss: 116.8688
Train Epoch: 164 [0/24345 (0%)]	Loss: 116.115173
====> Epoch: 164 Average loss: 116.7914
Train Epoch: 165 [0/24345 (0%)]	Loss: 108.560278
====> Epoch: 165 Average loss: 116.7368
Train Epoch: 166 [0/24345 (0%)]	Loss: 124.235400
====> Epoch: 166 Average loss: 116.7618
Train Epoch: 167 [0/24345 (0%)]	Loss: 100.378857
====> Epoch: 167 Average loss: 116.6996
Train Epoch: 168 [0/24345 (0%)]	Loss: 128.237537
====> Epoch: 168 Average loss: 116.6512
Train Epoch: 169 [0/24345 (0%)]	Loss: 107.955579
====> Epoch: 169 Average loss: 116.6419
Train Epoch: 170 [0/24345 (0%)]	Loss: 123.044482
====> Epoch: 170 Average loss: 116.6099
Train Epoch: 171 [0/24345 (0%)]	Loss: 109.100549
====> Epoch: 171 Average loss: 116.5498
Train Epoch: 172 [0/24345 (0%)]	Loss: 107.345032
====> Epoch: 172 Average loss: 116.5499
Train Epoch: 173 [0/24345 (0%)]	Loss: 104.468604
====> Epoch: 173 Average loss: 116.5256
Train Epoch: 174 [0/24345 (0%)]	Loss: 102.095819
====> Epoch: 174 Average loss: 116.4719
Train Epoch: 175 [0/24345 (0%)]	Loss: 119.223364
====> Epoch: 175 Average loss: 116.4271
Train Epoch: 176 [0/24345 (0%)]	Loss: 107.901355
====> Epoch: 176 Average loss: 116.4279
Train Epoch: 177 [0/24345 (0%)]	Loss: 114.607935
====> Epoch: 177 Average loss: 116.4025
Train Epoch: 178 [0/24345 (0%)]	Loss: 110.779272
====> Epoch: 178 Average loss: 116.3439
Train Epoch: 179 [0/24345 (0%)]	Loss: 112.352954
====> Epoch: 179 Average loss: 116.3434
Train Epoch: 180 [0/24345 (0%)]	Loss: 104.010437
====> Epoch: 180 Average loss: 116.2938
Train Epoch: 181 [0/24345 (0%)]	Loss: 102.908813
====> Epoch: 181 Average loss: 116.2633
Train Epoch: 182 [0/24345 (0%)]	Loss: 118.393164
====> Epoch: 182 Average loss: 116.2522
Train Epoch: 183 [0/24345 (0%)]	Loss: 104.023389
====> Epoch: 183 Average loss: 116.2093
Train Epoch: 184 [0/24345 (0%)]	Loss: 127.098975
====> Epoch: 184 Average loss: 116.2384
Train Epoch: 185 [0/24345 (0%)]	Loss: 122.238379
====> Epoch: 185 Average loss: 116.1676
Train Epoch: 186 [0/24345 (0%)]	Loss: 132.690796
====> Epoch: 186 Average loss: 116.1535
Train Epoch: 187 [0/24345 (0%)]	Loss: 110.347351
====> Epoch: 187 Average loss: 116.0772
Train Epoch: 188 [0/24345 (0%)]	Loss: 117.846118
====> Epoch: 188 Average loss: 116.1136
Train Epoch: 189 [0/24345 (0%)]	Loss: 108.659949
====> Epoch: 189 Average loss: 116.0356
Train Epoch: 190 [0/24345 (0%)]	Loss: 120.677539
====> Epoch: 190 Average loss: 116.0344
Train Epoch: 191 [0/24345 (0%)]	Loss: 103.822388
====> Epoch: 191 Average loss: 116.0402
Train Epoch: 192 [0/24345 (0%)]	Loss: 124.015015
====> Epoch: 192 Average loss: 115.9614
Train Epoch: 193 [0/24345 (0%)]	Loss: 104.990503
====> Epoch: 193 Average loss: 115.9330
Train Epoch: 194 [0/24345 (0%)]	Loss: 110.123364
====> Epoch: 194 Average loss: 115.9102
Train Epoch: 195 [0/24345 (0%)]	Loss: 112.556470
====> Epoch: 195 Average loss: 115.9098
Train Epoch: 196 [0/24345 (0%)]	Loss: 123.426245
====> Epoch: 196 Average loss: 115.8375
Train Epoch: 197 [0/24345 (0%)]	Loss: 108.065771
====> Epoch: 197 Average loss: 115.8153
Train Epoch: 198 [0/24345 (0%)]	Loss: 112.559277
====> Epoch: 198 Average loss: 115.8339
Train Epoch: 199 [0/24345 (0%)]	Loss: 129.493945
====> Epoch: 199 Average loss: 115.7627
Train Epoch: 200 [0/24345 (0%)]	Loss: 121.274377
====> Epoch: 200 Average loss: 115.7574
Train Epoch: 201 [0/24345 (0%)]	Loss: 122.735229
====> Epoch: 201 Average loss: 115.7322
====> Test set loss: 110.8862
Train Epoch: 202 [0/24345 (0%)]	Loss: 112.803845
====> Epoch: 202 Average loss: 115.7068
Train Epoch: 203 [0/24345 (0%)]	Loss: 110.280811
====> Epoch: 203 Average loss: 115.6452
Train Epoch: 204 [0/24345 (0%)]	Loss: 113.292932
====> Epoch: 204 Average loss: 115.6938
Train Epoch: 205 [0/24345 (0%)]	Loss: 118.604736
====> Epoch: 205 Average loss: 115.6705
Train Epoch: 206 [0/24345 (0%)]	Loss: 115.917676
====> Epoch: 206 Average loss: 115.6336
Train Epoch: 207 [0/24345 (0%)]	Loss: 114.961548
====> Epoch: 207 Average loss: 115.5837
Train Epoch: 208 [0/24345 (0%)]	Loss: 121.111560
====> Epoch: 208 Average loss: 115.5163
Train Epoch: 209 [0/24345 (0%)]	Loss: 126.235815
====> Epoch: 209 Average loss: 115.5425
Train Epoch: 210 [0/24345 (0%)]	Loss: 138.108374
====> Epoch: 210 Average loss: 115.5468
Train Epoch: 211 [0/24345 (0%)]	Loss: 115.064673
====> Epoch: 211 Average loss: 115.5372
Train Epoch: 212 [0/24345 (0%)]	Loss: 123.114392
====> Epoch: 212 Average loss: 115.4802
Train Epoch: 213 [0/24345 (0%)]	Loss: 109.806567
====> Epoch: 213 Average loss: 115.4542
Train Epoch: 214 [0/24345 (0%)]	Loss: 116.826123
====> Epoch: 214 Average loss: 115.4427
Train Epoch: 215 [0/24345 (0%)]	Loss: 105.738513
====> Epoch: 215 Average loss: 115.4435
Train Epoch: 216 [0/24345 (0%)]	Loss: 119.964893
====> Epoch: 216 Average loss: 115.3812
Train Epoch: 217 [0/24345 (0%)]	Loss: 105.218530
====> Epoch: 217 Average loss: 115.3651
Train Epoch: 218 [0/24345 (0%)]	Loss: 102.336047
====> Epoch: 218 Average loss: 115.3064
Train Epoch: 219 [0/24345 (0%)]	Loss: 115.711536
====> Epoch: 219 Average loss: 115.3151
Train Epoch: 220 [0/24345 (0%)]	Loss: 119.641699
====> Epoch: 220 Average loss: 115.3154
Train Epoch: 221 [0/24345 (0%)]	Loss: 103.658813
====> Epoch: 221 Average loss: 115.3039
Train Epoch: 222 [0/24345 (0%)]	Loss: 93.494244
====> Epoch: 222 Average loss: 115.2714
Train Epoch: 223 [0/24345 (0%)]	Loss: 104.516492
====> Epoch: 223 Average loss: 115.2436
Train Epoch: 224 [0/24345 (0%)]	Loss: 114.997791
====> Epoch: 224 Average loss: 115.2694
Train Epoch: 225 [0/24345 (0%)]	Loss: 111.586255
====> Epoch: 225 Average loss: 115.2013
Train Epoch: 226 [0/24345 (0%)]	Loss: 116.982446
====> Epoch: 226 Average loss: 115.1930
Train Epoch: 227 [0/24345 (0%)]	Loss: 114.901196
====> Epoch: 227 Average loss: 115.1475
Train Epoch: 228 [0/24345 (0%)]	Loss: 103.993787
====> Epoch: 228 Average loss: 115.1514
Train Epoch: 229 [0/24345 (0%)]	Loss: 102.557153
====> Epoch: 229 Average loss: 115.1520
Train Epoch: 230 [0/24345 (0%)]	Loss: 118.947827
====> Epoch: 230 Average loss: 115.1304
Train Epoch: 231 [0/24345 (0%)]	Loss: 107.052649
====> Epoch: 231 Average loss: 115.1229
Train Epoch: 232 [0/24345 (0%)]	Loss: 125.885327
====> Epoch: 232 Average loss: 115.1057
Train Epoch: 233 [0/24345 (0%)]	Loss: 123.308105
====> Epoch: 233 Average loss: 115.0451
Train Epoch: 234 [0/24345 (0%)]	Loss: 110.539868
====> Epoch: 234 Average loss: 115.0345
Train Epoch: 235 [0/24345 (0%)]	Loss: 112.855493
====> Epoch: 235 Average loss: 115.0520
Train Epoch: 236 [0/24345 (0%)]	Loss: 113.961768
====> Epoch: 236 Average loss: 115.0592
Train Epoch: 237 [0/24345 (0%)]	Loss: 98.105951
====> Epoch: 237 Average loss: 114.9903
Train Epoch: 238 [0/24345 (0%)]	Loss: 114.647705
====> Epoch: 238 Average loss: 114.9181
Train Epoch: 239 [0/24345 (0%)]	Loss: 118.116077
====> Epoch: 239 Average loss: 114.9849
Train Epoch: 240 [0/24345 (0%)]	Loss: 111.793652
====> Epoch: 240 Average loss: 114.9154
Train Epoch: 241 [0/24345 (0%)]	Loss: 97.248163
====> Epoch: 241 Average loss: 114.8829
Train Epoch: 242 [0/24345 (0%)]	Loss: 124.276477
====> Epoch: 242 Average loss: 114.9191
Train Epoch: 243 [0/24345 (0%)]	Loss: 109.837537
====> Epoch: 243 Average loss: 114.8891
Train Epoch: 244 [0/24345 (0%)]	Loss: 106.263464
====> Epoch: 244 Average loss: 114.8454
Train Epoch: 245 [0/24345 (0%)]	Loss: 111.199792
====> Epoch: 245 Average loss: 114.8800
Train Epoch: 246 [0/24345 (0%)]	Loss: 123.275928
====> Epoch: 246 Average loss: 114.8237
Train Epoch: 247 [0/24345 (0%)]	Loss: 124.518799
====> Epoch: 247 Average loss: 114.8564
Train Epoch: 248 [0/24345 (0%)]	Loss: 103.264685
====> Epoch: 248 Average loss: 114.8128
Train Epoch: 249 [0/24345 (0%)]	Loss: 125.863550
====> Epoch: 249 Average loss: 114.7985
Train Epoch: 250 [0/24345 (0%)]	Loss: 111.408167
====> Epoch: 250 Average loss: 114.7580
Train Epoch: 251 [0/24345 (0%)]	Loss: 110.554236
====> Epoch: 251 Average loss: 114.7654
====> Test set loss: 110.1169
Train Epoch: 252 [0/24345 (0%)]	Loss: 141.222168
====> Epoch: 252 Average loss: 114.7193
Train Epoch: 253 [0/24345 (0%)]	Loss: 115.885046
====> Epoch: 253 Average loss: 114.7253
Train Epoch: 254 [0/24345 (0%)]	Loss: 115.838123
====> Epoch: 254 Average loss: 114.6670
Train Epoch: 255 [0/24345 (0%)]	Loss: 107.592480
====> Epoch: 255 Average loss: 114.6961
Train Epoch: 256 [0/24345 (0%)]	Loss: 130.187500
====> Epoch: 256 Average loss: 114.6635
Train Epoch: 257 [0/24345 (0%)]	Loss: 129.091138
====> Epoch: 257 Average loss: 114.6906
Train Epoch: 258 [0/24345 (0%)]	Loss: 116.712024
====> Epoch: 258 Average loss: 114.6453
Train Epoch: 259 [0/24345 (0%)]	Loss: 99.704956
====> Epoch: 259 Average loss: 114.6543
Train Epoch: 260 [0/24345 (0%)]	Loss: 107.449927
====> Epoch: 260 Average loss: 114.6275
Train Epoch: 261 [0/24345 (0%)]	Loss: 114.350415
====> Epoch: 261 Average loss: 114.6285
Train Epoch: 262 [0/24345 (0%)]	Loss: 113.085474
====> Epoch: 262 Average loss: 114.6138
Train Epoch: 263 [0/24345 (0%)]	Loss: 107.492017
====> Epoch: 263 Average loss: 114.5568
Train Epoch: 264 [0/24345 (0%)]	Loss: 121.404504
====> Epoch: 264 Average loss: 114.5578
Train Epoch: 265 [0/24345 (0%)]	Loss: 122.910278
====> Epoch: 265 Average loss: 114.5913
Train Epoch: 266 [0/24345 (0%)]	Loss: 107.737878
====> Epoch: 266 Average loss: 114.5242
Train Epoch: 267 [0/24345 (0%)]	Loss: 124.066626
====> Epoch: 267 Average loss: 114.4855
Train Epoch: 268 [0/24345 (0%)]	Loss: 118.975098
====> Epoch: 268 Average loss: 114.5292
Train Epoch: 269 [0/24345 (0%)]	Loss: 104.760925
====> Epoch: 269 Average loss: 114.4787
Train Epoch: 270 [0/24345 (0%)]	Loss: 115.072290
====> Epoch: 270 Average loss: 114.4751
Train Epoch: 271 [0/24345 (0%)]	Loss: 119.756091
====> Epoch: 271 Average loss: 114.4568
Train Epoch: 272 [0/24345 (0%)]	Loss: 117.608105
====> Epoch: 272 Average loss: 114.4283
Train Epoch: 273 [0/24345 (0%)]	Loss: 131.766077
====> Epoch: 273 Average loss: 114.4062
Train Epoch: 274 [0/24345 (0%)]	Loss: 122.400269
====> Epoch: 274 Average loss: 114.4033
Train Epoch: 275 [0/24345 (0%)]	Loss: 110.512830
====> Epoch: 275 Average loss: 114.3708
Train Epoch: 276 [0/24345 (0%)]	Loss: 107.134192
====> Epoch: 276 Average loss: 114.3933
Train Epoch: 277 [0/24345 (0%)]	Loss: 127.029150
====> Epoch: 277 Average loss: 114.3778
Train Epoch: 278 [0/24345 (0%)]	Loss: 113.557935
====> Epoch: 278 Average loss: 114.3397
Train Epoch: 279 [0/24345 (0%)]	Loss: 128.715625
====> Epoch: 279 Average loss: 114.3413
Train Epoch: 280 [0/24345 (0%)]	Loss: 116.671045
====> Epoch: 280 Average loss: 114.3271
Train Epoch: 281 [0/24345 (0%)]	Loss: 143.917847
====> Epoch: 281 Average loss: 114.2788
Train Epoch: 282 [0/24345 (0%)]	Loss: 110.734167
====> Epoch: 282 Average loss: 114.3142
Train Epoch: 283 [0/24345 (0%)]	Loss: 123.137866
====> Epoch: 283 Average loss: 114.3141
Train Epoch: 284 [0/24345 (0%)]	Loss: 113.566577
====> Epoch: 284 Average loss: 114.2534
Train Epoch: 285 [0/24345 (0%)]	Loss: 110.316907
====> Epoch: 285 Average loss: 114.2274
Train Epoch: 286 [0/24345 (0%)]	Loss: 114.099133
====> Epoch: 286 Average loss: 114.2245
Train Epoch: 287 [0/24345 (0%)]	Loss: 111.489429
====> Epoch: 287 Average loss: 114.2231
Train Epoch: 288 [0/24345 (0%)]	Loss: 103.499829
====> Epoch: 288 Average loss: 114.2338
Train Epoch: 289 [0/24345 (0%)]	Loss: 109.897974
====> Epoch: 289 Average loss: 114.1730
Train Epoch: 290 [0/24345 (0%)]	Loss: 104.660449
====> Epoch: 290 Average loss: 114.2086
Train Epoch: 291 [0/24345 (0%)]	Loss: 103.263062
====> Epoch: 291 Average loss: 114.2133
Train Epoch: 292 [0/24345 (0%)]	Loss: 118.899756
====> Epoch: 292 Average loss: 114.0970
Train Epoch: 293 [0/24345 (0%)]	Loss: 114.024097
====> Epoch: 293 Average loss: 114.1360
Train Epoch: 294 [0/24345 (0%)]	Loss: 126.692090
====> Epoch: 294 Average loss: 114.1019
Train Epoch: 295 [0/24345 (0%)]	Loss: 118.670752
====> Epoch: 295 Average loss: 114.1667
Train Epoch: 296 [0/24345 (0%)]	Loss: 118.646350
====> Epoch: 296 Average loss: 114.1174
Train Epoch: 297 [0/24345 (0%)]	Loss: 121.044751
====> Epoch: 297 Average loss: 114.0892
Train Epoch: 298 [0/24345 (0%)]	Loss: 108.459766
====> Epoch: 298 Average loss: 114.0772
Train Epoch: 299 [0/24345 (0%)]	Loss: 112.717908
====> Epoch: 299 Average loss: 114.0957
Train Epoch: 300 [0/24345 (0%)]	Loss: 110.062378
====> Epoch: 300 Average loss: 114.0905
Train Epoch: 301 [0/24345 (0%)]	Loss: 111.302283
====> Epoch: 301 Average loss: 114.0840
====> Test set loss: 109.5198
Train Epoch: 302 [0/24345 (0%)]	Loss: 113.182385
====> Epoch: 302 Average loss: 114.0643
Train Epoch: 303 [0/24345 (0%)]	Loss: 98.036646
====> Epoch: 303 Average loss: 114.0358
Train Epoch: 304 [0/24345 (0%)]	Loss: 124.869019
====> Epoch: 304 Average loss: 114.0046
Train Epoch: 305 [0/24345 (0%)]	Loss: 105.185498
====> Epoch: 305 Average loss: 113.9864
Train Epoch: 306 [0/24345 (0%)]	Loss: 114.685254
====> Epoch: 306 Average loss: 114.0131
Train Epoch: 307 [0/24345 (0%)]	Loss: 114.589624
====> Epoch: 307 Average loss: 113.9796
Train Epoch: 308 [0/24345 (0%)]	Loss: 120.537146
====> Epoch: 308 Average loss: 113.9838
Train Epoch: 309 [0/24345 (0%)]	Loss: 120.949609
====> Epoch: 309 Average loss: 113.9613
Train Epoch: 310 [0/24345 (0%)]	Loss: 115.284314
====> Epoch: 310 Average loss: 113.9504
Train Epoch: 311 [0/24345 (0%)]	Loss: 122.104736
====> Epoch: 311 Average loss: 113.9695
Train Epoch: 312 [0/24345 (0%)]	Loss: 105.228931
====> Epoch: 312 Average loss: 113.9424
Train Epoch: 313 [0/24345 (0%)]	Loss: 107.515015
====> Epoch: 313 Average loss: 113.9167
Train Epoch: 314 [0/24345 (0%)]	Loss: 115.021082
====> Epoch: 314 Average loss: 113.9297
Train Epoch: 315 [0/24345 (0%)]	Loss: 126.319299
====> Epoch: 315 Average loss: 113.8944
Train Epoch: 316 [0/24345 (0%)]	Loss: 100.546106
====> Epoch: 316 Average loss: 113.9105
Train Epoch: 317 [0/24345 (0%)]	Loss: 105.375171
====> Epoch: 317 Average loss: 113.8736
Train Epoch: 318 [0/24345 (0%)]	Loss: 100.401135
====> Epoch: 318 Average loss: 113.8628
Train Epoch: 319 [0/24345 (0%)]	Loss: 114.552722
====> Epoch: 319 Average loss: 113.8466
Train Epoch: 320 [0/24345 (0%)]	Loss: 130.637537
====> Epoch: 320 Average loss: 113.8379
Train Epoch: 321 [0/24345 (0%)]	Loss: 96.849390
====> Epoch: 321 Average loss: 113.8219
Train Epoch: 322 [0/24345 (0%)]	Loss: 111.193933
====> Epoch: 322 Average loss: 113.8176
Train Epoch: 323 [0/24345 (0%)]	Loss: 112.577722
====> Epoch: 323 Average loss: 113.7835
Train Epoch: 324 [0/24345 (0%)]	Loss: 110.191589
====> Epoch: 324 Average loss: 113.8208
Train Epoch: 325 [0/24345 (0%)]	Loss: 107.400244
====> Epoch: 325 Average loss: 113.7627
Train Epoch: 326 [0/24345 (0%)]	Loss: 130.224670
====> Epoch: 326 Average loss: 113.7174
Train Epoch: 327 [0/24345 (0%)]	Loss: 109.221021
====> Epoch: 327 Average loss: 113.7654
Train Epoch: 328 [0/24345 (0%)]	Loss: 117.375244
====> Epoch: 328 Average loss: 113.7537
Train Epoch: 329 [0/24345 (0%)]	Loss: 111.759497
====> Epoch: 329 Average loss: 113.7405
Train Epoch: 330 [0/24345 (0%)]	Loss: 102.769788
====> Epoch: 330 Average loss: 113.6904
Train Epoch: 331 [0/24345 (0%)]	Loss: 125.691772
====> Epoch: 331 Average loss: 113.6715
Train Epoch: 332 [0/24345 (0%)]	Loss: 113.427417
====> Epoch: 332 Average loss: 113.7085
Train Epoch: 333 [0/24345 (0%)]	Loss: 115.475146
====> Epoch: 333 Average loss: 113.6898
Train Epoch: 334 [0/24345 (0%)]	Loss: 112.054736
====> Epoch: 334 Average loss: 113.6577
Train Epoch: 335 [0/24345 (0%)]	Loss: 107.985339
====> Epoch: 335 Average loss: 113.6782
Train Epoch: 336 [0/24345 (0%)]	Loss: 113.381616
====> Epoch: 336 Average loss: 113.7086
Train Epoch: 337 [0/24345 (0%)]	Loss: 103.424463
====> Epoch: 337 Average loss: 113.6730
Train Epoch: 338 [0/24345 (0%)]	Loss: 109.945923
====> Epoch: 338 Average loss: 113.6500
Train Epoch: 339 [0/24345 (0%)]	Loss: 129.782593
====> Epoch: 339 Average loss: 113.6805
Train Epoch: 340 [0/24345 (0%)]	Loss: 112.604614
====> Epoch: 340 Average loss: 113.6681
Train Epoch: 341 [0/24345 (0%)]	Loss: 110.473230
====> Epoch: 341 Average loss: 113.6686
Train Epoch: 342 [0/24345 (0%)]	Loss: 127.027979
====> Epoch: 342 Average loss: 113.6036
Train Epoch: 343 [0/24345 (0%)]	Loss: 110.357019
====> Epoch: 343 Average loss: 113.5814
Train Epoch: 344 [0/24345 (0%)]	Loss: 111.731763
====> Epoch: 344 Average loss: 113.5873
Train Epoch: 345 [0/24345 (0%)]	Loss: 106.263721
====> Epoch: 345 Average loss: 113.5918
Train Epoch: 346 [0/24345 (0%)]	Loss: 104.923035
====> Epoch: 346 Average loss: 113.5918
Train Epoch: 347 [0/24345 (0%)]	Loss: 110.359302
====> Epoch: 347 Average loss: 113.5197
Train Epoch: 348 [0/24345 (0%)]	Loss: 115.590967
====> Epoch: 348 Average loss: 113.5884
Train Epoch: 349 [0/24345 (0%)]	Loss: 133.233655
====> Epoch: 349 Average loss: 113.5383
Train Epoch: 350 [0/24345 (0%)]	Loss: 109.570459
====> Epoch: 350 Average loss: 113.5487
Train Epoch: 351 [0/24345 (0%)]	Loss: 115.629248
====> Epoch: 351 Average loss: 113.5115
====> Test set loss: 109.1089
Train Epoch: 352 [0/24345 (0%)]	Loss: 110.611682
====> Epoch: 352 Average loss: 113.5135
Train Epoch: 353 [0/24345 (0%)]	Loss: 117.505603
====> Epoch: 353 Average loss: 113.5064
Train Epoch: 354 [0/24345 (0%)]	Loss: 103.341528
====> Epoch: 354 Average loss: 113.4972
Train Epoch: 355 [0/24345 (0%)]	Loss: 117.987988
====> Epoch: 355 Average loss: 113.4683
Train Epoch: 356 [0/24345 (0%)]	Loss: 100.970953
====> Epoch: 356 Average loss: 113.4596
Train Epoch: 357 [0/24345 (0%)]	Loss: 114.184644
====> Epoch: 357 Average loss: 113.4770
Train Epoch: 358 [0/24345 (0%)]	Loss: 118.135156
====> Epoch: 358 Average loss: 113.4725
Train Epoch: 359 [0/24345 (0%)]	Loss: 113.920630
====> Epoch: 359 Average loss: 113.4349
Train Epoch: 360 [0/24345 (0%)]	Loss: 126.569946
====> Epoch: 360 Average loss: 113.4555
Train Epoch: 361 [0/24345 (0%)]	Loss: 112.012146
====> Epoch: 361 Average loss: 113.4257
Train Epoch: 362 [0/24345 (0%)]	Loss: 116.491895
====> Epoch: 362 Average loss: 113.4428
Train Epoch: 363 [0/24345 (0%)]	Loss: 124.331616
====> Epoch: 363 Average loss: 113.4738
Train Epoch: 364 [0/24345 (0%)]	Loss: 117.217200
====> Epoch: 364 Average loss: 113.4265
Train Epoch: 365 [0/24345 (0%)]	Loss: 128.667102
====> Epoch: 365 Average loss: 113.4637
Train Epoch: 366 [0/24345 (0%)]	Loss: 131.203223
====> Epoch: 366 Average loss: 113.3765
Train Epoch: 367 [0/24345 (0%)]	Loss: 113.652173
====> Epoch: 367 Average loss: 113.3807
Train Epoch: 368 [0/24345 (0%)]	Loss: 108.260461
====> Epoch: 368 Average loss: 113.4030
Train Epoch: 369 [0/24345 (0%)]	Loss: 99.338745
====> Epoch: 369 Average loss: 113.3662
Train Epoch: 370 [0/24345 (0%)]	Loss: 103.047168
====> Epoch: 370 Average loss: 113.3595
Train Epoch: 371 [0/24345 (0%)]	Loss: 123.351538
====> Epoch: 371 Average loss: 113.3137
Train Epoch: 372 [0/24345 (0%)]	Loss: 110.206531
====> Epoch: 372 Average loss: 113.3550
Train Epoch: 373 [0/24345 (0%)]	Loss: 107.440088
====> Epoch: 373 Average loss: 113.3650
Train Epoch: 374 [0/24345 (0%)]	Loss: 111.538232
====> Epoch: 374 Average loss: 113.3224
Train Epoch: 375 [0/24345 (0%)]	Loss: 116.027295
====> Epoch: 375 Average loss: 113.2934
Train Epoch: 376 [0/24345 (0%)]	Loss: 108.420142
====> Epoch: 376 Average loss: 113.3460
Train Epoch: 377 [0/24345 (0%)]	Loss: 104.266211
====> Epoch: 377 Average loss: 113.2909
Train Epoch: 378 [0/24345 (0%)]	Loss: 101.441968
====> Epoch: 378 Average loss: 113.3186
Train Epoch: 379 [0/24345 (0%)]	Loss: 116.598938
====> Epoch: 379 Average loss: 113.2712
Train Epoch: 380 [0/24345 (0%)]	Loss: 101.601385
====> Epoch: 380 Average loss: 113.2752
Train Epoch: 381 [0/24345 (0%)]	Loss: 91.749915
====> Epoch: 381 Average loss: 113.3085
Train Epoch: 382 [0/24345 (0%)]	Loss: 104.775476
====> Epoch: 382 Average loss: 113.2607
Train Epoch: 383 [0/24345 (0%)]	Loss: 120.989319
====> Epoch: 383 Average loss: 113.2837
Train Epoch: 384 [0/24345 (0%)]	Loss: 110.302795
====> Epoch: 384 Average loss: 113.2131
Train Epoch: 385 [0/24345 (0%)]	Loss: 121.278564
====> Epoch: 385 Average loss: 113.2341
Train Epoch: 386 [0/24345 (0%)]	Loss: 115.211829
====> Epoch: 386 Average loss: 113.2338
Train Epoch: 387 [0/24345 (0%)]	Loss: 107.733728
====> Epoch: 387 Average loss: 113.1980
Train Epoch: 388 [0/24345 (0%)]	Loss: 102.782959
====> Epoch: 388 Average loss: 113.1666
Train Epoch: 389 [0/24345 (0%)]	Loss: 128.318005
====> Epoch: 389 Average loss: 113.2295
Train Epoch: 390 [0/24345 (0%)]	Loss: 121.073975
====> Epoch: 390 Average loss: 113.1613
Train Epoch: 391 [0/24345 (0%)]	Loss: 129.153906
====> Epoch: 391 Average loss: 113.1465
Train Epoch: 392 [0/24345 (0%)]	Loss: 110.424707
====> Epoch: 392 Average loss: 113.2108
Train Epoch: 393 [0/24345 (0%)]	Loss: 118.413525
====> Epoch: 393 Average loss: 113.1479
Train Epoch: 394 [0/24345 (0%)]	Loss: 102.136017
====> Epoch: 394 Average loss: 113.1361
Train Epoch: 395 [0/24345 (0%)]	Loss: 103.028931
====> Epoch: 395 Average loss: 113.1394
Train Epoch: 396 [0/24345 (0%)]	Loss: 129.310889
====> Epoch: 396 Average loss: 113.1463
Train Epoch: 397 [0/24345 (0%)]	Loss: 103.024878
====> Epoch: 397 Average loss: 113.1457
Train Epoch: 398 [0/24345 (0%)]	Loss: 109.657886
====> Epoch: 398 Average loss: 113.1266
Train Epoch: 399 [0/24345 (0%)]	Loss: 109.721436
====> Epoch: 399 Average loss: 113.1413
Train Epoch: 400 [0/24345 (0%)]	Loss: 110.991125
====> Epoch: 400 Average loss: 113.1299
Train Epoch: 401 [0/24345 (0%)]	Loss: 106.680933
====> Epoch: 401 Average loss: 113.0952
====> Test set loss: 108.8532
Train Epoch: 402 [0/24345 (0%)]	Loss: 115.883984
====> Epoch: 402 Average loss: 113.0951
Train Epoch: 403 [0/24345 (0%)]	Loss: 102.360645
====> Epoch: 403 Average loss: 113.0805
Train Epoch: 404 [0/24345 (0%)]	Loss: 129.453308
====> Epoch: 404 Average loss: 113.0576
Train Epoch: 405 [0/24345 (0%)]	Loss: 112.304749
====> Epoch: 405 Average loss: 113.0548
Train Epoch: 406 [0/24345 (0%)]	Loss: 103.676563
====> Epoch: 406 Average loss: 113.0683
Train Epoch: 407 [0/24345 (0%)]	Loss: 109.240198
====> Epoch: 407 Average loss: 113.0424
Train Epoch: 408 [0/24345 (0%)]	Loss: 117.433276
====> Epoch: 408 Average loss: 113.0456
Train Epoch: 409 [0/24345 (0%)]	Loss: 105.170166
====> Epoch: 409 Average loss: 113.0514
Train Epoch: 410 [0/24345 (0%)]	Loss: 111.597815
====> Epoch: 410 Average loss: 113.0211
Train Epoch: 411 [0/24345 (0%)]	Loss: 122.187427
====> Epoch: 411 Average loss: 113.0579
Train Epoch: 412 [0/24345 (0%)]	Loss: 118.327087
====> Epoch: 412 Average loss: 113.0467
Train Epoch: 413 [0/24345 (0%)]	Loss: 110.594995
====> Epoch: 413 Average loss: 113.0164
Train Epoch: 414 [0/24345 (0%)]	Loss: 112.116980
====> Epoch: 414 Average loss: 113.0546
Train Epoch: 415 [0/24345 (0%)]	Loss: 116.894434
====> Epoch: 415 Average loss: 112.9733
Train Epoch: 416 [0/24345 (0%)]	Loss: 115.779053
====> Epoch: 416 Average loss: 113.0049
Train Epoch: 417 [0/24345 (0%)]	Loss: 111.802905
====> Epoch: 417 Average loss: 113.0064
Train Epoch: 418 [0/24345 (0%)]	Loss: 110.571973
====> Epoch: 418 Average loss: 112.9784
Train Epoch: 419 [0/24345 (0%)]	Loss: 128.320129
====> Epoch: 419 Average loss: 112.9322
Train Epoch: 420 [0/24345 (0%)]	Loss: 117.130713
====> Epoch: 420 Average loss: 112.9569
Train Epoch: 421 [0/24345 (0%)]	Loss: 106.420667
====> Epoch: 421 Average loss: 112.9722
Train Epoch: 422 [0/24345 (0%)]	Loss: 99.532269
====> Epoch: 422 Average loss: 112.9707
Train Epoch: 423 [0/24345 (0%)]	Loss: 114.091577
====> Epoch: 423 Average loss: 112.9698
Train Epoch: 424 [0/24345 (0%)]	Loss: 110.059265
====> Epoch: 424 Average loss: 112.9268
Train Epoch: 425 [0/24345 (0%)]	Loss: 98.936420
====> Epoch: 425 Average loss: 112.9916
Train Epoch: 426 [0/24345 (0%)]	Loss: 103.611523
====> Epoch: 426 Average loss: 112.9323
Train Epoch: 427 [0/24345 (0%)]	Loss: 105.407031
====> Epoch: 427 Average loss: 112.9358
Train Epoch: 428 [0/24345 (0%)]	Loss: 113.686865
====> Epoch: 428 Average loss: 112.9249
Train Epoch: 429 [0/24345 (0%)]	Loss: 108.237354
====> Epoch: 429 Average loss: 112.9446
Train Epoch: 430 [0/24345 (0%)]	Loss: 123.161548
====> Epoch: 430 Average loss: 112.8982
Train Epoch: 431 [0/24345 (0%)]	Loss: 104.723242
====> Epoch: 431 Average loss: 112.8755
Train Epoch: 432 [0/24345 (0%)]	Loss: 122.507458
====> Epoch: 432 Average loss: 112.9457
Train Epoch: 433 [0/24345 (0%)]	Loss: 102.847900
====> Epoch: 433 Average loss: 112.8733
Train Epoch: 434 [0/24345 (0%)]	Loss: 107.466455
====> Epoch: 434 Average loss: 112.8398
Train Epoch: 435 [0/24345 (0%)]	Loss: 111.199170
====> Epoch: 435 Average loss: 112.8895
Train Epoch: 436 [0/24345 (0%)]	Loss: 114.650134
====> Epoch: 436 Average loss: 112.8741
Train Epoch: 437 [0/24345 (0%)]	Loss: 106.959497
====> Epoch: 437 Average loss: 112.8945
Train Epoch: 438 [0/24345 (0%)]	Loss: 116.152368
====> Epoch: 438 Average loss: 112.8441
Train Epoch: 439 [0/24345 (0%)]	Loss: 117.651160
====> Epoch: 439 Average loss: 112.9130
Train Epoch: 440 [0/24345 (0%)]	Loss: 111.562451
====> Epoch: 440 Average loss: 112.8437
Train Epoch: 441 [0/24345 (0%)]	Loss: 117.627612
====> Epoch: 441 Average loss: 112.8162
Train Epoch: 442 [0/24345 (0%)]	Loss: 114.030347
====> Epoch: 442 Average loss: 112.8333
Train Epoch: 443 [0/24345 (0%)]	Loss: 108.563843
====> Epoch: 443 Average loss: 112.8772
Train Epoch: 444 [0/24345 (0%)]	Loss: 126.109229
====> Epoch: 444 Average loss: 112.8247
Train Epoch: 445 [0/24345 (0%)]	Loss: 116.327161
====> Epoch: 445 Average loss: 112.7811
Train Epoch: 446 [0/24345 (0%)]	Loss: 113.176099
====> Epoch: 446 Average loss: 112.7901
Train Epoch: 447 [0/24345 (0%)]	Loss: 114.900378
====> Epoch: 447 Average loss: 112.7869
Train Epoch: 448 [0/24345 (0%)]	Loss: 106.241089
====> Epoch: 448 Average loss: 112.7635
Train Epoch: 449 [0/24345 (0%)]	Loss: 114.966321
====> Epoch: 449 Average loss: 112.8293
Train Epoch: 450 [0/24345 (0%)]	Loss: 111.367065
====> Epoch: 450 Average loss: 112.8149
Train Epoch: 451 [0/24345 (0%)]	Loss: 120.909668
====> Epoch: 451 Average loss: 112.7449
====> Test set loss: 108.6363
Train Epoch: 452 [0/24345 (0%)]	Loss: 121.087500
====> Epoch: 452 Average loss: 112.7739
Train Epoch: 453 [0/24345 (0%)]	Loss: 122.346582
====> Epoch: 453 Average loss: 112.7594
Train Epoch: 454 [0/24345 (0%)]	Loss: 126.579468
====> Epoch: 454 Average loss: 112.7460
Train Epoch: 455 [0/24345 (0%)]	Loss: 108.671667
====> Epoch: 455 Average loss: 112.7267
Train Epoch: 456 [0/24345 (0%)]	Loss: 114.992236
====> Epoch: 456 Average loss: 112.7031
Train Epoch: 457 [0/24345 (0%)]	Loss: 127.710767
====> Epoch: 457 Average loss: 112.7268
Train Epoch: 458 [0/24345 (0%)]	Loss: 97.246265
====> Epoch: 458 Average loss: 112.7106
Train Epoch: 459 [0/24345 (0%)]	Loss: 114.241028
====> Epoch: 459 Average loss: 112.7132
Train Epoch: 460 [0/24345 (0%)]	Loss: 131.000513
====> Epoch: 460 Average loss: 112.7177
Train Epoch: 461 [0/24345 (0%)]	Loss: 118.823462
====> Epoch: 461 Average loss: 112.6976
Train Epoch: 462 [0/24345 (0%)]	Loss: 111.525647
====> Epoch: 462 Average loss: 112.7250
Train Epoch: 463 [0/24345 (0%)]	Loss: 105.413452
====> Epoch: 463 Average loss: 112.7492
Train Epoch: 464 [0/24345 (0%)]	Loss: 117.940601
====> Epoch: 464 Average loss: 112.7247
Train Epoch: 465 [0/24345 (0%)]	Loss: 98.120758
====> Epoch: 465 Average loss: 112.7009
Train Epoch: 466 [0/24345 (0%)]	Loss: 96.239185
====> Epoch: 466 Average loss: 112.7304
Train Epoch: 467 [0/24345 (0%)]	Loss: 108.068091
====> Epoch: 467 Average loss: 112.7012
Train Epoch: 468 [0/24345 (0%)]	Loss: 102.923315
====> Epoch: 468 Average loss: 112.6848
Train Epoch: 469 [0/24345 (0%)]	Loss: 116.527661
====> Epoch: 469 Average loss: 112.6913
Train Epoch: 470 [0/24345 (0%)]	Loss: 102.963940
====> Epoch: 470 Average loss: 112.7027
Train Epoch: 471 [0/24345 (0%)]	Loss: 98.598022
====> Epoch: 471 Average loss: 112.6499
Train Epoch: 472 [0/24345 (0%)]	Loss: 118.744519
====> Epoch: 472 Average loss: 112.6667
Train Epoch: 473 [0/24345 (0%)]	Loss: 114.475537
====> Epoch: 473 Average loss: 112.6751
Train Epoch: 474 [0/24345 (0%)]	Loss: 127.587317
====> Epoch: 474 Average loss: 112.6577
Train Epoch: 475 [0/24345 (0%)]	Loss: 113.073218
====> Epoch: 475 Average loss: 112.6473
Train Epoch: 476 [0/24345 (0%)]	Loss: 110.176965
====> Epoch: 476 Average loss: 112.6076
Train Epoch: 477 [0/24345 (0%)]	Loss: 123.388330
====> Epoch: 477 Average loss: 112.6128
Train Epoch: 478 [0/24345 (0%)]	Loss: 124.566846
====> Epoch: 478 Average loss: 112.6297
Train Epoch: 479 [0/24345 (0%)]	Loss: 115.318115
====> Epoch: 479 Average loss: 112.6617
Train Epoch: 480 [0/24345 (0%)]	Loss: 129.541846
====> Epoch: 480 Average loss: 112.6128
Train Epoch: 481 [0/24345 (0%)]	Loss: 122.865112
====> Epoch: 481 Average loss: 112.5975
Train Epoch: 482 [0/24345 (0%)]	Loss: 122.147375
====> Epoch: 482 Average loss: 112.6081
Train Epoch: 483 [0/24345 (0%)]	Loss: 112.139673
====> Epoch: 483 Average loss: 112.5966
Train Epoch: 484 [0/24345 (0%)]	Loss: 115.798352
====> Epoch: 484 Average loss: 112.5634
Train Epoch: 485 [0/24345 (0%)]	Loss: 103.995361
====> Epoch: 485 Average loss: 112.5659
Train Epoch: 486 [0/24345 (0%)]	Loss: 114.478894
====> Epoch: 486 Average loss: 112.6165
Train Epoch: 487 [0/24345 (0%)]	Loss: 126.266211
====> Epoch: 487 Average loss: 112.5263
Train Epoch: 488 [0/24345 (0%)]	Loss: 103.764514
====> Epoch: 488 Average loss: 112.5731
Train Epoch: 489 [0/24345 (0%)]	Loss: 95.621887
====> Epoch: 489 Average loss: 112.5369
Train Epoch: 490 [0/24345 (0%)]	Loss: 115.847791
====> Epoch: 490 Average loss: 112.5763
Train Epoch: 491 [0/24345 (0%)]	Loss: 106.745435
====> Epoch: 491 Average loss: 112.5901
Train Epoch: 492 [0/24345 (0%)]	Loss: 117.073853
====> Epoch: 492 Average loss: 112.5391
Train Epoch: 493 [0/24345 (0%)]	Loss: 112.166272
====> Epoch: 493 Average loss: 112.5601
Train Epoch: 494 [0/24345 (0%)]	Loss: 110.401038
====> Epoch: 494 Average loss: 112.4850
Train Epoch: 495 [0/24345 (0%)]	Loss: 127.179712
====> Epoch: 495 Average loss: 112.5237
Train Epoch: 496 [0/24345 (0%)]	Loss: 104.853516
====> Epoch: 496 Average loss: 112.5071
Train Epoch: 497 [0/24345 (0%)]	Loss: 100.805743
====> Epoch: 497 Average loss: 112.4730
Train Epoch: 498 [0/24345 (0%)]	Loss: 108.621509
====> Epoch: 498 Average loss: 112.5197
Train Epoch: 499 [0/24345 (0%)]	Loss: 107.967517
====> Epoch: 499 Average loss: 112.5403
Train Epoch: 500 [0/24345 (0%)]	Loss: 111.828235
====> Epoch: 500 Average loss: 112.5157
Train Epoch: 501 [0/24345 (0%)]	Loss: 110.485938
====> Epoch: 501 Average loss: 112.5401
====> Test set loss: 108.3461
2020-04-21 20:47:45.744714
Training finished