Training on GPU
2020-04-21 21:01:25.437795
========Current round LR: 0.0005=======
======== About to train for 1 epochs =========
====> Round 0, Epoch: 1 Average loss: 173.4771
========Current round LR: 0.00035984283650057603=======
======== About to train for 3 epochs =========
====> Round 1, Epoch: 1 Average loss: 156.3880
====> Round 1 Test set loss: 147.0605
====> Round 1, Epoch: 2 Average loss: 148.9707
====> Round 1 Test set loss: 142.3780
====> Round 1, Epoch: 3 Average loss: 145.6616
====> Round 1 Test set loss: 139.6729
========Current round LR: 0.0002589737339615606=======
======== About to train for 9 epochs =========
====> Round 2, Epoch: 1 Average loss: 143.1730
====> Round 2, Epoch: 2 Average loss: 141.5897
====> Round 2, Epoch: 3 Average loss: 140.4531
====> Round 2 Test set loss: 134.8188
====> Round 2, Epoch: 4 Average loss: 139.3108
====> Round 2, Epoch: 5 Average loss: 137.9536
====> Round 2, Epoch: 6 Average loss: 136.7207
====> Round 2 Test set loss: 131.0402
====> Round 2, Epoch: 7 Average loss: 135.5761
====> Round 2, Epoch: 8 Average loss: 134.6056
====> Round 2, Epoch: 9 Average loss: 133.6356
====> Round 2 Test set loss: 128.5525
========Current round LR: 0.00018637968601574703=======
======== About to train for 27 epochs =========
====> Round 3, Epoch: 1 Average loss: 132.6051
====> Round 3, Epoch: 2 Average loss: 131.8681
====> Round 3, Epoch: 3 Average loss: 131.1989
====> Round 3, Epoch: 4 Average loss: 130.5798
====> Round 3, Epoch: 5 Average loss: 129.9473
====> Round 3, Epoch: 6 Average loss: 129.3759
====> Round 3, Epoch: 7 Average loss: 128.8506
====> Round 3, Epoch: 8 Average loss: 128.3675
====> Round 3, Epoch: 9 Average loss: 127.8846
====> Round 3 Test set loss: 123.6370
====> Round 3, Epoch: 10 Average loss: 127.4449
====> Round 3, Epoch: 11 Average loss: 127.0184
====> Round 3, Epoch: 12 Average loss: 126.6479
====> Round 3, Epoch: 13 Average loss: 126.3097
====> Round 3, Epoch: 14 Average loss: 125.9044
====> Round 3, Epoch: 15 Average loss: 125.5866
====> Round 3, Epoch: 16 Average loss: 125.2776
====> Round 3, Epoch: 17 Average loss: 124.9875
====> Round 3, Epoch: 18 Average loss: 124.6809
====> Round 3 Test set loss: 120.6105
====> Round 3, Epoch: 19 Average loss: 124.4072
====> Round 3, Epoch: 20 Average loss: 124.1573
====> Round 3, Epoch: 21 Average loss: 123.8991
====> Round 3, Epoch: 22 Average loss: 123.6389
====> Round 3, Epoch: 23 Average loss: 123.4433
====> Round 3, Epoch: 24 Average loss: 123.1870
====> Round 3, Epoch: 25 Average loss: 122.9179
====> Round 3, Epoch: 26 Average loss: 122.7193
====> Round 3, Epoch: 27 Average loss: 122.4829
====> Round 3 Test set loss: 118.4650
========Current round LR: 0.0001341347897639863=======
======== About to train for 81 epochs =========
====> Round 4, Epoch: 1 Average loss: 122.1162
====> Round 4, Epoch: 2 Average loss: 121.9006
====> Round 4, Epoch: 3 Average loss: 121.7336
====> Round 4, Epoch: 4 Average loss: 121.5652
====> Round 4, Epoch: 5 Average loss: 121.4409
====> Round 4, Epoch: 6 Average loss: 121.2893
====> Round 4, Epoch: 7 Average loss: 121.1483
====> Round 4, Epoch: 8 Average loss: 121.0281
====> Round 4, Epoch: 9 Average loss: 120.8830
====> Round 4, Epoch: 10 Average loss: 120.7816
====> Round 4, Epoch: 11 Average loss: 120.6693
====> Round 4, Epoch: 12 Average loss: 120.5509
====> Round 4, Epoch: 13 Average loss: 120.4422
====> Round 4, Epoch: 14 Average loss: 120.3097
====> Round 4, Epoch: 15 Average loss: 120.2170
====> Round 4, Epoch: 16 Average loss: 120.0835
====> Round 4, Epoch: 17 Average loss: 119.9957
====> Round 4, Epoch: 18 Average loss: 119.8751
====> Round 4, Epoch: 19 Average loss: 119.8105
====> Round 4, Epoch: 20 Average loss: 119.7031
====> Round 4, Epoch: 21 Average loss: 119.6265
====> Round 4, Epoch: 22 Average loss: 119.4926
====> Round 4, Epoch: 23 Average loss: 119.4196
====> Round 4, Epoch: 24 Average loss: 119.3077
====> Round 4, Epoch: 25 Average loss: 119.2363
====> Round 4, Epoch: 26 Average loss: 119.1634
====> Round 4, Epoch: 27 Average loss: 119.0827
====> Round 4 Test set loss: 115.4697
====> Round 4, Epoch: 28 Average loss: 118.9618
====> Round 4, Epoch: 29 Average loss: 118.9273
====> Round 4, Epoch: 30 Average loss: 118.8255
====> Round 4, Epoch: 31 Average loss: 118.7291
====> Round 4, Epoch: 32 Average loss: 118.6543
====> Round 4, Epoch: 33 Average loss: 118.5852
====> Round 4, Epoch: 34 Average loss: 118.4970
====> Round 4, Epoch: 35 Average loss: 118.4264
====> Round 4, Epoch: 36 Average loss: 118.3538
====> Round 4, Epoch: 37 Average loss: 118.2723
====> Round 4, Epoch: 38 Average loss: 118.1651
====> Round 4, Epoch: 39 Average loss: 118.0963
====> Round 4, Epoch: 40 Average loss: 118.0583
====> Round 4, Epoch: 41 Average loss: 117.9433
====> Round 4, Epoch: 42 Average loss: 117.9031
====> Round 4, Epoch: 43 Average loss: 117.7984
====> Round 4, Epoch: 44 Average loss: 117.7750
====> Round 4, Epoch: 45 Average loss: 117.6818
====> Round 4, Epoch: 46 Average loss: 117.6042
====> Round 4, Epoch: 47 Average loss: 117.5224
====> Round 4, Epoch: 48 Average loss: 117.4774
====> Round 4, Epoch: 49 Average loss: 117.4194
====> Round 4, Epoch: 50 Average loss: 117.3758
====> Round 4, Epoch: 51 Average loss: 117.2803
====> Round 4, Epoch: 52 Average loss: 117.2455
====> Round 4, Epoch: 53 Average loss: 117.1951
====> Round 4, Epoch: 54 Average loss: 117.1150
====> Round 4 Test set loss: 113.6411
====> Round 4, Epoch: 55 Average loss: 117.0644
====> Round 4, Epoch: 56 Average loss: 117.0012
====> Round 4, Epoch: 57 Average loss: 116.9531
====> Round 4, Epoch: 58 Average loss: 116.9085
====> Round 4, Epoch: 59 Average loss: 116.8161
====> Round 4, Epoch: 60 Average loss: 116.7714
====> Round 4, Epoch: 61 Average loss: 116.7450
====> Round 4, Epoch: 62 Average loss: 116.6624
====> Round 4, Epoch: 63 Average loss: 116.5829
====> Round 4, Epoch: 64 Average loss: 116.5346
====> Round 4, Epoch: 65 Average loss: 116.4964
====> Round 4, Epoch: 66 Average loss: 116.4389
====> Round 4, Epoch: 67 Average loss: 116.4002
====> Round 4, Epoch: 68 Average loss: 116.3677
====> Round 4, Epoch: 69 Average loss: 116.2804
====> Round 4, Epoch: 70 Average loss: 116.2440
====> Round 4, Epoch: 71 Average loss: 116.2218
====> Round 4, Epoch: 72 Average loss: 116.1462
====> Round 4, Epoch: 73 Average loss: 116.0875
====> Round 4, Epoch: 74 Average loss: 116.0459
====> Round 4, Epoch: 75 Average loss: 116.0244
====> Round 4, Epoch: 76 Average loss: 115.9610
====> Round 4, Epoch: 77 Average loss: 115.9256
====> Round 4, Epoch: 78 Average loss: 115.8824
====> Round 4, Epoch: 79 Average loss: 115.8225
====> Round 4, Epoch: 80 Average loss: 115.7837
====> Round 4, Epoch: 81 Average loss: 115.7546
====> Round 4 Test set loss: 112.3758
========Current round LR: 9.65348864441625e-05=======
======== About to train for 243 epochs =========
====> Round 5, Epoch: 1 Average loss: 115.5559
====> Round 5, Epoch: 2 Average loss: 115.4730
====> Round 5, Epoch: 3 Average loss: 115.4171
====> Round 5, Epoch: 4 Average loss: 115.4221
====> Round 5, Epoch: 5 Average loss: 115.3750
====> Round 5, Epoch: 6 Average loss: 115.3473
====> Round 5, Epoch: 7 Average loss: 115.3303
====> Round 5, Epoch: 8 Average loss: 115.2840
====> Round 5, Epoch: 9 Average loss: 115.2803
====> Round 5, Epoch: 10 Average loss: 115.2255
====> Round 5, Epoch: 11 Average loss: 115.1965
====> Round 5, Epoch: 12 Average loss: 115.1601
====> Round 5, Epoch: 13 Average loss: 115.1543
====> Round 5, Epoch: 14 Average loss: 115.0857
====> Round 5, Epoch: 15 Average loss: 115.0804
====> Round 5, Epoch: 16 Average loss: 115.0683
====> Round 5, Epoch: 17 Average loss: 115.0167
====> Round 5, Epoch: 18 Average loss: 114.9956
====> Round 5, Epoch: 19 Average loss: 114.9643
====> Round 5, Epoch: 20 Average loss: 114.9362
====> Round 5, Epoch: 21 Average loss: 114.9178
====> Round 5, Epoch: 22 Average loss: 114.8855
====> Round 5, Epoch: 23 Average loss: 114.8833
====> Round 5, Epoch: 24 Average loss: 114.8437
====> Round 5, Epoch: 25 Average loss: 114.8057
====> Round 5, Epoch: 26 Average loss: 114.7785
====> Round 5, Epoch: 27 Average loss: 114.7439
====> Round 5, Epoch: 28 Average loss: 114.7052
====> Round 5, Epoch: 29 Average loss: 114.7010
====> Round 5, Epoch: 30 Average loss: 114.6455
====> Round 5, Epoch: 31 Average loss: 114.6382
====> Round 5, Epoch: 32 Average loss: 114.6091
====> Round 5, Epoch: 33 Average loss: 114.5786
====> Round 5, Epoch: 34 Average loss: 114.5690
====> Round 5, Epoch: 35 Average loss: 114.5230
====> Round 5, Epoch: 36 Average loss: 114.5344
====> Round 5, Epoch: 37 Average loss: 114.4866
====> Round 5, Epoch: 38 Average loss: 114.4556
====> Round 5, Epoch: 39 Average loss: 114.4369
====> Round 5, Epoch: 40 Average loss: 114.4189
====> Round 5, Epoch: 41 Average loss: 114.3878
====> Round 5, Epoch: 42 Average loss: 114.3870
====> Round 5, Epoch: 43 Average loss: 114.3584
====> Round 5, Epoch: 44 Average loss: 114.3367
====> Round 5, Epoch: 45 Average loss: 114.3160
====> Round 5, Epoch: 46 Average loss: 114.2904
====> Round 5, Epoch: 47 Average loss: 114.2707
====> Round 5, Epoch: 48 Average loss: 114.2274
====> Round 5, Epoch: 49 Average loss: 114.2143
====> Round 5, Epoch: 50 Average loss: 114.2032
====> Round 5, Epoch: 51 Average loss: 114.1648
====> Round 5, Epoch: 52 Average loss: 114.1641
====> Round 5, Epoch: 53 Average loss: 114.1206
====> Round 5, Epoch: 54 Average loss: 114.1145
====> Round 5, Epoch: 55 Average loss: 114.1006
====> Round 5, Epoch: 56 Average loss: 114.0481
====> Round 5, Epoch: 57 Average loss: 114.0409
====> Round 5, Epoch: 58 Average loss: 114.0371
====> Round 5, Epoch: 59 Average loss: 114.0123
====> Round 5, Epoch: 60 Average loss: 113.9892
====> Round 5, Epoch: 61 Average loss: 113.9508
====> Round 5, Epoch: 62 Average loss: 113.9547
====> Round 5, Epoch: 63 Average loss: 113.9476
====> Round 5, Epoch: 64 Average loss: 113.9111
====> Round 5, Epoch: 65 Average loss: 113.8789
====> Round 5, Epoch: 66 Average loss: 113.8749
====> Round 5, Epoch: 67 Average loss: 113.8484
====> Round 5, Epoch: 68 Average loss: 113.8257
====> Round 5, Epoch: 69 Average loss: 113.8051
====> Round 5, Epoch: 70 Average loss: 113.7841
====> Round 5, Epoch: 71 Average loss: 113.7749
====> Round 5, Epoch: 72 Average loss: 113.7442
====> Round 5, Epoch: 73 Average loss: 113.7521
====> Round 5, Epoch: 74 Average loss: 113.7124
====> Round 5, Epoch: 75 Average loss: 113.6866
====> Round 5, Epoch: 76 Average loss: 113.7030
====> Round 5, Epoch: 77 Average loss: 113.6643
====> Round 5, Epoch: 78 Average loss: 113.6350
====> Round 5, Epoch: 79 Average loss: 113.6230
====> Round 5, Epoch: 80 Average loss: 113.6200
====> Round 5, Epoch: 81 Average loss: 113.5824
====> Round 5 Test set loss: 110.7520
====> Round 5, Epoch: 82 Average loss: 113.5841
====> Round 5, Epoch: 83 Average loss: 113.5406
====> Round 5, Epoch: 84 Average loss: 113.5531
====> Round 5, Epoch: 85 Average loss: 113.5291
====> Round 5, Epoch: 86 Average loss: 113.4876
====> Round 5, Epoch: 87 Average loss: 113.4918
====> Round 5, Epoch: 88 Average loss: 113.4706
====> Round 5, Epoch: 89 Average loss: 113.4481
====> Round 5, Epoch: 90 Average loss: 113.4352
====> Round 5, Epoch: 91 Average loss: 113.4183
====> Round 5, Epoch: 92 Average loss: 113.4106
====> Round 5, Epoch: 93 Average loss: 113.3576
====> Round 5, Epoch: 94 Average loss: 113.3543
====> Round 5, Epoch: 95 Average loss: 113.3048
====> Round 5, Epoch: 96 Average loss: 113.3174
====> Round 5, Epoch: 97 Average loss: 113.3167
====> Round 5, Epoch: 98 Average loss: 113.2975
====> Round 5, Epoch: 99 Average loss: 113.2767
====> Round 5, Epoch: 100 Average loss: 113.2606
====> Round 5, Epoch: 101 Average loss: 113.2358
====> Round 5, Epoch: 102 Average loss: 113.1987
====> Round 5, Epoch: 103 Average loss: 113.2160
====> Round 5, Epoch: 104 Average loss: 113.1950
====> Round 5, Epoch: 105 Average loss: 113.1631
====> Round 5, Epoch: 106 Average loss: 113.1578
====> Round 5, Epoch: 107 Average loss: 113.1255
====> Round 5, Epoch: 108 Average loss: 113.1236
====> Round 5, Epoch: 109 Average loss: 113.1050
====> Round 5, Epoch: 110 Average loss: 113.0903
====> Round 5, Epoch: 111 Average loss: 113.0947
====> Round 5, Epoch: 112 Average loss: 113.0592
====> Round 5, Epoch: 113 Average loss: 113.0524
====> Round 5, Epoch: 114 Average loss: 113.0614
====> Round 5, Epoch: 115 Average loss: 113.0200
====> Round 5, Epoch: 116 Average loss: 112.9886
====> Round 5, Epoch: 117 Average loss: 113.0015
====> Round 5, Epoch: 118 Average loss: 112.9783
====> Round 5, Epoch: 119 Average loss: 112.9525
====> Round 5, Epoch: 120 Average loss: 112.9461
====> Round 5, Epoch: 121 Average loss: 112.9251
====> Round 5, Epoch: 122 Average loss: 112.9162
====> Round 5, Epoch: 123 Average loss: 112.9044
====> Round 5, Epoch: 124 Average loss: 112.8837
====> Round 5, Epoch: 125 Average loss: 112.8922
====> Round 5, Epoch: 126 Average loss: 112.8559
====> Round 5, Epoch: 127 Average loss: 112.8420
====> Round 5, Epoch: 128 Average loss: 112.8245
====> Round 5, Epoch: 129 Average loss: 112.8325
====> Round 5, Epoch: 130 Average loss: 112.7962
====> Round 5, Epoch: 131 Average loss: 112.7858
====> Round 5, Epoch: 132 Average loss: 112.7732
====> Round 5, Epoch: 133 Average loss: 112.7919
====> Round 5, Epoch: 134 Average loss: 112.7391
====> Round 5, Epoch: 135 Average loss: 112.7614
====> Round 5, Epoch: 136 Average loss: 112.7032
====> Round 5, Epoch: 137 Average loss: 112.7218
====> Round 5, Epoch: 138 Average loss: 112.7048
====> Round 5, Epoch: 139 Average loss: 112.7007
====> Round 5, Epoch: 140 Average loss: 112.6505
====> Round 5, Epoch: 141 Average loss: 112.6793
====> Round 5, Epoch: 142 Average loss: 112.6433
====> Round 5, Epoch: 143 Average loss: 112.6352
====> Round 5, Epoch: 144 Average loss: 112.6139
====> Round 5, Epoch: 145 Average loss: 112.6161
====> Round 5, Epoch: 146 Average loss: 112.5957
====> Round 5, Epoch: 147 Average loss: 112.6006
====> Round 5, Epoch: 148 Average loss: 112.5704
====> Round 5, Epoch: 149 Average loss: 112.5524
====> Round 5, Epoch: 150 Average loss: 112.5438
====> Round 5, Epoch: 151 Average loss: 112.5381
====> Round 5, Epoch: 152 Average loss: 112.5093
====> Round 5, Epoch: 153 Average loss: 112.5104
====> Round 5, Epoch: 154 Average loss: 112.4941
====> Round 5, Epoch: 155 Average loss: 112.4790
====> Round 5, Epoch: 156 Average loss: 112.4861
====> Round 5, Epoch: 157 Average loss: 112.4624
====> Round 5, Epoch: 158 Average loss: 112.4396
====> Round 5, Epoch: 159 Average loss: 112.4398
====> Round 5, Epoch: 160 Average loss: 112.4416
====> Round 5, Epoch: 161 Average loss: 112.4058
====> Round 5, Epoch: 162 Average loss: 112.3943
====> Round 5 Test set loss: 109.8418
====> Round 5, Epoch: 163 Average loss: 112.3791
====> Round 5, Epoch: 164 Average loss: 112.3800
====> Round 5, Epoch: 165 Average loss: 112.3675
====> Round 5, Epoch: 166 Average loss: 112.3280
====> Round 5, Epoch: 167 Average loss: 112.3368
====> Round 5, Epoch: 168 Average loss: 112.3216
====> Round 5, Epoch: 169 Average loss: 112.3121
====> Round 5, Epoch: 170 Average loss: 112.3005
====> Round 5, Epoch: 171 Average loss: 112.3002
====> Round 5, Epoch: 172 Average loss: 112.2995
====> Round 5, Epoch: 173 Average loss: 112.2780
====> Round 5, Epoch: 174 Average loss: 112.2564
====> Round 5, Epoch: 175 Average loss: 112.2380
====> Round 5, Epoch: 176 Average loss: 112.2372
====> Round 5, Epoch: 177 Average loss: 112.2461
====> Round 5, Epoch: 178 Average loss: 112.2013
====> Round 5, Epoch: 179 Average loss: 112.2075
====> Round 5, Epoch: 180 Average loss: 112.2023
====> Round 5, Epoch: 181 Average loss: 112.1669
====> Round 5, Epoch: 182 Average loss: 112.1747
====> Round 5, Epoch: 183 Average loss: 112.1759
====> Round 5, Epoch: 184 Average loss: 112.1339
====> Round 5, Epoch: 185 Average loss: 112.1331
====> Round 5, Epoch: 186 Average loss: 112.1355
====> Round 5, Epoch: 187 Average loss: 112.1116
====> Round 5, Epoch: 188 Average loss: 112.1110
====> Round 5, Epoch: 189 Average loss: 112.0895
====> Round 5, Epoch: 190 Average loss: 112.0794
====> Round 5, Epoch: 191 Average loss: 112.0380
====> Round 5, Epoch: 192 Average loss: 112.0798
====> Round 5, Epoch: 193 Average loss: 112.0667
====> Round 5, Epoch: 194 Average loss: 112.0501
====> Round 5, Epoch: 195 Average loss: 112.0207
====> Round 5, Epoch: 196 Average loss: 112.0131
====> Round 5, Epoch: 197 Average loss: 111.9874
====> Round 5, Epoch: 198 Average loss: 112.0049
====> Round 5, Epoch: 199 Average loss: 112.0152
====> Round 5, Epoch: 200 Average loss: 112.0108
====> Round 5, Epoch: 201 Average loss: 111.9858
====> Round 5, Epoch: 202 Average loss: 111.9624
====> Round 5, Epoch: 203 Average loss: 111.9544
====> Round 5, Epoch: 204 Average loss: 111.9486
====> Round 5, Epoch: 205 Average loss: 111.9641
====> Round 5, Epoch: 206 Average loss: 111.9337
====> Round 5, Epoch: 207 Average loss: 111.9255
====> Round 5, Epoch: 208 Average loss: 111.9281
====> Round 5, Epoch: 209 Average loss: 111.8963
====> Round 5, Epoch: 210 Average loss: 111.8723
====> Round 5, Epoch: 211 Average loss: 111.8805
====> Round 5, Epoch: 212 Average loss: 111.8767
====> Round 5, Epoch: 213 Average loss: 111.8527
====> Round 5, Epoch: 214 Average loss: 111.8578
====> Round 5, Epoch: 215 Average loss: 111.8237
====> Round 5, Epoch: 216 Average loss: 111.8264
====> Round 5, Epoch: 217 Average loss: 111.8331
====> Round 5, Epoch: 218 Average loss: 111.8084
====> Round 5, Epoch: 219 Average loss: 111.7794
====> Round 5, Epoch: 220 Average loss: 111.7979
====> Round 5, Epoch: 221 Average loss: 111.7846
====> Round 5, Epoch: 222 Average loss: 111.7784
====> Round 5, Epoch: 223 Average loss: 111.7804
====> Round 5, Epoch: 224 Average loss: 111.7721
====> Round 5, Epoch: 225 Average loss: 111.7577
====> Round 5, Epoch: 226 Average loss: 111.7197
====> Round 5, Epoch: 227 Average loss: 111.7418
====> Round 5, Epoch: 228 Average loss: 111.7274
====> Round 5, Epoch: 229 Average loss: 111.7183
====> Round 5, Epoch: 230 Average loss: 111.7137
====> Round 5, Epoch: 231 Average loss: 111.6979
====> Round 5, Epoch: 232 Average loss: 111.6941
====> Round 5, Epoch: 233 Average loss: 111.6843
====> Round 5, Epoch: 234 Average loss: 111.6696
====> Round 5, Epoch: 235 Average loss: 111.6450
====> Round 5, Epoch: 236 Average loss: 111.6616
====> Round 5, Epoch: 237 Average loss: 111.6681
====> Round 5, Epoch: 238 Average loss: 111.6332
====> Round 5, Epoch: 239 Average loss: 111.6411
====> Round 5, Epoch: 240 Average loss: 111.6182
====> Round 5, Epoch: 241 Average loss: 111.6317
====> Round 5, Epoch: 242 Average loss: 111.6116
====> Round 5, Epoch: 243 Average loss: 111.6113
====> Round 5 Test set loss: 109.1442
2020-04-21 21:55:32.085232
Training finished