Processing...
Done!
Training on GPU
2020-04-24 08:49:26.885410
====> Epoch: 1 Average loss: 287.6553
====> Test set loss: 254.6273
====> Epoch: 2 Average loss: 254.8260
====> Epoch: 3 Average loss: 249.5331
====> Epoch: 4 Average loss: 246.3936
====> Epoch: 5 Average loss: 244.0505
====> Epoch: 6 Average loss: 242.5805
====> Epoch: 7 Average loss: 241.4442
====> Epoch: 8 Average loss: 240.6878
====> Epoch: 9 Average loss: 240.0406
====> Epoch: 10 Average loss: 239.5388
====> Epoch: 11 Average loss: 239.0623
====> Epoch: 12 Average loss: 238.7257
====> Epoch: 13 Average loss: 238.3008
====> Epoch: 14 Average loss: 237.9541
====> Epoch: 15 Average loss: 237.7089
====> Epoch: 16 Average loss: 237.3583
====> Epoch: 17 Average loss: 237.2009
====> Epoch: 18 Average loss: 237.0624
====> Epoch: 19 Average loss: 236.8434
====> Epoch: 20 Average loss: 236.6515
====> Epoch: 21 Average loss: 236.4919
====> Test set loss: 234.6818
====> Epoch: 22 Average loss: 236.2523
====> Epoch: 23 Average loss: 236.1740
====> Epoch: 24 Average loss: 236.0840
====> Epoch: 25 Average loss: 235.9471
====> Epoch: 26 Average loss: 235.7998
====> Epoch: 27 Average loss: 235.6564
====> Epoch: 28 Average loss: 235.5774
====> Epoch: 29 Average loss: 235.4821
====> Epoch: 30 Average loss: 235.3826
====> Epoch: 31 Average loss: 235.2887
====> Epoch: 32 Average loss: 235.1909
====> Epoch: 33 Average loss: 235.1785
====> Epoch: 34 Average loss: 235.0660
====> Epoch: 35 Average loss: 235.0030
====> Epoch: 36 Average loss: 234.9639
====> Epoch: 37 Average loss: 234.8485
====> Epoch: 38 Average loss: 234.7604
====> Epoch: 39 Average loss: 234.7162
====> Epoch: 40 Average loss: 234.6846
====> Epoch: 41 Average loss: 234.6282
====> Test set loss: 232.9993
====> Epoch: 42 Average loss: 234.5678
====> Epoch: 43 Average loss: 234.4570
====> Epoch: 44 Average loss: 234.4283
====> Epoch: 45 Average loss: 234.4048
====> Epoch: 46 Average loss: 234.3050
====> Epoch: 47 Average loss: 234.2773
====> Epoch: 48 Average loss: 234.2199
====> Epoch: 49 Average loss: 234.2139
====> Epoch: 50 Average loss: 234.1880
====> Epoch: 51 Average loss: 234.1487
====> Epoch: 52 Average loss: 234.0902
====> Epoch: 53 Average loss: 234.0419
====> Epoch: 54 Average loss: 234.0294
====> Epoch: 55 Average loss: 233.9615
====> Epoch: 56 Average loss: 233.9307
====> Epoch: 57 Average loss: 233.8761
====> Epoch: 58 Average loss: 233.8614
====> Epoch: 59 Average loss: 233.8597
====> Epoch: 60 Average loss: 233.7724
====> Epoch: 61 Average loss: 233.7617
====> Test set loss: 232.1094
====> Epoch: 62 Average loss: 233.7463
====> Epoch: 63 Average loss: 233.7208
====> Epoch: 64 Average loss: 233.6951
====> Epoch: 65 Average loss: 233.6526
====> Epoch: 66 Average loss: 233.6079
====> Epoch: 67 Average loss: 233.6138
====> Epoch: 68 Average loss: 233.5698
====> Epoch: 69 Average loss: 233.5377
====> Epoch: 70 Average loss: 233.5362
====> Epoch: 71 Average loss: 233.5377
====> Epoch: 72 Average loss: 233.4464
====> Epoch: 73 Average loss: 233.4490
====> Epoch: 74 Average loss: 233.4217
====> Epoch: 75 Average loss: 233.4212
====> Epoch: 76 Average loss: 233.4100
====> Epoch: 77 Average loss: 233.3709
====> Epoch: 78 Average loss: 233.3682
====> Epoch: 79 Average loss: 233.3206
====> Epoch: 80 Average loss: 233.3193
====> Epoch: 81 Average loss: 233.3070
====> Test set loss: 231.6215
====> Epoch: 82 Average loss: 233.2640
====> Epoch: 83 Average loss: 233.2383
====> Epoch: 84 Average loss: 233.2413
====> Epoch: 85 Average loss: 233.1916
====> Epoch: 86 Average loss: 233.2041
====> Epoch: 87 Average loss: 233.1677
====> Epoch: 88 Average loss: 233.1723
====> Epoch: 89 Average loss: 233.1497
====> Epoch: 90 Average loss: 233.1035
====> Epoch: 91 Average loss: 233.1197
====> Epoch: 92 Average loss: 233.1057
====> Epoch: 93 Average loss: 233.0751
====> Epoch: 94 Average loss: 233.0406
====> Epoch: 95 Average loss: 233.0054
====> Epoch: 96 Average loss: 233.0471
====> Epoch: 97 Average loss: 233.0320
====> Epoch: 98 Average loss: 233.0219
====> Epoch: 99 Average loss: 232.9986
====> Epoch: 100 Average loss: 232.9779
====> Epoch: 101 Average loss: 232.9799
====> Test set loss: 231.4662
====> Epoch: 102 Average loss: 232.9463
====> Epoch: 103 Average loss: 232.8888
====> Epoch: 104 Average loss: 232.8928
====> Epoch: 105 Average loss: 232.8928
====> Epoch: 106 Average loss: 232.8922
====> Epoch: 107 Average loss: 232.8453
====> Epoch: 108 Average loss: 232.8604
====> Epoch: 109 Average loss: 232.8615
====> Epoch: 110 Average loss: 232.8558
====> Epoch: 111 Average loss: 232.7921
====> Epoch: 112 Average loss: 232.7807
====> Epoch: 113 Average loss: 232.8144
====> Epoch: 114 Average loss: 232.7789
====> Epoch: 115 Average loss: 232.7740
====> Epoch: 116 Average loss: 232.7824
====> Epoch: 117 Average loss: 232.7650
====> Epoch: 118 Average loss: 232.7024
====> Epoch: 119 Average loss: 232.7438
====> Epoch: 120 Average loss: 232.7056
====> Epoch: 121 Average loss: 232.7256
====> Test set loss: 231.2335
====> Epoch: 122 Average loss: 232.6811
====> Epoch: 123 Average loss: 232.6966
====> Epoch: 124 Average loss: 232.7053
====> Epoch: 125 Average loss: 232.6884
====> Epoch: 126 Average loss: 232.6457
====> Epoch: 127 Average loss: 232.6557
====> Epoch: 128 Average loss: 232.6627
====> Epoch: 129 Average loss: 232.5965
====> Epoch: 130 Average loss: 232.6106
====> Epoch: 131 Average loss: 232.5868
====> Epoch: 132 Average loss: 232.6218
====> Epoch: 133 Average loss: 232.5931
====> Epoch: 134 Average loss: 232.5932
====> Epoch: 135 Average loss: 232.5447
====> Epoch: 136 Average loss: 232.5531
====> Epoch: 137 Average loss: 232.5527
====> Epoch: 138 Average loss: 232.5601
====> Epoch: 139 Average loss: 232.5368
====> Epoch: 140 Average loss: 232.5526
====> Epoch: 141 Average loss: 232.5204
====> Test set loss: 230.9414
====> Epoch: 142 Average loss: 232.5347
====> Epoch: 143 Average loss: 232.4821
====> Epoch: 144 Average loss: 232.5023
====> Epoch: 145 Average loss: 232.4690
====> Epoch: 146 Average loss: 232.5040
====> Epoch: 147 Average loss: 232.4786
====> Epoch: 148 Average loss: 232.4658
====> Epoch: 149 Average loss: 232.4566
====> Epoch: 150 Average loss: 232.4522
====> Epoch: 151 Average loss: 232.4523
2020-04-24 09:19:33.562097
Training finished